#
# There is insufficient memory for the Java Runtime Environment to continue.
# Native memory allocation (malloc) failed to allocate 1048576 bytes for AllocateHeap
# Possible reasons:
#   The system is out of physical RAM or swap space
#   The process is running with CompressedOops enabled, and the Java Heap may be blocking the growth of the native heap
# Possible solutions:
#   Reduce memory load on the system
#   Increase physical memory or swap space
#   Check if swap backing store is full
#   Decrease Java heap size (-Xmx/-Xms)
#   Decrease number of Java threads
#   Decrease Java thread stack sizes (-Xss)
#   Set larger code cache with -XX:ReservedCodeCacheSize=
#   JVM is running with Zero Based Compressed Oops mode in which the Java heap is
#     placed in the first 32GB address space. The Java Heap base address is the
#     maximum limit for the native heap growth. Please use -XX:HeapBaseMinAddress
#     to set the Java Heap base and to place the Java Heap above 32GB virtual address.
# This output file may be truncated or incomplete.
#
#  Out of Memory Error (t:/workspace/open/src/hotspot/share/memory/allocation.cpp:46), pid=3492, tid=18508
#
# JRE version: Java(TM) SE Runtime Environment (12.0.2+10) (build 12.0.2+10)
# Java VM: Java HotSpot(TM) 64-Bit Server VM (12.0.2+10, mixed mode, sharing, tiered, compressed oops, g1 gc, windows-amd64)
# No core dump will be written. Minidumps are not enabled by default on client versions of Windows
#

---------------  S U M M A R Y ------------

Command Line: -Dapplication.home=C:\Program Files\Java\jdk-12.0.2 --add-modules=ALL-DEFAULT -Xms8m -Djdk.module.main=jdk.compiler jdk.compiler/com.sun.tools.javac.Main -d C:\Users\USER\Documents\NetBeansProjects\KTDH\build\classes -classpath C:\Users\USER\Documents\NetBeansProjects\KTDH\build\classes;D:\NETBEAN\netbeans\java\modules\ext\AbsoluteLayout.jar;C:\Users\USER\Desktop\NNLT\JAVA TOOL+CODE\Tool JAVA\AutoComplete\swingx-all-1.6.4.jar -sourcepath C:\Users\USER\Documents\NetBeansProjects\KTDH\src -target 12 -encoding UTF-8 -g -processorpath D:\NETBEAN\netbeans\java\modules\ext\AbsoluteLayout.jar;C:\Users\USER\Desktop\NNLT\JAVA TOOL+CODE\Tool JAVA\AutoComplete\swingx-all-1.6.4.jar;C:\Users\USER\Documents\NetBeansProjects\KTDH\build\empty -s C:\Users\USER\Documents\NetBeansProjects\KTDH\build\generated-sources\ap-source-output -source 12 C:\Users\USER\Documents\NetBeansProjects\KTDH\src\ktdh\Egg.java

Host: Intel(R) Core(TM) i7-7500U CPU @ 2.70GHz, 4 cores, 11G,  Windows 10 , 64 bit Build 18362 (10.0.18362.900)
Time: Wed Jul  1 16:37:28 2020 SE Asia Standard Time elapsed time: 0 seconds (0d 0h 0m 0s)

---------------  T H R E A D  ---------------

Current thread (0x000002a8665f7000):  VMThread "VM Thread" [stack: 0x000000d304f00000,0x000000d305000000] [id=18508]

Stack: [0x000000d304f00000,0x000000d305000000]
[error occurred during error reporting (printing stack bounds), id 0xc0000005, EXCEPTION_ACCESS_VIOLATION (0xc0000005) at pc=0x000002a84d8c0bad]

Native frames: (J=compiled Java code, j=interpreted, Vv=VM code, C=native code)
V  [jvm.dll+0x63aa2a]
V  [jvm.dll+0x78ce1e]
V  [jvm.dll+0x78e4c1]
V  [jvm.dll+0x78ea75]
V  [jvm.dll+0x78ea2b]
V  [jvm.dll+0x63a134]
V  [jvm.dll+0x63a4f8]
C  [ntdll.dll+0xa11cf]
C  [ntdll.dll+0x6a209]
C  [ntdll.dll+0x9fe3e]
C  0x000002a84d8c0bad

VM_Operation (0x000000d3049fe9b0): CollectForMetadataAllocation, mode: safepoint, requested by thread 0x000002a8454bb800


---------------  P R O C E S S  ---------------

Threads class SMR info:
_java_thread_list=0x000002a86684e250, length=10, elements={
0x000002a8454bb800, 0x000002a8665fb000, 0x000002a8665fc800, 0x000002a866613000,
0x000002a866615000, 0x000002a866618000, 0x000002a866622000, 0x000002a86662e000,
0x000002a866846800, 0x000002a8668a0000
}

Java Threads: ( => current thread )
  0x000002a8454bb800 JavaThread "main" [_thread_blocked, id=19160, stack(0x000000d304900000,0x000000d304a00000)]
  0x000002a8665fb000 JavaThread "Reference Handler" daemon [_thread_blocked, id=15196, stack(0x000000d305000000,0x000000d305100000)]
  0x000002a8665fc800 JavaThread "Finalizer" daemon [_thread_blocked, id=15116, stack(0x000000d305100000,0x000000d305200000)]
  0x000002a866613000 JavaThread "Signal Dispatcher" daemon [_thread_blocked, id=10088, stack(0x000000d305200000,0x000000d305300000)]
  0x000002a866615000 JavaThread "Attach Listener" daemon [_thread_blocked, id=4320, stack(0x000000d305300000,0x000000d305400000)]
  0x000002a866618000 JavaThread "C2 CompilerThread0" daemon [_thread_blocked, id=13424, stack(0x000000d305400000,0x000000d305500000)]
  0x000002a866622000 JavaThread "C1 CompilerThread0" daemon [_thread_blocked, id=11896, stack(0x000000d305500000,0x000000d305600000)]
  0x000002a86662e000 JavaThread "Sweeper thread" daemon [_thread_blocked, id=8924, stack(0x000000d305600000,0x000000d305700000)]
  0x000002a866846800 JavaThread "Common-Cleaner" daemon [_thread_blocked, id=15640, stack(0x000000d305700000,0x000000d305800000)]
  0x000002a8668a0000 JavaThread "Service Thread" daemon [_thread_blocked, id=16344, stack(0x000000d305800000,0x000000d305900000)]

Other Threads:
=>0x000002a8665f7000 VMThread "VM Thread" [stack: 0x000000d304f00000,0x000000d305000000] [id=18508]
  0x000002a8668be000 WatcherThread [stack: 0x000000d305900000,0x000000d305a00000] [id=13732]
  0x000002a84550c800 GCTaskThread "GC Thread#0" [stack: 0x000000d304a00000,0x000000d304b00000] [id=5956]
  0x000002a8669dd000 GCTaskThread "GC Thread#1" [stack: 0x000000d305a00000,0x000000d305b00000] [id=9428]
  0x000002a845520000 ConcurrentGCThread "G1 Main Marker" [stack: 0x000000d304b00000,0x000000d304c00000] [id=14900]
  0x000002a845522000 ConcurrentGCThread "G1 Conc#0" [stack: 0x000000d304c00000,0x000000d304d00000] [id=22704]
  0x000002a845540000 ConcurrentGCThread "G1 Refine#0" [stack: 0x000000d304d00000,0x000000d304e00000] [id=15032]
  0x000002a845541800 ConcurrentGCThread "G1 Young RemSet Sampling" [stack: 0x000000d304e00000,0x000000d304f00000] [id=15544]

Threads with active compile tasks:

VM state:at safepoint (normal execution)

VM Mutex/Monitor currently owned by a thread:  ([mutex/lock_event])
[0x000002a8454b79f0] Threads_lock - owner thread: 0x000002a8665f7000
[0x000002a8454b6d90] Heap_lock - owner thread: 0x000002a8454bb800

Heap address: 0x0000000742000000, size: 3040 MB, Compressed Oops mode: Zero based, Oop shift amount: 3
Narrow klass base: 0x0000000800000000, Narrow klass shift: 3
Compressed class space size: 1073741824 Address: 0x0000000801190000

Heap:
 garbage-first heap   total 8192K, used 1584K [0x0000000742000000, 0x0000000800000000)
  region size 1024K, 1 young (1024K), 1 survivors (1024K)
 Metaspace       used 3588K, capacity 7209K, committed 7296K, reserved 1071104K
  class space    used 479K, capacity 833K, committed 896K, reserved 1048576K
Heap Regions: E=young(eden), S=young(survivor), O=old, HS=humongous(starts), HC=humongous(continues), CS=collection set, F=free, A=archive, TAMS=top-at-mark-start (previous, next)
|   0|0x0000000742000000, 0x00000007420fa000, 0x0000000742100000| 97%| O|  |TAMS 0x0000000742000000, 0x0000000742000000| Untracked 
|   1|0x0000000742100000, 0x0000000742100000, 0x0000000742200000|  0%| F|  |TAMS 0x0000000742100000, 0x0000000742100000| Untracked 
|   2|0x0000000742200000, 0x0000000742200000, 0x0000000742300000|  0%| F|  |TAMS 0x0000000742200000, 0x0000000742200000| Untracked 
|   3|0x0000000742300000, 0x0000000742300000, 0x0000000742400000|  0%| F|  |TAMS 0x0000000742300000, 0x0000000742300000| Untracked 
|   4|0x0000000742400000, 0x0000000742400000, 0x0000000742500000|  0%| F|  |TAMS 0x0000000742400000, 0x0000000742400000| Untracked 
|   5|0x0000000742500000, 0x0000000742592248, 0x0000000742600000| 57%| S|CS|TAMS 0x0000000742500000, 0x0000000742500000| Complete 
|   6|0x0000000742600000, 0x0000000742600000, 0x0000000742700000|  0%| F|  |TAMS 0x0000000742600000, 0x0000000742600000| Untracked 
|   7|0x0000000742700000, 0x0000000742700000, 0x0000000742800000|  0%| F|  |TAMS 0x0000000742700000, 0x0000000742700000| Untracked 

Card table byte_map: [0x000002a85ceb0000,0x000002a85d4a0000] _byte_map_base: 0x000002a8594a0000

Marking Bits (Prev, Next): (CMBitMap*) 0x000002a84550d588, (CMBitMap*) 0x000002a84550d548
 Prev Bits: [0x000002a860a10000, 0x000002a863990000)
 Next Bits: [0x000002a85da90000, 0x000002a860a10000)

Polling page: 0x000002a843380000

Metaspace:

Usage:
  Non-class:      6.23 MB capacity,     3.04 MB ( 49%) used,     3.18 MB ( 51%) free+waste,     7.75 KB ( <1%) overhead. 
      Class:    833.00 KB capacity,   479.72 KB ( 58%) used,   348.91 KB ( 42%) free+waste,     4.38 KB ( <1%) overhead. 
       Both:      7.04 MB capacity,     3.50 MB ( 50%) used,     3.52 MB ( 50%) free+waste,    12.13 KB ( <1%) overhead. 

Virtual space:
  Non-class space:       22.00 MB reserved,       6.25 MB ( 28%) committed 
      Class space:        1.00 GB reserved,     896.00 KB ( <1%) committed 
             Both:        1.02 GB reserved,       7.13 MB ( <1%) committed 

Chunk freelists:
   Non-Class:  3.00 KB
       Class:  3.88 KB
        Both:  6.88 KB

CodeHeap 'non-profiled nmethods': size=120064Kb used=139Kb max_used=139Kb free=119924Kb
 bounds [0x000002a855380000, 0x000002a8555f0000, 0x000002a85c8c0000]
CodeHeap 'profiled nmethods': size=120000Kb used=703Kb max_used=703Kb free=119296Kb
 bounds [0x000002a84de50000, 0x000002a84e0c0000, 0x000002a855380000]
CodeHeap 'non-nmethods': size=5696Kb used=1081Kb max_used=1093Kb free=4615Kb
 bounds [0x000002a84d8c0000, 0x000002a84db30000, 0x000002a84de50000]
 total_blobs=932 nmethods=457 adapters=276
 compilation: enabled
              stopped_count=0, restarted_count=0
 full_count=0

Compilation events (10 events):
Event: 0.359 Thread 0x000002a866618000  453       4       java.nio.Buffer::limit (74 bytes)
Event: 0.360 Thread 0x000002a866618000 nmethod 453 0x000002a8553a1510 code [0x000002a8553a16a0, 0x000002a8553a1798]
Event: 0.360 Thread 0x000002a866618000  454       4       java.lang.StringLatin1::replace (196 bytes)
Event: 0.363 Thread 0x000002a866622000  455  s    3       jdk.internal.jimage.BasicImageReader::findLocation (115 bytes)
Event: 0.364 Thread 0x000002a866622000 nmethod 455 0x000002a84defd890 code [0x000002a84defdbe0, 0x000002a84defeec0]
Event: 0.368 Thread 0x000002a866622000  456       3       java.util.Arrays::equals (57 bytes)
Event: 0.368 Thread 0x000002a866622000 nmethod 456 0x000002a84deff490 code [0x000002a84deff680, 0x000002a84deffc50]
Event: 0.370 Thread 0x000002a866618000 nmethod 454 0x000002a8553a1890 code [0x000002a8553a1a60, 0x000002a8553a1fd8]
Event: 0.373 Thread 0x000002a866618000  457       4       java.lang.AbstractStringBuilder::append (45 bytes)
Event: 0.381 Thread 0x000002a866618000 nmethod 457 0x000002a8553a2290 code [0x000002a8553a2440, 0x000002a8553a2a18]

GC Heap History (4 events):
Event: 0.176 GC heap before
{Heap before GC invocations=0 (full 0):
 garbage-first heap   total 8192K, used 2048K [0x0000000742000000, 0x0000000800000000)
  region size 1024K, 3 young (3072K), 0 survivors (0K)
 Metaspace       used 1723K, capacity 5665K, committed 5760K, reserved 1062912K
  class space    used 210K, capacity 595K, committed 640K, reserved 1048576K
}
Event: 0.180 GC heap after
{Heap after GC invocations=1 (full 0):
 garbage-first heap   total 8192K, used 1005K [0x0000000742000000, 0x0000000800000000)
  region size 1024K, 1 young (1024K), 1 survivors (1024K)
 Metaspace       used 1723K, capacity 5665K, committed 5760K, reserved 1062912K
  class space    used 210K, capacity 595K, committed 640K, reserved 1048576K
}
Event: 0.385 GC heap before
{Heap before GC invocations=2 (full 0):
 garbage-first heap   total 8192K, used 2029K [0x0000000742000000, 0x0000000800000000)
  region size 1024K, 3 young (3072K), 1 survivors (1024K)
 Metaspace       used 3588K, capacity 7209K, committed 7296K, reserved 1069056K
  class space    used 479K, capacity 833K, committed 896K, reserved 1048576K
}
Event: 0.388 GC heap after
{Heap after GC invocations=3 (full 0):
 garbage-first heap   total 8192K, used 1584K [0x0000000742000000, 0x0000000800000000)
  region size 1024K, 1 young (1024K), 1 survivors (1024K)
 Metaspace       used 3588K, capacity 7209K, committed 7296K, reserved 1069056K
  class space    used 479K, capacity 833K, committed 896K, reserved 1048576K
}

Deoptimization events (5 events):
Event: 0.117 Thread 0x000002a8454bb800 Uncommon trap: reason=class_check action=maybe_recompile pc=0x000002a85538ca54 method=java.util.HashMap.putVal(ILjava/lang/Object;Ljava/lang/Object;ZZ)Ljava/lang/Object; @ 152 c2
Event: 0.118 Thread 0x000002a8454bb800 Uncommon trap: reason=class_check action=maybe_recompile pc=0x000002a85538ca54 method=java.util.HashMap.putVal(ILjava/lang/Object;Ljava/lang/Object;ZZ)Ljava/lang/Object; @ 152 c2
Event: 0.118 Thread 0x000002a8454bb800 Uncommon trap: reason=class_check action=maybe_recompile pc=0x000002a85538ca54 method=java.util.HashMap.putVal(ILjava/lang/Object;Ljava/lang/Object;ZZ)Ljava/lang/Object; @ 152 c2
Event: 0.118 Thread 0x000002a8454bb800 Uncommon trap: reason=class_check action=maybe_recompile pc=0x000002a85538ca54 method=java.util.HashMap.putVal(ILjava/lang/Object;Ljava/lang/Object;ZZ)Ljava/lang/Object; @ 152 c2
Event: 0.204 Thread 0x000002a8454bb800 Uncommon trap: reason=unstable_if action=reinterpret pc=0x000002a855390510 method=java.nio.Buffer.hasRemaining()Z @ 8 c2

Classes redefined (0 events):
No events

Internal exceptions (8 events):
Event: 0.195 Thread 0x000002a8454bb800 Exception <a 'sun/nio/fs/WindowsException'{0x0000000742720060}> (0x0000000742720060) thrown at [t:/workspace/open/src/hotspot/share/prims/jni.cpp, line 615]
Event: 0.219 Thread 0x000002a8454bb800 Exception <a 'sun/nio/fs/WindowsException'{0x00000007427773f0}> (0x00000007427773f0) thrown at [t:/workspace/open/src/hotspot/share/prims/jni.cpp, line 615]
Event: 0.222 Thread 0x000002a8454bb800 Exception <a 'sun/nio/fs/WindowsException'{0x0000000742779b80}> (0x0000000742779b80) thrown at [t:/workspace/open/src/hotspot/share/prims/jni.cpp, line 615]
Event: 0.222 Thread 0x000002a8454bb800 Exception <a 'sun/nio/fs/WindowsException'{0x000000074277a488}> (0x000000074277a488) thrown at [t:/workspace/open/src/hotspot/share/prims/jni.cpp, line 615]
Event: 0.222 Thread 0x000002a8454bb800 Exception <a 'sun/nio/fs/WindowsException'{0x000000074277ad10}> (0x000000074277ad10) thrown at [t:/workspace/open/src/hotspot/share/prims/jni.cpp, line 615]
Event: 0.223 Thread 0x000002a8454bb800 Exception <a 'sun/nio/fs/WindowsException'{0x000000074277b8f0}> (0x000000074277b8f0) thrown at [t:/workspace/open/src/hotspot/share/prims/jni.cpp, line 615]
Event: 0.223 Thread 0x000002a8454bb800 Exception <a 'sun/nio/fs/WindowsException'{0x000000074277bbc0}> (0x000000074277bbc0) thrown at [t:/workspace/open/src/hotspot/share/prims/jni.cpp, line 615]
Event: 0.225 Thread 0x000002a8454bb800 Exception <a 'java/lang/NoSuchMethodError'{0x0000000742782c40}: java.lang.invoke.DirectMethodHandle$Holder.invokeVirtual(Ljava/lang/Object;Ljava/lang/Object;Ljava/lang/Object;)I> (0x0000000742782c40) thrown at [t:/workspace/open/src/hotspot/share/interpre

Events (10 events):
Event: 0.256 loading class com/sun/tools/javac/code/Symbol done
Event: 0.256 loading class com/sun/tools/javac/code/Symbol
Event: 0.256 loading class com/sun/tools/javac/code/Symbol done
Event: 0.256 loading class com/sun/tools/javac/code/ClassFinder
Event: 0.256 loading class com/sun/tools/javac/code/ClassFinder done
Event: 0.259 loading class java/nio/file/ClosedFileSystemException
Event: 0.259 loading class java/nio/file/ClosedFileSystemException done
Event: 0.259 loading class java/lang/ArrayIndexOutOfBoundsException
Event: 0.259 loading class java/lang/ArrayIndexOutOfBoundsException done
Event: 0.385 Executing VM operation: CollectForMetadataAllocation


Dynamic libraries:
0x00007ff6b1a30000 - 0x00007ff6b1a38000 	C:\Program Files\Java\jdk-12.0.2\bin\javac.exe
0x00007ffb025e0000 - 0x00007ffb027d0000 	C:\Windows\SYSTEM32\ntdll.dll
0x00007ffb01f60000 - 0x00007ffb02012000 	C:\Windows\System32\KERNEL32.DLL
0x00007ffb00360000 - 0x00007ffb00604000 	C:\Windows\System32\KERNELBASE.dll
0x00007ffb00260000 - 0x00007ffb0035a000 	C:\Windows\System32\ucrtbase.dll
0x00007ffafafe0000 - 0x00007ffafaff8000 	C:\Program Files\Java\jdk-12.0.2\bin\jli.dll
0x00007ffaeff70000 - 0x00007ffaeff86000 	C:\Program Files\Java\jdk-12.0.2\bin\VCRUNTIME140.dll
0x00007ffb01cd0000 - 0x00007ffb01d73000 	C:\Windows\System32\ADVAPI32.dll
0x00007ffb01880000 - 0x00007ffb0191e000 	C:\Windows\System32\msvcrt.dll
0x00007ffb02500000 - 0x00007ffb02597000 	C:\Windows\System32\sechost.dll
0x00007ffb02160000 - 0x00007ffb02280000 	C:\Windows\System32\RPCRT4.dll
0x00007ffb01b30000 - 0x00007ffb01cc4000 	C:\Windows\System32\USER32.dll
0x00007ffb00230000 - 0x00007ffb00251000 	C:\Windows\System32\win32u.dll
0x00007ffb00690000 - 0x00007ffb006b6000 	C:\Windows\System32\GDI32.dll
0x00007ffafffc0000 - 0x00007ffb00155000 	C:\Windows\System32\gdi32full.dll
0x00007ffb00160000 - 0x00007ffb001fe000 	C:\Windows\System32\msvcp_win.dll
0x00007ffaed020000 - 0x00007ffaed2a4000 	C:\Windows\WinSxS\amd64_microsoft.windows.common-controls_6595b64144ccf1df_6.0.18362.900_none_e6beb9d913147d17\COMCTL32.dll
0x00007ffb00770000 - 0x00007ffb00aa5000 	C:\Windows\System32\combase.dll
0x00007ffb00610000 - 0x00007ffb00690000 	C:\Windows\System32\bcryptPrimitives.dll
0x00007ffaf1260000 - 0x00007ffaf126a000 	C:\Windows\SYSTEM32\VERSION.dll
0x00007ffb01a10000 - 0x00007ffb01a3e000 	C:\Windows\System32\IMM32.DLL
0x00007ffac6d80000 - 0x00007ffac6e2a000 	C:\Program Files\Java\jdk-12.0.2\bin\msvcp140.dll
0x00007ffac2730000 - 0x00007ffac32a7000 	C:\Program Files\Java\jdk-12.0.2\bin\server\jvm.dll
0x00007ffb01870000 - 0x00007ffb01878000 	C:\Windows\System32\PSAPI.DLL
0x00007ffaeacd0000 - 0x00007ffaeacd9000 	C:\Windows\SYSTEM32\WSOCK32.dll
0x00007ffb01ac0000 - 0x00007ffb01b2f000 	C:\Windows\System32\WS2_32.dll
0x00007ffafc9c0000 - 0x00007ffafc9e4000 	C:\Windows\SYSTEM32\WINMM.dll
0x00007ffafc990000 - 0x00007ffafc9bd000 	C:\Windows\SYSTEM32\WINMMBASE.dll
0x00007ffaffea0000 - 0x00007ffaffeea000 	C:\Windows\System32\cfgmgr32.dll
0x00007ffaff4d0000 - 0x00007ffaff4e1000 	C:\Windows\System32\kernel.appcore.dll
0x00007ffaee7b0000 - 0x00007ffaee7c1000 	C:\Program Files\Java\jdk-12.0.2\bin\verify.dll
0x00007ffafddc0000 - 0x00007ffafdfb4000 	C:\Windows\SYSTEM32\DBGHELP.DLL
0x00007ffafad40000 - 0x00007ffafad6a000 	C:\Windows\SYSTEM32\dbgcore.DLL
0x00007ffaeefb0000 - 0x00007ffaeefd6000 	C:\Program Files\Java\jdk-12.0.2\bin\java.dll
0x00007ffaee380000 - 0x00007ffaee397000 	C:\Program Files\Java\jdk-12.0.2\bin\zip.dll
0x00007ffaf05b0000 - 0x00007ffaf05ba000 	C:\Program Files\Java\jdk-12.0.2\bin\jimage.dll
0x00007ffb00ab0000 - 0x00007ffb01196000 	C:\Windows\System32\SHELL32.dll
0x00007ffb01610000 - 0x00007ffb016b9000 	C:\Windows\System32\shcore.dll
0x00007ffaff720000 - 0x00007ffaffea0000 	C:\Windows\System32\windows.storage.dll
0x00007ffaff4f0000 - 0x00007ffaff513000 	C:\Windows\System32\profapi.dll
0x00007ffaff520000 - 0x00007ffaff56a000 	C:\Windows\System32\powrprof.dll
0x00007ffaff4a0000 - 0x00007ffaff4b0000 	C:\Windows\System32\UMPDC.dll
0x00007ffb01920000 - 0x00007ffb01972000 	C:\Windows\System32\shlwapi.dll
0x00007ffafffa0000 - 0x00007ffafffb7000 	C:\Windows\System32\cryptsp.dll
0x00007ffaef380000 - 0x00007ffaef399000 	C:\Program Files\Java\jdk-12.0.2\bin\net.dll
0x00007ffaf30f0000 - 0x00007ffaf31e0000 	C:\Windows\SYSTEM32\WINHTTP.dll
0x00007ffaf31e0000 - 0x00007ffaf33b6000 	C:\Windows\SYSTEM32\urlmon.dll
0x00007ffaf4980000 - 0x00007ffaf4c26000 	C:\Windows\SYSTEM32\iertutil.dll
0x00007ffafeee0000 - 0x00007ffafeeec000 	C:\Windows\SYSTEM32\CRYPTBASE.DLL
0x00007ffafed10000 - 0x00007ffafed77000 	C:\Windows\system32\mswsock.dll
0x00007ffaef360000 - 0x00007ffaef373000 	C:\Program Files\Java\jdk-12.0.2\bin\nio.dll

dbghelp: loaded successfully - version: 4.0.5 - missing functions: none
symbol engine: initialized successfully - sym options: 0x614 - pdb path: .;C:\Program Files\Java\jdk-12.0.2\bin;C:\Windows\SYSTEM32;C:\Windows\WinSxS\amd64_microsoft.windows.common-controls_6595b64144ccf1df_6.0.18362.900_none_e6beb9d913147d17;C:\Program Files\Java\jdk-12.0.2\bin\server

VM Arguments:
jvm_args: -Dapplication.home=C:\Program Files\Java\jdk-12.0.2 --add-modules=ALL-DEFAULT -Xms8m -Djdk.module.main=jdk.compiler 
java_command: jdk.compiler/com.sun.tools.javac.Main -d C:\Users\USER\Documents\NetBeansProjects\KTDH\build\classes -classpath C:\Users\USER\Documents\NetBeansProjects\KTDH\build\classes;D:\NETBEAN\netbeans\java\modules\ext\AbsoluteLayout.jar;C:\Users\USER\Desktop\NNLT\JAVA TOOL+CODE\Tool JAVA\AutoComplete\swingx-all-1.6.4.jar -sourcepath C:\Users\USER\Documents\NetBeansProjects\KTDH\src -target 12 -encoding UTF-8 -g -processorpath D:\NETBEAN\netbeans\java\modules\ext\AbsoluteLayout.jar;C:\Users\USER\Desktop\NNLT\JAVA TOOL+CODE\Tool JAVA\AutoComplete\swingx-all-1.6.4.jar;C:\Users\USER\Documents\NetBeansProjects\KTDH\build\empty -s C:\Users\USER\Documents\NetBeansProjects\KTDH\build\generated-sources\ap-source-output -source 12 C:\Users\USER\Documents\NetBeansProjects\KTDH\src\ktdh\Egg.java
java_class_path (initial): <not set>
Launcher Type: SUN_STANDARD

[Global flags]
     intx CICompilerCount                          = 3                                         {product} {ergonomic}
     uint ConcGCThreads                            = 1                                         {product} {ergonomic}
     uint G1ConcRefinementThreads                  = 4                                         {product} {ergonomic}
   size_t G1HeapRegionSize                         = 1048576                                   {product} {ergonomic}
    uintx GCDrainStackTargetSize                   = 64                                        {product} {ergonomic}
   size_t InitialHeapSize                          = 8388608                                   {product} {command line}
   size_t MarkStackSize                            = 4194304                                   {product} {ergonomic}
   size_t MaxHeapSize                              = 3187671040                                {product} {ergonomic}
   size_t MaxNewSize                               = 1912602624                                {product} {ergonomic}
   size_t MinHeapDeltaBytes                        = 1048576                                   {product} {ergonomic}
    uintx NonNMethodCodeHeapSize                   = 5830732                                {pd product} {ergonomic}
    uintx NonProfiledCodeHeapSize                  = 122913754                              {pd product} {ergonomic}
    uintx ProfiledCodeHeapSize                     = 122913754                              {pd product} {ergonomic}
    uintx ReservedCodeCacheSize                    = 251658240                              {pd product} {ergonomic}
     bool SegmentedCodeCache                       = true                                      {product} {ergonomic}
     bool UseCompressedClassPointers               = true                                 {lp64_product} {ergonomic}
     bool UseCompressedOops                        = true                                 {lp64_product} {ergonomic}
     bool UseG1GC                                  = true                                      {product} {ergonomic}
     bool UseLargePagesIndividualAllocation        = false                                  {pd product} {ergonomic}

Logging:
Log output configuration:
 #0: stdout all=warning uptime,level,tags
 #1: stderr all=off uptime,level,tags

Environment Variables:
JAVA_HOME=C:\Program Files\Java\jdk-12.0.2
PATH=C:\Program Files (x86)\Common Files\Oracle\Java\javapath;C:\Program Files (x86)\Intel\Intel(R) Management Engine Components\iCLS\;C:\Program Files\Intel\Intel(R) Management Engine Components\iCLS\;C:\Windows\system32;C:\Windows;C:\Windows\System32\Wbem;C:\Windows\System32\WindowsPowerShell\v1.0\;C:\Windows\System32\OpenSSH\;C:\Program Files (x86)\Intel\Intel(R) Management Engine Components\DAL;C:\Program Files\Intel\Intel(R) Management Engine Components\DAL;C:\Program Files (x86)\Intel\Intel(R) Management Engine Components\IPT;C:\Program Files\Intel\Intel(R) Management Engine Components\IPT;C:\Program Files\Intel\WiFi\bin\;C:\Program Files\Common Files\Intel\WirelessCommon\;C:\Program Files\Java\jdk-12.0.2\bin;C:\Program Files\Microsoft SQL Server\110\Tools\Binn\;C:\Program Files (x86)\Microsoft SQL Server\110\Tools\Binn\;C:\Program Files\Microsoft SQL Server\110\DTS\Binn\;C:\Program Files (x86)\Microsoft SQL Server\110\Tools\Binn\ManagementStudio\;C:\Program Files (x86)\Microsoft Visual Studio 10.0\Common7\IDE\PrivateAssemblies\;C:\Program Files (x86)\Microsoft SQL Server\110\DTS\Binn\;C:\Users\USER\Documents\OpenSSL\OpenSSL-Win64\bin;C:\Program Files\OpenSSL-Win64\bin;C:\Users\USER\Downloads\New folder\New folder\bin;D:\PYTHON\Scripts\;D:\PYTHON\;C:\Users\USER\AppData\Local\Microsoft\WindowsApps;C:\Program Files\Intel\WiFi\bin\;C:\Program Files\Common Files\Intel\WirelessCommon\
USERNAME=USER
OS=Windows_NT
PROCESSOR_IDENTIFIER=Intel64 Family 6 Model 142 Stepping 9, GenuineIntel



---------------  S Y S T E M  ---------------

OS: Windows 10 , 64 bit Build 18362 (10.0.18362.900)

CPU:total 4 (initial active 4) (2 cores per cpu, 2 threads per core) family 6 model 142 stepping 9, cmov, cx8, fxsr, mmx, sse, sse2, sse3, ssse3, sse4.1, sse4.2, popcnt, avx, avx2, aes, clmul, erms, 3dnowpref, lzcnt, ht, tsc, tscinvbit, bmi1, bmi2, adx, fma

Memory: 4k page, system-wide physical 12153M (4339M free)
TotalPageFile size 28176M (AvailPageFile size 0M)
current process WorkingSet (physical memory assigned to process): 43M, peak: 43M
current process commit charge ("private bytes"): 78M, peak: 79M

vm_info: Java HotSpot(TM) 64-Bit Server VM (12.0.2+10) for windows-amd64 JRE (12.0.2+10), built on Jul 16 2019 01:56:17 by "mach5one" with MS VC++ 15.5 (VS2017)

END.
