#
# There is insufficient memory for the Java Runtime Environment to continue.
# Native memory allocation (mmap) failed to map 7340032 bytes for Failed to commit area from 0x0000000742800000 to 0x0000000742f00000 of length 7340032.
# Possible reasons:
#   The system is out of physical RAM or swap space
#   The process is running with CompressedOops enabled, and the Java Heap may be blocking the growth of the native heap
# Possible solutions:
#   Reduce memory load on the system
#   Increase physical memory or swap space
#   Check if swap backing store is full
#   Decrease Java heap size (-Xmx/-Xms)
#   Decrease number of Java threads
#   Decrease Java thread stack sizes (-Xss)
#   Set larger code cache with -XX:ReservedCodeCacheSize=
#   JVM is running with Zero Based Compressed Oops mode in which the Java heap is
#     placed in the first 32GB address space. The Java Heap base address is the
#     maximum limit for the native heap growth. Please use -XX:HeapBaseMinAddress
#     to set the Java Heap base and to place the Java Heap above 32GB virtual address.
# This output file may be truncated or incomplete.
#
#  Out of Memory Error (t:/workspace/open/src/hotspot/os/windows/os_windows.cpp:3264), pid=7324, tid=11712
#
# JRE version: Java(TM) SE Runtime Environment (12.0.2+10) (build 12.0.2+10)
# Java VM: Java HotSpot(TM) 64-Bit Server VM (12.0.2+10, mixed mode, sharing, tiered, compressed oops, g1 gc, windows-amd64)
# No core dump will be written. Minidumps are not enabled by default on client versions of Windows
#

---------------  S U M M A R Y ------------

Command Line: -Dapplication.home=C:\Program Files\Java\jdk-12.0.2 --add-modules=ALL-DEFAULT -Xms8m -Djdk.module.main=jdk.compiler jdk.compiler/com.sun.tools.javac.Main -d C:\Users\USER\Documents\NetBeansProjects\KTDH\build\classes -classpath C:\Users\USER\Documents\NetBeansProjects\KTDH\build\classes;D:\NETBEAN\netbeans\java\modules\ext\AbsoluteLayout.jar;C:\Users\USER\Desktop\NNLT\JAVA TOOL+CODE\Tool JAVA\AutoComplete\swingx-all-1.6.4.jar -sourcepath C:\Users\USER\Documents\NetBeansProjects\KTDH\src -target 12 -encoding UTF-8 -g -processorpath D:\NETBEAN\netbeans\java\modules\ext\AbsoluteLayout.jar;C:\Users\USER\Desktop\NNLT\JAVA TOOL+CODE\Tool JAVA\AutoComplete\swingx-all-1.6.4.jar;C:\Users\USER\Documents\NetBeansProjects\KTDH\build\empty -s C:\Users\USER\Documents\NetBeansProjects\KTDH\build\generated-sources\ap-source-output -source 12 C:\Users\USER\Documents\NetBeansProjects\KTDH\src\ktdh\View2.java

Host: Intel(R) Core(TM) i7-7500U CPU @ 2.70GHz, 4 cores, 11G,  Windows 10 , 64 bit Build 18362 (10.0.18362.900)
Time: Fri Jul  3 12:59:46 2020 SE Asia Standard Time elapsed time: 1 seconds (0d 0h 0m 1s)

---------------  T H R E A D  ---------------

Current thread (0x000001c7f10c6800):  VMThread "VM Thread" [stack: 0x0000008b62800000,0x0000008b62900000] [id=11712]

Stack: [0x0000008b62800000,0x0000008b62900000]
[error occurred during error reporting (printing stack bounds), id 0xc0000005, EXCEPTION_ACCESS_VIOLATION (0xc0000005) at pc=0x000001c7d8390bad]

Native frames: (J=compiled Java code, j=interpreted, Vv=VM code, C=native code)
V  [jvm.dll+0x63aa2a]
V  [jvm.dll+0x78ce1e]
V  [jvm.dll+0x78e4c1]
V  [jvm.dll+0x78ea75]
V  [jvm.dll+0x78ea2b]
V  [jvm.dll+0x63a134]
V  [jvm.dll+0x63a4f8]
C  [ntdll.dll+0xa11cf]
C  [ntdll.dll+0x6a209]
C  [ntdll.dll+0x9fe3e]
C  0x000001c7d8390bad

VM_Operation (0x0000008b622fc9b0): G1CollectForAllocation, mode: safepoint, requested by thread 0x000001c7cff8c000


---------------  P R O C E S S  ---------------

Threads class SMR info:
_java_thread_list=0x000001c7f1354240, length=10, elements={
0x000001c7cff8c000, 0x000001c7f10ca000, 0x000001c7f10cc000, 0x000001c7f10e2000,
0x000001c7f10e4000, 0x000001c7f10e6800, 0x000001c7f10f8800, 0x000001c7f1104000,
0x000001c7f1318000, 0x000001c7f139d800
}

Java Threads: ( => current thread )
  0x000001c7cff8c000 JavaThread "main" [_thread_blocked, id=2916, stack(0x0000008b62200000,0x0000008b62300000)]
  0x000001c7f10ca000 JavaThread "Reference Handler" daemon [_thread_blocked, id=21400, stack(0x0000008b62900000,0x0000008b62a00000)]
  0x000001c7f10cc000 JavaThread "Finalizer" daemon [_thread_blocked, id=22736, stack(0x0000008b62a00000,0x0000008b62b00000)]
  0x000001c7f10e2000 JavaThread "Signal Dispatcher" daemon [_thread_blocked, id=5064, stack(0x0000008b62b00000,0x0000008b62c00000)]
  0x000001c7f10e4000 JavaThread "Attach Listener" daemon [_thread_blocked, id=11600, stack(0x0000008b62c00000,0x0000008b62d00000)]
  0x000001c7f10e6800 JavaThread "C2 CompilerThread0" daemon [_thread_blocked, id=14696, stack(0x0000008b62d00000,0x0000008b62e00000)]
  0x000001c7f10f8800 JavaThread "C1 CompilerThread0" daemon [_thread_blocked, id=3520, stack(0x0000008b62e00000,0x0000008b62f00000)]
  0x000001c7f1104000 JavaThread "Sweeper thread" daemon [_thread_blocked, id=21440, stack(0x0000008b62f00000,0x0000008b63000000)]
  0x000001c7f1318000 JavaThread "Common-Cleaner" daemon [_thread_blocked, id=5640, stack(0x0000008b63000000,0x0000008b63100000)]
  0x000001c7f139d800 JavaThread "Service Thread" daemon [_thread_blocked, id=22824, stack(0x0000008b63100000,0x0000008b63200000)]

Other Threads:
=>0x000001c7f10c6800 VMThread "VM Thread" [stack: 0x0000008b62800000,0x0000008b62900000] [id=11712]
  0x000001c7f139f800 WatcherThread [stack: 0x0000008b63200000,0x0000008b63300000] [id=22964]
  0x000001c7cffdc800 GCTaskThread "GC Thread#0" [stack: 0x0000008b62300000,0x0000008b62400000] [id=13204]
  0x000001c7f1522000 GCTaskThread "GC Thread#1" [stack: 0x0000008b63300000,0x0000008b63400000] [id=19912]
  0x000001c7cfff0000 ConcurrentGCThread "G1 Main Marker" [stack: 0x0000008b62400000,0x0000008b62500000] [id=21780]
  0x000001c7cfff2000 ConcurrentGCThread "G1 Conc#0" [stack: 0x0000008b62500000,0x0000008b62600000] [id=12840]
  0x000001c7d000f800 ConcurrentGCThread "G1 Refine#0" [stack: 0x0000008b62600000,0x0000008b62700000] [id=10908]
  0x000001c7d0010800 ConcurrentGCThread "G1 Young RemSet Sampling" [stack: 0x0000008b62700000,0x0000008b62800000] [id=9048]

Threads with active compile tasks:
C2 CompilerThread0   774       4       java.util.HashMap::put (13 bytes)

VM state:at safepoint (normal execution)

VM Mutex/Monitor currently owned by a thread:  ([mutex/lock_event])
[0x000001c7cff89040] Threads_lock - owner thread: 0x000001c7f10c6800
[0x000001c7cff891f0] Heap_lock - owner thread: 0x000001c7cff8c000

Heap address: 0x0000000742000000, size: 3040 MB, Compressed Oops mode: Zero based, Oop shift amount: 3
Narrow klass base: 0x0000000800000000, Narrow klass shift: 3
Compressed class space size: 1073741824 Address: 0x0000000801190000

Heap:
 garbage-first heap   total 15360K, used 3468K [0x0000000742000000, 0x0000000800000000)
  region size 1024K, 1 young (1024K), 1 survivors (1024K)
 Metaspace       used 7785K, capacity 11025K, committed 11264K, reserved 1058816K
  class space    used 917K, capacity 1235K, committed 1280K, reserved 1048576K
Heap Regions: E=young(eden), S=young(survivor), O=old, HS=humongous(starts), HC=humongous(continues), CS=collection set, F=free, A=archive, TAMS=top-at-mark-start (previous, next)
|   0|0x0000000742000000, 0x0000000742100000, 0x0000000742100000|100%| O|  |TAMS 0x0000000742000000, 0x0000000742000000| Untracked 
|   1|0x0000000742100000, 0x0000000742200000, 0x0000000742200000|100%| O|  |TAMS 0x0000000742100000, 0x0000000742100000| Untracked 
|   2|0x0000000742200000, 0x0000000742288200, 0x0000000742300000| 53%| O|  |TAMS 0x0000000742200000, 0x0000000742200000| Untracked 
|   3|0x0000000742300000, 0x0000000742300000, 0x0000000742400000|  0%| F|  |TAMS 0x0000000742300000, 0x0000000742300000| Untracked 
|   4|0x0000000742400000, 0x0000000742400000, 0x0000000742500000|  0%| F|  |TAMS 0x0000000742400000, 0x0000000742400000| Untracked 
|   5|0x0000000742500000, 0x00000007425daea0, 0x0000000742600000| 85%| S|CS|TAMS 0x0000000742500000, 0x0000000742500000| Complete 
|   6|0x0000000742600000, 0x0000000742600000, 0x0000000742700000|  0%| F|  |TAMS 0x0000000742600000, 0x0000000742600000| Untracked 
|   7|0x0000000742700000, 0x0000000742700000, 0x0000000742800000|  0%| F|  |TAMS 0x0000000742700000, 0x0000000742700000| Untracked 

Card table byte_map: [0x000001c7e7980000,0x000001c7e7f70000] _byte_map_base: 0x000001c7e3f70000

Marking Bits (Prev, Next): (CMBitMap*) 0x000001c7cffdd598, (CMBitMap*) 0x000001c7cffdd5d8
 Prev Bits: [0x000001c7e8560000, 0x000001c7eb4e0000)
 Next Bits: [0x000001c7eb4e0000, 0x000001c7ee460000)

Polling page: 0x000001c7cdd60000

Metaspace:

Usage:
  Non-class:      9.56 MB capacity,     6.71 MB ( 70%) used,     2.83 MB ( 30%) free+waste,    20.31 KB ( <1%) overhead. 
      Class:      1.21 MB capacity,   917.33 KB ( 74%) used,   307.55 KB ( 25%) free+waste,    10.13 KB ( <1%) overhead. 
       Both:     10.77 MB capacity,     7.60 MB ( 71%) used,     3.13 MB ( 29%) free+waste,    30.44 KB ( <1%) overhead. 

Virtual space:
  Non-class space:       10.00 MB reserved,       9.75 MB ( 98%) committed 
      Class space:        1.00 GB reserved,       1.25 MB ( <1%) committed 
             Both:        1.01 GB reserved,      11.00 MB (  1%) committed 

Chunk freelists:
   Non-Class:  256 bytes
       Class:  0 bytes
        Both:  256 bytes

CodeHeap 'non-profiled nmethods': size=120064Kb used=243Kb max_used=243Kb free=119820Kb
 bounds [0x000001c7dfe50000, 0x000001c7e00c0000, 0x000001c7e7390000]
CodeHeap 'profiled nmethods': size=120000Kb used=1629Kb max_used=1629Kb free=118370Kb
 bounds [0x000001c7d8920000, 0x000001c7d8b90000, 0x000001c7dfe50000]
CodeHeap 'non-nmethods': size=5696Kb used=1094Kb max_used=1107Kb free=4601Kb
 bounds [0x000001c7d8390000, 0x000001c7d8600000, 0x000001c7d8920000]
 total_blobs=1351 nmethods=792 adapters=298
 compilation: enabled
              stopped_count=0, restarted_count=0
 full_count=0

Compilation events (10 events):
Event: 1.114 Thread 0x000001c7f10f8800  788       3       java.lang.ref.Reference::<init> (7 bytes)
Event: 1.114 Thread 0x000001c7f10f8800 nmethod 788 0x000001c7d8ab6710 code [0x000001c7d8ab68e0, 0x000001c7d8ab6c18]
Event: 1.114 Thread 0x000001c7f10f8800  789       1       jdk.internal.org.objectweb.asm.SymbolTable::getConstantPoolCount (5 bytes)
Event: 1.114 Thread 0x000001c7f10f8800 nmethod 789 0x000001c7dfe8bd10 code [0x000001c7dfe8bec0, 0x000001c7dfe8bff8]
Event: 1.116 Thread 0x000001c7f10f8800  793       1       sun.nio.fs.WindowsPath::getFileSystem (5 bytes)
Event: 1.116 Thread 0x000001c7f10f8800 nmethod 793 0x000001c7dfe8c510 code [0x000001c7dfe8c6c0, 0x000001c7dfe8c7f8]
Event: 1.116 Thread 0x000001c7f10f8800  794       3       jdk.internal.misc.Unsafe::getInt (7 bytes)
Event: 1.116 Thread 0x000001c7f10f8800 nmethod 794 0x000001c7d8ab6d10 code [0x000001c7d8ab6ec0, 0x000001c7d8ab7058]
Event: 1.116 Thread 0x000001c7f10f8800  795       3       jdk.internal.misc.Unsafe::getLong (7 bytes)
Event: 1.116 Thread 0x000001c7f10f8800 nmethod 795 0x000001c7d8ab7110 code [0x000001c7d8ab72c0, 0x000001c7d8ab7458]

GC Heap History (10 events):
Event: 0.554 GC heap after
{Heap after GC invocations=2 (full 0):
 garbage-first heap   total 8192K, used 1656K [0x0000000742000000, 0x0000000800000000)
  region size 1024K, 1 young (1024K), 1 survivors (1024K)
 Metaspace       used 3906K, capacity 7543K, committed 7808K, reserved 1056768K
  class space    used 493K, capacity 838K, committed 896K, reserved 1048576K
}
Event: 0.663 GC heap before
{Heap before GC invocations=2 (full 0):
 garbage-first heap   total 8192K, used 2680K [0x0000000742000000, 0x0000000800000000)
  region size 1024K, 2 young (2048K), 1 survivors (1024K)
 Metaspace       used 5337K, capacity 8995K, committed 9344K, reserved 1056768K
  class space    used 661K, capacity 1025K, committed 1152K, reserved 1048576K
}
Event: 0.665 GC heap after
{Heap after GC invocations=3 (full 0):
 garbage-first heap   total 8192K, used 1985K [0x0000000742000000, 0x0000000800000000)
  region size 1024K, 1 young (1024K), 1 survivors (1024K)
 Metaspace       used 5337K, capacity 8995K, committed 9344K, reserved 1056768K
  class space    used 661K, capacity 1025K, committed 1152K, reserved 1048576K
}
Event: 0.911 GC heap before
{Heap before GC invocations=3 (full 0):
 garbage-first heap   total 8192K, used 1985K [0x0000000742000000, 0x0000000800000000)
  region size 1024K, 2 young (2048K), 1 survivors (1024K)
 Metaspace       used 6746K, capacity 10243K, committed 10496K, reserved 1058816K
  class space    used 834K, capacity 1166K, committed 1280K, reserved 1048576K
}
Event: 0.913 GC heap after
{Heap after GC invocations=4 (full 0):
 garbage-first heap   total 8192K, used 2339K [0x0000000742000000, 0x0000000800000000)
  region size 1024K, 1 young (1024K), 1 survivors (1024K)
 Metaspace       used 6746K, capacity 10243K, committed 10496K, reserved 1058816K
  class space    used 834K, capacity 1166K, committed 1280K, reserved 1048576K
}
Event: 1.021 GC heap before
{Heap before GC invocations=4 (full 0):
 garbage-first heap   total 8192K, used 3363K [0x0000000742000000, 0x0000000800000000)
  region size 1024K, 2 young (2048K), 1 survivors (1024K)
 Metaspace       used 7464K, capacity 10832K, committed 11008K, reserved 1058816K
  class space    used 883K, capacity 1213K, committed 1280K, reserved 1048576K
}
Event: 1.023 GC heap after
{Heap after GC invocations=5 (full 0):
 garbage-first heap   total 8192K, used 2616K [0x0000000742000000, 0x0000000800000000)
  region size 1024K, 1 young (1024K), 1 survivors (1024K)
 Metaspace       used 7464K, capacity 10832K, committed 11008K, reserved 1058816K
  class space    used 883K, capacity 1213K, committed 1280K, reserved 1048576K
}
Event: 1.081 GC heap before
{Heap before GC invocations=5 (full 0):
 garbage-first heap   total 8192K, used 3640K [0x0000000742000000, 0x0000000800000000)
  region size 1024K, 2 young (2048K), 1 survivors (1024K)
 Metaspace       used 7664K, capacity 10919K, committed 11008K, reserved 1058816K
  class space    used 902K, capacity 1221K, committed 1280K, reserved 1048576K
}
Event: 1.084 GC heap after
{Heap after GC invocations=6 (full 0):
 garbage-first heap   total 8192K, used 3067K [0x0000000742000000, 0x0000000800000000)
  region size 1024K, 1 young (1024K), 1 survivors (1024K)
 Metaspace       used 7664K, capacity 10919K, committed 11008K, reserved 1058816K
  class space    used 902K, capacity 1221K, committed 1280K, reserved 1048576K
}
Event: 1.118 GC heap before
{Heap before GC invocations=6 (full 0):
 garbage-first heap   total 8192K, used 4091K [0x0000000742000000, 0x0000000800000000)
  region size 1024K, 2 young (2048K), 1 survivors (1024K)
 Metaspace       used 7785K, capacity 11025K, committed 11264K, reserved 1058816K
  class space    used 917K, capacity 1235K, committed 1280K, reserved 1048576K
}

Deoptimization events (10 events):
Event: 0.181 Thread 0x000001c7cff8c000 Uncommon trap: reason=class_check action=maybe_recompile pc=0x000001c7dfe5d474 method=java.util.HashMap.putVal(ILjava/lang/Object;Ljava/lang/Object;ZZ)Ljava/lang/Object; @ 152 c2
Event: 0.257 Thread 0x000001c7cff8c000 Uncommon trap: reason=class_check action=maybe_recompile pc=0x000001c7dfe63d94 method=java.util.HashMap.putVal(ILjava/lang/Object;Ljava/lang/Object;ZZ)Ljava/lang/Object; @ 253 c2
Event: 0.257 Thread 0x000001c7cff8c000 Uncommon trap: reason=unstable_if action=reinterpret pc=0x000001c7dfe64174 method=java.util.HashMap.putVal(ILjava/lang/Object;Ljava/lang/Object;ZZ)Ljava/lang/Object; @ 181 c2
Event: 0.280 Thread 0x000001c7cff8c000 Uncommon trap: reason=bimorphic_or_optimized_type_check action=maybe_recompile pc=0x000001c7dfe5a8c4 method=java.util.AbstractCollection.isEmpty()Z @ 1 c2
Event: 0.280 Thread 0x000001c7cff8c000 Uncommon trap: reason=bimorphic_or_optimized_type_check action=maybe_recompile pc=0x000001c7dfe5a8c4 method=java.util.AbstractCollection.isEmpty()Z @ 1 c2
Event: 0.280 Thread 0x000001c7cff8c000 Uncommon trap: reason=bimorphic_or_optimized_type_check action=maybe_recompile pc=0x000001c7dfe5a8c4 method=java.util.AbstractCollection.isEmpty()Z @ 1 c2
Event: 0.281 Thread 0x000001c7cff8c000 Uncommon trap: reason=bimorphic_or_optimized_type_check action=maybe_recompile pc=0x000001c7dfe5a8c4 method=java.util.AbstractCollection.isEmpty()Z @ 1 c2
Event: 0.307 Thread 0x000001c7cff8c000 Uncommon trap: reason=unstable_if action=reinterpret pc=0x000001c7dfe60810 method=java.nio.Buffer.hasRemaining()Z @ 8 c2
Event: 0.660 Thread 0x000001c7cff8c000 Uncommon trap: reason=unstable_if action=reinterpret pc=0x000001c7dfe70ff0 method=java.lang.StringLatin1.replace([BCC)Ljava/lang/String; @ 19 c2
Event: 0.892 Thread 0x000001c7cff8c000 Uncommon trap: reason=unstable_if action=reinterpret pc=0x000001c7dfe70568 method=java.lang.String.regionMatches(ILjava/lang/String;II)Z @ 111 c2

Classes redefined (0 events):
No events

Internal exceptions (10 events):
Event: 0.665 Thread 0x000001c7cff8c000 Exception <a 'java/lang/NoSuchMethodError'{0x0000000742700800}: java.lang.invoke.Invokers$Holder.linkToTargetMethod(Ljava/lang/Object;Ljava/lang/Object;Ljava/lang/Object;Ljava/lang/Object;Ljava/lang/Object;Ljava/lang/Object;)Ljava/lang/Object;> (0x0000000
Event: 0.681 Thread 0x000001c7cff8c000 Exception <a 'sun/nio/fs/WindowsException'{0x000000074272e9f0}> (0x000000074272e9f0) thrown at [t:/workspace/open/src/hotspot/share/prims/jni.cpp, line 615]
Event: 0.681 Thread 0x000001c7cff8c000 Exception <a 'sun/nio/fs/WindowsException'{0x000000074272ec30}> (0x000000074272ec30) thrown at [t:/workspace/open/src/hotspot/share/prims/jni.cpp, line 615]
Event: 0.866 Thread 0x000001c7cff8c000 Exception <a 'java/lang/NoSuchMethodError'{0x00000007427b2088}: java.lang.invoke.DirectMethodHandle$Holder.invokeSpecialIFC(Ljava/lang/Object;Ljava/lang/Object;I)I> (0x00000007427b2088) thrown at [t:/workspace/open/src/hotspot/share/interpreter/linkResolv
Event: 1.005 Thread 0x000001c7cff8c000 Exception <a 'sun/nio/fs/WindowsException'{0x0000000742792508}> (0x0000000742792508) thrown at [t:/workspace/open/src/hotspot/share/prims/jni.cpp, line 615]
Event: 1.005 Thread 0x000001c7cff8c000 Exception <a 'sun/nio/fs/WindowsException'{0x00000007427927c8}> (0x00000007427927c8) thrown at [t:/workspace/open/src/hotspot/share/prims/jni.cpp, line 615]
Event: 1.006 Thread 0x000001c7cff8c000 Exception <a 'sun/nio/fs/WindowsException'{0x00000007427936d0}> (0x00000007427936d0) thrown at [t:/workspace/open/src/hotspot/share/prims/jni.cpp, line 615]
Event: 1.006 Thread 0x000001c7cff8c000 Exception <a 'sun/nio/fs/WindowsException'{0x00000007427939d0}> (0x00000007427939d0) thrown at [t:/workspace/open/src/hotspot/share/prims/jni.cpp, line 615]
Event: 1.057 Thread 0x000001c7cff8c000 Exception <a 'java/lang/NoSuchMethodError'{0x0000000742763f30}: java.lang.invoke.DirectMethodHandle$Holder.invokeSpecial(Ljava/lang/Object;Ljava/lang/Object;Ljava/lang/Object;Ljava/lang/Object;)I> (0x0000000742763f30) thrown at [t:/workspace/open/src/hots
Event: 1.111 Thread 0x000001c7cff8c000 Exception <a 'sun/nio/fs/WindowsException'{0x00000007427e6538}> (0x00000007427e6538) thrown at [t:/workspace/open/src/hotspot/share/prims/jni.cpp, line 615]

Events (10 events):
Event: 1.112 loading class java/nio/file/Files$AcceptAllFilter done
Event: 1.113 loading class sun/nio/fs/WindowsDirectoryStream$WindowsDirectoryIterator
Event: 1.113 loading class sun/nio/fs/WindowsDirectoryStream$WindowsDirectoryIterator done
Event: 1.113 loading class java/nio/file/Files$2
Event: 1.113 loading class java/nio/file/Files$2 done
Event: 1.115 loading class sun/nio/fs/WindowsPath$WindowsPathWithAttributes
Event: 1.115 loading class sun/nio/fs/BasicFileAttributesHolder
Event: 1.115 loading class sun/nio/fs/BasicFileAttributesHolder done
Event: 1.115 loading class sun/nio/fs/WindowsPath$WindowsPathWithAttributes done
Event: 1.118 Executing VM operation: G1CollectForAllocation


Dynamic libraries:
0x00007ff634b10000 - 0x00007ff634b18000 	C:\Program Files\Java\jdk-12.0.2\bin\javac.exe
0x00007ff8bc8e0000 - 0x00007ff8bcad0000 	C:\Windows\SYSTEM32\ntdll.dll
0x00007ff8bc5e0000 - 0x00007ff8bc692000 	C:\Windows\System32\KERNEL32.DLL
0x00007ff8b9870000 - 0x00007ff8b9b14000 	C:\Windows\System32\KERNELBASE.dll
0x00007ff8b9e00000 - 0x00007ff8b9efa000 	C:\Windows\System32\ucrtbase.dll
0x00007ff8b2b80000 - 0x00007ff8b2b98000 	C:\Program Files\Java\jdk-12.0.2\bin\jli.dll
0x00007ff8ab1a0000 - 0x00007ff8ab1b6000 	C:\Program Files\Java\jdk-12.0.2\bin\VCRUNTIME140.dll
0x00007ff8bab20000 - 0x00007ff8babc3000 	C:\Windows\System32\ADVAPI32.dll
0x00007ff8bacf0000 - 0x00007ff8bad8e000 	C:\Windows\System32\msvcrt.dll
0x00007ff8bc800000 - 0x00007ff8bc897000 	C:\Windows\System32\sechost.dll
0x00007ff8babd0000 - 0x00007ff8bacf0000 	C:\Windows\System32\RPCRT4.dll
0x00007ff8bae00000 - 0x00007ff8baf94000 	C:\Windows\System32\USER32.dll
0x00007ff8b9db0000 - 0x00007ff8b9dd1000 	C:\Windows\System32\win32u.dll
0x00007ff8bbe80000 - 0x00007ff8bbea6000 	C:\Windows\System32\GDI32.dll
0x00007ff8b9c10000 - 0x00007ff8b9da5000 	C:\Windows\System32\gdi32full.dll
0x00007ff8b9b70000 - 0x00007ff8b9c0e000 	C:\Windows\System32\msvcp_win.dll
0x00007ff8a8b10000 - 0x00007ff8a8d94000 	C:\Windows\WinSxS\amd64_microsoft.windows.common-controls_6595b64144ccf1df_6.0.18362.900_none_e6beb9d913147d17\COMCTL32.dll
0x00007ff8bafb0000 - 0x00007ff8bb2e5000 	C:\Windows\System32\combase.dll
0x00007ff8ba0e0000 - 0x00007ff8ba160000 	C:\Windows\System32\bcryptPrimitives.dll
0x00007ff8acc20000 - 0x00007ff8acc2a000 	C:\Windows\SYSTEM32\VERSION.dll
0x00007ff8bbeb0000 - 0x00007ff8bbede000 	C:\Windows\System32\IMM32.DLL
0x00007ff88bab0000 - 0x00007ff88bb5a000 	C:\Program Files\Java\jdk-12.0.2\bin\msvcp140.dll
0x00007ff870120000 - 0x00007ff870c97000 	C:\Program Files\Java\jdk-12.0.2\bin\server\jvm.dll
0x00007ff8bc5d0000 - 0x00007ff8bc5d8000 	C:\Windows\System32\PSAPI.DLL
0x00007ff8a7c20000 - 0x00007ff8a7c29000 	C:\Windows\SYSTEM32\WSOCK32.dll
0x00007ff8bbda0000 - 0x00007ff8bbe0f000 	C:\Windows\System32\WS2_32.dll
0x00007ff8b72d0000 - 0x00007ff8b72f4000 	C:\Windows\SYSTEM32\WINMM.dll
0x00007ff8b7130000 - 0x00007ff8b715d000 	C:\Windows\SYSTEM32\WINMMBASE.dll
0x00007ff8b9b20000 - 0x00007ff8b9b6a000 	C:\Windows\System32\cfgmgr32.dll
0x00007ff8b97b0000 - 0x00007ff8b97c1000 	C:\Windows\System32\kernel.appcore.dll
0x00007ff8a9f10000 - 0x00007ff8a9f21000 	C:\Program Files\Java\jdk-12.0.2\bin\verify.dll
0x00007ff8b80c0000 - 0x00007ff8b82b4000 	C:\Windows\SYSTEM32\DBGHELP.DLL
0x00007ff89ee00000 - 0x00007ff89ee2a000 	C:\Windows\SYSTEM32\dbgcore.DLL
0x00007ff8aa000000 - 0x00007ff8aa026000 	C:\Program Files\Java\jdk-12.0.2\bin\java.dll
0x00007ff89a510000 - 0x00007ff89a527000 	C:\Program Files\Java\jdk-12.0.2\bin\zip.dll
0x00007ff8b30f0000 - 0x00007ff8b30fa000 	C:\Program Files\Java\jdk-12.0.2\bin\jimage.dll
0x00007ff8bb500000 - 0x00007ff8bbbe6000 	C:\Windows\System32\SHELL32.dll
0x00007ff8bc520000 - 0x00007ff8bc5c9000 	C:\Windows\System32\shcore.dll
0x00007ff8ba210000 - 0x00007ff8ba990000 	C:\Windows\System32\windows.storage.dll
0x00007ff8b9840000 - 0x00007ff8b9863000 	C:\Windows\System32\profapi.dll
0x00007ff8b97f0000 - 0x00007ff8b983a000 	C:\Windows\System32\powrprof.dll
0x00007ff8b97a0000 - 0x00007ff8b97b0000 	C:\Windows\System32\UMPDC.dll
0x00007ff8bbe10000 - 0x00007ff8bbe62000 	C:\Windows\System32\shlwapi.dll
0x00007ff8b9de0000 - 0x00007ff8b9df7000 	C:\Windows\System32\cryptsp.dll
0x00007ff891130000 - 0x00007ff891149000 	C:\Program Files\Java\jdk-12.0.2\bin\net.dll
0x00007ff8acea0000 - 0x00007ff8acf90000 	C:\Windows\SYSTEM32\WINHTTP.dll
0x00007ff8a1130000 - 0x00007ff8a1306000 	C:\Windows\SYSTEM32\urlmon.dll
0x00007ff8a0d90000 - 0x00007ff8a1036000 	C:\Windows\SYSTEM32\iertutil.dll
0x00007ff8b91e0000 - 0x00007ff8b91ec000 	C:\Windows\SYSTEM32\CRYPTBASE.DLL
0x00007ff8b9010000 - 0x00007ff8b9077000 	C:\Windows\system32\mswsock.dll
0x00007ff88e1a0000 - 0x00007ff88e1b3000 	C:\Program Files\Java\jdk-12.0.2\bin\nio.dll

dbghelp: loaded successfully - version: 4.0.5 - missing functions: none
symbol engine: initialized successfully - sym options: 0x614 - pdb path: .;C:\Program Files\Java\jdk-12.0.2\bin;C:\Windows\SYSTEM32;C:\Windows\WinSxS\amd64_microsoft.windows.common-controls_6595b64144ccf1df_6.0.18362.900_none_e6beb9d913147d17;C:\Program Files\Java\jdk-12.0.2\bin\server

VM Arguments:
jvm_args: -Dapplication.home=C:\Program Files\Java\jdk-12.0.2 --add-modules=ALL-DEFAULT -Xms8m -Djdk.module.main=jdk.compiler 
java_command: jdk.compiler/com.sun.tools.javac.Main -d C:\Users\USER\Documents\NetBeansProjects\KTDH\build\classes -classpath C:\Users\USER\Documents\NetBeansProjects\KTDH\build\classes;D:\NETBEAN\netbeans\java\modules\ext\AbsoluteLayout.jar;C:\Users\USER\Desktop\NNLT\JAVA TOOL+CODE\Tool JAVA\AutoComplete\swingx-all-1.6.4.jar -sourcepath C:\Users\USER\Documents\NetBeansProjects\KTDH\src -target 12 -encoding UTF-8 -g -processorpath D:\NETBEAN\netbeans\java\modules\ext\AbsoluteLayout.jar;C:\Users\USER\Desktop\NNLT\JAVA TOOL+CODE\Tool JAVA\AutoComplete\swingx-all-1.6.4.jar;C:\Users\USER\Documents\NetBeansProjects\KTDH\build\empty -s C:\Users\USER\Documents\NetBeansProjects\KTDH\build\generated-sources\ap-source-output -source 12 C:\Users\USER\Documents\NetBeansProjects\KTDH\src\ktdh\View2.java
java_class_path (initial): <not set>
Launcher Type: SUN_STANDARD

[Global flags]
     intx CICompilerCount                          = 3                                         {product} {ergonomic}
     uint ConcGCThreads                            = 1                                         {product} {ergonomic}
     uint G1ConcRefinementThreads                  = 4                                         {product} {ergonomic}
   size_t G1HeapRegionSize                         = 1048576                                   {product} {ergonomic}
    uintx GCDrainStackTargetSize                   = 64                                        {product} {ergonomic}
   size_t InitialHeapSize                          = 8388608                                   {product} {command line}
   size_t MarkStackSize                            = 4194304                                   {product} {ergonomic}
   size_t MaxHeapSize                              = 3187671040                                {product} {ergonomic}
   size_t MaxNewSize                               = 1912602624                                {product} {ergonomic}
   size_t MinHeapDeltaBytes                        = 1048576                                   {product} {ergonomic}
    uintx NonNMethodCodeHeapSize                   = 5830732                                {pd product} {ergonomic}
    uintx NonProfiledCodeHeapSize                  = 122913754                              {pd product} {ergonomic}
    uintx ProfiledCodeHeapSize                     = 122913754                              {pd product} {ergonomic}
    uintx ReservedCodeCacheSize                    = 251658240                              {pd product} {ergonomic}
     bool SegmentedCodeCache                       = true                                      {product} {ergonomic}
     bool UseCompressedClassPointers               = true                                 {lp64_product} {ergonomic}
     bool UseCompressedOops                        = true                                 {lp64_product} {ergonomic}
     bool UseG1GC                                  = true                                      {product} {ergonomic}
     bool UseLargePagesIndividualAllocation        = false                                  {pd product} {ergonomic}

Logging:
Log output configuration:
 #0: stdout all=warning uptime,level,tags
 #1: stderr all=off uptime,level,tags

Environment Variables:
JAVA_HOME=C:\Program Files\Java\jdk-12.0.2
PATH=C:\Program Files (x86)\Common Files\Oracle\Java\javapath;C:\Program Files (x86)\Intel\Intel(R) Management Engine Components\iCLS\;C:\Program Files\Intel\Intel(R) Management Engine Components\iCLS\;C:\Windows\system32;C:\Windows;C:\Windows\System32\Wbem;C:\Windows\System32\WindowsPowerShell\v1.0\;C:\Windows\System32\OpenSSH\;C:\Program Files (x86)\Intel\Intel(R) Management Engine Components\DAL;C:\Program Files\Intel\Intel(R) Management Engine Components\DAL;C:\Program Files (x86)\Intel\Intel(R) Management Engine Components\IPT;C:\Program Files\Intel\Intel(R) Management Engine Components\IPT;C:\Program Files\Intel\WiFi\bin\;C:\Program Files\Common Files\Intel\WirelessCommon\;C:\Program Files\Java\jdk-12.0.2\bin;C:\Program Files\Microsoft SQL Server\110\Tools\Binn\;C:\Program Files (x86)\Microsoft SQL Server\110\Tools\Binn\;C:\Program Files\Microsoft SQL Server\110\DTS\Binn\;C:\Program Files (x86)\Microsoft SQL Server\110\Tools\Binn\ManagementStudio\;C:\Program Files (x86)\Microsoft Visual Studio 10.0\Common7\IDE\PrivateAssemblies\;C:\Program Files (x86)\Microsoft SQL Server\110\DTS\Binn\;C:\Users\USER\Documents\OpenSSL\OpenSSL-Win64\bin;C:\Program Files\OpenSSL-Win64\bin;C:\Users\USER\Downloads\New folder\New folder\bin;D:\PYTHON\Scripts\;D:\PYTHON\;C:\Users\USER\AppData\Local\Microsoft\WindowsApps;C:\Program Files\Intel\WiFi\bin\;C:\Program Files\Common Files\Intel\WirelessCommon\
USERNAME=USER
OS=Windows_NT
PROCESSOR_IDENTIFIER=Intel64 Family 6 Model 142 Stepping 9, GenuineIntel



---------------  S Y S T E M  ---------------

OS: Windows 10 , 64 bit Build 18362 (10.0.18362.900)

CPU:total 4 (initial active 4) (2 cores per cpu, 2 threads per core) family 6 model 142 stepping 9, cmov, cx8, fxsr, mmx, sse, sse2, sse3, ssse3, sse4.1, sse4.2, popcnt, avx, avx2, aes, clmul, erms, 3dnowpref, lzcnt, ht, tsc, tscinvbit, bmi1, bmi2, adx, fma

Memory: 4k page, system-wide physical 12153M (3619M free)
TotalPageFile size 28176M (AvailPageFile size 12M)
current process WorkingSet (physical memory assigned to process): 62M, peak: 62M
current process commit charge ("private bytes"): 90M, peak: 97M

vm_info: Java HotSpot(TM) 64-Bit Server VM (12.0.2+10) for windows-amd64 JRE (12.0.2+10), built on Jul 16 2019 01:56:17 by "mach5one" with MS VC++ 15.5 (VS2017)

END.
