#
# There is insufficient memory for the Java Runtime Environment to continue.
# Native memory allocation (malloc) failed to allocate 32744 bytes for ChunkPool::allocate
# Possible reasons:
#   The system is out of physical RAM or swap space
#   The process is running with CompressedOops enabled, and the Java Heap may be blocking the growth of the native heap
# Possible solutions:
#   Reduce memory load on the system
#   Increase physical memory or swap space
#   Check if swap backing store is full
#   Decrease Java heap size (-Xmx/-Xms)
#   Decrease number of Java threads
#   Decrease Java thread stack sizes (-Xss)
#   Set larger code cache with -XX:ReservedCodeCacheSize=
#   JVM is running with Zero Based Compressed Oops mode in which the Java heap is
#     placed in the first 32GB address space. The Java Heap base address is the
#     maximum limit for the native heap growth. Please use -XX:HeapBaseMinAddress
#     to set the Java Heap base and to place the Java Heap above 32GB virtual address.
# This output file may be truncated or incomplete.
#
#  Out of Memory Error (t:/workspace/open/src/hotspot/share/memory/arena.cpp:81), pid=19332, tid=12536
#
# JRE version: Java(TM) SE Runtime Environment (12.0.2+10) (build 12.0.2+10)
# Java VM: Java HotSpot(TM) 64-Bit Server VM (12.0.2+10, mixed mode, sharing, tiered, compressed oops, g1 gc, windows-amd64)
# No core dump will be written. Minidumps are not enabled by default on client versions of Windows
#

---------------  S U M M A R Y ------------

Command Line: -Dfile.encoding=UTF-8 -Djava.security.policy=applet.policy ktdh.View2

Host: Intel(R) Core(TM) i7-7500U CPU @ 2.70GHz, 4 cores, 11G,  Windows 10 , 64 bit Build 18362 (10.0.18362.900)
Time: Fri Jul  3 13:02:09 2020 SE Asia Standard Time elapsed time: 3447 seconds (0d 0h 57m 27s)

---------------  T H R E A D  ---------------

Current thread (0x00000231bd4c6800):  JavaThread "C2 CompilerThread0" daemon [_thread_in_native, id=12536, stack(0x000000c304a00000,0x000000c304b00000)]


Current CompileTask:
C2:3447369 1679       4       javax.swing.RepaintManager::currentManager (5 bytes)

Stack: [0x000000c304a00000,0x000000c304b00000]
Native frames: (J=compiled Java code, j=interpreted, Vv=VM code, C=native code)
V  [jvm.dll+0x63aa2a]
V  [jvm.dll+0x78ce1e]
V  [jvm.dll+0x78e4c1]
V  [jvm.dll+0x78eb13]
V  [jvm.dll+0x2627e8]
V  [jvm.dll+0xc57f6]
V  [jvm.dll+0xc5b4c]
V  [jvm.dll+0x61a573]
V  [jvm.dll+0x5cfb30]
V  [jvm.dll+0x5ce77e]
V  [jvm.dll+0x21c0ad]
V  [jvm.dll+0x21b3da]
V  [jvm.dll+0x199a20]
V  [jvm.dll+0x22a744]
V  [jvm.dll+0x228d98]
V  [jvm.dll+0x7512a0]
V  [jvm.dll+0x74a2c8]
V  [jvm.dll+0x639b16]
C  [ucrtbase.dll+0x20e82]
C  [KERNEL32.DLL+0x17bd4]
C  [ntdll.dll+0x6ce51]


---------------  P R O C E S S  ---------------

Threads class SMR info:
_java_thread_list=0x00000231bdcb82d0, length=15, elements={
0x000002319a0fe800, 0x00000231bcba7000, 0x00000231bcba9000, 0x00000231bd4c5000,
0x00000231bcbbc000, 0x00000231bd4c6800, 0x00000231bd4ef800, 0x00000231bd4f1000,
0x00000231bd626800, 0x00000231bd630800, 0x00000231bdad0800, 0x00000231bdae0800,
0x00000231bdba2800, 0x00000231c14de800, 0x00000231c0332800
}

Java Threads: ( => current thread )
  0x000002319a0fe800 JavaThread "main" [_thread_blocked, id=17568, stack(0x000000c303f00000,0x000000c304000000)]
  0x00000231bcba7000 JavaThread "Reference Handler" daemon [_thread_blocked, id=13820, stack(0x000000c304600000,0x000000c304700000)]
  0x00000231bcba9000 JavaThread "Finalizer" daemon [_thread_blocked, id=14728, stack(0x000000c304700000,0x000000c304800000)]
  0x00000231bd4c5000 JavaThread "Signal Dispatcher" daemon [_thread_blocked, id=10208, stack(0x000000c304800000,0x000000c304900000)]
  0x00000231bcbbc000 JavaThread "Attach Listener" daemon [_thread_blocked, id=16848, stack(0x000000c304900000,0x000000c304a00000)]
=>0x00000231bd4c6800 JavaThread "C2 CompilerThread0" daemon [_thread_in_native, id=12536, stack(0x000000c304a00000,0x000000c304b00000)]
  0x00000231bd4ef800 JavaThread "C1 CompilerThread0" daemon [_thread_blocked, id=11716, stack(0x000000c304b00000,0x000000c304c00000)]
  0x00000231bd4f1000 JavaThread "Sweeper thread" daemon [_thread_blocked, id=104, stack(0x000000c304c00000,0x000000c304d00000)]
  0x00000231bd626800 JavaThread "Service Thread" daemon [_thread_blocked, id=2816, stack(0x000000c304d00000,0x000000c304e00000)]
  0x00000231bd630800 JavaThread "Common-Cleaner" daemon [_thread_blocked, id=18172, stack(0x000000c304f00000,0x000000c305000000)]
  0x00000231bdad0800 JavaThread "Java2D Disposer" daemon [_thread_blocked, id=1752, stack(0x000000c305000000,0x000000c305100000)]
  0x00000231bdae0800 JavaThread "AWT-Windows" daemon [_thread_in_native, id=20340, stack(0x000000c305200000,0x000000c305300000)]
  0x00000231bdba2800 JavaThread "Thread-0" [_thread_blocked, id=2372, stack(0x000000c305400000,0x000000c305500000)]
  0x00000231c14de800 JavaThread "AWT-Shutdown" [_thread_blocked, id=11120, stack(0x000000c303c00000,0x000000c303d00000)]
  0x00000231c0332800 JavaThread "AWT-EventQueue-0" [_thread_in_Java, id=7088, stack(0x000000c303d00000,0x000000c303e00000)]

Other Threads:
  0x00000231bcba3800 VMThread "VM Thread" [stack: 0x000000c304500000,0x000000c304600000] [id=7416]
  0x00000231bd627800 WatcherThread [stack: 0x000000c304e00000,0x000000c304f00000] [id=15812]
  0x000002319c20c800 GCTaskThread "GC Thread#0" [stack: 0x000000c304000000,0x000000c304100000] [id=15904]
  0x00000231bdc21000 GCTaskThread "GC Thread#1" [stack: 0x000000c305700000,0x000000c305800000] [id=12340]
  0x00000231bdc22000 GCTaskThread "GC Thread#2" [stack: 0x000000c305800000,0x000000c305900000] [id=9236]
  0x00000231bdd01000 GCTaskThread "GC Thread#3" [stack: 0x000000c305900000,0x000000c305a00000] [id=13728]
  0x000002319c220000 ConcurrentGCThread "G1 Main Marker" [stack: 0x000000c304100000,0x000000c304200000] [id=9896]
  0x000002319c226000 ConcurrentGCThread "G1 Conc#0" [stack: 0x000000c304200000,0x000000c304300000] [id=3172]
  0x000002319c28e000 ConcurrentGCThread "G1 Refine#0" [stack: 0x000000c304300000,0x000000c304400000] [id=12440]
  0x00000231bca21800 ConcurrentGCThread "G1 Young RemSet Sampling" [stack: 0x000000c304400000,0x000000c304500000] [id=12508]

Threads with active compile tasks:
C2 CompilerThread0  1679       4       javax.swing.RepaintManager::currentManager (5 bytes)

VM state:not at safepoint (normal execution)

VM Mutex/Monitor currently owned by a thread: None

Heap address: 0x0000000742000000, size: 3040 MB, Compressed Oops mode: Zero based, Oop shift amount: 3
Narrow klass base: 0x0000000800000000, Narrow klass shift: 3
Compressed class space size: 1073741824 Address: 0x0000000801190000

Heap:
 garbage-first heap   total 194560K, used 96411K [0x0000000742000000, 0x0000000800000000)
  region size 1024K, 87 young (89088K), 1 survivors (1024K)
 Metaspace       used 7496K, capacity 7795K, committed 7936K, reserved 1056768K
  class space    used 778K, capacity 940K, committed 1024K, reserved 1048576K
Heap Regions: E=young(eden), S=young(survivor), O=old, HS=humongous(starts), HC=humongous(continues), CS=collection set, F=free, A=archive, TAMS=top-at-mark-start (previous, next)
|   0|0x0000000742000000, 0x0000000742100000, 0x0000000742100000|100%| O|  |TAMS 0x0000000742000000, 0x0000000742000000| Untracked 
|   1|0x0000000742100000, 0x0000000742200000, 0x0000000742200000|100%| O|  |TAMS 0x0000000742100000, 0x0000000742100000| Untracked 
|   2|0x0000000742200000, 0x000000074220f000, 0x0000000742300000|  5%| O|  |TAMS 0x0000000742200000, 0x0000000742200000| Untracked 
|   3|0x0000000742300000, 0x0000000742300000, 0x0000000742400000|  0%| F|  |TAMS 0x0000000742300000, 0x0000000742300000| Untracked 
|   4|0x0000000742400000, 0x0000000742500000, 0x0000000742500000|100%|HS|  |TAMS 0x0000000742400000, 0x0000000742400000| Complete 
|   5|0x0000000742500000, 0x0000000742600000, 0x0000000742600000|100%|HC|  |TAMS 0x0000000742500000, 0x0000000742500000| Complete 
|   6|0x0000000742600000, 0x0000000742700000, 0x0000000742700000|100%|HC|  |TAMS 0x0000000742600000, 0x0000000742600000| Complete 
|   7|0x0000000742700000, 0x0000000742800000, 0x0000000742800000|100%|HS|  |TAMS 0x0000000742700000, 0x0000000742700000| Complete 
|   8|0x0000000742800000, 0x0000000742900000, 0x0000000742900000|100%|HC|  |TAMS 0x0000000742800000, 0x0000000742800000| Complete 
|   9|0x0000000742900000, 0x0000000742a00000, 0x0000000742a00000|100%|HC|  |TAMS 0x0000000742900000, 0x0000000742900000| Complete 
|  10|0x0000000742a00000, 0x0000000742b00000, 0x0000000742b00000|100%|HC|  |TAMS 0x0000000742a00000, 0x0000000742a00000| Complete 
|  11|0x0000000742b00000, 0x0000000742b00000, 0x0000000742c00000|  0%| F|  |TAMS 0x0000000742b00000, 0x0000000742b00000| Untracked 
|  12|0x0000000742c00000, 0x0000000742c00000, 0x0000000742d00000|  0%| F|  |TAMS 0x0000000742c00000, 0x0000000742c00000| Untracked 
|  13|0x0000000742d00000, 0x0000000742d00000, 0x0000000742e00000|  0%| F|  |TAMS 0x0000000742d00000, 0x0000000742d00000| Untracked 
|  14|0x0000000742e00000, 0x0000000742e00000, 0x0000000742f00000|  0%| F|  |TAMS 0x0000000742e00000, 0x0000000742e00000| Untracked 
|  15|0x0000000742f00000, 0x0000000742f00000, 0x0000000743000000|  0%| F|  |TAMS 0x0000000742f00000, 0x0000000742f00000| Untracked 
|  16|0x0000000743000000, 0x0000000743000000, 0x0000000743100000|  0%| F|  |TAMS 0x0000000743000000, 0x0000000743000000| Untracked 
|  17|0x0000000743100000, 0x0000000743100000, 0x0000000743200000|  0%| F|  |TAMS 0x0000000743100000, 0x0000000743100000| Untracked 
|  18|0x0000000743200000, 0x0000000743200000, 0x0000000743300000|  0%| F|  |TAMS 0x0000000743200000, 0x0000000743200000| Untracked 
|  19|0x0000000743300000, 0x0000000743300000, 0x0000000743400000|  0%| F|  |TAMS 0x0000000743300000, 0x0000000743300000| Untracked 
|  20|0x0000000743400000, 0x0000000743400000, 0x0000000743500000|  0%| F|  |TAMS 0x0000000743400000, 0x0000000743400000| Untracked 
|  21|0x0000000743500000, 0x0000000743500000, 0x0000000743600000|  0%| F|  |TAMS 0x0000000743500000, 0x0000000743500000| Untracked 
|  22|0x0000000743600000, 0x0000000743600000, 0x0000000743700000|  0%| F|  |TAMS 0x0000000743600000, 0x0000000743600000| Untracked 
|  23|0x0000000743700000, 0x0000000743700000, 0x0000000743800000|  0%| F|  |TAMS 0x0000000743700000, 0x0000000743700000| Untracked 
|  24|0x0000000743800000, 0x0000000743800000, 0x0000000743900000|  0%| F|  |TAMS 0x0000000743800000, 0x0000000743800000| Untracked 
|  25|0x0000000743900000, 0x0000000743900000, 0x0000000743a00000|  0%| F|  |TAMS 0x0000000743900000, 0x0000000743900000| Untracked 
|  26|0x0000000743a00000, 0x0000000743a00000, 0x0000000743b00000|  0%| F|  |TAMS 0x0000000743a00000, 0x0000000743a00000| Untracked 
|  27|0x0000000743b00000, 0x0000000743b00000, 0x0000000743c00000|  0%| F|  |TAMS 0x0000000743b00000, 0x0000000743b00000| Untracked 
|  28|0x0000000743c00000, 0x0000000743c00000, 0x0000000743d00000|  0%| F|  |TAMS 0x0000000743c00000, 0x0000000743c00000| Untracked 
|  29|0x0000000743d00000, 0x0000000743d00000, 0x0000000743e00000|  0%| F|  |TAMS 0x0000000743d00000, 0x0000000743d00000| Untracked 
|  30|0x0000000743e00000, 0x0000000743e00000, 0x0000000743f00000|  0%| F|  |TAMS 0x0000000743e00000, 0x0000000743e00000| Untracked 
|  31|0x0000000743f00000, 0x0000000743f00000, 0x0000000744000000|  0%| F|  |TAMS 0x0000000743f00000, 0x0000000743f00000| Untracked 
|  32|0x0000000744000000, 0x0000000744000000, 0x0000000744100000|  0%| F|  |TAMS 0x0000000744000000, 0x0000000744000000| Untracked 
|  33|0x0000000744100000, 0x0000000744100000, 0x0000000744200000|  0%| F|  |TAMS 0x0000000744100000, 0x0000000744100000| Untracked 
|  34|0x0000000744200000, 0x0000000744200000, 0x0000000744300000|  0%| F|  |TAMS 0x0000000744200000, 0x0000000744200000| Untracked 
|  35|0x0000000744300000, 0x0000000744300000, 0x0000000744400000|  0%| F|  |TAMS 0x0000000744300000, 0x0000000744300000| Untracked 
|  36|0x0000000744400000, 0x0000000744400000, 0x0000000744500000|  0%| F|  |TAMS 0x0000000744400000, 0x0000000744400000| Untracked 
|  37|0x0000000744500000, 0x0000000744500000, 0x0000000744600000|  0%| F|  |TAMS 0x0000000744500000, 0x0000000744500000| Untracked 
|  38|0x0000000744600000, 0x0000000744600000, 0x0000000744700000|  0%| F|  |TAMS 0x0000000744600000, 0x0000000744600000| Untracked 
|  39|0x0000000744700000, 0x0000000744700000, 0x0000000744800000|  0%| F|  |TAMS 0x0000000744700000, 0x0000000744700000| Untracked 
|  40|0x0000000744800000, 0x0000000744800000, 0x0000000744900000|  0%| F|  |TAMS 0x0000000744800000, 0x0000000744800000| Untracked 
|  41|0x0000000744900000, 0x0000000744900000, 0x0000000744a00000|  0%| F|  |TAMS 0x0000000744900000, 0x0000000744900000| Untracked 
|  42|0x0000000744a00000, 0x0000000744a00000, 0x0000000744b00000|  0%| F|  |TAMS 0x0000000744a00000, 0x0000000744a00000| Untracked 
|  43|0x0000000744b00000, 0x0000000744b00000, 0x0000000744c00000|  0%| F|  |TAMS 0x0000000744b00000, 0x0000000744b00000| Untracked 
|  44|0x0000000744c00000, 0x0000000744c00000, 0x0000000744d00000|  0%| F|  |TAMS 0x0000000744c00000, 0x0000000744c00000| Untracked 
|  45|0x0000000744d00000, 0x0000000744d00000, 0x0000000744e00000|  0%| F|  |TAMS 0x0000000744d00000, 0x0000000744d00000| Untracked 
|  46|0x0000000744e00000, 0x0000000744e00000, 0x0000000744f00000|  0%| F|  |TAMS 0x0000000744e00000, 0x0000000744e00000| Untracked 
|  47|0x0000000744f00000, 0x0000000744f00000, 0x0000000745000000|  0%| F|  |TAMS 0x0000000744f00000, 0x0000000744f00000| Untracked 
|  48|0x0000000745000000, 0x0000000745000000, 0x0000000745100000|  0%| F|  |TAMS 0x0000000745000000, 0x0000000745000000| Untracked 
|  49|0x0000000745100000, 0x0000000745100000, 0x0000000745200000|  0%| F|  |TAMS 0x0000000745100000, 0x0000000745100000| Untracked 
|  50|0x0000000745200000, 0x0000000745200000, 0x0000000745300000|  0%| F|  |TAMS 0x0000000745200000, 0x0000000745200000| Untracked 
|  51|0x0000000745300000, 0x0000000745300000, 0x0000000745400000|  0%| F|  |TAMS 0x0000000745300000, 0x0000000745300000| Untracked 
|  52|0x0000000745400000, 0x0000000745400000, 0x0000000745500000|  0%| F|  |TAMS 0x0000000745400000, 0x0000000745400000| Untracked 
|  53|0x0000000745500000, 0x0000000745500000, 0x0000000745600000|  0%| F|  |TAMS 0x0000000745500000, 0x0000000745500000| Untracked 
|  54|0x0000000745600000, 0x0000000745600000, 0x0000000745700000|  0%| F|  |TAMS 0x0000000745600000, 0x0000000745600000| Untracked 
|  55|0x0000000745700000, 0x0000000745700000, 0x0000000745800000|  0%| F|  |TAMS 0x0000000745700000, 0x0000000745700000| Untracked 
|  56|0x0000000745800000, 0x0000000745800000, 0x0000000745900000|  0%| F|  |TAMS 0x0000000745800000, 0x0000000745800000| Untracked 
|  57|0x0000000745900000, 0x0000000745900000, 0x0000000745a00000|  0%| F|  |TAMS 0x0000000745900000, 0x0000000745900000| Untracked 
|  58|0x0000000745a00000, 0x0000000745a00000, 0x0000000745b00000|  0%| F|  |TAMS 0x0000000745a00000, 0x0000000745a00000| Untracked 
|  59|0x0000000745b00000, 0x0000000745b00000, 0x0000000745c00000|  0%| F|  |TAMS 0x0000000745b00000, 0x0000000745b00000| Untracked 
|  60|0x0000000745c00000, 0x0000000745c00000, 0x0000000745d00000|  0%| F|  |TAMS 0x0000000745c00000, 0x0000000745c00000| Untracked 
|  61|0x0000000745d00000, 0x0000000745d00000, 0x0000000745e00000|  0%| F|  |TAMS 0x0000000745d00000, 0x0000000745d00000| Untracked 
|  62|0x0000000745e00000, 0x0000000745e00000, 0x0000000745f00000|  0%| F|  |TAMS 0x0000000745e00000, 0x0000000745e00000| Untracked 
|  63|0x0000000745f00000, 0x0000000745f00000, 0x0000000746000000|  0%| F|  |TAMS 0x0000000745f00000, 0x0000000745f00000| Untracked 
|  64|0x0000000746000000, 0x0000000746000000, 0x0000000746100000|  0%| F|  |TAMS 0x0000000746000000, 0x0000000746000000| Untracked 
|  65|0x0000000746100000, 0x0000000746100000, 0x0000000746200000|  0%| F|  |TAMS 0x0000000746100000, 0x0000000746100000| Untracked 
|  66|0x0000000746200000, 0x0000000746200000, 0x0000000746300000|  0%| F|  |TAMS 0x0000000746200000, 0x0000000746200000| Untracked 
|  67|0x0000000746300000, 0x0000000746300000, 0x0000000746400000|  0%| F|  |TAMS 0x0000000746300000, 0x0000000746300000| Untracked 
|  68|0x0000000746400000, 0x0000000746400000, 0x0000000746500000|  0%| F|  |TAMS 0x0000000746400000, 0x0000000746400000| Untracked 
|  69|0x0000000746500000, 0x0000000746500000, 0x0000000746600000|  0%| F|  |TAMS 0x0000000746500000, 0x0000000746500000| Untracked 
|  70|0x0000000746600000, 0x0000000746600000, 0x0000000746700000|  0%| F|  |TAMS 0x0000000746600000, 0x0000000746600000| Untracked 
|  71|0x0000000746700000, 0x0000000746700000, 0x0000000746800000|  0%| F|  |TAMS 0x0000000746700000, 0x0000000746700000| Untracked 
|  72|0x0000000746800000, 0x0000000746800000, 0x0000000746900000|  0%| F|  |TAMS 0x0000000746800000, 0x0000000746800000| Untracked 
|  73|0x0000000746900000, 0x0000000746900000, 0x0000000746a00000|  0%| F|  |TAMS 0x0000000746900000, 0x0000000746900000| Untracked 
|  74|0x0000000746a00000, 0x0000000746a00000, 0x0000000746b00000|  0%| F|  |TAMS 0x0000000746a00000, 0x0000000746a00000| Untracked 
|  75|0x0000000746b00000, 0x0000000746b00000, 0x0000000746c00000|  0%| F|  |TAMS 0x0000000746b00000, 0x0000000746b00000| Untracked 
|  76|0x0000000746c00000, 0x0000000746c17ee0, 0x0000000746d00000|  9%| S|CS|TAMS 0x0000000746c00000, 0x0000000746c00000| Complete 
|  77|0x0000000746d00000, 0x0000000746d00000, 0x0000000746e00000|  0%| F|  |TAMS 0x0000000746d00000, 0x0000000746d00000| Untracked 
|  78|0x0000000746e00000, 0x0000000746e00000, 0x0000000746f00000|  0%| F|  |TAMS 0x0000000746e00000, 0x0000000746e00000| Untracked 
|  79|0x0000000746f00000, 0x0000000746f00000, 0x0000000747000000|  0%| F|  |TAMS 0x0000000746f00000, 0x0000000746f00000| Untracked 
|  80|0x0000000747000000, 0x0000000747000000, 0x0000000747100000|  0%| F|  |TAMS 0x0000000747000000, 0x0000000747000000| Untracked 
|  81|0x0000000747100000, 0x0000000747100000, 0x0000000747200000|  0%| F|  |TAMS 0x0000000747100000, 0x0000000747100000| Untracked 
|  82|0x0000000747200000, 0x0000000747200000, 0x0000000747300000|  0%| F|  |TAMS 0x0000000747200000, 0x0000000747200000| Untracked 
|  83|0x0000000747300000, 0x0000000747300000, 0x0000000747400000|  0%| F|  |TAMS 0x0000000747300000, 0x0000000747300000| Untracked 
|  84|0x0000000747400000, 0x0000000747400000, 0x0000000747500000|  0%| F|  |TAMS 0x0000000747400000, 0x0000000747400000| Untracked 
|  85|0x0000000747500000, 0x0000000747500000, 0x0000000747600000|  0%| F|  |TAMS 0x0000000747500000, 0x0000000747500000| Untracked 
|  86|0x0000000747600000, 0x0000000747600000, 0x0000000747700000|  0%| F|  |TAMS 0x0000000747600000, 0x0000000747600000| Untracked 
|  87|0x0000000747700000, 0x0000000747700000, 0x0000000747800000|  0%| F|  |TAMS 0x0000000747700000, 0x0000000747700000| Untracked 
|  88|0x0000000747800000, 0x0000000747800000, 0x0000000747900000|  0%| F|  |TAMS 0x0000000747800000, 0x0000000747800000| Untracked 
|  89|0x0000000747900000, 0x0000000747900000, 0x0000000747a00000|  0%| F|  |TAMS 0x0000000747900000, 0x0000000747900000| Untracked 
|  90|0x0000000747a00000, 0x0000000747a00000, 0x0000000747b00000|  0%| F|  |TAMS 0x0000000747a00000, 0x0000000747a00000| Untracked 
|  91|0x0000000747b00000, 0x0000000747b00000, 0x0000000747c00000|  0%| F|  |TAMS 0x0000000747b00000, 0x0000000747b00000| Untracked 
|  92|0x0000000747c00000, 0x0000000747c00000, 0x0000000747d00000|  0%| F|  |TAMS 0x0000000747c00000, 0x0000000747c00000| Untracked 
|  93|0x0000000747d00000, 0x0000000747d00000, 0x0000000747e00000|  0%| F|  |TAMS 0x0000000747d00000, 0x0000000747d00000| Untracked 
|  94|0x0000000747e00000, 0x0000000747e00000, 0x0000000747f00000|  0%| F|  |TAMS 0x0000000747e00000, 0x0000000747e00000| Untracked 
|  95|0x0000000747f00000, 0x0000000747f00000, 0x0000000748000000|  0%| F|  |TAMS 0x0000000747f00000, 0x0000000747f00000| Untracked 
|  96|0x0000000748000000, 0x0000000748000000, 0x0000000748100000|  0%| F|  |TAMS 0x0000000748000000, 0x0000000748000000| Untracked 
|  97|0x0000000748100000, 0x0000000748100000, 0x0000000748200000|  0%| F|  |TAMS 0x0000000748100000, 0x0000000748100000| Untracked 
|  98|0x0000000748200000, 0x0000000748200000, 0x0000000748300000|  0%| F|  |TAMS 0x0000000748200000, 0x0000000748200000| Untracked 
|  99|0x0000000748300000, 0x0000000748300000, 0x0000000748400000|  0%| F|  |TAMS 0x0000000748300000, 0x0000000748300000| Untracked 
| 100|0x0000000748400000, 0x0000000748400000, 0x0000000748500000|  0%| F|  |TAMS 0x0000000748400000, 0x0000000748400000| Untracked 
| 101|0x0000000748500000, 0x0000000748500000, 0x0000000748600000|  0%| F|  |TAMS 0x0000000748500000, 0x0000000748500000| Untracked 
| 102|0x0000000748600000, 0x0000000748600000, 0x0000000748700000|  0%| F|  |TAMS 0x0000000748600000, 0x0000000748600000| Untracked 
| 103|0x0000000748700000, 0x0000000748700000, 0x0000000748800000|  0%| F|  |TAMS 0x0000000748700000, 0x0000000748700000| Untracked 
| 104|0x0000000748800000, 0x00000007488e6b10, 0x0000000748900000| 90%| E|  |TAMS 0x0000000748800000, 0x0000000748800000| Complete 
| 105|0x0000000748900000, 0x0000000748a00000, 0x0000000748a00000|100%| E|CS|TAMS 0x0000000748900000, 0x0000000748900000| Complete 
| 106|0x0000000748a00000, 0x0000000748b00000, 0x0000000748b00000|100%| E|CS|TAMS 0x0000000748a00000, 0x0000000748a00000| Complete 
| 107|0x0000000748b00000, 0x0000000748c00000, 0x0000000748c00000|100%| E|CS|TAMS 0x0000000748b00000, 0x0000000748b00000| Complete 
| 108|0x0000000748c00000, 0x0000000748d00000, 0x0000000748d00000|100%| E|CS|TAMS 0x0000000748c00000, 0x0000000748c00000| Complete 
| 109|0x0000000748d00000, 0x0000000748e00000, 0x0000000748e00000|100%| E|CS|TAMS 0x0000000748d00000, 0x0000000748d00000| Complete 
| 110|0x0000000748e00000, 0x0000000748f00000, 0x0000000748f00000|100%| E|CS|TAMS 0x0000000748e00000, 0x0000000748e00000| Complete 
| 111|0x0000000748f00000, 0x0000000749000000, 0x0000000749000000|100%| E|CS|TAMS 0x0000000748f00000, 0x0000000748f00000| Complete 
| 112|0x0000000749000000, 0x0000000749100000, 0x0000000749100000|100%| E|CS|TAMS 0x0000000749000000, 0x0000000749000000| Complete 
| 113|0x0000000749100000, 0x0000000749200000, 0x0000000749200000|100%| E|CS|TAMS 0x0000000749100000, 0x0000000749100000| Complete 
| 114|0x0000000749200000, 0x0000000749300000, 0x0000000749300000|100%| E|CS|TAMS 0x0000000749200000, 0x0000000749200000| Complete 
| 115|0x0000000749300000, 0x0000000749400000, 0x0000000749400000|100%| E|CS|TAMS 0x0000000749300000, 0x0000000749300000| Complete 
| 116|0x0000000749400000, 0x0000000749500000, 0x0000000749500000|100%| E|CS|TAMS 0x0000000749400000, 0x0000000749400000| Complete 
| 117|0x0000000749500000, 0x0000000749600000, 0x0000000749600000|100%| E|CS|TAMS 0x0000000749500000, 0x0000000749500000| Complete 
| 118|0x0000000749600000, 0x0000000749700000, 0x0000000749700000|100%| E|CS|TAMS 0x0000000749600000, 0x0000000749600000| Complete 
| 119|0x0000000749700000, 0x0000000749800000, 0x0000000749800000|100%| E|CS|TAMS 0x0000000749700000, 0x0000000749700000| Complete 
| 120|0x0000000749800000, 0x0000000749900000, 0x0000000749900000|100%| E|CS|TAMS 0x0000000749800000, 0x0000000749800000| Complete 
| 121|0x0000000749900000, 0x0000000749a00000, 0x0000000749a00000|100%| E|CS|TAMS 0x0000000749900000, 0x0000000749900000| Complete 
| 122|0x0000000749a00000, 0x0000000749b00000, 0x0000000749b00000|100%| E|CS|TAMS 0x0000000749a00000, 0x0000000749a00000| Complete 
| 123|0x0000000749b00000, 0x0000000749c00000, 0x0000000749c00000|100%| E|CS|TAMS 0x0000000749b00000, 0x0000000749b00000| Complete 
| 124|0x0000000749c00000, 0x0000000749d00000, 0x0000000749d00000|100%| E|CS|TAMS 0x0000000749c00000, 0x0000000749c00000| Complete 
| 125|0x0000000749d00000, 0x0000000749e00000, 0x0000000749e00000|100%| E|CS|TAMS 0x0000000749d00000, 0x0000000749d00000| Complete 
| 126|0x0000000749e00000, 0x0000000749f00000, 0x0000000749f00000|100%| E|CS|TAMS 0x0000000749e00000, 0x0000000749e00000| Complete 
| 127|0x0000000749f00000, 0x000000074a000000, 0x000000074a000000|100%| E|CS|TAMS 0x0000000749f00000, 0x0000000749f00000| Complete 
| 128|0x000000074a000000, 0x000000074a100000, 0x000000074a100000|100%| E|CS|TAMS 0x000000074a000000, 0x000000074a000000| Complete 
| 129|0x000000074a100000, 0x000000074a200000, 0x000000074a200000|100%| E|CS|TAMS 0x000000074a100000, 0x000000074a100000| Complete 
| 130|0x000000074a200000, 0x000000074a300000, 0x000000074a300000|100%| E|CS|TAMS 0x000000074a200000, 0x000000074a200000| Complete 
| 131|0x000000074a300000, 0x000000074a400000, 0x000000074a400000|100%| E|CS|TAMS 0x000000074a300000, 0x000000074a300000| Complete 
| 132|0x000000074a400000, 0x000000074a500000, 0x000000074a500000|100%| E|CS|TAMS 0x000000074a400000, 0x000000074a400000| Complete 
| 133|0x000000074a500000, 0x000000074a600000, 0x000000074a600000|100%| E|CS|TAMS 0x000000074a500000, 0x000000074a500000| Complete 
| 134|0x000000074a600000, 0x000000074a700000, 0x000000074a700000|100%| E|CS|TAMS 0x000000074a600000, 0x000000074a600000| Complete 
| 135|0x000000074a700000, 0x000000074a800000, 0x000000074a800000|100%| E|CS|TAMS 0x000000074a700000, 0x000000074a700000| Complete 
| 136|0x000000074a800000, 0x000000074a900000, 0x000000074a900000|100%| E|CS|TAMS 0x000000074a800000, 0x000000074a800000| Complete 
| 137|0x000000074a900000, 0x000000074aa00000, 0x000000074aa00000|100%| E|CS|TAMS 0x000000074a900000, 0x000000074a900000| Complete 
| 138|0x000000074aa00000, 0x000000074ab00000, 0x000000074ab00000|100%| E|CS|TAMS 0x000000074aa00000, 0x000000074aa00000| Complete 
| 139|0x000000074ab00000, 0x000000074ac00000, 0x000000074ac00000|100%| E|CS|TAMS 0x000000074ab00000, 0x000000074ab00000| Complete 
| 140|0x000000074ac00000, 0x000000074ad00000, 0x000000074ad00000|100%| E|CS|TAMS 0x000000074ac00000, 0x000000074ac00000| Complete 
| 141|0x000000074ad00000, 0x000000074ae00000, 0x000000074ae00000|100%| E|CS|TAMS 0x000000074ad00000, 0x000000074ad00000| Complete 
| 142|0x000000074ae00000, 0x000000074af00000, 0x000000074af00000|100%| E|CS|TAMS 0x000000074ae00000, 0x000000074ae00000| Complete 
| 143|0x000000074af00000, 0x000000074b000000, 0x000000074b000000|100%| E|CS|TAMS 0x000000074af00000, 0x000000074af00000| Complete 
| 144|0x000000074b000000, 0x000000074b100000, 0x000000074b100000|100%| E|CS|TAMS 0x000000074b000000, 0x000000074b000000| Complete 
| 145|0x000000074b100000, 0x000000074b200000, 0x000000074b200000|100%| E|CS|TAMS 0x000000074b100000, 0x000000074b100000| Complete 
| 146|0x000000074b200000, 0x000000074b300000, 0x000000074b300000|100%| E|CS|TAMS 0x000000074b200000, 0x000000074b200000| Complete 
| 147|0x000000074b300000, 0x000000074b400000, 0x000000074b400000|100%| E|CS|TAMS 0x000000074b300000, 0x000000074b300000| Complete 
| 148|0x000000074b400000, 0x000000074b500000, 0x000000074b500000|100%| E|CS|TAMS 0x000000074b400000, 0x000000074b400000| Complete 
| 149|0x000000074b500000, 0x000000074b600000, 0x000000074b600000|100%| E|CS|TAMS 0x000000074b500000, 0x000000074b500000| Complete 
| 150|0x000000074b600000, 0x000000074b700000, 0x000000074b700000|100%| E|CS|TAMS 0x000000074b600000, 0x000000074b600000| Complete 
| 151|0x000000074b700000, 0x000000074b800000, 0x000000074b800000|100%| E|CS|TAMS 0x000000074b700000, 0x000000074b700000| Complete 
| 152|0x000000074b800000, 0x000000074b900000, 0x000000074b900000|100%| E|CS|TAMS 0x000000074b800000, 0x000000074b800000| Complete 
| 153|0x000000074b900000, 0x000000074ba00000, 0x000000074ba00000|100%| E|CS|TAMS 0x000000074b900000, 0x000000074b900000| Complete 
| 154|0x000000074ba00000, 0x000000074bb00000, 0x000000074bb00000|100%| E|CS|TAMS 0x000000074ba00000, 0x000000074ba00000| Complete 
| 155|0x000000074bb00000, 0x000000074bc00000, 0x000000074bc00000|100%| E|CS|TAMS 0x000000074bb00000, 0x000000074bb00000| Complete 
| 156|0x000000074bc00000, 0x000000074bd00000, 0x000000074bd00000|100%| E|CS|TAMS 0x000000074bc00000, 0x000000074bc00000| Complete 
| 157|0x000000074bd00000, 0x000000074be00000, 0x000000074be00000|100%| E|CS|TAMS 0x000000074bd00000, 0x000000074bd00000| Complete 
| 158|0x000000074be00000, 0x000000074bf00000, 0x000000074bf00000|100%| E|CS|TAMS 0x000000074be00000, 0x000000074be00000| Complete 
| 159|0x000000074bf00000, 0x000000074c000000, 0x000000074c000000|100%| E|CS|TAMS 0x000000074bf00000, 0x000000074bf00000| Complete 
| 160|0x000000074c000000, 0x000000074c100000, 0x000000074c100000|100%| E|CS|TAMS 0x000000074c000000, 0x000000074c000000| Complete 
| 161|0x000000074c100000, 0x000000074c200000, 0x000000074c200000|100%| E|CS|TAMS 0x000000074c100000, 0x000000074c100000| Complete 
| 162|0x000000074c200000, 0x000000074c300000, 0x000000074c300000|100%| E|CS|TAMS 0x000000074c200000, 0x000000074c200000| Complete 
| 163|0x000000074c300000, 0x000000074c400000, 0x000000074c400000|100%| E|CS|TAMS 0x000000074c300000, 0x000000074c300000| Complete 
| 164|0x000000074c400000, 0x000000074c500000, 0x000000074c500000|100%| E|CS|TAMS 0x000000074c400000, 0x000000074c400000| Complete 
| 165|0x000000074c500000, 0x000000074c600000, 0x000000074c600000|100%| E|CS|TAMS 0x000000074c500000, 0x000000074c500000| Complete 
| 166|0x000000074c600000, 0x000000074c700000, 0x000000074c700000|100%| E|CS|TAMS 0x000000074c600000, 0x000000074c600000| Complete 
| 167|0x000000074c700000, 0x000000074c800000, 0x000000074c800000|100%| E|CS|TAMS 0x000000074c700000, 0x000000074c700000| Complete 
| 168|0x000000074c800000, 0x000000074c900000, 0x000000074c900000|100%| E|CS|TAMS 0x000000074c800000, 0x000000074c800000| Complete 
| 169|0x000000074c900000, 0x000000074ca00000, 0x000000074ca00000|100%| E|CS|TAMS 0x000000074c900000, 0x000000074c900000| Complete 
| 170|0x000000074ca00000, 0x000000074cb00000, 0x000000074cb00000|100%| E|CS|TAMS 0x000000074ca00000, 0x000000074ca00000| Complete 
| 171|0x000000074cb00000, 0x000000074cc00000, 0x000000074cc00000|100%| E|CS|TAMS 0x000000074cb00000, 0x000000074cb00000| Complete 
| 172|0x000000074cc00000, 0x000000074cd00000, 0x000000074cd00000|100%| E|CS|TAMS 0x000000074cc00000, 0x000000074cc00000| Complete 
| 173|0x000000074cd00000, 0x000000074ce00000, 0x000000074ce00000|100%| E|CS|TAMS 0x000000074cd00000, 0x000000074cd00000| Complete 
| 174|0x000000074ce00000, 0x000000074cf00000, 0x000000074cf00000|100%| E|CS|TAMS 0x000000074ce00000, 0x000000074ce00000| Complete 
| 175|0x000000074cf00000, 0x000000074d000000, 0x000000074d000000|100%| E|CS|TAMS 0x000000074cf00000, 0x000000074cf00000| Complete 
| 176|0x000000074d000000, 0x000000074d100000, 0x000000074d100000|100%| E|CS|TAMS 0x000000074d000000, 0x000000074d000000| Complete 
| 177|0x000000074d100000, 0x000000074d200000, 0x000000074d200000|100%| E|CS|TAMS 0x000000074d100000, 0x000000074d100000| Complete 
| 178|0x000000074d200000, 0x000000074d300000, 0x000000074d300000|100%| E|CS|TAMS 0x000000074d200000, 0x000000074d200000| Complete 
| 179|0x000000074d300000, 0x000000074d400000, 0x000000074d400000|100%| E|CS|TAMS 0x000000074d300000, 0x000000074d300000| Complete 
| 180|0x000000074d400000, 0x000000074d500000, 0x000000074d500000|100%| E|CS|TAMS 0x000000074d400000, 0x000000074d400000| Complete 
| 181|0x000000074d500000, 0x000000074d600000, 0x000000074d600000|100%| E|CS|TAMS 0x000000074d500000, 0x000000074d500000| Complete 
| 182|0x000000074d600000, 0x000000074d700000, 0x000000074d700000|100%| E|CS|TAMS 0x000000074d600000, 0x000000074d600000| Complete 
| 183|0x000000074d700000, 0x000000074d800000, 0x000000074d800000|100%| E|CS|TAMS 0x000000074d700000, 0x000000074d700000| Complete 
| 184|0x000000074d800000, 0x000000074d900000, 0x000000074d900000|100%| E|CS|TAMS 0x000000074d800000, 0x000000074d800000| Complete 
| 185|0x000000074d900000, 0x000000074da00000, 0x000000074da00000|100%| E|CS|TAMS 0x000000074d900000, 0x000000074d900000| Complete 
| 186|0x000000074da00000, 0x000000074db00000, 0x000000074db00000|100%| E|CS|TAMS 0x000000074da00000, 0x000000074da00000| Complete 
| 187|0x000000074db00000, 0x000000074dc00000, 0x000000074dc00000|100%| E|CS|TAMS 0x000000074db00000, 0x000000074db00000| Complete 
| 188|0x000000074dc00000, 0x000000074dd00000, 0x000000074dd00000|100%| E|CS|TAMS 0x000000074dc00000, 0x000000074dc00000| Complete 
| 189|0x000000074dd00000, 0x000000074de00000, 0x000000074de00000|100%| E|CS|TAMS 0x000000074dd00000, 0x000000074dd00000| Complete 

Card table byte_map: [0x00000231b3bb0000,0x00000231b41a0000] _byte_map_base: 0x00000231b01a0000

Marking Bits (Prev, Next): (CMBitMap*) 0x000002319c20d498, (CMBitMap*) 0x000002319c20d4d8
 Prev Bits: [0x00000231b4790000, 0x00000231b7710000)
 Next Bits: [0x00000231b7710000, 0x00000231ba690000)

Polling page: 0x000002319a360000

Metaspace:

Usage:
  Non-class:      6.69 MB capacity,     6.56 MB ( 98%) used,   112.02 KB (  2%) free+waste,    25.31 KB ( <1%) overhead. 
      Class:    940.00 KB capacity,   778.79 KB ( 83%) used,   145.90 KB ( 16%) free+waste,    15.31 KB (  2%) overhead. 
       Both:      7.61 MB capacity,     7.32 MB ( 96%) used,   257.91 KB (  3%) free+waste,    40.63 KB ( <1%) overhead. 

Virtual space:
  Non-class space:        8.00 MB reserved,       6.75 MB ( 84%) committed 
      Class space:        1.00 GB reserved,       1.00 MB ( <1%) committed 
             Both:        1.01 GB reserved,       7.75 MB ( <1%) committed 

Chunk freelists:
   Non-Class:  7.13 KB
       Class:  2.50 KB
        Both:  9.63 KB

CodeHeap 'non-profiled nmethods': size=120064Kb used=1072Kb max_used=1072Kb free=118991Kb
 bounds [0x00000231ac080000, 0x00000231ac2f0000, 0x00000231b35c0000]
CodeHeap 'profiled nmethods': size=120000Kb used=3220Kb max_used=3220Kb free=116780Kb
 bounds [0x00000231a4b50000, 0x00000231a4e80000, 0x00000231ac080000]
CodeHeap 'non-nmethods': size=5696Kb used=1210Kb max_used=1300Kb free=4486Kb
 bounds [0x00000231a45c0000, 0x00000231a4830000, 0x00000231a4b50000]
 total_blobs=2701 nmethods=1678 adapters=471
 compilation: enabled
              stopped_count=0, restarted_count=0
 full_count=0

Compilation events (10 events):
Event: 1034.374 Thread 0x00000231bd4ef800 nmethod 1674 0x00000231a4e73090 code [0x00000231a4e73260, 0x00000231a4e73578]
Event: 1259.496 Thread 0x00000231bd4c6800 1675 % !   4       ktdh.View2::MoveFlow @ 0 (193 bytes)
Event: 1259.533 Thread 0x00000231bd4c6800 nmethod 1675% 0x00000231ac18b390 code [0x00000231ac18b5a0, 0x00000231ac18bc60]
Event: 2580.865 Thread 0x00000231bd4ef800 1676       3       java.lang.ref.ReferenceQueue::reallyPoll (65 bytes)
Event: 2580.865 Thread 0x00000231bd4ef800 nmethod 1676 0x00000231a4e73690 code [0x00000231a4e73880, 0x00000231a4e73e38]
Event: 3446.800 Thread 0x00000231bd4ef800 1677       3       java.security.AccessController::doPrivileged (9 bytes)
Event: 3446.800 Thread 0x00000231bd4ef800 nmethod 1677 0x00000231a4e73f10 code [0x00000231a4e74100, 0x00000231a4e744a0]
Event: 3447.191 Thread 0x00000231bd4ef800 1678       3       java.util.ArrayList::newCapacity (65 bytes)
Event: 3447.192 Thread 0x00000231bd4ef800 nmethod 1678 0x00000231a4e74610 code [0x00000231a4e74820, 0x00000231a4e74e40]
Event: 3447.366 Thread 0x00000231bd4c6800 1679       4       javax.swing.RepaintManager::currentManager (5 bytes)

GC Heap History (10 events):
Event: 17.032 GC heap before
{Heap before GC invocations=12 (full 0):
 garbage-first heap   total 194560K, used 123812K [0x0000000742000000, 0x0000000800000000)
  region size 1024K, 114 young (116736K), 2 survivors (2048K)
 Metaspace       used 7461K, capacity 7793K, committed 7936K, reserved 1056768K
  class space    used 774K, capacity 939K, committed 1024K, reserved 1048576K
}
Event: 17.035 GC heap after
{Heap after GC invocations=13 (full 0):
 garbage-first heap   total 194560K, used 9216K [0x0000000742000000, 0x0000000800000000)
  region size 1024K, 2 young (2048K), 2 survivors (2048K)
 Metaspace       used 7461K, capacity 7793K, committed 7936K, reserved 1056768K
  class space    used 774K, capacity 939K, committed 1024K, reserved 1048576K
}
Event: 18.346 GC heap before
{Heap before GC invocations=13 (full 0):
 garbage-first heap   total 194560K, used 123904K [0x0000000742000000, 0x0000000800000000)
  region size 1024K, 114 young (116736K), 2 survivors (2048K)
 Metaspace       used 7461K, capacity 7793K, committed 7936K, reserved 1056768K
  class space    used 774K, capacity 939K, committed 1024K, reserved 1048576K
}
Event: 18.349 GC heap after
{Heap after GC invocations=14 (full 0):
 garbage-first heap   total 194560K, used 9216K [0x0000000742000000, 0x0000000800000000)
  region size 1024K, 2 young (2048K), 2 survivors (2048K)
 Metaspace       used 7461K, capacity 7793K, committed 7936K, reserved 1056768K
  class space    used 774K, capacity 939K, committed 1024K, reserved 1048576K
}
Event: 19.693 GC heap before
{Heap before GC invocations=14 (full 0):
 garbage-first heap   total 194560K, used 123904K [0x0000000742000000, 0x0000000800000000)
  region size 1024K, 114 young (116736K), 2 survivors (2048K)
 Metaspace       used 7461K, capacity 7793K, committed 7936K, reserved 1056768K
  class space    used 774K, capacity 939K, committed 1024K, reserved 1048576K
}
Event: 19.695 GC heap after
{Heap after GC invocations=15 (full 0):
 garbage-first heap   total 194560K, used 9182K [0x0000000742000000, 0x0000000800000000)
  region size 1024K, 2 young (2048K), 2 survivors (2048K)
 Metaspace       used 7461K, capacity 7793K, committed 7936K, reserved 1056768K
  class space    used 774K, capacity 939K, committed 1024K, reserved 1048576K
}
Event: 21.029 GC heap before
{Heap before GC invocations=15 (full 0):
 garbage-first heap   total 194560K, used 123870K [0x0000000742000000, 0x0000000800000000)
  region size 1024K, 115 young (117760K), 2 survivors (2048K)
 Metaspace       used 7461K, capacity 7793K, committed 7936K, reserved 1056768K
  class space    used 774K, capacity 939K, committed 1024K, reserved 1048576K
}
Event: 21.031 GC heap after
{Heap after GC invocations=16 (full 0):
 garbage-first heap   total 194560K, used 9438K [0x0000000742000000, 0x0000000800000000)
  region size 1024K, 1 young (1024K), 1 survivors (1024K)
 Metaspace       used 7461K, capacity 7793K, committed 7936K, reserved 1056768K
  class space    used 774K, capacity 939K, committed 1024K, reserved 1048576K
}
Event: 22.532 GC heap before
{Heap before GC invocations=16 (full 0):
 garbage-first heap   total 194560K, used 125150K [0x0000000742000000, 0x0000000800000000)
  region size 1024K, 114 young (116736K), 1 survivors (1024K)
 Metaspace       used 7463K, capacity 7793K, committed 7936K, reserved 1056768K
  class space    used 774K, capacity 939K, committed 1024K, reserved 1048576K
}
Event: 22.533 GC heap after
{Heap after GC invocations=17 (full 0):
 garbage-first heap   total 194560K, used 9371K [0x0000000742000000, 0x0000000800000000)
  region size 1024K, 1 young (1024K), 1 survivors (1024K)
 Metaspace       used 7463K, capacity 7793K, committed 7936K, reserved 1056768K
  class space    used 774K, capacity 939K, committed 1024K, reserved 1048576K
}

Deoptimization events (10 events):
Event: 1.795 Thread 0x00000231bdb70000 Uncommon trap: reason=class_check action=maybe_recompile pc=0x00000231ac0b3594 method=sun.java2d.SunGraphics2D.drawLine(IIII)V @ 10 c2
Event: 6.316 Thread 0x00000231bdb70000 Uncommon trap: reason=profile_predicate action=maybe_recompile pc=0x00000231ac102104 method=sun.java2d.pipe.ShapeSpanIterator.appendPath(Ljava/awt/geom/PathIterator;)V @ 21 c2
Event: 6.318 Thread 0x00000231bdb70000 Uncommon trap: reason=profile_predicate action=maybe_recompile pc=0x00000231ac102104 method=sun.java2d.pipe.ShapeSpanIterator.appendPath(Ljava/awt/geom/PathIterator;)V @ 21 c2
Event: 6.318 Thread 0x00000231bdb70000 Uncommon trap: reason=profile_predicate action=maybe_recompile pc=0x00000231ac102104 method=sun.java2d.pipe.ShapeSpanIterator.appendPath(Ljava/awt/geom/PathIterator;)V @ 21 c2
Event: 6.318 Thread 0x00000231bdb70000 Uncommon trap: reason=profile_predicate action=maybe_recompile pc=0x00000231ac102104 method=sun.java2d.pipe.ShapeSpanIterator.appendPath(Ljava/awt/geom/PathIterator;)V @ 21 c2
Event: 23.602 Thread 0x00000231bdb70000 Uncommon trap: reason=unstable_if action=reinterpret pc=0x00000231ac1330e0 method=java.awt.Component.firePropertyChange(Ljava/lang/String;Ljava/lang/Object;Ljava/lang/Object;)V @ 38 c2
Event: 23.602 Thread 0x00000231bdb70000 Uncommon trap: reason=unstable_if action=reinterpret pc=0x00000231ac0eaf4c method=javax.swing.JComponent.getClientProperty(Ljava/lang/Object;)Ljava/lang/Object; @ 28 c2
Event: 23.604 Thread 0x00000231bdb70000 Uncommon trap: reason=unstable_if action=reinterpret pc=0x00000231ac17ce84 method=java.util.IdentityHashMap.isEmpty()Z @ 4 c2
Event: 24.744 Thread 0x00000231bdb70000 Uncommon trap: reason=unstable_if action=reinterpret pc=0x00000231ac153668 method=java.util.concurrent.locks.ReentrantLock$Sync.tryRelease(I)Z @ 28 c2
Event: 3446.801 Thread 0x00000231bdae0800 Uncommon trap: reason=unstable_if action=reinterpret pc=0x00000231ac14e404 method=java.util.concurrent.locks.ReentrantLock$Sync.tryRelease(I)Z @ 28 c2

Classes redefined (0 events):
No events

Internal exceptions (10 events):
Event: 0.306 Thread 0x00000231bdae0800 Exception <a 'java/lang/NoSuchMethodError'{0x000000074db94c88}: java.lang.invoke.DirectMethodHandle$Holder.invokeSpecial(Ljava/lang/Object;Ljava/lang/Object;)V> (0x000000074db94c88) thrown at [t:/workspace/open/src/hotspot/share/interpreter/linkResolver.c
Event: 0.311 Thread 0x000002319a0fe800 Exception <a 'java/lang/NoSuchMethodError'{0x000000074db80218}: java.lang.invoke.DirectMethodHandle$Holder.invokeStatic(Ljava/lang/Object;Ljava/lang/Object;Ljava/lang/Object;Ljava/lang/Object;Ljava/lang/Object;Ljava/lang/Object;Ljava/lang/Object;J)Ljava/l
Event: 0.350 Thread 0x000002319a0fe800 Exception <a 'java/lang/NoSuchMethodError'{0x000000074da74fd8}: java.lang.invoke.DirectMethodHandle$Holder.invokeStatic(Ljava/lang/Object;ILjava/lang/Object;Ljava/lang/Object;Ljava/lang/Object;Ljava/lang/Object;)Ljava/lang/Object;> (0x000000074da74fd8) th
Event: 0.351 Thread 0x000002319a0fe800 Exception <a 'java/lang/NoSuchMethodError'{0x000000074da7bc08}: java.lang.invoke.DirectMethodHandle$Holder.invokeStatic(Ljava/lang/Object;ILjava/lang/Object;Ljava/lang/Object;Ljava/lang/Object;)Ljava/lang/Object;> (0x000000074da7bc08) thrown at [t:/worksp
Event: 0.352 Thread 0x000002319a0fe800 Exception <a 'java/lang/NoSuchMethodError'{0x000000074da7f468}: java.lang.invoke.DirectMethodHandle$Holder.invokeSpecial(Ljava/lang/Object;Ljava/lang/Object;ILjava/lang/Object;Ljava/lang/Object;Ljava/lang/Object;)Ljava/lang/Object;> (0x000000074da7f468) t
Event: 0.355 Thread 0x000002319a0fe800 Exception <a 'java/lang/NoSuchMethodError'{0x000000074da95a40}: java.lang.invoke.DirectMethodHandle$Holder.invokeStatic(Ljava/lang/Object;ILjava/lang/Object;)Ljava/lang/Object;> (0x000000074da95a40) thrown at [t:/workspace/open/src/hotspot/share/interpret
Event: 0.382 Thread 0x000002319a0fe800 Exception <a 'java/lang/ClassNotFoundException'{0x000000074d939b58}: com/sun/swing/internal/plaf/metal/resources/spi/metalProvider> (0x000000074d939b58) thrown at [t:/workspace/open/src/hotspot/share/classfile/systemDictionary.cpp, line 235]
Event: 0.383 Thread 0x000002319a0fe800 Exception <a 'java/lang/ClassNotFoundException'{0x000000074d93e010}: com/sun/swing/internal/plaf/basic/resources/spi/basicProvider> (0x000000074d93e010) thrown at [t:/workspace/open/src/hotspot/share/classfile/systemDictionary.cpp, line 235]
Event: 0.426 Thread 0x000002319a0fe800 Exception <a 'java/lang/NoSuchMethodError'{0x000000074d9e62d0}: java.lang.invoke.DirectMethodHandle$Holder.invokeStaticInit(Ljava/lang/Object;)V> (0x000000074d9e62d0) thrown at [t:/workspace/open/src/hotspot/share/interpreter/linkResolver.cpp, line 777]
Event: 0.466 Thread 0x000002319a0fe800 Exception <a 'java/lang/NoSuchMethodError'{0x000000074d873e38}: java.lang.invoke.Invokers$Holder.linkToTargetMethod(Ljava/lang/Object;ILjava/lang/Object;)Ljava/lang/Object;> (0x000000074d873e38) thrown at [t:/workspace/open/src/hotspot/share/interpreter/l

Events (10 events):
Event: 3446.801 Thread 0x00000231c0332800 Thread added: 0x00000231c0332800
Event: 3446.801 Thread 0x00000231bdae0800 Uncommon trap: trap_request=0xffffff4d fr.pc=0x00000231ac14e404 relative=0x00000000000001c4
Event: 3446.801 Thread 0x00000231bdae0800 DEOPT PACKING pc=0x00000231ac14e404 sp=0x000000c3052fdd70
Event: 3446.801 Thread 0x00000231bdae0800 DEOPT UNPACKING pc=0x00000231a45e9c2f sp=0x000000c3052fdcc0 mode 2
Event: 3447.222 loading class java/util/WeakHashMap$KeyIterator
Event: 3447.223 loading class java/util/WeakHashMap$HashIterator
Event: 3447.223 loading class java/util/WeakHashMap$HashIterator done
Event: 3447.223 loading class java/util/WeakHashMap$KeyIterator done
Event: 3447.223 loading class javax/swing/RepaintManager$DisplayChangedRunnable
Event: 3447.223 loading class javax/swing/RepaintManager$DisplayChangedRunnable done


Dynamic libraries:
0x00007ff71c560000 - 0x00007ff71c56f000 	C:\Program Files\Java\jdk-12.0.2\bin\java.exe
0x00007ff8bc8e0000 - 0x00007ff8bcad0000 	C:\Windows\SYSTEM32\ntdll.dll
0x00007ff8bc5e0000 - 0x00007ff8bc692000 	C:\Windows\System32\KERNEL32.DLL
0x00007ff8b9870000 - 0x00007ff8b9b14000 	C:\Windows\System32\KERNELBASE.dll
0x00007ff8b9e00000 - 0x00007ff8b9efa000 	C:\Windows\System32\ucrtbase.dll
0x00007ff8ab1a0000 - 0x00007ff8ab1b6000 	C:\Program Files\Java\jdk-12.0.2\bin\VCRUNTIME140.dll
0x00007ff8b2b80000 - 0x00007ff8b2b98000 	C:\Program Files\Java\jdk-12.0.2\bin\jli.dll
0x00007ff8bab20000 - 0x00007ff8babc3000 	C:\Windows\System32\ADVAPI32.dll
0x00007ff8bacf0000 - 0x00007ff8bad8e000 	C:\Windows\System32\msvcrt.dll
0x00007ff8bc800000 - 0x00007ff8bc897000 	C:\Windows\System32\sechost.dll
0x00007ff8babd0000 - 0x00007ff8bacf0000 	C:\Windows\System32\RPCRT4.dll
0x00007ff8bae00000 - 0x00007ff8baf94000 	C:\Windows\System32\USER32.dll
0x00007ff8b9db0000 - 0x00007ff8b9dd1000 	C:\Windows\System32\win32u.dll
0x00007ff8a8b10000 - 0x00007ff8a8d94000 	C:\Windows\WinSxS\amd64_microsoft.windows.common-controls_6595b64144ccf1df_6.0.18362.900_none_e6beb9d913147d17\COMCTL32.dll
0x00007ff8bbe80000 - 0x00007ff8bbea6000 	C:\Windows\System32\GDI32.dll
0x00007ff8bafb0000 - 0x00007ff8bb2e5000 	C:\Windows\System32\combase.dll
0x00007ff8b9c10000 - 0x00007ff8b9da5000 	C:\Windows\System32\gdi32full.dll
0x00007ff8b9b70000 - 0x00007ff8b9c0e000 	C:\Windows\System32\msvcp_win.dll
0x00007ff8ba0e0000 - 0x00007ff8ba160000 	C:\Windows\System32\bcryptPrimitives.dll
0x00007ff8acc20000 - 0x00007ff8acc2a000 	C:\Windows\SYSTEM32\VERSION.dll
0x00007ff8bbeb0000 - 0x00007ff8bbede000 	C:\Windows\System32\IMM32.DLL
0x00007ff88bab0000 - 0x00007ff88bb5a000 	C:\Program Files\Java\jdk-12.0.2\bin\msvcp140.dll
0x00007ff870120000 - 0x00007ff870c97000 	C:\Program Files\Java\jdk-12.0.2\bin\server\jvm.dll
0x00007ff8bc5d0000 - 0x00007ff8bc5d8000 	C:\Windows\System32\PSAPI.DLL
0x00007ff8b72d0000 - 0x00007ff8b72f4000 	C:\Windows\SYSTEM32\WINMM.dll
0x00007ff8a7c20000 - 0x00007ff8a7c29000 	C:\Windows\SYSTEM32\WSOCK32.dll
0x00007ff8bbda0000 - 0x00007ff8bbe0f000 	C:\Windows\System32\WS2_32.dll
0x00007ff8b7130000 - 0x00007ff8b715d000 	C:\Windows\SYSTEM32\winmmbase.dll
0x00007ff8b9b20000 - 0x00007ff8b9b6a000 	C:\Windows\System32\cfgmgr32.dll
0x00007ff8b97b0000 - 0x00007ff8b97c1000 	C:\Windows\System32\kernel.appcore.dll
0x00007ff8a9f10000 - 0x00007ff8a9f21000 	C:\Program Files\Java\jdk-12.0.2\bin\verify.dll
0x00007ff8b80c0000 - 0x00007ff8b82b4000 	C:\Windows\SYSTEM32\DBGHELP.DLL
0x00007ff89ee00000 - 0x00007ff89ee2a000 	C:\Windows\SYSTEM32\dbgcore.DLL
0x00007ff8aa000000 - 0x00007ff8aa026000 	C:\Program Files\Java\jdk-12.0.2\bin\java.dll
0x00007ff89a510000 - 0x00007ff89a527000 	C:\Program Files\Java\jdk-12.0.2\bin\zip.dll
0x00007ff8b30f0000 - 0x00007ff8b30fa000 	C:\Program Files\Java\jdk-12.0.2\bin\jimage.dll
0x00007ff8bb500000 - 0x00007ff8bbbe6000 	C:\Windows\System32\SHELL32.dll
0x00007ff8bc520000 - 0x00007ff8bc5c9000 	C:\Windows\System32\shcore.dll
0x00007ff8ba210000 - 0x00007ff8ba990000 	C:\Windows\System32\windows.storage.dll
0x00007ff8b9840000 - 0x00007ff8b9863000 	C:\Windows\System32\profapi.dll
0x00007ff8b97f0000 - 0x00007ff8b983a000 	C:\Windows\System32\powrprof.dll
0x00007ff8b97a0000 - 0x00007ff8b97b0000 	C:\Windows\System32\UMPDC.dll
0x00007ff8bbe10000 - 0x00007ff8bbe62000 	C:\Windows\System32\shlwapi.dll
0x00007ff8b9de0000 - 0x00007ff8b9df7000 	C:\Windows\System32\cryptsp.dll
0x00007ff891130000 - 0x00007ff891149000 	C:\Program Files\Java\jdk-12.0.2\bin\net.dll
0x00007ff8a1130000 - 0x00007ff8a1306000 	C:\Windows\SYSTEM32\urlmon.dll
0x00007ff8acea0000 - 0x00007ff8acf90000 	C:\Windows\SYSTEM32\WINHTTP.dll
0x00007ff8a0d90000 - 0x00007ff8a1036000 	C:\Windows\SYSTEM32\iertutil.dll
0x00007ff8b91e0000 - 0x00007ff8b91ec000 	C:\Windows\SYSTEM32\CRYPTBASE.DLL
0x00007ff8b9010000 - 0x00007ff8b9077000 	C:\Windows\system32\mswsock.dll
0x00007ff88e1a0000 - 0x00007ff88e1b3000 	C:\Program Files\Java\jdk-12.0.2\bin\nio.dll
0x00007ff8804e0000 - 0x00007ff88067f000 	C:\Program Files\Java\jdk-12.0.2\bin\awt.dll
0x00007ff8bb430000 - 0x00007ff8bb4f5000 	C:\Windows\System32\OLEAUT32.dll
0x00007ff8b5b20000 - 0x00007ff8b60e0000 	C:\Windows\SYSTEM32\d2d1.dll
0x00007ff8b7450000 - 0x00007ff8b74df000 	C:\Windows\SYSTEM32\apphelp.dll
0x00007ff8b7b90000 - 0x00007ff8b7bbd000 	C:\Windows\system32\DWMAPI.DLL
0x00007ff8b7760000 - 0x00007ff8b77f9000 	C:\Windows\system32\uxtheme.dll
0x00007ff8a1b60000 - 0x00007ff8a1cb6000 	C:\Windows\system32\opengl32.dll
0x00007ff8a1480000 - 0x00007ff8a14ac000 	C:\Windows\SYSTEM32\GLU32.dll
0x00007ff8b8410000 - 0x00007ff8b8430000 	C:\Windows\SYSTEM32\dxcore.dll
0x00007ff8bb2f0000 - 0x00007ff8bb425000 	C:\Windows\System32\MSCTF.dll
0x00007ff8bc6a0000 - 0x00007ff8bc7f7000 	C:\Windows\System32\ole32.dll
0x00007ff8866f0000 - 0x00007ff886770000 	C:\Program Files\Java\jdk-12.0.2\bin\freetype.dll
0x00007ff883810000 - 0x00007ff8838bb000 	C:\Program Files\Java\jdk-12.0.2\bin\fontmanager.dll
0x00007ff8b3050000 - 0x00007ff8b30ee000 	C:\Windows\System32\TextInputFramework.dll
0x00007ff8b7020000 - 0x00007ff8b70f4000 	C:\Windows\System32\CoreMessaging.dll
0x00007ff8b38b0000 - 0x00007ff8b3bda000 	C:\Windows\System32\CoreUIComponents.dll
0x00007ff8b4990000 - 0x00007ff8b4ae3000 	C:\Windows\SYSTEM32\wintypes.dll
0x00007ff8b8800000 - 0x00007ff8b8831000 	C:\Windows\SYSTEM32\ntmarta.dll
0x00007ff8b2b50000 - 0x00007ff8b2b7d000 	C:\Program Files\Java\jdk-12.0.2\bin\javajpeg.dll

dbghelp: loaded successfully - version: 4.0.5 - missing functions: none
symbol engine: initialized successfully - sym options: 0x614 - pdb path: .;C:\Program Files\Java\jdk-12.0.2\bin;C:\Windows\SYSTEM32;C:\Windows\WinSxS\amd64_microsoft.windows.common-controls_6595b64144ccf1df_6.0.18362.900_none_e6beb9d913147d17;C:\Program Files\Java\jdk-12.0.2\bin\server

VM Arguments:
jvm_args: -Dfile.encoding=UTF-8 -Djava.security.policy=applet.policy 
java_command: ktdh.View2
java_class_path (initial): D:\NETBEAN\netbeans\java\modules\ext\AbsoluteLayout.jar;C:\Users\USER\Desktop\NNLT\JAVA TOOL+CODE\Tool JAVA\AutoComplete\swingx-all-1.6.4.jar;C:\Users\USER\Documents\NetBeansProjects\KTDH\build\classes
Launcher Type: SUN_STANDARD

[Global flags]
     intx CICompilerCount                          = 3                                         {product} {ergonomic}
     uint ConcGCThreads                            = 1                                         {product} {ergonomic}
     uint G1ConcRefinementThreads                  = 4                                         {product} {ergonomic}
   size_t G1HeapRegionSize                         = 1048576                                   {product} {ergonomic}
    uintx GCDrainStackTargetSize                   = 64                                        {product} {ergonomic}
   size_t InitialHeapSize                          = 199229440                                 {product} {ergonomic}
   size_t MarkStackSize                            = 4194304                                   {product} {ergonomic}
   size_t MaxHeapSize                              = 3187671040                                {product} {ergonomic}
   size_t MaxNewSize                               = 1912602624                                {product} {ergonomic}
   size_t MinHeapDeltaBytes                        = 1048576                                   {product} {ergonomic}
    uintx NonNMethodCodeHeapSize                   = 5830732                                {pd product} {ergonomic}
    uintx NonProfiledCodeHeapSize                  = 122913754                              {pd product} {ergonomic}
    uintx ProfiledCodeHeapSize                     = 122913754                              {pd product} {ergonomic}
    uintx ReservedCodeCacheSize                    = 251658240                              {pd product} {ergonomic}
     bool SegmentedCodeCache                       = true                                      {product} {ergonomic}
     bool UseCompressedClassPointers               = true                                 {lp64_product} {ergonomic}
     bool UseCompressedOops                        = true                                 {lp64_product} {ergonomic}
     bool UseG1GC                                  = true                                      {product} {ergonomic}
     bool UseLargePagesIndividualAllocation        = false                                  {pd product} {ergonomic}

Logging:
Log output configuration:
 #0: stdout all=warning uptime,level,tags
 #1: stderr all=off uptime,level,tags

Environment Variables:
JAVA_HOME=C:\Program Files\Java\jdk-12.0.2
PATH=C:\Program Files (x86)\Common Files\Oracle\Java\javapath;C:\Program Files (x86)\Intel\Intel(R) Management Engine Components\iCLS\;C:\Program Files\Intel\Intel(R) Management Engine Components\iCLS\;C:\Windows\system32;C:\Windows;C:\Windows\System32\Wbem;C:\Windows\System32\WindowsPowerShell\v1.0\;C:\Windows\System32\OpenSSH\;C:\Program Files (x86)\Intel\Intel(R) Management Engine Components\DAL;C:\Program Files\Intel\Intel(R) Management Engine Components\DAL;C:\Program Files (x86)\Intel\Intel(R) Management Engine Components\IPT;C:\Program Files\Intel\Intel(R) Management Engine Components\IPT;C:\Program Files\Intel\WiFi\bin\;C:\Program Files\Common Files\Intel\WirelessCommon\;C:\Program Files\Java\jdk-12.0.2\bin;C:\Program Files\Microsoft SQL Server\110\Tools\Binn\;C:\Program Files (x86)\Microsoft SQL Server\110\Tools\Binn\;C:\Program Files\Microsoft SQL Server\110\DTS\Binn\;C:\Program Files (x86)\Microsoft SQL Server\110\Tools\Binn\ManagementStudio\;C:\Program Files (x86)\Microsoft Visual Studio 10.0\Common7\IDE\PrivateAssemblies\;C:\Program Files (x86)\Microsoft SQL Server\110\DTS\Binn\;C:\Users\USER\Documents\OpenSSL\OpenSSL-Win64\bin;C:\Program Files\OpenSSL-Win64\bin;C:\Users\USER\Downloads\New folder\New folder\bin;D:\PYTHON\Scripts\;D:\PYTHON\;C:\Users\USER\AppData\Local\Microsoft\WindowsApps;C:\Program Files\Intel\WiFi\bin\;C:\Program Files\Common Files\Intel\WirelessCommon\
USERNAME=USER
OS=Windows_NT
PROCESSOR_IDENTIFIER=Intel64 Family 6 Model 142 Stepping 9, GenuineIntel



---------------  S Y S T E M  ---------------

OS: Windows 10 , 64 bit Build 18362 (10.0.18362.900)

CPU:total 4 (initial active 4) (2 cores per cpu, 2 threads per core) family 6 model 142 stepping 9, cmov, cx8, fxsr, mmx, sse, sse2, sse3, ssse3, sse4.1, sse4.2, popcnt, avx, avx2, aes, clmul, erms, 3dnowpref, lzcnt, ht, tsc, tscinvbit, bmi1, bmi2, adx, fma

Memory: 4k page, system-wide physical 12153M (3976M free)
TotalPageFile size 28176M (AvailPageFile size 1M)
current process WorkingSet (physical memory assigned to process): 117M, peak: 249M
current process commit charge ("private bytes"): 275M, peak: 345M

vm_info: Java HotSpot(TM) 64-Bit Server VM (12.0.2+10) for windows-amd64 JRE (12.0.2+10), built on Jul 16 2019 01:56:17 by "mach5one" with MS VC++ 15.5 (VS2017)

END.
