#
# There is insufficient memory for the Java Runtime Environment to continue.
# Native memory allocation (malloc) failed to allocate 32744 bytes for ChunkPool::allocate
# Possible reasons:
#   The system is out of physical RAM or swap space
#   The process is running with CompressedOops enabled, and the Java Heap may be blocking the growth of the native heap
# Possible solutions:
#   Reduce memory load on the system
#   Increase physical memory or swap space
#   Check if swap backing store is full
#   Decrease Java heap size (-Xmx/-Xms)
#   Decrease number of Java threads
#   Decrease Java thread stack sizes (-Xss)
#   Set larger code cache with -XX:ReservedCodeCacheSize=
#   JVM is running with Zero Based Compressed Oops mode in which the Java heap is
#     placed in the first 32GB address space. The Java Heap base address is the
#     maximum limit for the native heap growth. Please use -XX:HeapBaseMinAddress
#     to set the Java Heap base and to place the Java Heap above 32GB virtual address.
# This output file may be truncated or incomplete.
#
#  Out of Memory Error (t:/workspace/open/src/hotspot/share/memory/arena.cpp:81), pid=16528, tid=18092
#
# JRE version: Java(TM) SE Runtime Environment (12.0.2+10) (build 12.0.2+10)
# Java VM: Java HotSpot(TM) 64-Bit Server VM (12.0.2+10, mixed mode, sharing, tiered, compressed oops, g1 gc, windows-amd64)
# No core dump will be written. Minidumps are not enabled by default on client versions of Windows
#

---------------  S U M M A R Y ------------

Command Line: -Dapplication.home=C:\Program Files\Java\jdk-12.0.2 --add-modules=ALL-DEFAULT -Xms8m -Djdk.module.main=jdk.compiler jdk.compiler/com.sun.tools.javac.Main -d C:\Users\USER\Documents\NetBeansProjects\KTDH\build\classes -classpath C:\Users\USER\Documents\NetBeansProjects\KTDH\build\classes;D:\NETBEAN\netbeans\java\modules\ext\AbsoluteLayout.jar;C:\Users\USER\Desktop\NNLT\JAVA TOOL+CODE\Tool JAVA\AutoComplete\swingx-all-1.6.4.jar -sourcepath C:\Users\USER\Documents\NetBeansProjects\KTDH\src -target 12 -encoding UTF-8 -g -processorpath D:\NETBEAN\netbeans\java\modules\ext\AbsoluteLayout.jar;C:\Users\USER\Desktop\NNLT\JAVA TOOL+CODE\Tool JAVA\AutoComplete\swingx-all-1.6.4.jar;C:\Users\USER\Documents\NetBeansProjects\KTDH\build\empty -s C:\Users\USER\Documents\NetBeansProjects\KTDH\build\generated-sources\ap-source-output -source 12 C:\Users\USER\Documents\NetBeansProjects\KTDH\src\ktdh\Egg.java

Host: Intel(R) Core(TM) i7-7500U CPU @ 2.70GHz, 4 cores, 11G,  Windows 10 , 64 bit Build 18362 (10.0.18362.900)
Time: Wed Jul  1 22:39:10 2020 SE Asia Standard Time elapsed time: 2 seconds (0d 0h 0m 2s)

---------------  T H R E A D  ---------------

Current thread (0x0000021279b7f800):  JavaThread "C2 CompilerThread1" daemon [_thread_in_native, id=18092, stack(0x0000007502400000,0x0000007502500000)]


Current CompileTask:
C2:   2141 1315       4       jdk.internal.jimage.ImageLocation::getFullName (109 bytes)

Stack: [0x0000007502400000,0x0000007502500000]
Native frames: (J=compiled Java code, j=interpreted, Vv=VM code, C=native code)
V  [jvm.dll+0x63aa2a]
V  [jvm.dll+0x78ce1e]
V  [jvm.dll+0x78e4c1]
V  [jvm.dll+0x78eb13]
V  [jvm.dll+0x2627e8]
V  [jvm.dll+0xc57f6]
V  [jvm.dll+0xc5b4c]
V  [jvm.dll+0xc56b0]
V  [jvm.dll+0x61b7bf]
V  [jvm.dll+0x89cda]
V  [jvm.dll+0x5579e6]
V  [jvm.dll+0x556d47]
V  [jvm.dll+0x2246f7]
V  [jvm.dll+0x21e313]
V  [jvm.dll+0x21b2b6]
V  [jvm.dll+0x199a20]
V  [jvm.dll+0x22a744]
V  [jvm.dll+0x228d98]
V  [jvm.dll+0x7512a0]
V  [jvm.dll+0x74a2c8]
V  [jvm.dll+0x639b16]
C  [ucrtbase.dll+0x20e82]
C  [KERNEL32.DLL+0x17bd4]
C  [ntdll.dll+0x6ce51]


---------------  P R O C E S S  ---------------

Threads class SMR info:
_java_thread_list=0x00000212798442b0, length=11, elements={
0x000002125603e800, 0x0000021279179000, 0x000002127917a000, 0x0000021279194000,
0x0000021279196000, 0x0000021279198000, 0x000002127919d000, 0x00000212791a1000,
0x00000212793cb000, 0x0000021279433000, 0x0000021279b7f800
}

Java Threads: ( => current thread )
  0x000002125603e800 JavaThread "main" [_thread_in_vm, id=24168, stack(0x0000007501200000,0x0000007501300000)]
  0x0000021279179000 JavaThread "Reference Handler" daemon [_thread_blocked, id=18668, stack(0x0000007501900000,0x0000007501a00000)]
  0x000002127917a000 JavaThread "Finalizer" daemon [_thread_blocked, id=9092, stack(0x0000007501a00000,0x0000007501b00000)]
  0x0000021279194000 JavaThread "Signal Dispatcher" daemon [_thread_blocked, id=23136, stack(0x0000007501b00000,0x0000007501c00000)]
  0x0000021279196000 JavaThread "Attach Listener" daemon [_thread_blocked, id=8268, stack(0x0000007501c00000,0x0000007501d00000)]
  0x0000021279198000 JavaThread "C2 CompilerThread0" daemon [_thread_in_native, id=14152, stack(0x0000007501d00000,0x0000007501e00000)]
  0x000002127919d000 JavaThread "C1 CompilerThread0" daemon [_thread_in_native, id=3204, stack(0x0000007501e00000,0x0000007501f00000)]
  0x00000212791a1000 JavaThread "Sweeper thread" daemon [_thread_blocked, id=4768, stack(0x0000007501f00000,0x0000007502000000)]
  0x00000212793cb000 JavaThread "Common-Cleaner" daemon [_thread_blocked, id=14516, stack(0x0000007502000000,0x0000007502100000)]
  0x0000021279433000 JavaThread "Service Thread" daemon [_thread_blocked, id=19540, stack(0x0000007502100000,0x0000007502200000)]
=>0x0000021279b7f800 JavaThread "C2 CompilerThread1" daemon [_thread_in_native, id=18092, stack(0x0000007502400000,0x0000007502500000)]

Other Threads:
  0x0000021279172800 VMThread "VM Thread" [stack: 0x0000007501800000,0x0000007501900000] [id=1148]
  0x0000021279436800 WatcherThread [stack: 0x0000007502200000,0x0000007502300000] [id=15972]
  0x00000212560fb800 GCTaskThread "GC Thread#0" [stack: 0x0000007501300000,0x0000007501400000] [id=7100]
  0x0000021279471800 GCTaskThread "GC Thread#1" [stack: 0x0000007502300000,0x0000007502400000] [id=14820]
  0x000002125610f000 ConcurrentGCThread "G1 Main Marker" [stack: 0x0000007501400000,0x0000007501500000] [id=24260]
  0x0000021256111800 ConcurrentGCThread "G1 Conc#0" [stack: 0x0000007501500000,0x0000007501600000] [id=9672]
  0x000002125612d000 ConcurrentGCThread "G1 Refine#0" [stack: 0x0000007501600000,0x0000007501700000] [id=24220]
  0x000002125612f000 ConcurrentGCThread "G1 Young RemSet Sampling" [stack: 0x0000007501700000,0x0000007501800000] [id=14628]

Threads with active compile tasks:
C2 CompilerThread0  1406   !   4       com.sun.tools.javac.jvm.ClassReader::classSigToType (498 bytes)
C1 CompilerThread0  1420       3       com.sun.tools.javac.util.Pair::<init> (15 bytes)
C2 CompilerThread1  1315       4       jdk.internal.jimage.ImageLocation::getFullName (109 bytes)

VM state:not at safepoint (normal execution)

VM Mutex/Monitor currently owned by a thread: None

Heap address: 0x0000000742000000, size: 3040 MB, Compressed Oops mode: Zero based, Oop shift amount: 3
Narrow klass base: 0x0000000800000000, Narrow klass shift: 3
Compressed class space size: 1073741824 Address: 0x0000000801190000

Heap:
 garbage-first heap   total 32768K, used 14251K [0x0000000742000000, 0x0000000800000000)
  region size 1024K, 9 young (9216K), 1 survivors (1024K)
 Metaspace       used 8993K, capacity 11572K, committed 11904K, reserved 1060864K
  class space    used 1035K, capacity 1330K, committed 1408K, reserved 1048576K
Heap Regions: E=young(eden), S=young(survivor), O=old, HS=humongous(starts), HC=humongous(continues), CS=collection set, F=free, A=archive, TAMS=top-at-mark-start (previous, next)
|   0|0x0000000742000000, 0x0000000742100000, 0x0000000742100000|100%| O|  |TAMS 0x0000000742000000, 0x0000000742000000| Untracked 
|   1|0x0000000742100000, 0x0000000742200000, 0x0000000742200000|100%| O|  |TAMS 0x0000000742100000, 0x0000000742100000| Untracked 
|   2|0x0000000742200000, 0x0000000742300000, 0x0000000742300000|100%| O|  |TAMS 0x0000000742200000, 0x0000000742200000| Untracked 
|   3|0x0000000742300000, 0x0000000742400000, 0x0000000742400000|100%| O|  |TAMS 0x0000000742300000, 0x0000000742300000| Untracked 
|   4|0x0000000742400000, 0x0000000742500000, 0x0000000742500000|100%| O|  |TAMS 0x0000000742400000, 0x0000000742400000| Untracked 
|   5|0x0000000742500000, 0x0000000742600000, 0x0000000742600000|100%| O|  |TAMS 0x0000000742500000, 0x0000000742500000| Untracked 
|   6|0x0000000742600000, 0x0000000742692e00, 0x0000000742700000| 57%| O|  |TAMS 0x0000000742600000, 0x0000000742600000| Untracked 
|   7|0x0000000742700000, 0x0000000742700000, 0x0000000742800000|  0%| F|  |TAMS 0x0000000742700000, 0x0000000742700000| Untracked 
|   8|0x0000000742800000, 0x0000000742800000, 0x0000000742900000|  0%| F|  |TAMS 0x0000000742800000, 0x0000000742800000| Untracked 
|   9|0x0000000742900000, 0x0000000742900000, 0x0000000742a00000|  0%| F|  |TAMS 0x0000000742900000, 0x0000000742900000| Untracked 
|  10|0x0000000742a00000, 0x0000000742a00000, 0x0000000742b00000|  0%| F|  |TAMS 0x0000000742a00000, 0x0000000742a00000| Untracked 
|  11|0x0000000742b00000, 0x0000000742b57f80, 0x0000000742c00000| 34%| S|CS|TAMS 0x0000000742b00000, 0x0000000742b00000| Complete 
|  12|0x0000000742c00000, 0x0000000742c00000, 0x0000000742d00000|  0%| F|  |TAMS 0x0000000742c00000, 0x0000000742c00000| Untracked 
|  13|0x0000000742d00000, 0x0000000742d00000, 0x0000000742e00000|  0%| F|  |TAMS 0x0000000742d00000, 0x0000000742d00000| Untracked 
|  14|0x0000000742e00000, 0x0000000742e00000, 0x0000000742f00000|  0%| F|  |TAMS 0x0000000742e00000, 0x0000000742e00000| Untracked 
|  15|0x0000000742f00000, 0x0000000742f00000, 0x0000000743000000|  0%| F|  |TAMS 0x0000000742f00000, 0x0000000742f00000| Untracked 
|  16|0x0000000743000000, 0x0000000743000000, 0x0000000743100000|  0%| F|  |TAMS 0x0000000743000000, 0x0000000743000000| Untracked 
|  17|0x0000000743100000, 0x0000000743100000, 0x0000000743200000|  0%| F|  |TAMS 0x0000000743100000, 0x0000000743100000| Untracked 
|  18|0x0000000743200000, 0x0000000743200000, 0x0000000743300000|  0%| F|  |TAMS 0x0000000743200000, 0x0000000743200000| Untracked 
|  19|0x0000000743300000, 0x0000000743300000, 0x0000000743400000|  0%| F|  |TAMS 0x0000000743300000, 0x0000000743300000| Untracked 
|  20|0x0000000743400000, 0x0000000743400000, 0x0000000743500000|  0%| F|  |TAMS 0x0000000743400000, 0x0000000743400000| Untracked 
|  21|0x0000000743500000, 0x0000000743500000, 0x0000000743600000|  0%| F|  |TAMS 0x0000000743500000, 0x0000000743500000| Untracked 
|  22|0x0000000743600000, 0x0000000743600000, 0x0000000743700000|  0%| F|  |TAMS 0x0000000743600000, 0x0000000743600000| Untracked 
|  23|0x0000000743700000, 0x0000000743700000, 0x0000000743800000|  0%| F|  |TAMS 0x0000000743700000, 0x0000000743700000| Untracked 
|  24|0x0000000743800000, 0x0000000743879af0, 0x0000000743900000| 47%| E|  |TAMS 0x0000000743800000, 0x0000000743800000| Complete 
|  25|0x0000000743900000, 0x0000000743a00000, 0x0000000743a00000|100%| E|CS|TAMS 0x0000000743900000, 0x0000000743900000| Complete 
|  26|0x0000000743a00000, 0x0000000743b00000, 0x0000000743b00000|100%| E|CS|TAMS 0x0000000743a00000, 0x0000000743a00000| Complete 
|  27|0x0000000743b00000, 0x0000000743c00000, 0x0000000743c00000|100%| E|CS|TAMS 0x0000000743b00000, 0x0000000743b00000| Complete 
|  28|0x0000000743c00000, 0x0000000743d00000, 0x0000000743d00000|100%| E|CS|TAMS 0x0000000743c00000, 0x0000000743c00000| Complete 
|  29|0x0000000743d00000, 0x0000000743e00000, 0x0000000743e00000|100%| E|CS|TAMS 0x0000000743d00000, 0x0000000743d00000| Complete 
|  30|0x0000000743e00000, 0x0000000743f00000, 0x0000000743f00000|100%| E|CS|TAMS 0x0000000743e00000, 0x0000000743e00000| Complete 
|  31|0x0000000743f00000, 0x0000000744000000, 0x0000000744000000|100%| E|CS|TAMS 0x0000000743f00000, 0x0000000743f00000| Complete 

Card table byte_map: [0x000002126f8a0000,0x000002126fe90000] _byte_map_base: 0x000002126be90000

Marking Bits (Prev, Next): (CMBitMap*) 0x00000212560fc938, (CMBitMap*) 0x00000212560fc978
 Prev Bits: [0x0000021270480000, 0x0000021273400000)
 Next Bits: [0x0000021273400000, 0x0000021276380000)

Polling page: 0x0000021256180000

Metaspace:

Usage:
  Non-class:     10.00 MB capacity,     7.77 MB ( 78%) used,     2.21 MB ( 22%) free+waste,    24.94 KB ( <1%) overhead. 
      Class:      1.30 MB capacity,     1.01 MB ( 78%) used,   282.81 KB ( 21%) free+waste,    12.19 KB ( <1%) overhead. 
       Both:     11.30 MB capacity,     8.78 MB ( 78%) used,     2.48 MB ( 22%) free+waste,    37.13 KB ( <1%) overhead. 

Virtual space:
  Non-class space:       12.00 MB reserved,      10.25 MB ( 85%) committed 
      Class space:        1.00 GB reserved,       1.38 MB ( <1%) committed 
             Both:        1.01 GB reserved,      11.63 MB (  1%) committed 

Chunk freelists:
   Non-Class:  0 bytes
       Class:  0 bytes
        Both:  0 bytes

CodeHeap 'non-profiled nmethods': size=120064Kb used=442Kb max_used=442Kb free=119621Kb
 bounds [0x0000021267740000, 0x00000212679b0000, 0x000002126ec80000]
CodeHeap 'profiled nmethods': size=120000Kb used=3019Kb max_used=3019Kb free=116980Kb
 bounds [0x0000021260210000, 0x0000021260510000, 0x0000021267740000]
CodeHeap 'non-nmethods': size=5696Kb used=1119Kb max_used=1142Kb free=4576Kb
 bounds [0x000002125fc80000, 0x000002125fef0000, 0x0000021260210000]
 total_blobs=2172 nmethods=1413 adapters=335
 compilation: enabled
              stopped_count=0, restarted_count=0
 full_count=0

Compilation events (10 events):
Event: 2.098 Thread 0x000002127919d000 1416       3       com.sun.tools.javac.util.Convert::utf2string (26 bytes)
Event: 2.098 Thread 0x000002127919d000 nmethod 1416 0x0000021260502290 code [0x0000021260502480, 0x0000021260502890]
Event: 2.099 Thread 0x000002127919d000 1417       3       com.sun.tools.javac.code.Scope::getSymbolsByName (10 bytes)
Event: 2.100 Thread 0x000002127919d000 nmethod 1417 0x0000021260502a90 code [0x0000021260502c60, 0x0000021260502eb0]
Event: 2.100 Thread 0x000002127919d000 1418       1       com.sun.tools.javac.jvm.ClassReader$AnnotationDeproxy::visitConstant (6 bytes)
Event: 2.100 Thread 0x000002127919d000 nmethod 1418 0x00000212677acd10 code [0x00000212677acec0, 0x00000212677ad058]
Event: 2.100 Thread 0x000002127919d000 1419       1       com.sun.tools.javac.code.Type$MethodType::getReturnType (5 bytes)
Event: 2.100 Thread 0x000002127919d000 nmethod 1419 0x00000212677ad110 code [0x00000212677ad2c0, 0x00000212677ad3f8]
Event: 2.103 Thread 0x0000021279198000 nmethod 1388 0x00000212677ad490 code [0x00000212677ad6c0, 0x00000212677ae378]
Event: 2.103 Thread 0x0000021279198000 1406   !   4       com.sun.tools.javac.jvm.ClassReader::classSigToType (498 bytes)

GC Heap History (10 events):
Event: 1.644 GC heap before
{Heap before GC invocations=14 (full 0):
 garbage-first heap   total 12288K, used 6073K [0x0000000742000000, 0x0000000800000000)
  region size 1024K, 2 young (2048K), 1 survivors (1024K)
 Metaspace       used 8645K, capacity 11337K, committed 11648K, reserved 1058816K
  class space    used 1005K, capacity 1317K, committed 1408K, reserved 1048576K
}
Event: 1.646 GC heap after
{Heap after GC invocations=15 (full 0):
 garbage-first heap   total 16384K, used 5267K [0x0000000742000000, 0x0000000800000000)
  region size 1024K, 1 young (1024K), 1 survivors (1024K)
 Metaspace       used 8645K, capacity 11337K, committed 11648K, reserved 1058816K
  class space    used 1005K, capacity 1317K, committed 1408K, reserved 1048576K
}
Event: 1.701 GC heap before
{Heap before GC invocations=15 (full 0):
 garbage-first heap   total 16384K, used 8339K [0x0000000742000000, 0x0000000800000000)
  region size 1024K, 4 young (4096K), 1 survivors (1024K)
 Metaspace       used 8671K, capacity 11338K, committed 11648K, reserved 1058816K
  class space    used 1005K, capacity 1317K, committed 1408K, reserved 1048576K
}
Event: 1.704 GC heap after
{Heap after GC invocations=16 (full 0):
 garbage-first heap   total 16384K, used 5558K [0x0000000742000000, 0x0000000800000000)
  region size 1024K, 1 young (1024K), 1 survivors (1024K)
 Metaspace       used 8671K, capacity 11338K, committed 11648K, reserved 1058816K
  class space    used 1005K, capacity 1317K, committed 1408K, reserved 1048576K
}
Event: 1.783 GC heap before
{Heap before GC invocations=16 (full 0):
 garbage-first heap   total 16384K, used 8630K [0x0000000742000000, 0x0000000800000000)
  region size 1024K, 4 young (4096K), 1 survivors (1024K)
 Metaspace       used 8763K, capacity 11466K, committed 11648K, reserved 1058816K
  class space    used 1014K, capacity 1317K, committed 1408K, reserved 1048576K
}
Event: 1.787 GC heap after
{Heap after GC invocations=17 (full 0):
 garbage-first heap   total 16384K, used 6040K [0x0000000742000000, 0x0000000800000000)
  region size 1024K, 1 young (1024K), 1 survivors (1024K)
 Metaspace       used 8763K, capacity 11466K, committed 11648K, reserved 1058816K
  class space    used 1014K, capacity 1317K, committed 1408K, reserved 1048576K
}
Event: 1.818 GC heap before
{Heap before GC invocations=17 (full 0):
 garbage-first heap   total 16384K, used 9112K [0x0000000742000000, 0x0000000800000000)
  region size 1024K, 4 young (4096K), 1 survivors (1024K)
 Metaspace       used 8789K, capacity 11467K, committed 11648K, reserved 1058816K
  class space    used 1014K, capacity 1317K, committed 1408K, reserved 1048576K
}
Event: 1.822 GC heap after
{Heap after GC invocations=18 (full 0):
 garbage-first heap   total 16384K, used 6771K [0x0000000742000000, 0x0000000800000000)
  region size 1024K, 1 young (1024K), 1 survivors (1024K)
 Metaspace       used 8789K, capacity 11467K, committed 11648K, reserved 1058816K
  class space    used 1014K, capacity 1317K, committed 1408K, reserved 1048576K
}
Event: 1.845 GC heap before
{Heap before GC invocations=18 (full 0):
 garbage-first heap   total 16384K, used 9843K [0x0000000742000000, 0x0000000800000000)
  region size 1024K, 4 young (4096K), 1 survivors (1024K)
 Metaspace       used 8790K, capacity 11467K, committed 11648K, reserved 1058816K
  class space    used 1014K, capacity 1317K, committed 1408K, reserved 1048576K
}
Event: 1.848 GC heap after
{Heap after GC invocations=19 (full 0):
 garbage-first heap   total 32768K, used 7083K [0x0000000742000000, 0x0000000800000000)
  region size 1024K, 1 young (1024K), 1 survivors (1024K)
 Metaspace       used 8790K, capacity 11467K, committed 11648K, reserved 1058816K
  class space    used 1014K, capacity 1317K, committed 1408K, reserved 1048576K
}

Deoptimization events (10 events):
Event: 1.060 Thread 0x000002125603e800 Uncommon trap: reason=unstable_if action=reinterpret pc=0x000002126775fb70 method=java.lang.StringLatin1.replace([BCC)Ljava/lang/String; @ 19 c2
Event: 1.152 Thread 0x000002125603e800 Uncommon trap: reason=unstable_if action=reinterpret pc=0x000002126775f0d8 method=java.lang.String.regionMatches(ILjava/lang/String;II)Z @ 111 c2
Event: 1.424 Thread 0x000002125603e800 Uncommon trap: reason=class_check action=maybe_recompile pc=0x0000021267775150 method=java.util.HashMap.getNode(ILjava/lang/Object;)Ljava/util/HashMap$Node; @ 126 c2
Event: 1.424 Thread 0x000002125603e800 Uncommon trap: reason=class_check action=maybe_recompile pc=0x0000021267775150 method=java.util.HashMap.getNode(ILjava/lang/Object;)Ljava/util/HashMap$Node; @ 126 c2
Event: 1.424 Thread 0x000002125603e800 Uncommon trap: reason=class_check action=maybe_recompile pc=0x0000021267775150 method=java.util.HashMap.getNode(ILjava/lang/Object;)Ljava/util/HashMap$Node; @ 126 c2
Event: 1.424 Thread 0x000002125603e800 Uncommon trap: reason=class_check action=maybe_recompile pc=0x0000021267775150 method=java.util.HashMap.getNode(ILjava/lang/Object;)Ljava/util/HashMap$Node; @ 126 c2
Event: 1.494 Thread 0x000002125603e800 Uncommon trap: reason=class_check action=maybe_recompile pc=0x000002126777cd00 method=java.util.HashMap.putVal(ILjava/lang/Object;Ljava/lang/Object;ZZ)Ljava/lang/Object; @ 203 c2
Event: 1.600 Thread 0x000002125603e800 Uncommon trap: reason=class_check action=maybe_recompile pc=0x00000212677799b8 method=java.util.HashMap.getNode(ILjava/lang/Object;)Ljava/util/HashMap$Node; @ 126 c2
Event: 1.729 Thread 0x000002125603e800 Uncommon trap: reason=unstable_if action=reinterpret pc=0x0000021267790298 method=java.lang.String.<init>([CIILjava/lang/Void;)V @ 5 c2
Event: 1.729 Thread 0x000002125603e800 Uncommon trap: reason=unstable_if action=reinterpret pc=0x000002126777fbf0 method=java.lang.String.<init>([CIILjava/lang/Void;)V @ 5 c2

Classes redefined (0 events):
No events

Internal exceptions (10 events):
Event: 1.510 Thread 0x000002125603e800 Exception <a 'sun/nio/fs/WindowsException'{0x00000007429edfd0}> (0x00000007429edfd0) thrown at [t:/workspace/open/src/hotspot/share/prims/jni.cpp, line 615]
Event: 1.520 Thread 0x000002125603e800 Exception <a 'java/lang/NoSuchMethodError'{0x00000007429091e8}: java.lang.invoke.DirectMethodHandle$Holder.invokeSpecial(Ljava/lang/Object;Ljava/lang/Object;Ljava/lang/Object;Ljava/lang/Object;Ljava/lang/Object;)I> (0x00000007429091e8) thrown at [t:/works
Event: 1.600 Thread 0x000002125603e800 Exception <a 'sun/nio/fs/WindowsException'{0x0000000742b571c0}> (0x0000000742b571c0) thrown at [t:/workspace/open/src/hotspot/share/prims/jni.cpp, line 615]
Event: 1.600 Thread 0x000002125603e800 Exception <a 'sun/nio/fs/WindowsException'{0x0000000742b57480}> (0x0000000742b57480) thrown at [t:/workspace/open/src/hotspot/share/prims/jni.cpp, line 615]
Event: 1.600 Thread 0x000002125603e800 Exception <a 'sun/nio/fs/WindowsException'{0x0000000742b58458}> (0x0000000742b58458) thrown at [t:/workspace/open/src/hotspot/share/prims/jni.cpp, line 615]
Event: 1.601 Thread 0x000002125603e800 Exception <a 'sun/nio/fs/WindowsException'{0x0000000742b586d8}> (0x0000000742b586d8) thrown at [t:/workspace/open/src/hotspot/share/prims/jni.cpp, line 615]
Event: 1.676 Thread 0x000002125603e800 Exception <a 'sun/nio/fs/WindowsException'{0x0000000742d7c4a0}> (0x0000000742d7c4a0) thrown at [t:/workspace/open/src/hotspot/share/prims/jni.cpp, line 615]
Event: 1.676 Thread 0x000002125603e800 Exception <a 'sun/nio/fs/WindowsException'{0x0000000742d7c758}> (0x0000000742d7c758) thrown at [t:/workspace/open/src/hotspot/share/prims/jni.cpp, line 615]
Event: 1.677 Thread 0x000002125603e800 Exception <a 'sun/nio/fs/WindowsException'{0x0000000742d7d730}> (0x0000000742d7d730) thrown at [t:/workspace/open/src/hotspot/share/prims/jni.cpp, line 615]
Event: 1.677 Thread 0x000002125603e800 Exception <a 'sun/nio/fs/WindowsException'{0x0000000742d7d9a0}> (0x0000000742d7d9a0) thrown at [t:/workspace/open/src/hotspot/share/prims/jni.cpp, line 615]

Events (10 events):
Event: 2.052 loading class com/sun/tools/javac/code/Symbol
Event: 2.052 loading class com/sun/tools/javac/code/Symbol done
Event: 2.052 loading class com/sun/tools/javac/util/Filter
Event: 2.052 loading class com/sun/tools/javac/util/Filter done
Event: 2.054 loading class com/sun/tools/javac/code/Symbol
Event: 2.054 loading class com/sun/tools/javac/code/Symbol done
Event: 2.055 loading class com/sun/tools/javac/code/Symbol
Event: 2.055 loading class com/sun/tools/javac/code/Symbol done
Event: 2.060 Executing VM operation: Deoptimize
Event: 2.061 Executing VM operation: Deoptimize done


Dynamic libraries:
0x00007ff69d2a0000 - 0x00007ff69d2a8000 	C:\Program Files\Java\jdk-12.0.2\bin\javac.exe
0x00007ffb025e0000 - 0x00007ffb027d0000 	C:\Windows\SYSTEM32\ntdll.dll
0x00007ffb01f60000 - 0x00007ffb02012000 	C:\Windows\System32\KERNEL32.DLL
0x00007ffb00360000 - 0x00007ffb00604000 	C:\Windows\System32\KERNELBASE.dll
0x00007ffb00260000 - 0x00007ffb0035a000 	C:\Windows\System32\ucrtbase.dll
0x00007ffafcbd0000 - 0x00007ffafcbe8000 	C:\Program Files\Java\jdk-12.0.2\bin\jli.dll
0x00007ffb01cd0000 - 0x00007ffb01d73000 	C:\Windows\System32\ADVAPI32.dll
0x00007ffb01880000 - 0x00007ffb0191e000 	C:\Windows\System32\msvcrt.dll
0x00007ffb02500000 - 0x00007ffb02597000 	C:\Windows\System32\sechost.dll
0x00007ffb02160000 - 0x00007ffb02280000 	C:\Windows\System32\RPCRT4.dll
0x00007ffb01b30000 - 0x00007ffb01cc4000 	C:\Windows\System32\USER32.dll
0x00007ffb00230000 - 0x00007ffb00251000 	C:\Windows\System32\win32u.dll
0x00007ffb00690000 - 0x00007ffb006b6000 	C:\Windows\System32\GDI32.dll
0x00007ffafffc0000 - 0x00007ffb00155000 	C:\Windows\System32\gdi32full.dll
0x00007ffb00160000 - 0x00007ffb001fe000 	C:\Windows\System32\msvcp_win.dll
0x00007ffaf6b60000 - 0x00007ffaf6b76000 	C:\Program Files\Java\jdk-12.0.2\bin\VCRUNTIME140.dll
0x00007ffaed020000 - 0x00007ffaed2a4000 	C:\Windows\WinSxS\amd64_microsoft.windows.common-controls_6595b64144ccf1df_6.0.18362.900_none_e6beb9d913147d17\COMCTL32.dll
0x00007ffb00770000 - 0x00007ffb00aa5000 	C:\Windows\System32\combase.dll
0x00007ffb00610000 - 0x00007ffb00690000 	C:\Windows\System32\bcryptPrimitives.dll
0x00007ffaf1260000 - 0x00007ffaf126a000 	C:\Windows\SYSTEM32\VERSION.dll
0x00007ffb01a10000 - 0x00007ffb01a3e000 	C:\Windows\System32\IMM32.DLL
0x00007ffac6b20000 - 0x00007ffac6bca000 	C:\Program Files\Java\jdk-12.0.2\bin\msvcp140.dll
0x00007ffab8570000 - 0x00007ffab90e7000 	C:\Program Files\Java\jdk-12.0.2\bin\server\jvm.dll
0x00007ffb01870000 - 0x00007ffb01878000 	C:\Windows\System32\PSAPI.DLL
0x00007ffaeacd0000 - 0x00007ffaeacd9000 	C:\Windows\SYSTEM32\WSOCK32.dll
0x00007ffb01ac0000 - 0x00007ffb01b2f000 	C:\Windows\System32\WS2_32.dll
0x00007ffafc9c0000 - 0x00007ffafc9e4000 	C:\Windows\SYSTEM32\WINMM.dll
0x00007ffafc990000 - 0x00007ffafc9bd000 	C:\Windows\SYSTEM32\WINMMBASE.dll
0x00007ffaffea0000 - 0x00007ffaffeea000 	C:\Windows\System32\cfgmgr32.dll
0x00007ffaff4d0000 - 0x00007ffaff4e1000 	C:\Windows\System32\kernel.appcore.dll
0x00007ffaf6ad0000 - 0x00007ffaf6ae1000 	C:\Program Files\Java\jdk-12.0.2\bin\verify.dll
0x00007ffafddc0000 - 0x00007ffafdfb4000 	C:\Windows\SYSTEM32\DBGHELP.DLL
0x00007ffafad40000 - 0x00007ffafad6a000 	C:\Windows\SYSTEM32\dbgcore.DLL
0x00007ffaf6af0000 - 0x00007ffaf6b16000 	C:\Program Files\Java\jdk-12.0.2\bin\java.dll
0x00007ffaf6ab0000 - 0x00007ffaf6ac7000 	C:\Program Files\Java\jdk-12.0.2\bin\zip.dll
0x00007ffaf6aa0000 - 0x00007ffaf6aaa000 	C:\Program Files\Java\jdk-12.0.2\bin\jimage.dll
0x00007ffb00ab0000 - 0x00007ffb01196000 	C:\Windows\System32\SHELL32.dll
0x00007ffb01610000 - 0x00007ffb016b9000 	C:\Windows\System32\shcore.dll
0x00007ffaff720000 - 0x00007ffaffea0000 	C:\Windows\System32\windows.storage.dll
0x00007ffaff4f0000 - 0x00007ffaff513000 	C:\Windows\System32\profapi.dll
0x00007ffaff520000 - 0x00007ffaff56a000 	C:\Windows\System32\powrprof.dll
0x00007ffaff4a0000 - 0x00007ffaff4b0000 	C:\Windows\System32\UMPDC.dll
0x00007ffb01920000 - 0x00007ffb01972000 	C:\Windows\System32\shlwapi.dll
0x00007ffafffa0000 - 0x00007ffafffb7000 	C:\Windows\System32\cryptsp.dll
0x00007ffaf6a80000 - 0x00007ffaf6a99000 	C:\Program Files\Java\jdk-12.0.2\bin\net.dll
0x00007ffaf30f0000 - 0x00007ffaf31e0000 	C:\Windows\SYSTEM32\WINHTTP.dll
0x00007ffaf31e0000 - 0x00007ffaf33b6000 	C:\Windows\SYSTEM32\urlmon.dll
0x00007ffaf4980000 - 0x00007ffaf4c26000 	C:\Windows\SYSTEM32\iertutil.dll
0x00007ffafeee0000 - 0x00007ffafeeec000 	C:\Windows\SYSTEM32\CRYPTBASE.DLL
0x00007ffafed10000 - 0x00007ffafed77000 	C:\Windows\system32\mswsock.dll
0x00007ffaf6240000 - 0x00007ffaf6253000 	C:\Program Files\Java\jdk-12.0.2\bin\nio.dll

dbghelp: loaded successfully - version: 4.0.5 - missing functions: none
symbol engine: initialized successfully - sym options: 0x614 - pdb path: .;C:\Program Files\Java\jdk-12.0.2\bin;C:\Windows\SYSTEM32;C:\Windows\WinSxS\amd64_microsoft.windows.common-controls_6595b64144ccf1df_6.0.18362.900_none_e6beb9d913147d17;C:\Program Files\Java\jdk-12.0.2\bin\server

VM Arguments:
jvm_args: -Dapplication.home=C:\Program Files\Java\jdk-12.0.2 --add-modules=ALL-DEFAULT -Xms8m -Djdk.module.main=jdk.compiler 
java_command: jdk.compiler/com.sun.tools.javac.Main -d C:\Users\USER\Documents\NetBeansProjects\KTDH\build\classes -classpath C:\Users\USER\Documents\NetBeansProjects\KTDH\build\classes;D:\NETBEAN\netbeans\java\modules\ext\AbsoluteLayout.jar;C:\Users\USER\Desktop\NNLT\JAVA TOOL+CODE\Tool JAVA\AutoComplete\swingx-all-1.6.4.jar -sourcepath C:\Users\USER\Documents\NetBeansProjects\KTDH\src -target 12 -encoding UTF-8 -g -processorpath D:\NETBEAN\netbeans\java\modules\ext\AbsoluteLayout.jar;C:\Users\USER\Desktop\NNLT\JAVA TOOL+CODE\Tool JAVA\AutoComplete\swingx-all-1.6.4.jar;C:\Users\USER\Documents\NetBeansProjects\KTDH\build\empty -s C:\Users\USER\Documents\NetBeansProjects\KTDH\build\generated-sources\ap-source-output -source 12 C:\Users\USER\Documents\NetBeansProjects\KTDH\src\ktdh\Egg.java
java_class_path (initial): <not set>
Launcher Type: SUN_STANDARD

[Global flags]
     intx CICompilerCount                          = 3                                         {product} {ergonomic}
     uint ConcGCThreads                            = 1                                         {product} {ergonomic}
     uint G1ConcRefinementThreads                  = 4                                         {product} {ergonomic}
   size_t G1HeapRegionSize                         = 1048576                                   {product} {ergonomic}
    uintx GCDrainStackTargetSize                   = 64                                        {product} {ergonomic}
   size_t InitialHeapSize                          = 8388608                                   {product} {command line}
   size_t MarkStackSize                            = 4194304                                   {product} {ergonomic}
   size_t MaxHeapSize                              = 3187671040                                {product} {ergonomic}
   size_t MaxNewSize                               = 1912602624                                {product} {ergonomic}
   size_t MinHeapDeltaBytes                        = 1048576                                   {product} {ergonomic}
    uintx NonNMethodCodeHeapSize                   = 5830732                                {pd product} {ergonomic}
    uintx NonProfiledCodeHeapSize                  = 122913754                              {pd product} {ergonomic}
    uintx ProfiledCodeHeapSize                     = 122913754                              {pd product} {ergonomic}
    uintx ReservedCodeCacheSize                    = 251658240                              {pd product} {ergonomic}
     bool SegmentedCodeCache                       = true                                      {product} {ergonomic}
     bool UseCompressedClassPointers               = true                                 {lp64_product} {ergonomic}
     bool UseCompressedOops                        = true                                 {lp64_product} {ergonomic}
     bool UseG1GC                                  = true                                      {product} {ergonomic}
     bool UseLargePagesIndividualAllocation        = false                                  {pd product} {ergonomic}

Logging:
Log output configuration:
 #0: stdout all=warning uptime,level,tags
 #1: stderr all=off uptime,level,tags

Environment Variables:
JAVA_HOME=C:\Program Files\Java\jdk-12.0.2
PATH=C:\Program Files (x86)\Common Files\Oracle\Java\javapath;C:\Program Files (x86)\Intel\Intel(R) Management Engine Components\iCLS\;C:\Program Files\Intel\Intel(R) Management Engine Components\iCLS\;C:\Windows\system32;C:\Windows;C:\Windows\System32\Wbem;C:\Windows\System32\WindowsPowerShell\v1.0\;C:\Windows\System32\OpenSSH\;C:\Program Files (x86)\Intel\Intel(R) Management Engine Components\DAL;C:\Program Files\Intel\Intel(R) Management Engine Components\DAL;C:\Program Files (x86)\Intel\Intel(R) Management Engine Components\IPT;C:\Program Files\Intel\Intel(R) Management Engine Components\IPT;C:\Program Files\Intel\WiFi\bin\;C:\Program Files\Common Files\Intel\WirelessCommon\;C:\Program Files\Java\jdk-12.0.2\bin;C:\Program Files\Microsoft SQL Server\110\Tools\Binn\;C:\Program Files (x86)\Microsoft SQL Server\110\Tools\Binn\;C:\Program Files\Microsoft SQL Server\110\DTS\Binn\;C:\Program Files (x86)\Microsoft SQL Server\110\Tools\Binn\ManagementStudio\;C:\Program Files (x86)\Microsoft Visual Studio 10.0\Common7\IDE\PrivateAssemblies\;C:\Program Files (x86)\Microsoft SQL Server\110\DTS\Binn\;C:\Users\USER\Documents\OpenSSL\OpenSSL-Win64\bin;C:\Program Files\OpenSSL-Win64\bin;C:\Users\USER\Downloads\New folder\New folder\bin;D:\PYTHON\Scripts\;D:\PYTHON\;C:\Users\USER\AppData\Local\Microsoft\WindowsApps;C:\Program Files\Intel\WiFi\bin\;C:\Program Files\Common Files\Intel\WirelessCommon\
USERNAME=USER
OS=Windows_NT
PROCESSOR_IDENTIFIER=Intel64 Family 6 Model 142 Stepping 9, GenuineIntel



---------------  S Y S T E M  ---------------

OS: Windows 10 , 64 bit Build 18362 (10.0.18362.900)

CPU:total 4 (initial active 4) (2 cores per cpu, 2 threads per core) family 6 model 142 stepping 9, cmov, cx8, fxsr, mmx, sse, sse2, sse3, ssse3, sse4.1, sse4.2, popcnt, avx, avx2, aes, clmul, erms, 3dnowpref, lzcnt, ht, tsc, tscinvbit, bmi1, bmi2, adx, fma

Memory: 4k page, system-wide physical 12153M (4973M free)
TotalPageFile size 28176M (AvailPageFile size 3M)
current process WorkingSet (physical memory assigned to process): 91M, peak: 91M
current process commit charge ("private bytes"): 125M, peak: 126M

vm_info: Java HotSpot(TM) 64-Bit Server VM (12.0.2+10) for windows-amd64 JRE (12.0.2+10), built on Jul 16 2019 01:56:17 by "mach5one" with MS VC++ 15.5 (VS2017)

END.
