#
# There is insufficient memory for the Java Runtime Environment to continue.
# Native memory allocation (malloc) failed to allocate 5480 bytes for AllocateHeap
# Possible reasons:
#   The system is out of physical RAM or swap space
#   The process is running with CompressedOops enabled, and the Java Heap may be blocking the growth of the native heap
# Possible solutions:
#   Reduce memory load on the system
#   Increase physical memory or swap space
#   Check if swap backing store is full
#   Decrease Java heap size (-Xmx/-Xms)
#   Decrease number of Java threads
#   Decrease Java thread stack sizes (-Xss)
#   Set larger code cache with -XX:ReservedCodeCacheSize=
#   JVM is running with Zero Based Compressed Oops mode in which the Java heap is
#     placed in the first 32GB address space. The Java Heap base address is the
#     maximum limit for the native heap growth. Please use -XX:HeapBaseMinAddress
#     to set the Java Heap base and to place the Java Heap above 32GB virtual address.
# This output file may be truncated or incomplete.
#
#  Out of Memory Error (t:/workspace/open/src/hotspot/share/memory/allocation.cpp:46), pid=12956, tid=8516
#
# JRE version: Java(TM) SE Runtime Environment (12.0.2+10) (build 12.0.2+10)
# Java VM: Java HotSpot(TM) 64-Bit Server VM (12.0.2+10, mixed mode, sharing, tiered, compressed oops, g1 gc, windows-amd64)
# No core dump will be written. Minidumps are not enabled by default on client versions of Windows
#

---------------  S U M M A R Y ------------

Command Line: -Dfile.encoding=UTF-8 -Djava.security.policy=applet.policy ktdh.View2

Host: Intel(R) Core(TM) i7-7500U CPU @ 2.70GHz, 4 cores, 11G,  Windows 10 , 64 bit Build 18362 (10.0.18362.900)
Time: Fri Jul  3 13:02:08 2020 SE Asia Standard Time elapsed time: 9465 seconds (0d 2h 37m 45s)

---------------  T H R E A D  ---------------

Current thread (0x000001fc17c26000):  JavaThread "AWT-Windows" daemon [_thread_in_Java, id=8516, stack(0x0000008eee200000,0x0000008eee300000)]

Stack: [0x0000008eee200000,0x0000008eee300000]
[error occurred during error reporting (printing stack bounds), id 0xc0000005, EXCEPTION_ACCESS_VIOLATION (0xc0000005) at pc=0x00007ff8707cf83a]

Native frames: (J=compiled Java code, j=interpreted, Vv=VM code, C=native code)
V  [jvm.dll+0x63aa2a]
V  [jvm.dll+0x78ce1e]
V  [jvm.dll+0x78e4c1]
V  [jvm.dll+0x78ea75]
V  [jvm.dll+0x78ea2b]
V  [jvm.dll+0x63a134]
V  [jvm.dll+0x63a4f8]
C  [ntdll.dll+0xa11cf]
C  [ntdll.dll+0x6a209]
C  [ntdll.dll+0x9fe3e]
V  [jvm.dll+0x6af83a]
C  0x000001fc0000833e

Java frames: (J=compiled Java code, j=interpreted, Vv=VM code)
v  ~UncommonTrapBlob
J 1588 c2 java.util.concurrent.locks.AbstractQueuedSynchronizer.release(I)Z java.base@12.0.2 (33 bytes) @ 0x000001fc07b99084 [0x000001fc07b98ec0+0x00000000000001c4]
j  java.util.concurrent.locks.ReentrantLock.unlock()V+5 java.base@12.0.2
j  java.awt.EventQueue.initDispatchThread()V+78 java.desktop@12.0.2
j  java.awt.EventQueue.postEventPrivate(Ljava/awt/AWTEvent;)V+67 java.desktop@12.0.2
J 1183 c1 java.awt.EventQueue.postEvent(Ljava/awt/AWTEvent;)V java.desktop@12.0.2 (13 bytes) @ 0x000001fc007862ec [0x000001fc00786080+0x000000000000026c]
j  java.awt.EventQueue.invokeLater(Ljava/lang/Runnable;)V+14 java.desktop@12.0.2
j  sun.awt.windows.WToolkit.displayChanged()V+13 java.desktop@12.0.2
v  ~StubRoutines::call_stub
j  sun.awt.windows.WToolkit.eventLoop()V+0 java.desktop@12.0.2
j  sun.awt.windows.WToolkit.run()V+50 java.desktop@12.0.2
j  java.lang.Thread.run()V+11 java.base@12.0.2
v  ~StubRoutines::call_stub

---------------  P R O C E S S  ---------------

Threads class SMR info:
_java_thread_list=0x000001fc1be6d8b0, length=14, elements={
0x000001fc768cc800, 0x000001fc17306800, 0x000001fc17308800, 0x000001fc17c24000,
0x000001fc17c23000, 0x000001fc17c2d800, 0x000001fc17c36000, 0x000001fc17c37000,
0x000001fc17c27000, 0x000001fc17c21800, 0x000001fc17c24800, 0x000001fc17c26000,
0x000001fc17c22000, 0x000001fc17c25800
}

Java Threads: ( => current thread )
  0x000001fc768cc800 JavaThread "main" [_thread_blocked, id=13860, stack(0x0000008eecf00000,0x0000008eed000000)]
  0x000001fc17306800 JavaThread "Reference Handler" daemon [_thread_blocked, id=2568, stack(0x0000008eed600000,0x0000008eed700000)]
  0x000001fc17308800 JavaThread "Finalizer" daemon [_thread_blocked, id=10360, stack(0x0000008eed700000,0x0000008eed800000)]
  0x000001fc17c24000 JavaThread "Signal Dispatcher" daemon [_thread_blocked, id=15472, stack(0x0000008eed800000,0x0000008eed900000)]
  0x000001fc17c23000 JavaThread "Attach Listener" daemon [_thread_blocked, id=4028, stack(0x0000008eed900000,0x0000008eeda00000)]
  0x000001fc17c2d800 JavaThread "C2 CompilerThread0" daemon [_thread_blocked, id=12780, stack(0x0000008eeda00000,0x0000008eedb00000)]
  0x000001fc17c36000 JavaThread "C1 CompilerThread0" daemon [_thread_blocked, id=10528, stack(0x0000008eedb00000,0x0000008eedc00000)]
  0x000001fc17c37000 JavaThread "Sweeper thread" daemon [_thread_blocked, id=13120, stack(0x0000008eedc00000,0x0000008eedd00000)]
  0x000001fc17c27000 JavaThread "Service Thread" daemon [_thread_blocked, id=14584, stack(0x0000008eedd00000,0x0000008eede00000)]
  0x000001fc17c21800 JavaThread "Common-Cleaner" daemon [_thread_blocked, id=18400, stack(0x0000008eedf00000,0x0000008eee000000)]
  0x000001fc17c24800 JavaThread "Java2D Disposer" daemon [_thread_blocked, id=888, stack(0x0000008eee000000,0x0000008eee100000)]
=>0x000001fc17c26000 JavaThread "AWT-Windows" daemon [_thread_in_Java, id=8516, stack(0x0000008eee200000,0x0000008eee300000)]
  0x000001fc17c22000 JavaThread "Thread-0" [_thread_blocked, id=20924, stack(0x0000008eee400000,0x0000008eee500000)]
  0x000001fc17c25800 JavaThread "AWT-Shutdown" [_thread_blocked, id=18240, stack(0x0000008eecc00000,0x0000008eecd00000)]

Other Threads:
  0x000001fc17303000 VMThread "VM Thread" [stack: 0x0000008eed500000,0x0000008eed600000] [id=16328]
  0x000001fc17d8c000 WatcherThread [stack: 0x0000008eede00000,0x0000008eedf00000] [id=18748]
  0x000001fc7691f800 GCTaskThread "GC Thread#0" [stack: 0x0000008eed000000,0x0000008eed100000] [id=15164]
  0x000001fc1882b000 GCTaskThread "GC Thread#1" [stack: 0x0000008eee700000,0x0000008eee800000] [id=16836]
  0x000001fc1865a800 GCTaskThread "GC Thread#2" [stack: 0x0000008eee800000,0x0000008eee900000] [id=20584]
  0x000001fc1865b000 GCTaskThread "GC Thread#3" [stack: 0x0000008eee900000,0x0000008eeea00000] [id=17628]
  0x000001fc76933000 ConcurrentGCThread "G1 Main Marker" [stack: 0x0000008eed100000,0x0000008eed200000] [id=15376]
  0x000001fc76937000 ConcurrentGCThread "G1 Conc#0" [stack: 0x0000008eed200000,0x0000008eed300000] [id=10196]
  0x000001fc17182800 ConcurrentGCThread "G1 Refine#0" [stack: 0x0000008eed300000,0x0000008eed400000] [id=16868]
  0x000001fc17183800 ConcurrentGCThread "G1 Young RemSet Sampling" [stack: 0x0000008eed400000,0x0000008eed500000] [id=20124]

Threads with active compile tasks:

VM state:not at safepoint (normal execution)

VM Mutex/Monitor currently owned by a thread: None

OutOfMemory and StackOverflow Exception counts:
OutOfMemoryError java_heap_errors=1
LinkageErrors=8

Heap address: 0x0000000742000000, size: 3040 MB, Compressed Oops mode: Zero based, Oop shift amount: 3
Narrow klass base: 0x0000000800000000, Narrow klass shift: 3
Compressed class space size: 1073741824 Address: 0x0000000801190000

Heap:
 garbage-first heap   total 194560K, used 122046K [0x0000000742000000, 0x0000000800000000)
  region size 1024K, 112 young (114688K), 1 survivors (1024K)
 Metaspace       used 7450K, capacity 7801K, committed 7936K, reserved 1056768K
  class space    used 779K, capacity 946K, committed 1024K, reserved 1048576K
Heap Regions: E=young(eden), S=young(survivor), O=old, HS=humongous(starts), HC=humongous(continues), CS=collection set, F=free, A=archive, TAMS=top-at-mark-start (previous, next)
|   0|0x0000000742000000, 0x0000000742100000, 0x0000000742100000|100%|HS|  |TAMS 0x0000000742000000, 0x0000000742000000| Complete 
|   1|0x0000000742100000, 0x0000000742200000, 0x0000000742200000|100%|HC|  |TAMS 0x0000000742100000, 0x0000000742100000| Complete 
|   2|0x0000000742200000, 0x0000000742300000, 0x0000000742300000|100%|HC|  |TAMS 0x0000000742200000, 0x0000000742200000| Complete 
|   3|0x0000000742300000, 0x0000000742400000, 0x0000000742400000|100%|HC|  |TAMS 0x0000000742300000, 0x0000000742300000| Complete 
|   4|0x0000000742400000, 0x0000000742500000, 0x0000000742500000|100%|HS|  |TAMS 0x0000000742400000, 0x0000000742400000| Complete 
|   5|0x0000000742500000, 0x0000000742600000, 0x0000000742600000|100%|HC|  |TAMS 0x0000000742500000, 0x0000000742500000| Complete 
|   6|0x0000000742600000, 0x0000000742700000, 0x0000000742700000|100%|HC|  |TAMS 0x0000000742600000, 0x0000000742600000| Complete 
|   7|0x0000000742700000, 0x0000000742800000, 0x0000000742800000|100%| O|  |TAMS 0x0000000742700000, 0x0000000742700000| Untracked 
|   8|0x0000000742800000, 0x0000000742900000, 0x0000000742900000|100%| O|  |TAMS 0x0000000742800000, 0x0000000742800000| Untracked 
|   9|0x0000000742900000, 0x000000074292b800, 0x0000000742a00000| 16%| O|  |TAMS 0x0000000742900000, 0x0000000742900000| Untracked 
|  10|0x0000000742a00000, 0x0000000742a00000, 0x0000000742b00000|  0%| F|  |TAMS 0x0000000742a00000, 0x0000000742a00000| Untracked 
|  11|0x0000000742b00000, 0x0000000742b00000, 0x0000000742c00000|  0%| F|  |TAMS 0x0000000742b00000, 0x0000000742b00000| Untracked 
|  12|0x0000000742c00000, 0x0000000742c00000, 0x0000000742d00000|  0%| F|  |TAMS 0x0000000742c00000, 0x0000000742c00000| Untracked 
|  13|0x0000000742d00000, 0x0000000742d00000, 0x0000000742e00000|  0%| F|  |TAMS 0x0000000742d00000, 0x0000000742d00000| Untracked 
|  14|0x0000000742e00000, 0x0000000742e00000, 0x0000000742f00000|  0%| F|  |TAMS 0x0000000742e00000, 0x0000000742e00000| Untracked 
|  15|0x0000000742f00000, 0x0000000742f00000, 0x0000000743000000|  0%| F|  |TAMS 0x0000000742f00000, 0x0000000742f00000| Untracked 
|  16|0x0000000743000000, 0x0000000743000000, 0x0000000743100000|  0%| F|  |TAMS 0x0000000743000000, 0x0000000743000000| Untracked 
|  17|0x0000000743100000, 0x0000000743100000, 0x0000000743200000|  0%| F|  |TAMS 0x0000000743100000, 0x0000000743100000| Untracked 
|  18|0x0000000743200000, 0x0000000743200000, 0x0000000743300000|  0%| F|  |TAMS 0x0000000743200000, 0x0000000743200000| Untracked 
|  19|0x0000000743300000, 0x0000000743300000, 0x0000000743400000|  0%| F|  |TAMS 0x0000000743300000, 0x0000000743300000| Untracked 
|  20|0x0000000743400000, 0x0000000743400000, 0x0000000743500000|  0%| F|  |TAMS 0x0000000743400000, 0x0000000743400000| Untracked 
|  21|0x0000000743500000, 0x0000000743500000, 0x0000000743600000|  0%| F|  |TAMS 0x0000000743500000, 0x0000000743500000| Untracked 
|  22|0x0000000743600000, 0x0000000743600000, 0x0000000743700000|  0%| F|  |TAMS 0x0000000743600000, 0x0000000743600000| Untracked 
|  23|0x0000000743700000, 0x0000000743700000, 0x0000000743800000|  0%| F|  |TAMS 0x0000000743700000, 0x0000000743700000| Untracked 
|  24|0x0000000743800000, 0x0000000743800000, 0x0000000743900000|  0%| F|  |TAMS 0x0000000743800000, 0x0000000743800000| Untracked 
|  25|0x0000000743900000, 0x0000000743900000, 0x0000000743a00000|  0%| F|  |TAMS 0x0000000743900000, 0x0000000743900000| Untracked 
|  26|0x0000000743a00000, 0x0000000743a00000, 0x0000000743b00000|  0%| F|  |TAMS 0x0000000743a00000, 0x0000000743a00000| Untracked 
|  27|0x0000000743b00000, 0x0000000743b00000, 0x0000000743c00000|  0%| F|  |TAMS 0x0000000743b00000, 0x0000000743b00000| Untracked 
|  28|0x0000000743c00000, 0x0000000743c00000, 0x0000000743d00000|  0%| F|  |TAMS 0x0000000743c00000, 0x0000000743c00000| Untracked 
|  29|0x0000000743d00000, 0x0000000743d00000, 0x0000000743e00000|  0%| F|  |TAMS 0x0000000743d00000, 0x0000000743d00000| Untracked 
|  30|0x0000000743e00000, 0x0000000743e00000, 0x0000000743f00000|  0%| F|  |TAMS 0x0000000743e00000, 0x0000000743e00000| Untracked 
|  31|0x0000000743f00000, 0x0000000743f00000, 0x0000000744000000|  0%| F|  |TAMS 0x0000000743f00000, 0x0000000743f00000| Untracked 
|  32|0x0000000744000000, 0x0000000744000000, 0x0000000744100000|  0%| F|  |TAMS 0x0000000744000000, 0x0000000744000000| Untracked 
|  33|0x0000000744100000, 0x0000000744100000, 0x0000000744200000|  0%| F|  |TAMS 0x0000000744100000, 0x0000000744100000| Untracked 
|  34|0x0000000744200000, 0x0000000744200000, 0x0000000744300000|  0%| F|  |TAMS 0x0000000744200000, 0x0000000744200000| Untracked 
|  35|0x0000000744300000, 0x0000000744300000, 0x0000000744400000|  0%| F|  |TAMS 0x0000000744300000, 0x0000000744300000| Untracked 
|  36|0x0000000744400000, 0x0000000744400000, 0x0000000744500000|  0%| F|  |TAMS 0x0000000744400000, 0x0000000744400000| Untracked 
|  37|0x0000000744500000, 0x0000000744500000, 0x0000000744600000|  0%| F|  |TAMS 0x0000000744500000, 0x0000000744500000| Untracked 
|  38|0x0000000744600000, 0x0000000744600000, 0x0000000744700000|  0%| F|  |TAMS 0x0000000744600000, 0x0000000744600000| Untracked 
|  39|0x0000000744700000, 0x0000000744700000, 0x0000000744800000|  0%| F|  |TAMS 0x0000000744700000, 0x0000000744700000| Untracked 
|  40|0x0000000744800000, 0x0000000744800000, 0x0000000744900000|  0%| F|  |TAMS 0x0000000744800000, 0x0000000744800000| Untracked 
|  41|0x0000000744900000, 0x0000000744900000, 0x0000000744a00000|  0%| F|  |TAMS 0x0000000744900000, 0x0000000744900000| Untracked 
|  42|0x0000000744a00000, 0x0000000744a00000, 0x0000000744b00000|  0%| F|  |TAMS 0x0000000744a00000, 0x0000000744a00000| Untracked 
|  43|0x0000000744b00000, 0x0000000744b00000, 0x0000000744c00000|  0%| F|  |TAMS 0x0000000744b00000, 0x0000000744b00000| Untracked 
|  44|0x0000000744c00000, 0x0000000744c00000, 0x0000000744d00000|  0%| F|  |TAMS 0x0000000744c00000, 0x0000000744c00000| Untracked 
|  45|0x0000000744d00000, 0x0000000744d00000, 0x0000000744e00000|  0%| F|  |TAMS 0x0000000744d00000, 0x0000000744d00000| Untracked 
|  46|0x0000000744e00000, 0x0000000744e00000, 0x0000000744f00000|  0%| F|  |TAMS 0x0000000744e00000, 0x0000000744e00000| Untracked 
|  47|0x0000000744f00000, 0x0000000744f00000, 0x0000000745000000|  0%| F|  |TAMS 0x0000000744f00000, 0x0000000744f00000| Untracked 
|  48|0x0000000745000000, 0x0000000745000000, 0x0000000745100000|  0%| F|  |TAMS 0x0000000745000000, 0x0000000745000000| Untracked 
|  49|0x0000000745100000, 0x0000000745100000, 0x0000000745200000|  0%| F|  |TAMS 0x0000000745100000, 0x0000000745100000| Untracked 
|  50|0x0000000745200000, 0x0000000745200000, 0x0000000745300000|  0%| F|  |TAMS 0x0000000745200000, 0x0000000745200000| Untracked 
|  51|0x0000000745300000, 0x0000000745300000, 0x0000000745400000|  0%| F|  |TAMS 0x0000000745300000, 0x0000000745300000| Untracked 
|  52|0x0000000745400000, 0x0000000745400000, 0x0000000745500000|  0%| F|  |TAMS 0x0000000745400000, 0x0000000745400000| Untracked 
|  53|0x0000000745500000, 0x0000000745500000, 0x0000000745600000|  0%| F|  |TAMS 0x0000000745500000, 0x0000000745500000| Untracked 
|  54|0x0000000745600000, 0x0000000745600000, 0x0000000745700000|  0%| F|  |TAMS 0x0000000745600000, 0x0000000745600000| Untracked 
|  55|0x0000000745700000, 0x0000000745700000, 0x0000000745800000|  0%| F|  |TAMS 0x0000000745700000, 0x0000000745700000| Untracked 
|  56|0x0000000745800000, 0x0000000745800000, 0x0000000745900000|  0%| F|  |TAMS 0x0000000745800000, 0x0000000745800000| Untracked 
|  57|0x0000000745900000, 0x0000000745900000, 0x0000000745a00000|  0%| F|  |TAMS 0x0000000745900000, 0x0000000745900000| Untracked 
|  58|0x0000000745a00000, 0x0000000745a00000, 0x0000000745b00000|  0%| F|  |TAMS 0x0000000745a00000, 0x0000000745a00000| Untracked 
|  59|0x0000000745b00000, 0x0000000745b00000, 0x0000000745c00000|  0%| F|  |TAMS 0x0000000745b00000, 0x0000000745b00000| Untracked 
|  60|0x0000000745c00000, 0x0000000745c00000, 0x0000000745d00000|  0%| F|  |TAMS 0x0000000745c00000, 0x0000000745c00000| Untracked 
|  61|0x0000000745d00000, 0x0000000745d00000, 0x0000000745e00000|  0%| F|  |TAMS 0x0000000745d00000, 0x0000000745d00000| Untracked 
|  62|0x0000000745e00000, 0x0000000745e00000, 0x0000000745f00000|  0%| F|  |TAMS 0x0000000745e00000, 0x0000000745e00000| Untracked 
|  63|0x0000000745f00000, 0x0000000745f00000, 0x0000000746000000|  0%| F|  |TAMS 0x0000000745f00000, 0x0000000745f00000| Untracked 
|  64|0x0000000746000000, 0x0000000746000000, 0x0000000746100000|  0%| F|  |TAMS 0x0000000746000000, 0x0000000746000000| Untracked 
|  65|0x0000000746100000, 0x0000000746100000, 0x0000000746200000|  0%| F|  |TAMS 0x0000000746100000, 0x0000000746100000| Untracked 
|  66|0x0000000746200000, 0x0000000746200000, 0x0000000746300000|  0%| F|  |TAMS 0x0000000746200000, 0x0000000746200000| Untracked 
|  67|0x0000000746300000, 0x0000000746300000, 0x0000000746400000|  0%| F|  |TAMS 0x0000000746300000, 0x0000000746300000| Untracked 
|  68|0x0000000746400000, 0x0000000746400000, 0x0000000746500000|  0%| F|  |TAMS 0x0000000746400000, 0x0000000746400000| Untracked 
|  69|0x0000000746500000, 0x0000000746500000, 0x0000000746600000|  0%| F|  |TAMS 0x0000000746500000, 0x0000000746500000| Untracked 
|  70|0x0000000746600000, 0x0000000746600000, 0x0000000746700000|  0%| F|  |TAMS 0x0000000746600000, 0x0000000746600000| Untracked 
|  71|0x0000000746700000, 0x0000000746700000, 0x0000000746800000|  0%| F|  |TAMS 0x0000000746700000, 0x0000000746700000| Untracked 
|  72|0x0000000746800000, 0x0000000746800000, 0x0000000746900000|  0%| F|  |TAMS 0x0000000746800000, 0x0000000746800000| Untracked 
|  73|0x0000000746900000, 0x0000000746900000, 0x0000000746a00000|  0%| F|  |TAMS 0x0000000746900000, 0x0000000746900000| Untracked 
|  74|0x0000000746a00000, 0x0000000746a00000, 0x0000000746b00000|  0%| F|  |TAMS 0x0000000746a00000, 0x0000000746a00000| Untracked 
|  75|0x0000000746b00000, 0x0000000746b04220, 0x0000000746c00000|  1%| S|CS|TAMS 0x0000000746b00000, 0x0000000746b00000| Complete 
|  76|0x0000000746c00000, 0x0000000746c00000, 0x0000000746d00000|  0%| F|  |TAMS 0x0000000746c00000, 0x0000000746c00000| Untracked 
|  77|0x0000000746d00000, 0x0000000746d00000, 0x0000000746e00000|  0%| F|  |TAMS 0x0000000746d00000, 0x0000000746d00000| Untracked 
|  78|0x0000000746e00000, 0x0000000746e00000, 0x0000000746f00000|  0%| F|  |TAMS 0x0000000746e00000, 0x0000000746e00000| Untracked 
|  79|0x0000000746f00000, 0x0000000746fcff80, 0x0000000747000000| 81%| E|  |TAMS 0x0000000746f00000, 0x0000000746f00000| Complete 
|  80|0x0000000747000000, 0x0000000747100000, 0x0000000747100000|100%| E|CS|TAMS 0x0000000747000000, 0x0000000747000000| Complete 
|  81|0x0000000747100000, 0x0000000747200000, 0x0000000747200000|100%| E|CS|TAMS 0x0000000747100000, 0x0000000747100000| Complete 
|  82|0x0000000747200000, 0x0000000747300000, 0x0000000747300000|100%| E|CS|TAMS 0x0000000747200000, 0x0000000747200000| Complete 
|  83|0x0000000747300000, 0x0000000747400000, 0x0000000747400000|100%| E|CS|TAMS 0x0000000747300000, 0x0000000747300000| Complete 
|  84|0x0000000747400000, 0x0000000747500000, 0x0000000747500000|100%| E|CS|TAMS 0x0000000747400000, 0x0000000747400000| Complete 
|  85|0x0000000747500000, 0x0000000747600000, 0x0000000747600000|100%| E|CS|TAMS 0x0000000747500000, 0x0000000747500000| Complete 
|  86|0x0000000747600000, 0x0000000747700000, 0x0000000747700000|100%| E|CS|TAMS 0x0000000747600000, 0x0000000747600000| Complete 
|  87|0x0000000747700000, 0x0000000747800000, 0x0000000747800000|100%| E|CS|TAMS 0x0000000747700000, 0x0000000747700000| Complete 
|  88|0x0000000747800000, 0x0000000747900000, 0x0000000747900000|100%| E|CS|TAMS 0x0000000747800000, 0x0000000747800000| Complete 
|  89|0x0000000747900000, 0x0000000747a00000, 0x0000000747a00000|100%| E|CS|TAMS 0x0000000747900000, 0x0000000747900000| Complete 
|  90|0x0000000747a00000, 0x0000000747b00000, 0x0000000747b00000|100%| E|CS|TAMS 0x0000000747a00000, 0x0000000747a00000| Complete 
|  91|0x0000000747b00000, 0x0000000747c00000, 0x0000000747c00000|100%| E|CS|TAMS 0x0000000747b00000, 0x0000000747b00000| Complete 
|  92|0x0000000747c00000, 0x0000000747d00000, 0x0000000747d00000|100%| E|CS|TAMS 0x0000000747c00000, 0x0000000747c00000| Complete 
|  93|0x0000000747d00000, 0x0000000747e00000, 0x0000000747e00000|100%| E|CS|TAMS 0x0000000747d00000, 0x0000000747d00000| Complete 
|  94|0x0000000747e00000, 0x0000000747f00000, 0x0000000747f00000|100%| E|CS|TAMS 0x0000000747e00000, 0x0000000747e00000| Complete 
|  95|0x0000000747f00000, 0x0000000748000000, 0x0000000748000000|100%| E|CS|TAMS 0x0000000747f00000, 0x0000000747f00000| Complete 
|  96|0x0000000748000000, 0x0000000748100000, 0x0000000748100000|100%| E|CS|TAMS 0x0000000748000000, 0x0000000748000000| Complete 
|  97|0x0000000748100000, 0x0000000748200000, 0x0000000748200000|100%| E|CS|TAMS 0x0000000748100000, 0x0000000748100000| Complete 
|  98|0x0000000748200000, 0x0000000748300000, 0x0000000748300000|100%| E|CS|TAMS 0x0000000748200000, 0x0000000748200000| Complete 
|  99|0x0000000748300000, 0x0000000748400000, 0x0000000748400000|100%| E|CS|TAMS 0x0000000748300000, 0x0000000748300000| Complete 
| 100|0x0000000748400000, 0x0000000748500000, 0x0000000748500000|100%| E|CS|TAMS 0x0000000748400000, 0x0000000748400000| Complete 
| 101|0x0000000748500000, 0x0000000748600000, 0x0000000748600000|100%| E|CS|TAMS 0x0000000748500000, 0x0000000748500000| Complete 
| 102|0x0000000748600000, 0x0000000748700000, 0x0000000748700000|100%| E|CS|TAMS 0x0000000748600000, 0x0000000748600000| Complete 
| 103|0x0000000748700000, 0x0000000748800000, 0x0000000748800000|100%| E|CS|TAMS 0x0000000748700000, 0x0000000748700000| Complete 
| 104|0x0000000748800000, 0x0000000748900000, 0x0000000748900000|100%| E|CS|TAMS 0x0000000748800000, 0x0000000748800000| Complete 
| 105|0x0000000748900000, 0x0000000748a00000, 0x0000000748a00000|100%| E|CS|TAMS 0x0000000748900000, 0x0000000748900000| Complete 
| 106|0x0000000748a00000, 0x0000000748b00000, 0x0000000748b00000|100%| E|CS|TAMS 0x0000000748a00000, 0x0000000748a00000| Complete 
| 107|0x0000000748b00000, 0x0000000748c00000, 0x0000000748c00000|100%| E|CS|TAMS 0x0000000748b00000, 0x0000000748b00000| Complete 
| 108|0x0000000748c00000, 0x0000000748d00000, 0x0000000748d00000|100%| E|CS|TAMS 0x0000000748c00000, 0x0000000748c00000| Complete 
| 109|0x0000000748d00000, 0x0000000748e00000, 0x0000000748e00000|100%| E|CS|TAMS 0x0000000748d00000, 0x0000000748d00000| Complete 
| 110|0x0000000748e00000, 0x0000000748f00000, 0x0000000748f00000|100%| E|CS|TAMS 0x0000000748e00000, 0x0000000748e00000| Complete 
| 111|0x0000000748f00000, 0x0000000749000000, 0x0000000749000000|100%| E|CS|TAMS 0x0000000748f00000, 0x0000000748f00000| Complete 
| 112|0x0000000749000000, 0x0000000749100000, 0x0000000749100000|100%| E|CS|TAMS 0x0000000749000000, 0x0000000749000000| Complete 
| 113|0x0000000749100000, 0x0000000749200000, 0x0000000749200000|100%| E|CS|TAMS 0x0000000749100000, 0x0000000749100000| Complete 
| 114|0x0000000749200000, 0x0000000749300000, 0x0000000749300000|100%| E|CS|TAMS 0x0000000749200000, 0x0000000749200000| Complete 
| 115|0x0000000749300000, 0x0000000749400000, 0x0000000749400000|100%| E|CS|TAMS 0x0000000749300000, 0x0000000749300000| Complete 
| 116|0x0000000749400000, 0x0000000749500000, 0x0000000749500000|100%| E|CS|TAMS 0x0000000749400000, 0x0000000749400000| Complete 
| 117|0x0000000749500000, 0x0000000749600000, 0x0000000749600000|100%| E|CS|TAMS 0x0000000749500000, 0x0000000749500000| Complete 
| 118|0x0000000749600000, 0x0000000749700000, 0x0000000749700000|100%| E|CS|TAMS 0x0000000749600000, 0x0000000749600000| Complete 
| 119|0x0000000749700000, 0x0000000749800000, 0x0000000749800000|100%| E|CS|TAMS 0x0000000749700000, 0x0000000749700000| Complete 
| 120|0x0000000749800000, 0x0000000749900000, 0x0000000749900000|100%| E|CS|TAMS 0x0000000749800000, 0x0000000749800000| Complete 
| 121|0x0000000749900000, 0x0000000749a00000, 0x0000000749a00000|100%| E|CS|TAMS 0x0000000749900000, 0x0000000749900000| Complete 
| 122|0x0000000749a00000, 0x0000000749b00000, 0x0000000749b00000|100%| E|CS|TAMS 0x0000000749a00000, 0x0000000749a00000| Complete 
| 123|0x0000000749b00000, 0x0000000749c00000, 0x0000000749c00000|100%| E|CS|TAMS 0x0000000749b00000, 0x0000000749b00000| Complete 
| 124|0x0000000749c00000, 0x0000000749d00000, 0x0000000749d00000|100%| E|CS|TAMS 0x0000000749c00000, 0x0000000749c00000| Complete 
| 125|0x0000000749d00000, 0x0000000749e00000, 0x0000000749e00000|100%| E|CS|TAMS 0x0000000749d00000, 0x0000000749d00000| Complete 
| 126|0x0000000749e00000, 0x0000000749f00000, 0x0000000749f00000|100%| E|CS|TAMS 0x0000000749e00000, 0x0000000749e00000| Complete 
| 127|0x0000000749f00000, 0x000000074a000000, 0x000000074a000000|100%| E|CS|TAMS 0x0000000749f00000, 0x0000000749f00000| Complete 
| 128|0x000000074a000000, 0x000000074a100000, 0x000000074a100000|100%| E|CS|TAMS 0x000000074a000000, 0x000000074a000000| Complete 
| 129|0x000000074a100000, 0x000000074a200000, 0x000000074a200000|100%| E|CS|TAMS 0x000000074a100000, 0x000000074a100000| Complete 
| 130|0x000000074a200000, 0x000000074a300000, 0x000000074a300000|100%| E|CS|TAMS 0x000000074a200000, 0x000000074a200000| Complete 
| 131|0x000000074a300000, 0x000000074a400000, 0x000000074a400000|100%| E|CS|TAMS 0x000000074a300000, 0x000000074a300000| Complete 
| 132|0x000000074a400000, 0x000000074a500000, 0x000000074a500000|100%| E|CS|TAMS 0x000000074a400000, 0x000000074a400000| Complete 
| 133|0x000000074a500000, 0x000000074a600000, 0x000000074a600000|100%| E|CS|TAMS 0x000000074a500000, 0x000000074a500000| Complete 
| 134|0x000000074a600000, 0x000000074a700000, 0x000000074a700000|100%| E|CS|TAMS 0x000000074a600000, 0x000000074a600000| Complete 
| 135|0x000000074a700000, 0x000000074a800000, 0x000000074a800000|100%| E|CS|TAMS 0x000000074a700000, 0x000000074a700000| Complete 
| 136|0x000000074a800000, 0x000000074a900000, 0x000000074a900000|100%| E|CS|TAMS 0x000000074a800000, 0x000000074a800000| Complete 
| 137|0x000000074a900000, 0x000000074aa00000, 0x000000074aa00000|100%| E|CS|TAMS 0x000000074a900000, 0x000000074a900000| Complete 
| 138|0x000000074aa00000, 0x000000074ab00000, 0x000000074ab00000|100%| E|CS|TAMS 0x000000074aa00000, 0x000000074aa00000| Complete 
| 139|0x000000074ab00000, 0x000000074ac00000, 0x000000074ac00000|100%| E|CS|TAMS 0x000000074ab00000, 0x000000074ab00000| Complete 
| 140|0x000000074ac00000, 0x000000074ad00000, 0x000000074ad00000|100%| E|CS|TAMS 0x000000074ac00000, 0x000000074ac00000| Complete 
| 141|0x000000074ad00000, 0x000000074ae00000, 0x000000074ae00000|100%| E|CS|TAMS 0x000000074ad00000, 0x000000074ad00000| Complete 
| 142|0x000000074ae00000, 0x000000074af00000, 0x000000074af00000|100%| E|CS|TAMS 0x000000074ae00000, 0x000000074ae00000| Complete 
| 143|0x000000074af00000, 0x000000074b000000, 0x000000074b000000|100%| E|CS|TAMS 0x000000074af00000, 0x000000074af00000| Complete 
| 144|0x000000074b000000, 0x000000074b100000, 0x000000074b100000|100%| E|CS|TAMS 0x000000074b000000, 0x000000074b000000| Complete 
| 145|0x000000074b100000, 0x000000074b200000, 0x000000074b200000|100%| E|CS|TAMS 0x000000074b100000, 0x000000074b100000| Complete 
| 146|0x000000074b200000, 0x000000074b300000, 0x000000074b300000|100%| E|CS|TAMS 0x000000074b200000, 0x000000074b200000| Complete 
| 147|0x000000074b300000, 0x000000074b400000, 0x000000074b400000|100%| E|CS|TAMS 0x000000074b300000, 0x000000074b300000| Complete 
| 148|0x000000074b400000, 0x000000074b500000, 0x000000074b500000|100%| E|CS|TAMS 0x000000074b400000, 0x000000074b400000| Complete 
| 149|0x000000074b500000, 0x000000074b600000, 0x000000074b600000|100%| E|CS|TAMS 0x000000074b500000, 0x000000074b500000| Complete 
| 150|0x000000074b600000, 0x000000074b700000, 0x000000074b700000|100%| E|CS|TAMS 0x000000074b600000, 0x000000074b600000| Complete 
| 151|0x000000074b700000, 0x000000074b800000, 0x000000074b800000|100%| E|CS|TAMS 0x000000074b700000, 0x000000074b700000| Complete 
| 152|0x000000074b800000, 0x000000074b900000, 0x000000074b900000|100%| E|CS|TAMS 0x000000074b800000, 0x000000074b800000| Complete 
| 153|0x000000074b900000, 0x000000074ba00000, 0x000000074ba00000|100%| E|CS|TAMS 0x000000074b900000, 0x000000074b900000| Complete 
| 154|0x000000074ba00000, 0x000000074bb00000, 0x000000074bb00000|100%| E|CS|TAMS 0x000000074ba00000, 0x000000074ba00000| Complete 
| 155|0x000000074bb00000, 0x000000074bc00000, 0x000000074bc00000|100%| E|CS|TAMS 0x000000074bb00000, 0x000000074bb00000| Complete 
| 156|0x000000074bc00000, 0x000000074bd00000, 0x000000074bd00000|100%| E|CS|TAMS 0x000000074bc00000, 0x000000074bc00000| Complete 
| 157|0x000000074bd00000, 0x000000074be00000, 0x000000074be00000|100%| E|CS|TAMS 0x000000074bd00000, 0x000000074bd00000| Complete 
| 158|0x000000074be00000, 0x000000074bf00000, 0x000000074bf00000|100%| E|CS|TAMS 0x000000074be00000, 0x000000074be00000| Complete 
| 159|0x000000074bf00000, 0x000000074c000000, 0x000000074c000000|100%| E|CS|TAMS 0x000000074bf00000, 0x000000074bf00000| Complete 
| 160|0x000000074c000000, 0x000000074c100000, 0x000000074c100000|100%| E|CS|TAMS 0x000000074c000000, 0x000000074c000000| Complete 
| 161|0x000000074c100000, 0x000000074c200000, 0x000000074c200000|100%| E|CS|TAMS 0x000000074c100000, 0x000000074c100000| Complete 
| 162|0x000000074c200000, 0x000000074c300000, 0x000000074c300000|100%| E|CS|TAMS 0x000000074c200000, 0x000000074c200000| Complete 
| 163|0x000000074c300000, 0x000000074c400000, 0x000000074c400000|100%| E|CS|TAMS 0x000000074c300000, 0x000000074c300000| Complete 
| 164|0x000000074c400000, 0x000000074c500000, 0x000000074c500000|100%| E|CS|TAMS 0x000000074c400000, 0x000000074c400000| Complete 
| 165|0x000000074c500000, 0x000000074c600000, 0x000000074c600000|100%| E|CS|TAMS 0x000000074c500000, 0x000000074c500000| Complete 
| 166|0x000000074c600000, 0x000000074c700000, 0x000000074c700000|100%| E|CS|TAMS 0x000000074c600000, 0x000000074c600000| Complete 
| 167|0x000000074c700000, 0x000000074c800000, 0x000000074c800000|100%| E|CS|TAMS 0x000000074c700000, 0x000000074c700000| Complete 
| 168|0x000000074c800000, 0x000000074c900000, 0x000000074c900000|100%| E|CS|TAMS 0x000000074c800000, 0x000000074c800000| Complete 
| 169|0x000000074c900000, 0x000000074ca00000, 0x000000074ca00000|100%| E|CS|TAMS 0x000000074c900000, 0x000000074c900000| Complete 
| 170|0x000000074ca00000, 0x000000074cb00000, 0x000000074cb00000|100%| E|CS|TAMS 0x000000074ca00000, 0x000000074ca00000| Complete 
| 171|0x000000074cb00000, 0x000000074cc00000, 0x000000074cc00000|100%| E|CS|TAMS 0x000000074cb00000, 0x000000074cb00000| Complete 
| 172|0x000000074cc00000, 0x000000074cd00000, 0x000000074cd00000|100%| E|CS|TAMS 0x000000074cc00000, 0x000000074cc00000| Complete 
| 173|0x000000074cd00000, 0x000000074ce00000, 0x000000074ce00000|100%| E|CS|TAMS 0x000000074cd00000, 0x000000074cd00000| Complete 
| 174|0x000000074ce00000, 0x000000074cf00000, 0x000000074cf00000|100%| E|CS|TAMS 0x000000074ce00000, 0x000000074ce00000| Complete 
| 175|0x000000074cf00000, 0x000000074d000000, 0x000000074d000000|100%| E|CS|TAMS 0x000000074cf00000, 0x000000074cf00000| Complete 
| 176|0x000000074d000000, 0x000000074d100000, 0x000000074d100000|100%| E|CS|TAMS 0x000000074d000000, 0x000000074d000000| Complete 
| 177|0x000000074d100000, 0x000000074d200000, 0x000000074d200000|100%| E|CS|TAMS 0x000000074d100000, 0x000000074d100000| Complete 
| 178|0x000000074d200000, 0x000000074d300000, 0x000000074d300000|100%| E|CS|TAMS 0x000000074d200000, 0x000000074d200000| Complete 
| 179|0x000000074d300000, 0x000000074d400000, 0x000000074d400000|100%| E|CS|TAMS 0x000000074d300000, 0x000000074d300000| Complete 
| 180|0x000000074d400000, 0x000000074d500000, 0x000000074d500000|100%| E|CS|TAMS 0x000000074d400000, 0x000000074d400000| Complete 
| 181|0x000000074d500000, 0x000000074d600000, 0x000000074d600000|100%| E|CS|TAMS 0x000000074d500000, 0x000000074d500000| Complete 
| 182|0x000000074d600000, 0x000000074d700000, 0x000000074d700000|100%| E|CS|TAMS 0x000000074d600000, 0x000000074d600000| Complete 
| 183|0x000000074d700000, 0x000000074d800000, 0x000000074d800000|100%| E|CS|TAMS 0x000000074d700000, 0x000000074d700000| Complete 
| 184|0x000000074d800000, 0x000000074d900000, 0x000000074d900000|100%| E|CS|TAMS 0x000000074d800000, 0x000000074d800000| Complete 
| 185|0x000000074d900000, 0x000000074da00000, 0x000000074da00000|100%| E|CS|TAMS 0x000000074d900000, 0x000000074d900000| Complete 
| 186|0x000000074da00000, 0x000000074db00000, 0x000000074db00000|100%| E|CS|TAMS 0x000000074da00000, 0x000000074da00000| Complete 
| 187|0x000000074db00000, 0x000000074dc00000, 0x000000074dc00000|100%| E|CS|TAMS 0x000000074db00000, 0x000000074db00000| Complete 
| 188|0x000000074dc00000, 0x000000074dd00000, 0x000000074dd00000|100%| E|CS|TAMS 0x000000074dc00000, 0x000000074dc00000| Complete 
| 189|0x000000074dd00000, 0x000000074de00000, 0x000000074de00000|100%| E|CS|TAMS 0x000000074dd00000, 0x000000074dd00000| Complete 

Card table byte_map: [0x000001fc7f2c0000,0x000001fc7f8b0000] _byte_map_base: 0x000001fc7b8b0000

Marking Bits (Prev, Next): (CMBitMap*) 0x000001fc76920888, (CMBitMap*) 0x000001fc769208c8
 Prev Bits: [0x000001fc0f000000, 0x000001fc11f80000)
 Next Bits: [0x000001fc11f80000, 0x000001fc14f00000)

Polling page: 0x000001fc74760000

Metaspace:

Usage:
  Non-class:      6.69 MB capacity,     6.51 MB ( 97%) used,   158.63 KB (  2%) free+waste,    25.31 KB ( <1%) overhead. 
      Class:    946.00 KB capacity,   779.70 KB ( 82%) used,   150.80 KB ( 16%) free+waste,    15.50 KB (  2%) overhead. 
       Both:      7.62 MB capacity,     7.28 MB ( 96%) used,   309.43 KB (  4%) free+waste,    40.81 KB ( <1%) overhead. 

Virtual space:
  Non-class space:        8.00 MB reserved,       6.75 MB ( 84%) committed 
      Class space:        1.00 GB reserved,       1.00 MB ( <1%) committed 
             Both:        1.01 GB reserved,       7.75 MB ( <1%) committed 

Chunk freelists:
   Non-Class:  7.13 KB
       Class:  1.75 KB
        Both:  8.88 KB

CodeHeap 'non-profiled nmethods': size=120064Kb used=1439Kb max_used=1439Kb free=118624Kb
 bounds [0x000001fc07ac0000, 0x000001fc07d30000, 0x000001fc0f000000]
CodeHeap 'profiled nmethods': size=120000Kb used=3259Kb max_used=3259Kb free=116740Kb
 bounds [0x000001fc00590000, 0x000001fc008c0000, 0x000001fc07ac0000]
CodeHeap 'non-nmethods': size=5696Kb used=1208Kb max_used=1299Kb free=4488Kb
 bounds [0x000001fc00000000, 0x000001fc00270000, 0x000001fc00590000]
 total_blobs=2940 nmethods=1758 adapters=471
 compilation: enabled
              stopped_count=0, restarted_count=0
 full_count=0

Compilation events (10 events):
Event: 5880.589 Thread 0x000001fc17c36000 1754   !   3       jdk.internal.ref.PhantomCleanable::isListEmpty (34 bytes)
Event: 5880.589 Thread 0x000001fc17c36000 nmethod 1754 0x000001fc008bd110 code [0x000001fc008bd2e0, 0x000001fc008bd698]
Event: 5880.589 Thread 0x000001fc17c36000 1755       3       jdk.internal.misc.InnocuousThread::eraseThreadLocals (23 bytes)
Event: 5880.589 Thread 0x000001fc17c36000 nmethod 1755 0x000001fc008bd790 code [0x000001fc008bd960, 0x000001fc008bdbd8]
Event: 9172.436 Thread 0x000001fc17c36000 1756 % !   3       ktdh.View2::MoveSun @ 0 (90 bytes)
Event: 9172.439 Thread 0x000001fc17c36000 nmethod 1756% 0x000001fc008bdc90 code [0x000001fc008bdea0, 0x000001fc008be3e0]
Event: 9328.099 Thread 0x000001fc17c36000 1757   !   3       ktdh.View2::MoveSun (90 bytes)
Event: 9328.099 Thread 0x000001fc17c36000 nmethod 1757 0x000001fc008be590 code [0x000001fc008be7a0, 0x000001fc008beca0]
Event: 9465.339 Thread 0x000001fc17c2d800 1758       4       java.util.concurrent.ConcurrentHashMap::tabAt (22 bytes)
Event: 9465.340 Thread 0x000001fc17c2d800 nmethod 1758 0x000001fc07c27b10 code [0x000001fc07c27ca0, 0x000001fc07c27cf8]

GC Heap History (10 events):
Event: 66.882 GC heap before
{Heap before GC invocations=51 (full 0):
 garbage-first heap   total 194560K, used 125112K [0x0000000742000000, 0x0000000800000000)
  region size 1024K, 115 young (117760K), 1 survivors (1024K)
 Metaspace       used 7374K, capacity 7703K, committed 7936K, reserved 1056768K
  class space    used 765K, capacity 913K, committed 1024K, reserved 1048576K
}
Event: 66.882 GC heap after
{Heap after GC invocations=52 (full 0):
 garbage-first heap   total 194560K, used 9398K [0x0000000742000000, 0x0000000800000000)
  region size 1024K, 1 young (1024K), 1 survivors (1024K)
 Metaspace       used 7374K, capacity 7703K, committed 7936K, reserved 1056768K
  class space    used 765K, capacity 913K, committed 1024K, reserved 1048576K
}
Event: 68.206 GC heap before
{Heap before GC invocations=52 (full 0):
 garbage-first heap   total 194560K, used 125110K [0x0000000742000000, 0x0000000800000000)
  region size 1024K, 114 young (116736K), 1 survivors (1024K)
 Metaspace       used 7374K, capacity 7703K, committed 7936K, reserved 1056768K
  class space    used 765K, capacity 913K, committed 1024K, reserved 1048576K
}
Event: 68.207 GC heap after
{Heap after GC invocations=53 (full 0):
 garbage-first heap   total 194560K, used 9402K [0x0000000742000000, 0x0000000800000000)
  region size 1024K, 1 young (1024K), 1 survivors (1024K)
 Metaspace       used 7374K, capacity 7703K, committed 7936K, reserved 1056768K
  class space    used 765K, capacity 913K, committed 1024K, reserved 1048576K
}
Event: 69.521 GC heap before
{Heap before GC invocations=53 (full 0):
 garbage-first heap   total 194560K, used 125114K [0x0000000742000000, 0x0000000800000000)
  region size 1024K, 114 young (116736K), 1 survivors (1024K)
 Metaspace       used 7374K, capacity 7703K, committed 7936K, reserved 1056768K
  class space    used 765K, capacity 913K, committed 1024K, reserved 1048576K
}
Event: 69.522 GC heap after
{Heap after GC invocations=54 (full 0):
 garbage-first heap   total 194560K, used 9404K [0x0000000742000000, 0x0000000800000000)
  region size 1024K, 1 young (1024K), 1 survivors (1024K)
 Metaspace       used 7374K, capacity 7703K, committed 7936K, reserved 1056768K
  class space    used 765K, capacity 913K, committed 1024K, reserved 1048576K
}
Event: 70.871 GC heap before
{Heap before GC invocations=54 (full 0):
 garbage-first heap   total 194560K, used 125116K [0x0000000742000000, 0x0000000800000000)
  region size 1024K, 114 young (116736K), 1 survivors (1024K)
 Metaspace       used 7380K, capacity 7703K, committed 7936K, reserved 1056768K
  class space    used 765K, capacity 913K, committed 1024K, reserved 1048576K
}
Event: 70.872 GC heap after
{Heap after GC invocations=55 (full 0):
 garbage-first heap   total 194560K, used 9406K [0x0000000742000000, 0x0000000800000000)
  region size 1024K, 1 young (1024K), 1 survivors (1024K)
 Metaspace       used 7380K, capacity 7703K, committed 7936K, reserved 1056768K
  class space    used 765K, capacity 913K, committed 1024K, reserved 1048576K
}
Event: 72.199 GC heap before
{Heap before GC invocations=55 (full 0):
 garbage-first heap   total 194560K, used 125118K [0x0000000742000000, 0x0000000800000000)
  region size 1024K, 114 young (116736K), 1 survivors (1024K)
 Metaspace       used 7380K, capacity 7703K, committed 7936K, reserved 1056768K
  class space    used 765K, capacity 913K, committed 1024K, reserved 1048576K
}
Event: 72.199 GC heap after
{Heap after GC invocations=56 (full 0):
 garbage-first heap   total 194560K, used 9406K [0x0000000742000000, 0x0000000800000000)
  region size 1024K, 1 young (1024K), 1 survivors (1024K)
 Metaspace       used 7380K, capacity 7703K, committed 7936K, reserved 1056768K
  class space    used 765K, capacity 913K, committed 1024K, reserved 1048576K
}

Deoptimization events (10 events):
Event: 73.670 Thread 0x000001fc17c28000 Uncommon trap: reason=unstable_if action=reinterpret pc=0x000001fc07b5e360 method=java.awt.Component.firePropertyChange(Ljava/lang/String;Ljava/lang/Object;Ljava/lang/Object;)V @ 30 c2
Event: 73.670 Thread 0x000001fc17c28000 Uncommon trap: reason=unstable_if action=reinterpret pc=0x000001fc07b3774c method=javax.swing.JComponent.getClientProperty(Ljava/lang/Object;)Ljava/lang/Object; @ 28 c2
Event: 73.675 Thread 0x000001fc17c28000 Uncommon trap: reason=unstable_if action=reinterpret pc=0x000001fc07bb1454 method=java.util.IdentityHashMap.isEmpty()Z @ 4 c2
Event: 73.676 Thread 0x000001fc17c26000 Uncommon trap: reason=unstable_if action=reinterpret pc=0x000001fc07b6ca04 method=java.util.IdentityHashMap.isEmpty()Z @ 4 c2
Event: 73.677 Thread 0x000001fc17c28000 Uncommon trap: reason=speculate_class_check action=maybe_recompile pc=0x000001fc07bf8dd0 method=java.awt.EventQueue.coalesceEvent(Ljava/awt/AWTEvent;I)Z @ 53 c2
Event: 73.678 Thread 0x000001fc17c28000 Uncommon trap: reason=unstable_if action=reinterpret pc=0x000001fc07bdd78c method=javax.swing.RepaintManager$4.run()Ljava/lang/Void; @ 94 c2
Event: 74.795 Thread 0x000001fc17c25800 Uncommon trap: reason=unstable_if action=reinterpret pc=0x000001fc07bd5e3c method=java.util.HashMap$HashIterator.<init>(Ljava/util/HashMap;)V @ 38 c2
Event: 74.795 Thread 0x000001fc17c25800 Uncommon trap: reason=unstable_if action=reinterpret pc=0x000001fc07bf895c method=java.awt.EventQueue.postEvent(Ljava/awt/AWTEvent;I)V @ 32 c2
Event: 74.795 Thread 0x000001fc17c28000 Uncommon trap: reason=unstable_if action=reinterpret pc=0x000001fc07b64768 method=java.util.concurrent.locks.ReentrantLock$Sync.tryRelease(I)Z @ 28 c2
Event: 9465.370 Thread 0x000001fc17c26000 Uncommon trap: reason=unstable_if action=reinterpret pc=0x000001fc07b99084 method=java.util.concurrent.locks.ReentrantLock$Sync.tryRelease(I)Z @ 28 c2

Classes redefined (0 events):
No events

Internal exceptions (10 events):
Event: 0.194 Thread 0x000001fc768cc800 Exception <a 'java/lang/NoSuchMethodError'{0x000000074db7f410}: java.lang.invoke.DirectMethodHandle$Holder.invokeStatic(Ljava/lang/Object;Ljava/lang/Object;Ljava/lang/Object;Ljava/lang/Object;Ljava/lang/Object;Ljava/lang/Object;Ljava/lang/Object;J)Ljava/l
Event: 0.226 Thread 0x000001fc768cc800 Exception <a 'java/lang/NoSuchMethodError'{0x000000074da74390}: java.lang.invoke.DirectMethodHandle$Holder.invokeStatic(Ljava/lang/Object;ILjava/lang/Object;Ljava/lang/Object;Ljava/lang/Object;Ljava/lang/Object;)Ljava/lang/Object;> (0x000000074da74390) th
Event: 0.227 Thread 0x000001fc768cc800 Exception <a 'java/lang/NoSuchMethodError'{0x000000074da7afc0}: java.lang.invoke.DirectMethodHandle$Holder.invokeStatic(Ljava/lang/Object;ILjava/lang/Object;Ljava/lang/Object;Ljava/lang/Object;)Ljava/lang/Object;> (0x000000074da7afc0) thrown at [t:/worksp
Event: 0.227 Thread 0x000001fc768cc800 Exception <a 'java/lang/NoSuchMethodError'{0x000000074da7e820}: java.lang.invoke.DirectMethodHandle$Holder.invokeSpecial(Ljava/lang/Object;Ljava/lang/Object;ILjava/lang/Object;Ljava/lang/Object;Ljava/lang/Object;)Ljava/lang/Object;> (0x000000074da7e820) t
Event: 0.230 Thread 0x000001fc768cc800 Exception <a 'java/lang/NoSuchMethodError'{0x000000074da94ec0}: java.lang.invoke.DirectMethodHandle$Holder.invokeStatic(Ljava/lang/Object;ILjava/lang/Object;)Ljava/lang/Object;> (0x000000074da94ec0) thrown at [t:/workspace/open/src/hotspot/share/interpret
Event: 0.249 Thread 0x000001fc768cc800 Exception <a 'java/lang/ClassNotFoundException'{0x000000074d938fc0}: com/sun/swing/internal/plaf/metal/resources/spi/metalProvider> (0x000000074d938fc0) thrown at [t:/workspace/open/src/hotspot/share/classfile/systemDictionary.cpp, line 235]
Event: 0.249 Thread 0x000001fc768cc800 Exception <a 'java/lang/ClassNotFoundException'{0x000000074d93d478}: com/sun/swing/internal/plaf/basic/resources/spi/basicProvider> (0x000000074d93d478) thrown at [t:/workspace/open/src/hotspot/share/classfile/systemDictionary.cpp, line 235]
Event: 0.284 Thread 0x000001fc768cc800 Exception <a 'java/lang/NoSuchMethodError'{0x000000074d9e26b0}: java.lang.invoke.DirectMethodHandle$Holder.invokeStaticInit(Ljava/lang/Object;)V> (0x000000074d9e26b0) thrown at [t:/workspace/open/src/hotspot/share/interpreter/linkResolver.cpp, line 777]
Event: 0.330 Thread 0x000001fc768cc800 Exception <a 'java/lang/NoSuchMethodError'{0x000000074d870100}: java.lang.invoke.Invokers$Holder.linkToTargetMethod(Ljava/lang/Object;ILjava/lang/Object;)Ljava/lang/Object;> (0x000000074d870100) thrown at [t:/workspace/open/src/hotspot/share/interpreter/l
Event: 9465.370 Thread 0x000001fc17c26000 Exception <a 'java/lang/OutOfMemoryError'{0x0000000746f57888}: unable to create native thread: possibly out of memory or process/resource limits reached> (0x0000000746f57888) thrown at [t:/workspace/open/src/hotspot/share/prims/jvm.cpp, line 2806]

Events (10 events):
Event: 9465.338 Executing VM operation: RevokeBias
Event: 9465.338 Executing VM operation: RevokeBias done
Event: 9465.338 Executing VM operation: RevokeBias
Event: 9465.338 Executing VM operation: RevokeBias done
Event: 9465.338 Executing VM operation: RevokeBias
Event: 9465.338 Executing VM operation: RevokeBias done
Event: 9465.338 Executing VM operation: BulkRevokeBias
Event: 9465.338 Executing VM operation: BulkRevokeBias done
Event: 9465.370 Thread 0x000001fc17c26000 Uncommon trap: trap_request=0xffffff4d fr.pc=0x000001fc07b99084 relative=0x00000000000001c4
Event: 9465.371 Thread 0x000001fc17c26000 DEOPT PACKING pc=0x000001fc07b99084 sp=0x0000008eee2fdeb0


Dynamic libraries:
0x00007ff71c560000 - 0x00007ff71c56f000 	C:\Program Files\Java\jdk-12.0.2\bin\java.exe
0x00007ff8bc8e0000 - 0x00007ff8bcad0000 	C:\Windows\SYSTEM32\ntdll.dll
0x00007ff8bc5e0000 - 0x00007ff8bc692000 	C:\Windows\System32\KERNEL32.DLL
0x00007ff8b9870000 - 0x00007ff8b9b14000 	C:\Windows\System32\KERNELBASE.dll
0x00007ff8b9e00000 - 0x00007ff8b9efa000 	C:\Windows\System32\ucrtbase.dll
0x00007ff8ab1a0000 - 0x00007ff8ab1b6000 	C:\Program Files\Java\jdk-12.0.2\bin\VCRUNTIME140.dll
0x00007ff8b2b80000 - 0x00007ff8b2b98000 	C:\Program Files\Java\jdk-12.0.2\bin\jli.dll
0x00007ff8bab20000 - 0x00007ff8babc3000 	C:\Windows\System32\ADVAPI32.dll
0x00007ff8bacf0000 - 0x00007ff8bad8e000 	C:\Windows\System32\msvcrt.dll
0x00007ff8bc800000 - 0x00007ff8bc897000 	C:\Windows\System32\sechost.dll
0x00007ff8babd0000 - 0x00007ff8bacf0000 	C:\Windows\System32\RPCRT4.dll
0x00007ff8bae00000 - 0x00007ff8baf94000 	C:\Windows\System32\USER32.dll
0x00007ff8b9db0000 - 0x00007ff8b9dd1000 	C:\Windows\System32\win32u.dll
0x00007ff8a8b10000 - 0x00007ff8a8d94000 	C:\Windows\WinSxS\amd64_microsoft.windows.common-controls_6595b64144ccf1df_6.0.18362.900_none_e6beb9d913147d17\COMCTL32.dll
0x00007ff8bbe80000 - 0x00007ff8bbea6000 	C:\Windows\System32\GDI32.dll
0x00007ff8bafb0000 - 0x00007ff8bb2e5000 	C:\Windows\System32\combase.dll
0x00007ff8b9c10000 - 0x00007ff8b9da5000 	C:\Windows\System32\gdi32full.dll
0x00007ff8ba0e0000 - 0x00007ff8ba160000 	C:\Windows\System32\bcryptPrimitives.dll
0x00007ff8b9b70000 - 0x00007ff8b9c0e000 	C:\Windows\System32\msvcp_win.dll
0x00007ff8acc20000 - 0x00007ff8acc2a000 	C:\Windows\SYSTEM32\VERSION.dll
0x00007ff8bbeb0000 - 0x00007ff8bbede000 	C:\Windows\System32\IMM32.DLL
0x00007ff88bab0000 - 0x00007ff88bb5a000 	C:\Program Files\Java\jdk-12.0.2\bin\msvcp140.dll
0x00007ff870120000 - 0x00007ff870c97000 	C:\Program Files\Java\jdk-12.0.2\bin\server\jvm.dll
0x00007ff8bc5d0000 - 0x00007ff8bc5d8000 	C:\Windows\System32\PSAPI.DLL
0x00007ff8a7c20000 - 0x00007ff8a7c29000 	C:\Windows\SYSTEM32\WSOCK32.dll
0x00007ff8bbda0000 - 0x00007ff8bbe0f000 	C:\Windows\System32\WS2_32.dll
0x00007ff8b72d0000 - 0x00007ff8b72f4000 	C:\Windows\SYSTEM32\WINMM.dll
0x00007ff8b7130000 - 0x00007ff8b715d000 	C:\Windows\SYSTEM32\WINMMBASE.dll
0x00007ff8b9b20000 - 0x00007ff8b9b6a000 	C:\Windows\System32\cfgmgr32.dll
0x00007ff8b97b0000 - 0x00007ff8b97c1000 	C:\Windows\System32\kernel.appcore.dll
0x00007ff8a9f10000 - 0x00007ff8a9f21000 	C:\Program Files\Java\jdk-12.0.2\bin\verify.dll
0x00007ff8b80c0000 - 0x00007ff8b82b4000 	C:\Windows\SYSTEM32\DBGHELP.DLL
0x00007ff89ee00000 - 0x00007ff89ee2a000 	C:\Windows\SYSTEM32\dbgcore.DLL
0x00007ff8aa000000 - 0x00007ff8aa026000 	C:\Program Files\Java\jdk-12.0.2\bin\java.dll
0x00007ff89a510000 - 0x00007ff89a527000 	C:\Program Files\Java\jdk-12.0.2\bin\zip.dll
0x00007ff8b30f0000 - 0x00007ff8b30fa000 	C:\Program Files\Java\jdk-12.0.2\bin\jimage.dll
0x00007ff8bb500000 - 0x00007ff8bbbe6000 	C:\Windows\System32\SHELL32.dll
0x00007ff8bc520000 - 0x00007ff8bc5c9000 	C:\Windows\System32\shcore.dll
0x00007ff8ba210000 - 0x00007ff8ba990000 	C:\Windows\System32\windows.storage.dll
0x00007ff8b9840000 - 0x00007ff8b9863000 	C:\Windows\System32\profapi.dll
0x00007ff8b97f0000 - 0x00007ff8b983a000 	C:\Windows\System32\powrprof.dll
0x00007ff8b97a0000 - 0x00007ff8b97b0000 	C:\Windows\System32\UMPDC.dll
0x00007ff8bbe10000 - 0x00007ff8bbe62000 	C:\Windows\System32\shlwapi.dll
0x00007ff8b9de0000 - 0x00007ff8b9df7000 	C:\Windows\System32\cryptsp.dll
0x00007ff891130000 - 0x00007ff891149000 	C:\Program Files\Java\jdk-12.0.2\bin\net.dll
0x00007ff8acea0000 - 0x00007ff8acf90000 	C:\Windows\SYSTEM32\WINHTTP.dll
0x00007ff8a1130000 - 0x00007ff8a1306000 	C:\Windows\SYSTEM32\urlmon.dll
0x00007ff8a0d90000 - 0x00007ff8a1036000 	C:\Windows\SYSTEM32\iertutil.dll
0x00007ff8b91e0000 - 0x00007ff8b91ec000 	C:\Windows\SYSTEM32\CRYPTBASE.DLL
0x00007ff8b9010000 - 0x00007ff8b9077000 	C:\Windows\system32\mswsock.dll
0x00007ff88e1a0000 - 0x00007ff88e1b3000 	C:\Program Files\Java\jdk-12.0.2\bin\nio.dll
0x00007ff8804e0000 - 0x00007ff88067f000 	C:\Program Files\Java\jdk-12.0.2\bin\awt.dll
0x00007ff8bb430000 - 0x00007ff8bb4f5000 	C:\Windows\System32\OLEAUT32.dll
0x00007ff8b5b20000 - 0x00007ff8b60e0000 	C:\Windows\SYSTEM32\d2d1.dll
0x00007ff8b7450000 - 0x00007ff8b74df000 	C:\Windows\SYSTEM32\apphelp.dll
0x00007ff8b7b90000 - 0x00007ff8b7bbd000 	C:\Windows\system32\DWMAPI.DLL
0x00007ff8b7760000 - 0x00007ff8b77f9000 	C:\Windows\system32\uxtheme.dll
0x00007ff8a1b60000 - 0x00007ff8a1cb6000 	C:\Windows\system32\opengl32.dll
0x00007ff8a1480000 - 0x00007ff8a14ac000 	C:\Windows\SYSTEM32\GLU32.dll
0x00007ff8b8410000 - 0x00007ff8b8430000 	C:\Windows\SYSTEM32\dxcore.dll
0x00007ff8bb2f0000 - 0x00007ff8bb425000 	C:\Windows\System32\MSCTF.dll
0x00007ff8bc6a0000 - 0x00007ff8bc7f7000 	C:\Windows\System32\ole32.dll
0x00007ff8866f0000 - 0x00007ff886770000 	C:\Program Files\Java\jdk-12.0.2\bin\freetype.dll
0x00007ff883810000 - 0x00007ff8838bb000 	C:\Program Files\Java\jdk-12.0.2\bin\fontmanager.dll
0x00007ff8b3050000 - 0x00007ff8b30ee000 	C:\Windows\System32\TextInputFramework.dll
0x00007ff8b7020000 - 0x00007ff8b70f4000 	C:\Windows\System32\CoreMessaging.dll
0x00007ff8b38b0000 - 0x00007ff8b3bda000 	C:\Windows\System32\CoreUIComponents.dll
0x00007ff8b8800000 - 0x00007ff8b8831000 	C:\Windows\SYSTEM32\ntmarta.dll
0x00007ff8b4990000 - 0x00007ff8b4ae3000 	C:\Windows\SYSTEM32\wintypes.dll
0x00007ff8b2b50000 - 0x00007ff8b2b7d000 	C:\Program Files\Java\jdk-12.0.2\bin\javajpeg.dll

dbghelp: loaded successfully - version: 4.0.5 - missing functions: none
symbol engine: initialized successfully - sym options: 0x614 - pdb path: .;C:\Program Files\Java\jdk-12.0.2\bin;C:\Windows\SYSTEM32;C:\Windows\WinSxS\amd64_microsoft.windows.common-controls_6595b64144ccf1df_6.0.18362.900_none_e6beb9d913147d17;C:\Program Files\Java\jdk-12.0.2\bin\server

VM Arguments:
jvm_args: -Dfile.encoding=UTF-8 -Djava.security.policy=applet.policy 
java_command: ktdh.View2
java_class_path (initial): D:\NETBEAN\netbeans\java\modules\ext\AbsoluteLayout.jar;C:\Users\USER\Desktop\NNLT\JAVA TOOL+CODE\Tool JAVA\AutoComplete\swingx-all-1.6.4.jar;C:\Users\USER\Documents\NetBeansProjects\KTDH\build\classes
Launcher Type: SUN_STANDARD

[Global flags]
     intx CICompilerCount                          = 3                                         {product} {ergonomic}
     uint ConcGCThreads                            = 1                                         {product} {ergonomic}
     uint G1ConcRefinementThreads                  = 4                                         {product} {ergonomic}
   size_t G1HeapRegionSize                         = 1048576                                   {product} {ergonomic}
    uintx GCDrainStackTargetSize                   = 64                                        {product} {ergonomic}
   size_t InitialHeapSize                          = 199229440                                 {product} {ergonomic}
   size_t MarkStackSize                            = 4194304                                   {product} {ergonomic}
   size_t MaxHeapSize                              = 3187671040                                {product} {ergonomic}
   size_t MaxNewSize                               = 1912602624                                {product} {ergonomic}
   size_t MinHeapDeltaBytes                        = 1048576                                   {product} {ergonomic}
    uintx NonNMethodCodeHeapSize                   = 5830732                                {pd product} {ergonomic}
    uintx NonProfiledCodeHeapSize                  = 122913754                              {pd product} {ergonomic}
    uintx ProfiledCodeHeapSize                     = 122913754                              {pd product} {ergonomic}
    uintx ReservedCodeCacheSize                    = 251658240                              {pd product} {ergonomic}
     bool SegmentedCodeCache                       = true                                      {product} {ergonomic}
     bool UseCompressedClassPointers               = true                                 {lp64_product} {ergonomic}
     bool UseCompressedOops                        = true                                 {lp64_product} {ergonomic}
     bool UseG1GC                                  = true                                      {product} {ergonomic}
     bool UseLargePagesIndividualAllocation        = false                                  {pd product} {ergonomic}

Logging:
Log output configuration:
 #0: stdout all=warning uptime,level,tags
 #1: stderr all=off uptime,level,tags

Environment Variables:
JAVA_HOME=C:\Program Files\Java\jdk-12.0.2
PATH=C:\Program Files (x86)\Common Files\Oracle\Java\javapath;C:\Program Files (x86)\Intel\Intel(R) Management Engine Components\iCLS\;C:\Program Files\Intel\Intel(R) Management Engine Components\iCLS\;C:\Windows\system32;C:\Windows;C:\Windows\System32\Wbem;C:\Windows\System32\WindowsPowerShell\v1.0\;C:\Windows\System32\OpenSSH\;C:\Program Files (x86)\Intel\Intel(R) Management Engine Components\DAL;C:\Program Files\Intel\Intel(R) Management Engine Components\DAL;C:\Program Files (x86)\Intel\Intel(R) Management Engine Components\IPT;C:\Program Files\Intel\Intel(R) Management Engine Components\IPT;C:\Program Files\Intel\WiFi\bin\;C:\Program Files\Common Files\Intel\WirelessCommon\;C:\Program Files\Java\jdk-12.0.2\bin;C:\Program Files\Microsoft SQL Server\110\Tools\Binn\;C:\Program Files (x86)\Microsoft SQL Server\110\Tools\Binn\;C:\Program Files\Microsoft SQL Server\110\DTS\Binn\;C:\Program Files (x86)\Microsoft SQL Server\110\Tools\Binn\ManagementStudio\;C:\Program Files (x86)\Microsoft Visual Studio 10.0\Common7\IDE\PrivateAssemblies\;C:\Program Files (x86)\Microsoft SQL Server\110\DTS\Binn\;C:\Users\USER\Documents\OpenSSL\OpenSSL-Win64\bin;C:\Program Files\OpenSSL-Win64\bin;C:\Users\USER\Downloads\New folder\New folder\bin;D:\PYTHON\Scripts\;D:\PYTHON\;C:\Users\USER\AppData\Local\Microsoft\WindowsApps;C:\Program Files\Intel\WiFi\bin\;C:\Program Files\Common Files\Intel\WirelessCommon\
USERNAME=USER
OS=Windows_NT
PROCESSOR_IDENTIFIER=Intel64 Family 6 Model 142 Stepping 9, GenuineIntel



---------------  S Y S T E M  ---------------

OS: Windows 10 , 64 bit Build 18362 (10.0.18362.900)

CPU:total 4 (initial active 4) (2 cores per cpu, 2 threads per core) family 6 model 142 stepping 9, cmov, cx8, fxsr, mmx, sse, sse2, sse3, ssse3, sse4.1, sse4.2, popcnt, avx, avx2, aes, clmul, erms, 3dnowpref, lzcnt, ht, tsc, tscinvbit, bmi1, bmi2, adx, fma

Memory: 4k page, system-wide physical 12153M (4067M free)
TotalPageFile size 28176M (AvailPageFile size 0M)
current process WorkingSet (physical memory assigned to process): 27M, peak: 287M
current process commit charge ("private bytes"): 275M, peak: 386M

vm_info: Java HotSpot(TM) 64-Bit Server VM (12.0.2+10) for windows-amd64 JRE (12.0.2+10), built on Jul 16 2019 01:56:17 by "mach5one" with MS VC++ 15.5 (VS2017)

END.
