#
# There is insufficient memory for the Java Runtime Environment to continue.
# Native memory allocation (mmap) failed to map 199229440 bytes for Failed to commit area from 0x0000000742000000 to 0x000000074de00000 of length 199229440.
# Possible reasons:
#   The system is out of physical RAM or swap space
#   The process is running with CompressedOops enabled, and the Java Heap may be blocking the growth of the native heap
# Possible solutions:
#   Reduce memory load on the system
#   Increase physical memory or swap space
#   Check if swap backing store is full
#   Decrease Java heap size (-Xmx/-Xms)
#   Decrease number of Java threads
#   Decrease Java thread stack sizes (-Xss)
#   Set larger code cache with -XX:ReservedCodeCacheSize=
# This output file may be truncated or incomplete.
#
#  Out of Memory Error (t:/workspace/open/src/hotspot/os/windows/os_windows.cpp:3264), pid=20920, tid=24056
#
# JRE version:  (12.0.2+10) (build )
# Java VM: Java HotSpot(TM) 64-Bit Server VM (12.0.2+10, mixed mode, aot, sharing, tiered, compressed oops, g1 gc, windows-amd64)
# No core dump will be written. Minidumps are not enabled by default on client versions of Windows
#

---------------  S U M M A R Y ------------

Command Line: -Dfile.encoding=UTF-8 -Djava.security.policy=applet.policy ktdh.View2_1

Host: Intel(R) Core(TM) i7-7500U CPU @ 2.70GHz, 4 cores, 11G,  Windows 10 , 64 bit Build 18362 (10.0.18362.900)
Time: Sat Jul  4 16:36:06 2020 SE Asia Standard Time elapsed time: 0 seconds (0d 0h 0m 0s)

---------------  T H R E A D  ---------------

Current thread (0x000002ae7f8fa000):  JavaThread "Unknown thread" [_thread_in_vm, id=24056, stack(0x000000eab4a00000,0x000000eab4b00000)]

Stack: [0x000000eab4a00000,0x000000eab4b00000]
Native frames: (J=compiled Java code, j=interpreted, Vv=VM code, C=native code)
V  [jvm.dll+0x63aa2a]
V  [jvm.dll+0x78ce1e]
V  [jvm.dll+0x78e4c1]
V  [jvm.dll+0x78eb13]
V  [jvm.dll+0x2627e8]
V  [jvm.dll+0x637f5a]
V  [jvm.dll+0x62c845]
V  [jvm.dll+0x31e49c]
V  [jvm.dll+0x31e2cf]
V  [jvm.dll+0x324006]
V  [jvm.dll+0x371f56]
V  [jvm.dll+0x371720]
V  [jvm.dll+0x2f845a]
V  [jvm.dll+0x2f96d2]
V  [jvm.dll+0x767267]
V  [jvm.dll+0x7689f5]
V  [jvm.dll+0x380059]
V  [jvm.dll+0x74b794]
V  [jvm.dll+0x3ef5cd]
V  [jvm.dll+0x3f1471]
C  [jli.dll+0x51cf]
C  [ucrtbase.dll+0x20e82]
C  [KERNEL32.DLL+0x17bd4]
C  [ntdll.dll+0x6ce51]


---------------  P R O C E S S  ---------------

Threads class SMR info:
_java_thread_list=0x00007ff8730c7928, length=0, elements={
}

Java Threads: ( => current thread )

Other Threads:
  0x000002ae7f94b800 GCTaskThread "GC Thread#0" [stack: 0x000000eab4b00000,0x000000eab4c00000] [id=16476]
  0x000002ae7f95f800 ConcurrentGCThread "G1 Main Marker" [stack: 0x000000eab4c00000,0x000000eab4d00000] [id=10492]
  0x000002ae7f963000 ConcurrentGCThread "G1 Conc#0" [stack: 0x000000eab4d00000,0x000000eab4e00000] [id=19196]

[error occurred during error reporting (printing all threads), id 0xc0000005, EXCEPTION_ACCESS_VIOLATION (0xc0000005) at pc=0x00007ff8728f85e7]

VM state:not at safepoint (not fully initialized)

VM Mutex/Monitor currently owned by a thread:  ([mutex/lock_event])
[0x000002ae7f8f6180] Heap_lock - owner thread: 0x000002ae7f8fa000

Heap address: 0x0000000742000000, size: 3040 MB, Compressed Oops mode: Non-zero based: 0x0000000742000000
Narrow klass base: 0x0000000000000000, Narrow klass shift: 0

GC Heap History (0 events):
No events

Deoptimization events (0 events):
No events

Classes redefined (0 events):
No events

Internal exceptions (0 events):
No events

Events (0 events):
No events


Dynamic libraries:
0x00007ff720db0000 - 0x00007ff720dbf000 	C:\Program Files\Java\jdk-12.0.2\bin\java.exe
0x00007ff8bc8e0000 - 0x00007ff8bcad0000 	C:\Windows\SYSTEM32\ntdll.dll
0x00007ff8bc5e0000 - 0x00007ff8bc692000 	C:\Windows\System32\KERNEL32.DLL
0x00007ff8b9870000 - 0x00007ff8b9b14000 	C:\Windows\System32\KERNELBASE.dll
0x00007ff8b9e00000 - 0x00007ff8b9efa000 	C:\Windows\System32\ucrtbase.dll
0x00007ff8a9d70000 - 0x00007ff8a9d86000 	C:\Program Files\Java\jdk-12.0.2\bin\VCRUNTIME140.dll
0x00007ff8ab230000 - 0x00007ff8ab248000 	C:\Program Files\Java\jdk-12.0.2\bin\jli.dll
0x00007ff8bab20000 - 0x00007ff8babc3000 	C:\Windows\System32\ADVAPI32.dll
0x00007ff8bacf0000 - 0x00007ff8bad8e000 	C:\Windows\System32\msvcrt.dll
0x00007ff8bc800000 - 0x00007ff8bc897000 	C:\Windows\System32\sechost.dll
0x00007ff8babd0000 - 0x00007ff8bacf0000 	C:\Windows\System32\RPCRT4.dll
0x00007ff8bae00000 - 0x00007ff8baf94000 	C:\Windows\System32\USER32.dll
0x00007ff8b9db0000 - 0x00007ff8b9dd1000 	C:\Windows\System32\win32u.dll
0x00007ff8a8b10000 - 0x00007ff8a8d94000 	C:\Windows\WinSxS\amd64_microsoft.windows.common-controls_6595b64144ccf1df_6.0.18362.900_none_e6beb9d913147d17\COMCTL32.dll
0x00007ff8bbe80000 - 0x00007ff8bbea6000 	C:\Windows\System32\GDI32.dll
0x00007ff8bafb0000 - 0x00007ff8bb2e5000 	C:\Windows\System32\combase.dll
0x00007ff8b9c10000 - 0x00007ff8b9da5000 	C:\Windows\System32\gdi32full.dll
0x00007ff8ba0e0000 - 0x00007ff8ba160000 	C:\Windows\System32\bcryptPrimitives.dll
0x00007ff8b9b70000 - 0x00007ff8b9c0e000 	C:\Windows\System32\msvcp_win.dll
0x00007ff8acc20000 - 0x00007ff8acc2a000 	C:\Windows\SYSTEM32\VERSION.dll
0x00007ff8bbeb0000 - 0x00007ff8bbede000 	C:\Windows\System32\IMM32.DLL
0x00007ff8723a0000 - 0x00007ff87244a000 	C:\Program Files\Java\jdk-12.0.2\bin\msvcp140.dll
0x00007ff8725f0000 - 0x00007ff873167000 	C:\Program Files\Java\jdk-12.0.2\bin\server\jvm.dll
0x00007ff8bc5d0000 - 0x00007ff8bc5d8000 	C:\Windows\System32\PSAPI.DLL
0x00007ff8b72d0000 - 0x00007ff8b72f4000 	C:\Windows\SYSTEM32\WINMM.dll
0x00007ff8a7c20000 - 0x00007ff8a7c29000 	C:\Windows\SYSTEM32\WSOCK32.dll
0x00007ff8bbda0000 - 0x00007ff8bbe0f000 	C:\Windows\System32\WS2_32.dll
0x00007ff8b7130000 - 0x00007ff8b715d000 	C:\Windows\SYSTEM32\WINMMBASE.dll
0x00007ff8b9b20000 - 0x00007ff8b9b6a000 	C:\Windows\System32\cfgmgr32.dll
0x00007ff8b97b0000 - 0x00007ff8b97c1000 	C:\Windows\System32\kernel.appcore.dll
0x00007ff89b280000 - 0x00007ff89b291000 	C:\Program Files\Java\jdk-12.0.2\bin\verify.dll
0x00007ff8b80c0000 - 0x00007ff8b82b4000 	C:\Windows\SYSTEM32\DBGHELP.DLL
0x00007ff89ee00000 - 0x00007ff89ee2a000 	C:\Windows\SYSTEM32\dbgcore.DLL
0x00007ff8a1370000 - 0x00007ff8a1396000 	C:\Program Files\Java\jdk-12.0.2\bin\java.dll
0x00007ff88bdf0000 - 0x00007ff88be07000 	C:\Program Files\Java\jdk-12.0.2\bin\zip.dll
0x00007ff8b30f0000 - 0x00007ff8b30fa000 	C:\Program Files\Java\jdk-12.0.2\bin\jimage.dll

dbghelp: loaded successfully - version: 4.0.5 - missing functions: none
symbol engine: initialized successfully - sym options: 0x614 - pdb path: .;C:\Program Files\Java\jdk-12.0.2\bin;C:\Windows\SYSTEM32;C:\Windows\WinSxS\amd64_microsoft.windows.common-controls_6595b64144ccf1df_6.0.18362.900_none_e6beb9d913147d17;C:\Program Files\Java\jdk-12.0.2\bin\server

VM Arguments:
jvm_args: -Dfile.encoding=UTF-8 -Djava.security.policy=applet.policy 
java_command: ktdh.View2_1
java_class_path (initial): D:\NETBEAN\netbeans\java\modules\ext\AbsoluteLayout.jar;C:\Users\USER\Desktop\NNLT\JAVA TOOL+CODE\Tool JAVA\AutoComplete\swingx-all-1.6.4.jar;C:\Users\USER\Documents\NetBeansProjects\KTDH\build\classes
Launcher Type: SUN_STANDARD

[Global flags]
     intx CICompilerCount                          = 3                                         {product} {ergonomic}
     uint ConcGCThreads                            = 1                                         {product} {ergonomic}
     uint G1ConcRefinementThreads                  = 4                                         {product} {ergonomic}
   size_t G1HeapRegionSize                         = 1048576                                   {product} {ergonomic}
    uintx GCDrainStackTargetSize                   = 64                                        {product} {ergonomic}
   size_t InitialHeapSize                          = 199229440                                 {product} {ergonomic}
   size_t MarkStackSize                            = 4194304                                   {product} {ergonomic}
   size_t MaxHeapSize                              = 3187671040                                {product} {ergonomic}
   size_t MinHeapDeltaBytes                        = 1048576                                   {product} {ergonomic}
    uintx NonNMethodCodeHeapSize                   = 5830732                                {pd product} {ergonomic}
    uintx NonProfiledCodeHeapSize                  = 122913754                              {pd product} {ergonomic}
    uintx ProfiledCodeHeapSize                     = 122913754                              {pd product} {ergonomic}
    uintx ReservedCodeCacheSize                    = 251658240                              {pd product} {ergonomic}
     bool SegmentedCodeCache                       = true                                      {product} {ergonomic}
     bool UseCompressedClassPointers               = true                                 {lp64_product} {ergonomic}
     bool UseCompressedOops                        = true                                 {lp64_product} {ergonomic}
     bool UseG1GC                                  = true                                      {product} {ergonomic}
     bool UseLargePagesIndividualAllocation        = false                                  {pd product} {ergonomic}

Logging:
Log output configuration:
 #0: stdout all=warning uptime,level,tags
 #1: stderr all=off uptime,level,tags

Environment Variables:
JAVA_HOME=C:\Program Files\Java\jdk-12.0.2
PATH=C:\Program Files (x86)\Common Files\Oracle\Java\javapath;C:\Program Files (x86)\Intel\Intel(R) Management Engine Components\iCLS\;C:\Program Files\Intel\Intel(R) Management Engine Components\iCLS\;C:\Windows\system32;C:\Windows;C:\Windows\System32\Wbem;C:\Windows\System32\WindowsPowerShell\v1.0\;C:\Windows\System32\OpenSSH\;C:\Program Files (x86)\Intel\Intel(R) Management Engine Components\DAL;C:\Program Files\Intel\Intel(R) Management Engine Components\DAL;C:\Program Files (x86)\Intel\Intel(R) Management Engine Components\IPT;C:\Program Files\Intel\Intel(R) Management Engine Components\IPT;C:\Program Files\Intel\WiFi\bin\;C:\Program Files\Common Files\Intel\WirelessCommon\;C:\Program Files\Java\jdk-12.0.2\bin;C:\Program Files\Microsoft SQL Server\110\Tools\Binn\;C:\Program Files (x86)\Microsoft SQL Server\110\Tools\Binn\;C:\Program Files\Microsoft SQL Server\110\DTS\Binn\;C:\Program Files (x86)\Microsoft SQL Server\110\Tools\Binn\ManagementStudio\;C:\Program Files (x86)\Microsoft Visual Studio 10.0\Common7\IDE\PrivateAssemblies\;C:\Program Files (x86)\Microsoft SQL Server\110\DTS\Binn\;C:\Users\USER\Documents\OpenSSL\OpenSSL-Win64\bin;C:\Program Files\OpenSSL-Win64\bin;C:\Users\USER\Downloads\New folder\New folder\bin;D:\PYTHON\Scripts\;D:\PYTHON\;C:\Users\USER\AppData\Local\Microsoft\WindowsApps;C:\Program Files\Intel\WiFi\bin\;C:\Program Files\Common Files\Intel\WirelessCommon\
USERNAME=USER
OS=Windows_NT
PROCESSOR_IDENTIFIER=Intel64 Family 6 Model 142 Stepping 9, GenuineIntel



---------------  S Y S T E M  ---------------

OS: Windows 10 , 64 bit Build 18362 (10.0.18362.900)

CPU:total 4 (initial active 4) (2 cores per cpu, 2 threads per core) family 6 model 142 stepping 9, cmov, cx8, fxsr, mmx, sse, sse2, sse3, ssse3, sse4.1, sse4.2, popcnt, avx, avx2, aes, clmul, erms, 3dnowpref, lzcnt, ht, tsc, tscinvbit, bmi1, bmi2, adx, fma

Memory: 4k page, system-wide physical 12153M (4600M free)
TotalPageFile size 28176M (AvailPageFile size 126M)
current process WorkingSet (physical memory assigned to process): 10M, peak: 10M
current process commit charge ("private bytes"): 52M, peak: 242M

vm_info: Java HotSpot(TM) 64-Bit Server VM (12.0.2+10) for windows-amd64 JRE (12.0.2+10), built on Jul 16 2019 01:56:17 by "mach5one" with MS VC++ 15.5 (VS2017)

END.
