#
# There is insufficient memory for the Java Runtime Environment to continue.
# Native memory allocation (mmap) failed to map 4194304 bytes for Failed to commit area from 0x0000000742e00000 to 0x0000000743200000 of length 4194304.
# Possible reasons:
#   The system is out of physical RAM or swap space
#   The process is running with CompressedOops enabled, and the Java Heap may be blocking the growth of the native heap
# Possible solutions:
#   Reduce memory load on the system
#   Increase physical memory or swap space
#   Check if swap backing store is full
#   Decrease Java heap size (-Xmx/-Xms)
#   Decrease number of Java threads
#   Decrease Java thread stack sizes (-Xss)
#   Set larger code cache with -XX:ReservedCodeCacheSize=
#   JVM is running with Zero Based Compressed Oops mode in which the Java heap is
#     placed in the first 32GB address space. The Java Heap base address is the
#     maximum limit for the native heap growth. Please use -XX:HeapBaseMinAddress
#     to set the Java Heap base and to place the Java Heap above 32GB virtual address.
# This output file may be truncated or incomplete.
#
#  Out of Memory Error (t:/workspace/open/src/hotspot/os/windows/os_windows.cpp:3264), pid=7264, tid=19036
#
# JRE version: Java(TM) SE Runtime Environment (12.0.2+10) (build 12.0.2+10)
# Java VM: Java HotSpot(TM) 64-Bit Server VM (12.0.2+10, mixed mode, sharing, tiered, compressed oops, g1 gc, windows-amd64)
# No core dump will be written. Minidumps are not enabled by default on client versions of Windows
#

---------------  S U M M A R Y ------------

Command Line: -Dapplication.home=C:\Program Files\Java\jdk-12.0.2 --add-modules=ALL-DEFAULT -Xms8m -Djdk.module.main=jdk.compiler jdk.compiler/com.sun.tools.javac.Main -d C:\Users\USER\Documents\NetBeansProjects\KTDH\build\classes -classpath C:\Users\USER\Documents\NetBeansProjects\KTDH\build\classes;D:\NETBEAN\netbeans\java\modules\ext\AbsoluteLayout.jar;C:\Users\USER\Desktop\NNLT\JAVA TOOL+CODE\Tool JAVA\AutoComplete\swingx-all-1.6.4.jar -sourcepath C:\Users\USER\Documents\NetBeansProjects\KTDH\src -target 12 -encoding UTF-8 -g -processorpath D:\NETBEAN\netbeans\java\modules\ext\AbsoluteLayout.jar;C:\Users\USER\Desktop\NNLT\JAVA TOOL+CODE\Tool JAVA\AutoComplete\swingx-all-1.6.4.jar;C:\Users\USER\Documents\NetBeansProjects\KTDH\build\empty -s C:\Users\USER\Documents\NetBeansProjects\KTDH\build\generated-sources\ap-source-output -source 12 C:\Users\USER\Documents\NetBeansProjects\KTDH\src\ktdh\Egg.java

Host: Intel(R) Core(TM) i7-7500U CPU @ 2.70GHz, 4 cores, 11G,  Windows 10 , 64 bit Build 18362 (10.0.18362.900)
Time: Wed Jul  1 17:37:30 2020 SE Asia Standard Time elapsed time: 0 seconds (0d 0h 0m 0s)

---------------  T H R E A D  ---------------

Current thread (0x00000235d62a6800):  VMThread "VM Thread" [stack: 0x000000e46cc00000,0x000000e46cd00000] [id=19036]

Stack: [0x000000e46cc00000,0x000000e46cd00000]
[error occurred during error reporting (printing stack bounds), id 0xc0000005, EXCEPTION_ACCESS_VIOLATION (0xc0000005) at pc=0x00000235dfdd0bad]

Native frames: (J=compiled Java code, j=interpreted, Vv=VM code, C=native code)
V  [jvm.dll+0x63aa2a]
V  [jvm.dll+0x78ce1e]
V  [jvm.dll+0x78e4c1]
V  [jvm.dll+0x78ea75]
V  [jvm.dll+0x78ea2b]
V  [jvm.dll+0x63a134]
V  [jvm.dll+0x63a4f8]
C  [ntdll.dll+0xa11cf]
C  [ntdll.dll+0x6a209]
C  [ntdll.dll+0x9fe3e]
C  0x00000235dfdd0bad

VM_Operation (0x000000e46c6fc770): G1CollectForAllocation, mode: safepoint, requested by thread 0x00000235d61dc000


---------------  P R O C E S S  ---------------

Threads class SMR info:
_java_thread_list=0x00000235f99a63f0, length=11, elements={
0x00000235d61dc000, 0x00000235d62aa000, 0x00000235d62ab800, 0x00000235f8ac4800,
0x00000235f8ac7800, 0x00000235f8aca000, 0x00000235f8ad9800, 0x00000235f8adc800,
0x00000235f94f9800, 0x00000235f9571800, 0x00000235f9c26000
}

Java Threads: ( => current thread )
  0x00000235d61dc000 JavaThread "main" [_thread_blocked, id=11844, stack(0x000000e46c600000,0x000000e46c700000)]
  0x00000235d62aa000 JavaThread "Reference Handler" daemon [_thread_blocked, id=19164, stack(0x000000e46cd00000,0x000000e46ce00000)]
  0x00000235d62ab800 JavaThread "Finalizer" daemon [_thread_blocked, id=2024, stack(0x000000e46ce00000,0x000000e46cf00000)]
  0x00000235f8ac4800 JavaThread "Signal Dispatcher" daemon [_thread_blocked, id=22520, stack(0x000000e46cf00000,0x000000e46d000000)]
  0x00000235f8ac7800 JavaThread "Attach Listener" daemon [_thread_blocked, id=9024, stack(0x000000e46d000000,0x000000e46d100000)]
  0x00000235f8aca000 JavaThread "C2 CompilerThread0" daemon [_thread_blocked, id=21488, stack(0x000000e46d100000,0x000000e46d200000)]
  0x00000235f8ad9800 JavaThread "C1 CompilerThread0" daemon [_thread_blocked, id=13328, stack(0x000000e46d200000,0x000000e46d300000)]
  0x00000235f8adc800 JavaThread "Sweeper thread" daemon [_thread_blocked, id=18276, stack(0x000000e46d300000,0x000000e46d400000)]
  0x00000235f94f9800 JavaThread "Common-Cleaner" daemon [_thread_blocked, id=16956, stack(0x000000e46d400000,0x000000e46d500000)]
  0x00000235f9571800 JavaThread "Service Thread" daemon [_thread_blocked, id=9956, stack(0x000000e46d500000,0x000000e46d600000)]
  0x00000235f9c26000 JavaThread "C2 CompilerThread1" daemon [_thread_blocked, id=18636, stack(0x000000e46d800000,0x000000e46d900000)]

Other Threads:
=>0x00000235d62a6800 VMThread "VM Thread" [stack: 0x000000e46cc00000,0x000000e46cd00000] [id=19036]
  0x00000235f9564000 WatcherThread [stack: 0x000000e46d600000,0x000000e46d700000] [id=68]
  0x00000235d622c800 GCTaskThread "GC Thread#0" [stack: 0x000000e46c700000,0x000000e46c800000] [id=17176]
  0x00000235f95e6000 GCTaskThread "GC Thread#1" [stack: 0x000000e46d700000,0x000000e46d800000] [id=17680]
  0x00000235d6240800 ConcurrentGCThread "G1 Main Marker" [stack: 0x000000e46c800000,0x000000e46c900000] [id=8740]
  0x00000235d6243800 ConcurrentGCThread "G1 Conc#0" [stack: 0x000000e46c900000,0x000000e46ca00000] [id=21952]
  0x00000235d6261800 ConcurrentGCThread "G1 Refine#0" [stack: 0x000000e46ca00000,0x000000e46cb00000] [id=12144]
  0x00000235d6262800 ConcurrentGCThread "G1 Young RemSet Sampling" [stack: 0x000000e46cb00000,0x000000e46cc00000] [id=22752]

Threads with active compile tasks:
C2 CompilerThread0  1205       4       java.util.regex.Matcher::match (154 bytes)
C1 CompilerThread0  1209       3       com.sun.tools.javac.tree.JCTree::hasTag (14 bytes)
C2 CompilerThread1  1193       4       java.util.regex.Matcher::reset (128 bytes)

VM state:at safepoint (normal execution)

VM Mutex/Monitor currently owned by a thread:  ([mutex/lock_event])
[0x00000235d61d8a30] Threads_lock - owner thread: 0x00000235d62a6800
[0x00000235d61d8130] Heap_lock - owner thread: 0x00000235d61dc000

Heap address: 0x0000000742000000, size: 3040 MB, Compressed Oops mode: Zero based, Oop shift amount: 3
Narrow klass base: 0x0000000800000000, Narrow klass shift: 3
Compressed class space size: 1073741824 Address: 0x0000000801190000

Heap:
 garbage-first heap   total 18432K, used 5495K [0x0000000742000000, 0x0000000800000000)
  region size 1024K, 1 young (1024K), 1 survivors (1024K)
 Metaspace       used 8630K, capacity 11338K, committed 11648K, reserved 1058816K
  class space    used 1005K, capacity 1317K, committed 1408K, reserved 1048576K
Heap Regions: E=young(eden), S=young(survivor), O=old, HS=humongous(starts), HC=humongous(continues), CS=collection set, F=free, A=archive, TAMS=top-at-mark-start (previous, next)
|   0|0x0000000742000000, 0x0000000742100000, 0x0000000742100000|100%| O|  |TAMS 0x0000000742100000, 0x0000000742000000| Untracked 
|   1|0x0000000742100000, 0x0000000742200000, 0x0000000742200000|100%| O|  |TAMS 0x0000000742200000, 0x0000000742100000| Untracked 
|   2|0x0000000742200000, 0x0000000742300000, 0x0000000742300000|100%| O|  |TAMS 0x0000000742300000, 0x0000000742200000| Untracked 
|   3|0x0000000742300000, 0x0000000742400000, 0x0000000742400000|100%| O|  |TAMS 0x0000000742400000, 0x0000000742300000| Untracked 
|   4|0x0000000742400000, 0x000000074249aa00, 0x0000000742500000| 60%| O|  |TAMS 0x0000000742413600, 0x0000000742400000| Untracked 
|   5|0x0000000742500000, 0x0000000742500000, 0x0000000742600000|  0%| F|  |TAMS 0x0000000742500000, 0x0000000742500000| Untracked 
|   6|0x0000000742600000, 0x0000000742600000, 0x0000000742700000|  0%| F|  |TAMS 0x0000000742600000, 0x0000000742600000| Untracked 
|   7|0x0000000742700000, 0x0000000742700000, 0x0000000742800000|  0%| F|  |TAMS 0x0000000742700000, 0x0000000742700000| Untracked 
|   8|0x0000000742800000, 0x0000000742800000, 0x0000000742900000|  0%| F|  |TAMS 0x0000000742800000, 0x0000000742800000| Untracked 
|   9|0x0000000742900000, 0x0000000742900000, 0x0000000742a00000|  0%| F|  |TAMS 0x0000000742900000, 0x0000000742900000| Untracked 
|  10|0x0000000742a00000, 0x0000000742ac33c0, 0x0000000742b00000| 76%| S|CS|TAMS 0x0000000742a00000, 0x0000000742a00000| Complete 
|  11|0x0000000742b00000, 0x0000000742b00000, 0x0000000742c00000|  0%| F|  |TAMS 0x0000000742b00000, 0x0000000742b00000| Untracked 
|  12|0x0000000742c00000, 0x0000000742c00000, 0x0000000742d00000|  0%| F|  |TAMS 0x0000000742c00000, 0x0000000742c00000| Untracked 
|  13|0x0000000742d00000, 0x0000000742d00000, 0x0000000742e00000|  0%| F|  |TAMS 0x0000000742d00000, 0x0000000742d00000| Untracked 

Card table byte_map: [0x00000235ef9e0000,0x00000235effd0000] _byte_map_base: 0x00000235ebfd0000

Marking Bits (Prev, Next): (CMBitMap*) 0x00000235d622daa8, (CMBitMap*) 0x00000235d622da68
 Prev Bits: [0x00000235f3540000, 0x00000235f64c0000)
 Next Bits: [0x00000235f05c0000, 0x00000235f3540000)

Polling page: 0x00000235d62b0000

Metaspace:

Usage:
  Non-class:      9.79 MB capacity,     7.45 MB ( 76%) used,     2.32 MB ( 24%) free+waste,    22.94 KB ( <1%) overhead. 
      Class:      1.29 MB capacity,  1005.68 KB ( 76%) used,   299.95 KB ( 23%) free+waste,    11.38 KB ( <1%) overhead. 
       Both:     11.07 MB capacity,     8.43 MB ( 76%) used,     2.61 MB ( 24%) free+waste,    34.31 KB ( <1%) overhead. 

Virtual space:
  Non-class space:       10.00 MB reserved,      10.00 MB (100%) committed 
      Class space:        1.00 GB reserved,       1.38 MB ( <1%) committed 
             Both:        1.01 GB reserved,      11.38 MB (  1%) committed 

Chunk freelists:
   Non-Class:  3.38 KB
       Class:  0 bytes
        Both:  3.38 KB

CodeHeap 'non-profiled nmethods': size=120064Kb used=349Kb max_used=349Kb free=119714Kb
 bounds [0x00000235e7890000, 0x00000235e7b00000, 0x00000235eedd0000]
CodeHeap 'profiled nmethods': size=120000Kb used=2540Kb max_used=2540Kb free=117459Kb
 bounds [0x00000235e0360000, 0x00000235e05e0000, 0x00000235e7890000]
CodeHeap 'non-nmethods': size=5696Kb used=1116Kb max_used=1133Kb free=4579Kb
 bounds [0x00000235dfdd0000, 0x00000235e0040000, 0x00000235e0360000]
 total_blobs=1894 nmethods=1205 adapters=334
 compilation: enabled
              stopped_count=0, restarted_count=0
 full_count=0

Compilation events (10 events):
Event: 0.755 Thread 0x00000235f8ad9800 nmethod 1203 0x00000235e05d6c90 code [0x00000235e05d6e60, 0x00000235e05d70b0]
Event: 0.755 Thread 0x00000235f8ad9800 1204       3       com.sun.tools.javac.code.Symtab::enterClass (124 bytes)
Event: 0.756 Thread 0x00000235f8ad9800 nmethod 1204 0x00000235e05d7190 code [0x00000235e05d7480, 0x00000235e05d85a0]
Event: 0.756 Thread 0x00000235f8ad9800 1207       3       java.util.stream.PipelineHelper::<init> (5 bytes)
Event: 0.756 Thread 0x00000235f8ad9800 nmethod 1207 0x00000235e05d8b90 code [0x00000235e05d8d40, 0x00000235e05d8f18]
Event: 0.756 Thread 0x00000235f8ad9800 1208   !   3       sun.nio.fs.WindowsPath::getPathForWin32Calls (138 bytes)
Event: 0.757 Thread 0x00000235f8aca000 nmethod 1175 0x00000235e78e6610 code [0x00000235e78e67e0, 0x00000235e78e6f88]
Event: 0.757 Thread 0x00000235f8aca000 1205       4       java.util.regex.Matcher::match (154 bytes)
Event: 0.757 Thread 0x00000235f8ad9800 nmethod 1208 0x00000235e05d9010 code [0x00000235e05d9320, 0x00000235e05da640]
Event: 0.757 Thread 0x00000235f8ad9800 1209       3       com.sun.tools.javac.tree.JCTree::hasTag (14 bytes)

GC Heap History (10 events):
Event: 0.678 GC heap after
{Heap after GC invocations=8 (full 0):
 garbage-first heap   total 10240K, used 4424K [0x0000000742000000, 0x0000000800000000)
  region size 1024K, 1 young (1024K), 1 survivors (1024K)
 Metaspace       used 8399K, capacity 11318K, committed 11648K, reserved 1058816K
  class space    used 989K, capacity 1312K, committed 1408K, reserved 1048576K
}
Event: 0.685 GC heap before
{Heap before GC invocations=8 (full 0):
 garbage-first heap   total 10240K, used 5448K [0x0000000742000000, 0x0000000800000000)
  region size 1024K, 2 young (2048K), 1 survivors (1024K)
 Metaspace       used 8417K, capacity 11318K, committed 11648K, reserved 1058816K
  class space    used 989K, capacity 1312K, committed 1408K, reserved 1048576K
}
Event: 0.687 GC heap after
{Heap after GC invocations=9 (full 0):
 garbage-first heap   total 13312K, used 4560K [0x0000000742000000, 0x0000000800000000)
  region size 1024K, 1 young (1024K), 1 survivors (1024K)
 Metaspace       used 8417K, capacity 11318K, committed 11648K, reserved 1058816K
  class space    used 989K, capacity 1312K, committed 1408K, reserved 1048576K
}
Event: 0.719 GC heap before
{Heap before GC invocations=10 (full 0):
 garbage-first heap   total 14336K, used 6608K [0x0000000742000000, 0x0000000800000000)
  region size 1024K, 3 young (3072K), 1 survivors (1024K)
 Metaspace       used 8469K, capacity 11319K, committed 11648K, reserved 1058816K
  class space    used 989K, capacity 1312K, committed 1408K, reserved 1048576K
}
Event: 0.721 GC heap after
{Heap after GC invocations=11 (full 0):
 garbage-first heap   total 14336K, used 4761K [0x0000000742000000, 0x0000000800000000)
  region size 1024K, 1 young (1024K), 1 survivors (1024K)
 Metaspace       used 8469K, capacity 11319K, committed 11648K, reserved 1058816K
  class space    used 989K, capacity 1312K, committed 1408K, reserved 1048576K
}
Event: 0.738 GC heap before
{Heap before GC invocations=11 (full 0):
 garbage-first heap   total 14336K, used 6809K [0x0000000742000000, 0x0000000800000000)
  region size 1024K, 3 young (3072K), 1 survivors (1024K)
 Metaspace       used 8605K, capacity 11338K, committed 11648K, reserved 1058816K
  class space    used 1005K, capacity 1317K, committed 1408K, reserved 1048576K
}
Event: 0.740 GC heap after
{Heap after GC invocations=12 (full 0):
 garbage-first heap   total 14336K, used 5082K [0x0000000742000000, 0x0000000800000000)
  region size 1024K, 1 young (1024K), 1 survivors (1024K)
 Metaspace       used 8605K, capacity 11338K, committed 11648K, reserved 1058816K
  class space    used 1005K, capacity 1317K, committed 1408K, reserved 1048576K
}
Event: 0.745 GC heap before
{Heap before GC invocations=12 (full 0):
 garbage-first heap   total 14336K, used 7130K [0x0000000742000000, 0x0000000800000000)
  region size 1024K, 3 young (3072K), 1 survivors (1024K)
 Metaspace       used 8617K, capacity 11338K, committed 11648K, reserved 1058816K
  class space    used 1005K, capacity 1317K, committed 1408K, reserved 1048576K
}
Event: 0.746 GC heap after
{Heap after GC invocations=13 (full 0):
 garbage-first heap   total 14336K, used 5262K [0x0000000742000000, 0x0000000800000000)
  region size 1024K, 1 young (1024K), 1 survivors (1024K)
 Metaspace       used 8617K, capacity 11338K, committed 11648K, reserved 1058816K
  class space    used 1005K, capacity 1317K, committed 1408K, reserved 1048576K
}
Event: 0.757 GC heap before
{Heap before GC invocations=13 (full 0):
 garbage-first heap   total 14336K, used 7310K [0x0000000742000000, 0x0000000800000000)
  region size 1024K, 3 young (3072K), 1 survivors (1024K)
 Metaspace       used 8630K, capacity 11338K, committed 11648K, reserved 1058816K
  class space    used 1005K, capacity 1317K, committed 1408K, reserved 1048576K
}

Deoptimization events (10 events):
Event: 0.212 Thread 0x00000235d61dc000 Uncommon trap: reason=unstable_if action=reinterpret pc=0x00000235e78a0890 method=java.nio.Buffer.hasRemaining()Z @ 8 c2
Event: 0.341 Thread 0x00000235d61dc000 Uncommon trap: reason=unstable_if action=reinterpret pc=0x00000235e78b0ef0 method=java.lang.StringLatin1.replace([BCC)Ljava/lang/String; @ 19 c2
Event: 0.348 Thread 0x00000235d61dc000 Uncommon trap: reason=unstable_if action=reinterpret pc=0x00000235e78a8a44 method=java.util.HashMap.putVal(ILjava/lang/Object;Ljava/lang/Object;ZZ)Ljava/lang/Object; @ 181 c2
Event: 0.398 Thread 0x00000235d61dc000 Uncommon trap: reason=unstable_if action=reinterpret pc=0x00000235e78b0458 method=java.lang.String.regionMatches(ILjava/lang/String;II)Z @ 111 c2
Event: 0.616 Thread 0x00000235d61dc000 Uncommon trap: reason=class_check action=maybe_recompile pc=0x00000235e78c44d0 method=java.util.HashMap.getNode(ILjava/lang/Object;)Ljava/util/HashMap$Node; @ 126 c2
Event: 0.616 Thread 0x00000235d61dc000 Uncommon trap: reason=class_check action=maybe_recompile pc=0x00000235e78c44d0 method=java.util.HashMap.getNode(ILjava/lang/Object;)Ljava/util/HashMap$Node; @ 126 c2
Event: 0.617 Thread 0x00000235d61dc000 Uncommon trap: reason=class_check action=maybe_recompile pc=0x00000235e78c44d0 method=java.util.HashMap.getNode(ILjava/lang/Object;)Ljava/util/HashMap$Node; @ 126 c2
Event: 0.617 Thread 0x00000235d61dc000 Uncommon trap: reason=class_check action=maybe_recompile pc=0x00000235e78c44d0 method=java.util.HashMap.getNode(ILjava/lang/Object;)Ljava/util/HashMap$Node; @ 126 c2
Event: 0.662 Thread 0x00000235d61dc000 Uncommon trap: reason=class_check action=maybe_recompile pc=0x00000235e78cd04c method=java.util.HashMap.putVal(ILjava/lang/Object;Ljava/lang/Object;ZZ)Ljava/lang/Object; @ 203 c2
Event: 0.726 Thread 0x00000235d61dc000 Uncommon trap: reason=class_check action=maybe_recompile pc=0x00000235e78ca138 method=java.util.HashMap.getNode(ILjava/lang/Object;)Ljava/util/HashMap$Node; @ 126 c2

Classes redefined (0 events):
No events

Internal exceptions (10 events):
Event: 0.667 Thread 0x00000235d61dc000 Exception <a 'sun/nio/fs/WindowsException'{0x00000007429be5c0}> (0x00000007429be5c0) thrown at [t:/workspace/open/src/hotspot/share/prims/jni.cpp, line 615]
Event: 0.673 Thread 0x00000235d61dc000 Exception <a 'java/lang/NoSuchMethodError'{0x00000007429d9308}: java.lang.invoke.DirectMethodHandle$Holder.invokeSpecial(Ljava/lang/Object;Ljava/lang/Object;Ljava/lang/Object;Ljava/lang/Object;Ljava/lang/Object;)I> (0x00000007429d9308) thrown at [t:/works
Event: 0.726 Thread 0x00000235d61dc000 Exception <a 'sun/nio/fs/WindowsException'{0x0000000742c1d190}> (0x0000000742c1d190) thrown at [t:/workspace/open/src/hotspot/share/prims/jni.cpp, line 615]
Event: 0.726 Thread 0x00000235d61dc000 Exception <a 'sun/nio/fs/WindowsException'{0x0000000742c1d450}> (0x0000000742c1d450) thrown at [t:/workspace/open/src/hotspot/share/prims/jni.cpp, line 615]
Event: 0.726 Thread 0x00000235d61dc000 Exception <a 'sun/nio/fs/WindowsException'{0x0000000742c1e428}> (0x0000000742c1e428) thrown at [t:/workspace/open/src/hotspot/share/prims/jni.cpp, line 615]
Event: 0.726 Thread 0x00000235d61dc000 Exception <a 'sun/nio/fs/WindowsException'{0x0000000742c1e960}> (0x0000000742c1e960) thrown at [t:/workspace/open/src/hotspot/share/prims/jni.cpp, line 615]
Event: 0.756 Thread 0x00000235d61dc000 Exception <a 'sun/nio/fs/WindowsException'{0x0000000742c3bda0}> (0x0000000742c3bda0) thrown at [t:/workspace/open/src/hotspot/share/prims/jni.cpp, line 615]
Event: 0.756 Thread 0x00000235d61dc000 Exception <a 'sun/nio/fs/WindowsException'{0x0000000742c3c058}> (0x0000000742c3c058) thrown at [t:/workspace/open/src/hotspot/share/prims/jni.cpp, line 615]
Event: 0.756 Thread 0x00000235d61dc000 Exception <a 'sun/nio/fs/WindowsException'{0x0000000742c3d2f8}> (0x0000000742c3d2f8) thrown at [t:/workspace/open/src/hotspot/share/prims/jni.cpp, line 615]
Event: 0.756 Thread 0x00000235d61dc000 Exception <a 'sun/nio/fs/WindowsException'{0x0000000742c3d568}> (0x0000000742c3d568) thrown at [t:/workspace/open/src/hotspot/share/prims/jni.cpp, line 615]

Events (10 events):
Event: 0.728 loading class java/util/stream/Node$Builder
Event: 0.728 loading class java/util/stream/Node$Builder done
Event: 0.728 loading class java/util/stream/Nodes$ArrayNode
Event: 0.728 loading class java/util/stream/Nodes$ArrayNode done
Event: 0.729 loading class java/util/stream/Nodes$FixedNodeBuilder done
Event: 0.738 Executing VM operation: G1CollectForAllocation
Event: 0.740 Executing VM operation: G1CollectForAllocation done
Event: 0.745 Executing VM operation: G1CollectForAllocation
Event: 0.746 Executing VM operation: G1CollectForAllocation done
Event: 0.757 Executing VM operation: G1CollectForAllocation


Dynamic libraries:
0x00007ff7a02e0000 - 0x00007ff7a02e8000 	C:\Program Files\Java\jdk-12.0.2\bin\javac.exe
0x00007ffb025e0000 - 0x00007ffb027d0000 	C:\Windows\SYSTEM32\ntdll.dll
0x00007ffb01f60000 - 0x00007ffb02012000 	C:\Windows\System32\KERNEL32.DLL
0x00007ffb00360000 - 0x00007ffb00604000 	C:\Windows\System32\KERNELBASE.dll
0x00007ffb00260000 - 0x00007ffb0035a000 	C:\Windows\System32\ucrtbase.dll
0x00007ffaeff70000 - 0x00007ffaeff86000 	C:\Program Files\Java\jdk-12.0.2\bin\VCRUNTIME140.dll
0x00007ffaf87a0000 - 0x00007ffaf87b8000 	C:\Program Files\Java\jdk-12.0.2\bin\jli.dll
0x00007ffb01cd0000 - 0x00007ffb01d73000 	C:\Windows\System32\ADVAPI32.dll
0x00007ffb01880000 - 0x00007ffb0191e000 	C:\Windows\System32\msvcrt.dll
0x00007ffb02500000 - 0x00007ffb02597000 	C:\Windows\System32\sechost.dll
0x00007ffb02160000 - 0x00007ffb02280000 	C:\Windows\System32\RPCRT4.dll
0x00007ffb01b30000 - 0x00007ffb01cc4000 	C:\Windows\System32\USER32.dll
0x00007ffb00230000 - 0x00007ffb00251000 	C:\Windows\System32\win32u.dll
0x00007ffaed020000 - 0x00007ffaed2a4000 	C:\Windows\WinSxS\amd64_microsoft.windows.common-controls_6595b64144ccf1df_6.0.18362.900_none_e6beb9d913147d17\COMCTL32.dll
0x00007ffb00690000 - 0x00007ffb006b6000 	C:\Windows\System32\GDI32.dll
0x00007ffafffc0000 - 0x00007ffb00155000 	C:\Windows\System32\gdi32full.dll
0x00007ffb00770000 - 0x00007ffb00aa5000 	C:\Windows\System32\combase.dll
0x00007ffb00160000 - 0x00007ffb001fe000 	C:\Windows\System32\msvcp_win.dll
0x00007ffb00610000 - 0x00007ffb00690000 	C:\Windows\System32\bcryptPrimitives.dll
0x00007ffaf1260000 - 0x00007ffaf126a000 	C:\Windows\SYSTEM32\VERSION.dll
0x00007ffb01a10000 - 0x00007ffb01a3e000 	C:\Windows\System32\IMM32.DLL
0x00007ffac6d80000 - 0x00007ffac6e2a000 	C:\Program Files\Java\jdk-12.0.2\bin\msvcp140.dll
0x00007ffac2730000 - 0x00007ffac32a7000 	C:\Program Files\Java\jdk-12.0.2\bin\server\jvm.dll
0x00007ffb01870000 - 0x00007ffb01878000 	C:\Windows\System32\PSAPI.DLL
0x00007ffaeacd0000 - 0x00007ffaeacd9000 	C:\Windows\SYSTEM32\WSOCK32.dll
0x00007ffafc9c0000 - 0x00007ffafc9e4000 	C:\Windows\SYSTEM32\WINMM.dll
0x00007ffb01ac0000 - 0x00007ffb01b2f000 	C:\Windows\System32\WS2_32.dll
0x00007ffafc990000 - 0x00007ffafc9bd000 	C:\Windows\SYSTEM32\WINMMBASE.dll
0x00007ffaffea0000 - 0x00007ffaffeea000 	C:\Windows\System32\cfgmgr32.dll
0x00007ffaff4d0000 - 0x00007ffaff4e1000 	C:\Windows\System32\kernel.appcore.dll
0x00007ffaee7b0000 - 0x00007ffaee7c1000 	C:\Program Files\Java\jdk-12.0.2\bin\verify.dll
0x00007ffafddc0000 - 0x00007ffafdfb4000 	C:\Windows\SYSTEM32\DBGHELP.DLL
0x00007ffafad40000 - 0x00007ffafad6a000 	C:\Windows\SYSTEM32\dbgcore.DLL
0x00007ffaeefb0000 - 0x00007ffaeefd6000 	C:\Program Files\Java\jdk-12.0.2\bin\java.dll
0x00007ffaee380000 - 0x00007ffaee397000 	C:\Program Files\Java\jdk-12.0.2\bin\zip.dll
0x00007ffaf05b0000 - 0x00007ffaf05ba000 	C:\Program Files\Java\jdk-12.0.2\bin\jimage.dll
0x00007ffb00ab0000 - 0x00007ffb01196000 	C:\Windows\System32\SHELL32.dll
0x00007ffb01610000 - 0x00007ffb016b9000 	C:\Windows\System32\shcore.dll
0x00007ffaff720000 - 0x00007ffaffea0000 	C:\Windows\System32\windows.storage.dll
0x00007ffaff4f0000 - 0x00007ffaff513000 	C:\Windows\System32\profapi.dll
0x00007ffaff520000 - 0x00007ffaff56a000 	C:\Windows\System32\powrprof.dll
0x00007ffaff4a0000 - 0x00007ffaff4b0000 	C:\Windows\System32\UMPDC.dll
0x00007ffb01920000 - 0x00007ffb01972000 	C:\Windows\System32\shlwapi.dll
0x00007ffafffa0000 - 0x00007ffafffb7000 	C:\Windows\System32\cryptsp.dll
0x00007ffaef380000 - 0x00007ffaef399000 	C:\Program Files\Java\jdk-12.0.2\bin\net.dll
0x00007ffaf30f0000 - 0x00007ffaf31e0000 	C:\Windows\SYSTEM32\WINHTTP.dll
0x00007ffaf31e0000 - 0x00007ffaf33b6000 	C:\Windows\SYSTEM32\urlmon.dll
0x00007ffaf4980000 - 0x00007ffaf4c26000 	C:\Windows\SYSTEM32\iertutil.dll
0x00007ffafeee0000 - 0x00007ffafeeec000 	C:\Windows\SYSTEM32\CRYPTBASE.DLL
0x00007ffafed10000 - 0x00007ffafed77000 	C:\Windows\system32\mswsock.dll
0x00007ffaef360000 - 0x00007ffaef373000 	C:\Program Files\Java\jdk-12.0.2\bin\nio.dll

dbghelp: loaded successfully - version: 4.0.5 - missing functions: none
symbol engine: initialized successfully - sym options: 0x614 - pdb path: .;C:\Program Files\Java\jdk-12.0.2\bin;C:\Windows\SYSTEM32;C:\Windows\WinSxS\amd64_microsoft.windows.common-controls_6595b64144ccf1df_6.0.18362.900_none_e6beb9d913147d17;C:\Program Files\Java\jdk-12.0.2\bin\server

VM Arguments:
jvm_args: -Dapplication.home=C:\Program Files\Java\jdk-12.0.2 --add-modules=ALL-DEFAULT -Xms8m -Djdk.module.main=jdk.compiler 
java_command: jdk.compiler/com.sun.tools.javac.Main -d C:\Users\USER\Documents\NetBeansProjects\KTDH\build\classes -classpath C:\Users\USER\Documents\NetBeansProjects\KTDH\build\classes;D:\NETBEAN\netbeans\java\modules\ext\AbsoluteLayout.jar;C:\Users\USER\Desktop\NNLT\JAVA TOOL+CODE\Tool JAVA\AutoComplete\swingx-all-1.6.4.jar -sourcepath C:\Users\USER\Documents\NetBeansProjects\KTDH\src -target 12 -encoding UTF-8 -g -processorpath D:\NETBEAN\netbeans\java\modules\ext\AbsoluteLayout.jar;C:\Users\USER\Desktop\NNLT\JAVA TOOL+CODE\Tool JAVA\AutoComplete\swingx-all-1.6.4.jar;C:\Users\USER\Documents\NetBeansProjects\KTDH\build\empty -s C:\Users\USER\Documents\NetBeansProjects\KTDH\build\generated-sources\ap-source-output -source 12 C:\Users\USER\Documents\NetBeansProjects\KTDH\src\ktdh\Egg.java
java_class_path (initial): <not set>
Launcher Type: SUN_STANDARD

[Global flags]
     intx CICompilerCount                          = 3                                         {product} {ergonomic}
     uint ConcGCThreads                            = 1                                         {product} {ergonomic}
     uint G1ConcRefinementThreads                  = 4                                         {product} {ergonomic}
   size_t G1HeapRegionSize                         = 1048576                                   {product} {ergonomic}
    uintx GCDrainStackTargetSize                   = 64                                        {product} {ergonomic}
   size_t InitialHeapSize                          = 8388608                                   {product} {command line}
   size_t MarkStackSize                            = 4194304                                   {product} {ergonomic}
   size_t MaxHeapSize                              = 3187671040                                {product} {ergonomic}
   size_t MaxNewSize                               = 1912602624                                {product} {ergonomic}
   size_t MinHeapDeltaBytes                        = 1048576                                   {product} {ergonomic}
    uintx NonNMethodCodeHeapSize                   = 5830732                                {pd product} {ergonomic}
    uintx NonProfiledCodeHeapSize                  = 122913754                              {pd product} {ergonomic}
    uintx ProfiledCodeHeapSize                     = 122913754                              {pd product} {ergonomic}
    uintx ReservedCodeCacheSize                    = 251658240                              {pd product} {ergonomic}
     bool SegmentedCodeCache                       = true                                      {product} {ergonomic}
     bool UseCompressedClassPointers               = true                                 {lp64_product} {ergonomic}
     bool UseCompressedOops                        = true                                 {lp64_product} {ergonomic}
     bool UseG1GC                                  = true                                      {product} {ergonomic}
     bool UseLargePagesIndividualAllocation        = false                                  {pd product} {ergonomic}

Logging:
Log output configuration:
 #0: stdout all=warning uptime,level,tags
 #1: stderr all=off uptime,level,tags

Environment Variables:
JAVA_HOME=C:\Program Files\Java\jdk-12.0.2
PATH=C:\Program Files (x86)\Common Files\Oracle\Java\javapath;C:\Program Files (x86)\Intel\Intel(R) Management Engine Components\iCLS\;C:\Program Files\Intel\Intel(R) Management Engine Components\iCLS\;C:\Windows\system32;C:\Windows;C:\Windows\System32\Wbem;C:\Windows\System32\WindowsPowerShell\v1.0\;C:\Windows\System32\OpenSSH\;C:\Program Files (x86)\Intel\Intel(R) Management Engine Components\DAL;C:\Program Files\Intel\Intel(R) Management Engine Components\DAL;C:\Program Files (x86)\Intel\Intel(R) Management Engine Components\IPT;C:\Program Files\Intel\Intel(R) Management Engine Components\IPT;C:\Program Files\Intel\WiFi\bin\;C:\Program Files\Common Files\Intel\WirelessCommon\;C:\Program Files\Java\jdk-12.0.2\bin;C:\Program Files\Microsoft SQL Server\110\Tools\Binn\;C:\Program Files (x86)\Microsoft SQL Server\110\Tools\Binn\;C:\Program Files\Microsoft SQL Server\110\DTS\Binn\;C:\Program Files (x86)\Microsoft SQL Server\110\Tools\Binn\ManagementStudio\;C:\Program Files (x86)\Microsoft Visual Studio 10.0\Common7\IDE\PrivateAssemblies\;C:\Program Files (x86)\Microsoft SQL Server\110\DTS\Binn\;C:\Users\USER\Documents\OpenSSL\OpenSSL-Win64\bin;C:\Program Files\OpenSSL-Win64\bin;C:\Users\USER\Downloads\New folder\New folder\bin;D:\PYTHON\Scripts\;D:\PYTHON\;C:\Users\USER\AppData\Local\Microsoft\WindowsApps;C:\Program Files\Intel\WiFi\bin\;C:\Program Files\Common Files\Intel\WirelessCommon\
USERNAME=USER
OS=Windows_NT
PROCESSOR_IDENTIFIER=Intel64 Family 6 Model 142 Stepping 9, GenuineIntel



---------------  S Y S T E M  ---------------

OS: Windows 10 , 64 bit Build 18362 (10.0.18362.900)

CPU:total 4 (initial active 4) (2 cores per cpu, 2 threads per core) family 6 model 142 stepping 9, cmov, cx8, fxsr, mmx, sse, sse2, sse3, ssse3, sse4.1, sse4.2, popcnt, avx, avx2, aes, clmul, erms, 3dnowpref, lzcnt, ht, tsc, tscinvbit, bmi1, bmi2, adx, fma

Memory: 4k page, system-wide physical 12153M (2162M free)
TotalPageFile size 28176M (AvailPageFile size 6M)
current process WorkingSet (physical memory assigned to process): 72M, peak: 72M
current process commit charge ("private bytes"): 97M, peak: 101M

vm_info: Java HotSpot(TM) 64-Bit Server VM (12.0.2+10) for windows-amd64 JRE (12.0.2+10), built on Jul 16 2019 01:56:17 by "mach5one" with MS VC++ 15.5 (VS2017)

END.
