#
# A fatal error has been detected by the Java Runtime Environment:
#
#  EXCEPTION_ACCESS_VIOLATION (0xc0000005) at pc=0x00007ff8704bbe73, pid=15968, tid=4616
#
# JRE version: Java(TM) SE Runtime Environment (12.0.2+10) (build 12.0.2+10)
# Java VM: Java HotSpot(TM) 64-Bit Server VM (12.0.2+10, mixed mode, sharing, tiered, compressed oops, g1 gc, windows-amd64)
# Problematic frame:
# V  [jvm.dll+0x39be73]
#
# No core dump will be written. Minidumps are not enabled by default on client versions of Windows
#
# If you would like to submit a bug report, please visit:
#   
#
  [jvm.dll+0x63a952]
V  [jvm.dll+0x39caea]
V  [jvm.dll+0x39cd77]
V  [jvm.dll+0x417771]
V  [jvm.dll+0x7512a0]
V  [jvm.dll+0x74a2c8]
