http://bugreport.java.com/bugreport/crash.jsp
#

---------------  S U M M A R Y ------------

Command Line: -Dfile.encoding=UTF-8 -Djava.security.policy=applet.policy ktdh.View2

Host: Intel(R) Core(TM) i7-7500U CPU @ 2.70GHz, 4 cores, 11G,  Windows 10 , 64 bit Build 18362 (10.0.18362.900)
Time: Fri Jul  3 13:02:08 2020 SE Asia Standard Time elapsed time: 3783 seconds (0d 1h 3m 3s)

---------------  T H R E A D  ---------------

Current thread (0x000001fdf0eab800):  JavaThread "AWT-EventQueue-0" [_thread_in_vm, id=19440, stack(0x000000c223900000,0x000000c223a00000)]


VV  [jvm.dll+0x63a952]
V  [jvm.dll+0x39caea]
V  [jvm.dll+0x39cd77]
V  [jvm.dll+0x417771]
V  [jvm.dll+0x7512a0]
V  [jvm.dll+0x74a2c8]
V  [jvm.dll+0x639b16]
C  [ucrtbase.dll+0x20e82]
C  [KERNEL32.DLL+0x17bd4]
C  [ntdll.dll+0x6ce51]


siginfo: EXCEPTION_ACCESS_VIOLATION (0xc0000005), writing address 0x000000c2239f7f70


Register to memory mapping:

RIP=0x00007ff8704bbe73 jvm.dll
RAX=0x0000000000000001 is an unknown value
RBX=0x000000c2239f7f70 is pointing into the stack for thread: 0x000001fdf0eab800
RCX=0x0000000000001000 is an unknown value
RDX=0x0 is NULL
RSP=0x000000c2239fef70 is pointing into the stack for thread: 0x000001fdf0eab800
RBP=0x000000c2239ff070 is pointing into the stack for thread: 0x000001fdf0eab800
RSI=0x000001fdf0eab800 is a thread
RDI=0x000001fdf0753070 points into unknown readable memory: b8 28 08 4b 07 00 00 00
R8 =0x000000c2239fef70 is pointing into the stack for thread: 0x000001fdf0eab800
R9 =0x000000000000011f is an unknown value
R10=0x000000c2239ff140 is pointing into the stack for thread: 0x000001fdf0eab800
R11=0x000000c2239ff2f0 is pointing into the stack for thread: 0x000001fdf0eab800
R12=0x000000c2239ff2f0 is pointing into the stack for thread: 0x000001fdf0eab800
R13=0x000000c2239ff140 is pointing into the stack for thread: 0x000001fdf0eab800
R14=0x000000c2239ff220 is pointing into the stack for thread: 0x000001fdf0eab800
R15=0x0 is NULL


Registers:
RAX=0x0000000000000001, RBX=0x000000c2239f7f70, RCX=0x0000000000001000, RDX=0x0000000000000000
RSP=0x000000c2239fef70, RBP=0x000000c2239ff070, RSI=0x000001fdf0eab800, RDI=0x000001fdf0753070
R8 =0x000000c2239fef70, R9 =0x000000000000011f, R10=0x000000c2239ff140, R11=0x000000c2239ff2f0
R12=0x000000c2239ff2f0, R13=0x000000c2239ff140, R14=0x000000c2239ff220, R15=0x0000000000000000
RIP=0x00007ff8704bbe73, EFLAGS=0x0000000000010202

Top of Stack: (sp=0x000000c2239fef70)
0x000000c2239fef70:   000000c2239fef70 000001fdf0eab800
0x000000c2239fef80:   000000c2239ff400 00007ff8a1c64c20
0x000000c2239fef90:   0000000000000000 0000000000000002
0x000000c2239fefa0:   0000000000000000 00007ff87033877e
0x000000c2239fefb0:   0000000000000000 00007ff8a1b6b6b0
0x000000c2239fefc0:   0000000000000003 0000000000000002
0x000000c2239fefd0:   000000c2239ff070 00007ff8703389e8
0x000000c2239fefe0:   0000000000000002 00007ff8b707094c
0x000000c2239feff0:   000001fdd783dbc0 000000c2237f0000
0x000000c2239ff000:   0000000000000000 00007ff8704824b5
0x000000c2239ff010:   0000000000000002 00007ff8b706f8db
0x000000c2239ff020:   0000000000000001 0000000000000001
0x000000c2239ff030:   000001fdf0eab800 00007ff87065a203
0x000000c2239ff040:   000001fdf0753070 000001fdf0eab800
0x000000c2239ff050:   000000c2239ff0f0 00007ff8b9e0b2a0
0x000000c2239ff060:   0000c29c7b69d62f 00007ff8bc97b523 

Instructions: (pc=0x00007ff8704bbe73)
0x00007ff8704bbd73:   c6 ff 48 98 41 8b 8c 80 0c c3 39 00 49 03 c8 ff
0x00007ff8704bbd83:   e1 c7 85 88 00 00 00 0a 00 00 00 eb 48 c7 85 88
0x00007ff8704bbd93:   00 00 00 0b 00 00 00 eb 3c c7 85 88 00 00 00 06
0x00007ff8704bbda3:   00 00 00 eb 30 c7 85 88 00 00 00 07 00 00 00 eb
0x00007ff8704bbdb3:   24 ba b3 00 00 00 48 8d 0d 68 c8 50 00 e8 bb 68
0x00007ff8704bbdc3:   ec ff e8 16 72 29 00 41 8b 14 24 c7 85 88 00 00
0x00007ff8704bbdd3:   00 63 00 00 00 8d 42 f4 83 f8 01 49 8b 45 00 0f
0x00007ff8704bbde3:   96 85 80 00 00 00 8b 40 20 c1 e8 03 a8 01 75 0d
0x00007ff8704bbdf3:   49 8b 46 58 48 8b 38 48 89 7d d0 eb 04 48 89 7d
0x00007ff8704bbe03:   d8 83 be f0 03 00 00 03 74 08 48 8b ce e8 8b 4f
0x00007ff8704bbe13:   3b 00 e8 16 e9 29 00 4c 8b c0 49 8b d5 48 8b ce
0x00007ff8704bbe23:   48 8b d8 e8 f5 37 29 00 84 c0 75 1d 4d 8b cd 48
0x00007ff8704bbe33:   8d 15 ef c7 50 00 41 b8 a5 01 00 00 48 8b ce e8
0x00007ff8704bbe43:   39 61 f4 ff e9 de 03 00 00 48 63 0d e1 ef 70 00
0x00007ff8704bbe53:   33 d2 48 8b 05 94 97 73 00 48 f7 f1 48 83 f8 01
0x00007ff8704bbe63:   72 17 66 66 66 0f 1f 84 00 00 00 00 00 48 2b d9
0x00007ff8704bbe73:   c6 03 00 48 83 e8 01 75 f4 4d 85 ff 74 6a 49 8b
0x00007ff8704bbe83:   07 49 8b cf ff 90 88 00 00 00 84 c0 0f 84 2c 01
0x00007ff8704bbe93:   00 00 49 8b 07 49 8b cf ff 90 30 02 00 00 84 c0
0x00007ff8704bbea3:   0f 85 18 01 00 00 49 8b 07 49 8b cf ff 90 d8 00
0x00007ff8704bbeb3:   00 00 48 89 86 e0 03 00 00 49 8b 45 00 48 8b 48
0x00007ff8704bbec3:   08 48 3b 0d 05 23 6d 00 73 12 48 3b 0d f4 22 6d
0x00007ff8704bbed3:   00 72 09 48 8b 41 18 48 8b 08 eb 04 48 8b 49 18
0x00007ff8704bbee3:   48 8b 41 18 48 89 45 80 33 c0 48 8b ce 48 89 44
0x00007ff8704bbef3:   24 60 b3 01 48 89 44 24 70 48 89 44 24 68 48 8b
0x00007ff8704bbf03:   06 ff 50 28 84 c0 75 24 4c 8d 0d 9e c6 50 00 ba
0x00007ff8704bbf13:   3b 00 00 00 4c 8d 05 da c6 50 00 48 8d 0d 03 c7
0x00007ff8704bbf23:   50 00 e8 b6 67 ec ff e8 b1 70 29 00 48 8b 06 48
0x00007ff8704bbf33:   8b ce ff 50 78 84 c0 75 24 4c 8d 0d 25 c7 50 00
0x00007ff8704bbf43:   ba 3d 00 00 00 4c 8d 05 49 c7 50 00 48 8d 0d d2
0x00007ff8704bbf53:   c6 50 00 e8 85 67 ec ff e8 80 70 29 00 48 8b ce
0x00007ff8704bbf63:   4c 89 64 24 78 e8 03 80 07 00 ba 06 00 00 00 48 


Stack slot to memory mapping:
stack at sp + 0 slots: 0x000000c2239fef70 is pointing into the stack for thread: 0x000001fdf0eab800
stack at sp + 1 slots: 0x000001fdf0eab800 is a thread
stack at sp + 2 slots: 0x000000c2239ff400 is pointing into the stack for thread: 0x000001fdf0eab800
stack at sp + 3 slots: 0x00007ff8a1c64c20 opengl32.dll
stack at sp + 4 slots: 0x0 is NULL
stack at sp + 5 slots: 0x0000000000000002 is an unknown value
stack at sp + 6 slots: 0x0 is NULL
stack at sp + 7 slots: 0x00007ff87033877e jvm.dll


---------------  P R O C E S S  ---------------

Threads class SMR info:
_java_thread_list=0x000001fdf10c07d0, length=15, elements={
0x000001fdcf426000, 0x000001fdefe14800, 0x000001fdefe18800, 0x000001fdf0733000,
0x000001fdf0736000, 0x000001fdf0738800, 0x000001fdf0751800, 0x000001fdf07b5800,
0x000001fdf08ad000, 0x000001fdf08b3800, 0x000001fdf0b02800, 0x000001fdf0b15800,
0x000001fdf0e97800, 0x000001fdf0b09800, 0x000001fdf0eab800
}

Java Threads: ( => current thread )
  0x000001fdcf426000 JavaThread "main" [_thread_blocked, id=16024, stack(0x000000c223b00000,0x000000c223c00000)]
  0x000001fdefe14800 JavaThread "Reference Handler" daemon [_thread_blocked, id=18740, stack(0x000000c224200000,0x000000c224300000)]
  0x000001fdefe18800 JavaThread "Finalizer" daemon [_thread_blocked, id=17124, stack(0x000000c224300000,0x000000c224400000)]
  0x000001fdf0733000 JavaThread "Signal Dispatcher" daemon [_thread_blocked, id=6200, stack(0x000000c224400000,0x000000c224500000)]
  0x000001fdf0736000 JavaThread "Attach Listener" daemon [_thread_blocked, id=14192, stack(0x000000c224500000,0x000000c224600000)]
  0x000001fdf0738800 JavaThread "C2 CompilerThread0" daemon [_thread_blocked, id=15768, stack(0x000000c224600000,0x000000c224700000)]
  0x000001fdf0751800 JavaThread "C1 CompilerThread0" daemon [_thread_blocked, id=2712, stack(0x000000c224700000,0x000000c224800000)]
  0x000001fdf07b5800 JavaThread "Sweeper thread" daemon [_thread_blocked, id=9612, stack(0x000000c224800000,0x000000c224900000)]
  0x000001fdf08ad000 JavaThread "Service Thread" daemon [_thread_blocked, id=5000, stack(0x000000c224900000,0x000000c224a00000)]
  0x000001fdf08b3800 JavaThread "Common-Cleaner" daemon [_thread_blocked, id=18364, stack(0x000000c224b00000,0x000000c224c00000)]
  0x000001fdf0b02800 JavaThread "Java2D Disposer" daemon [_thread_blocked, id=3400, stack(0x000000c224c00000,0x000000c224d00000)]
  0x000001fdf0b15800 JavaThread "AWT-Windows" daemon [_thread_in_native, id=7208, stack(0x000000c224e00000,0x000000c224f00000)]
  0x000001fdf0e97800 JavaThread "Thread-0" [_thread_blocked, id=13900, stack(0x000000c225000000,0x000000c225100000)]
  0x000001fdf0b09800 JavaThread "AWT-Shutdown" [_thread_blocked, id=7820, stack(0x000000c223800000,0x000000c223900000)]
=>0x000001fdf0eab800 JavaThread "AWT-EventQueue-0" [_thread_in_vm, id=19440, stack(0x000000c223900000,0x000000c223a00000)]

Other Threads:
  0x000001fdefe11000 VMThread "VM Thread" [stack: 0x000000c224100000,0x000000c224200000] [id=11808]
  0x000001fdf08ae000 WatcherThread [stack: 0x000000c224a00000,0x000000c224b00000] [id=8164]
  0x000001fdcf479000 GCTaskThread "GC Thread#0" [stack: 0x000000c223c00000,0x000000c223d00000] [id=5524]
  0x000001fdf11b2800 GCTaskThread "GC Thread#1" [stack: 0x000000c225300000,0x000000c225400000] [id=14972]
  0x000001fdf0f33800 GCTaskThread "GC Thread#2" [stack: 0x000000c225400000,0x000000c225500000] [id=14340]
  0x000001fdf0f07000 GCTaskThread "GC Thread#3" [stack: 0x000000c225500000,0x000000c225600000] [id=4136]
  0x000001fdcf48c800 ConcurrentGCThread "G1 Main Marker" [stack: 0x000000c223d00000,0x000000c223e00000] [id=19068]
  0x000001fdcf490800 ConcurrentGCThread "G1 Conc#0" [stack: 0x000000c223e00000,0x000000c223f00000] [id=16932]
  0x000001fdefc8d800 ConcurrentGCThread "G1 Refine#0" [stack: 0x000000c223f00000,0x000000c224000000] [id=2836]
  0x000001fdefc8e800 ConcurrentGCThread "G1 Young RemSet Sampling" [stack: 0x000000c224000000,0x000000c224100000] [id=9908]

Threads with active compile tasks:

VM state:not at safepoint (normal execution)

VM Mutex/Monitor currently owned by a thread: None

Heap address: 0x0000000742000000, size: 3040 MB, Compressed Oops mode: Zero based, Oop shift amount: 3
Narrow klass base: 0x0000000800000000, Narrow klass shift: 3
Compressed class space size: 1073741824 Address: 0x0000000801190000

Heap:
 garbage-first heap   total 194560K, used 67515K [0x0000000742000000, 0x0000000800000000)
  region size 1024K, 60 young (61440K), 2 survivors (2048K)
 Metaspace       used 7399K, capacity 7735K, committed 7936K, reserved 1056768K
  class space    used 780K, capacity 940K, committed 1024K, reserved 1048576K
Heap Regions: E=young(eden), S=young(survivor), O=old, HS=humongous(starts), HC=humongous(continues), CS=collection set, F=free, A=archive, TAMS=top-at-mark-start (previous, next)
|   0|0x0000000742000000, 0x0000000742000000, 0x0000000742100000|  0%| F|  |TAMS 0x0000000742000000, 0x0000000742000000| Untracked 
|   1|0x0000000742100000, 0x0000000742100000, 0x0000000742200000|  0%| F|  |TAMS 0x0000000742100000, 0x0000000742100000| Untracked 
|   2|0x0000000742200000, 0x0000000742200000, 0x0000000742300000|  0%| F|  |TAMS 0x0000000742200000, 0x0000000742200000| Untracked 
|   3|0x0000000742300000, 0x0000000742300000, 0x0000000742400000|  0%| F|  |TAMS 0x0000000742300000, 0x0000000742300000| Untracked 
|   4|0x0000000742400000, 0x0000000742500000, 0x0000000742500000|100%|HS|  |TAMS 0x0000000742400000, 0x0000000742400000| Complete 
|   5|0x0000000742500000, 0x0000000742600000, 0x0000000742600000|100%|HC|  |TAMS 0x0000000742500000, 0x0000000742500000| Complete 
|   6|0x0000000742600000, 0x0000000742700000, 0x0000000742700000|100%|HC|  |TAMS 0x0000000742600000, 0x0000000742600000| Complete 
|   7|0x0000000742700000, 0x0000000742800000, 0x0000000742800000|100%|HS|  |TAMS 0x0000000742700000, 0x0000000742700000| Complete 
|   8|0x0000000742800000, 0x0000000742900000, 0x0000000742900000|100%|HC|  |TAMS 0x0000000742800000, 0x0000000742800000| Complete 
|   9|0x0000000742900000, 0x0000000742a00000, 0x0000000742a00000|100%|HC|  |TAMS 0x0000000742900000, 0x0000000742900000| Complete 
|  10|0x0000000742a00000, 0x0000000742b00000, 0x0000000742b00000|100%|HC|  |TAMS 0x0000000742a00000, 0x0000000742a00000| Complete 
|  11|0x0000000742b00000, 0x0000000742b00000, 0x0000000742c00000|  0%| F|  |TAMS 0x0000000742b00000, 0x0000000742b00000| Untracked 
|  12|0x0000000742c00000, 0x0000000742c00000, 0x0000000742d00000|  0%| F|  |TAMS 0x0000000742c00000, 0x0000000742c00000| Untracked 
|  13|0x0000000742d00000, 0x0000000742d00000, 0x0000000742e00000|  0%| F|  |TAMS 0x0000000742d00000, 0x0000000742d00000| Untracked 
|  14|0x0000000742e00000, 0x0000000742e00000, 0x0000000742f00000|  0%| F|  |TAMS 0x0000000742e00000, 0x0000000742e00000| Untracked 
|  15|0x0000000742f00000, 0x0000000742f00000, 0x0000000743000000|  0%| F|  |TAMS 0x0000000742f00000, 0x0000000742f00000| Untracked 
|  16|0x0000000743000000, 0x0000000743000000, 0x0000000743100000|  0%| F|  |TAMS 0x0000000743000000, 0x0000000743000000| Untracked 
|  17|0x0000000743100000, 0x0000000743100000, 0x0000000743200000|  0%| F|  |TAMS 0x0000000743100000, 0x0000000743100000| Untracked 
|  18|0x0000000743200000, 0x0000000743200000, 0x0000000743300000|  0%| F|  |TAMS 0x0000000743200000, 0x0000000743200000| Untracked 
|  19|0x0000000743300000, 0x0000000743300000, 0x0000000743400000|  0%| F|  |TAMS 0x0000000743300000, 0x0000000743300000| Untracked 
|  20|0x0000000743400000, 0x0000000743400000, 0x0000000743500000|  0%| F|  |TAMS 0x0000000743400000, 0x0000000743400000| Untracked 
|  21|0x0000000743500000, 0x0000000743500000, 0x0000000743600000|  0%| F|  |TAMS 0x0000000743500000, 0x0000000743500000| Untracked 
|  22|0x0000000743600000, 0x0000000743600000, 0x0000000743700000|  0%| F|  |TAMS 0x0000000743600000, 0x0000000743600000| Untracked 
|  23|0x0000000743700000, 0x0000000743700000, 0x0000000743800000|  0%| F|  |TAMS 0x0000000743700000, 0x0000000743700000| Untracked 
|  24|0x0000000743800000, 0x0000000743800000, 0x0000000743900000|  0%| F|  |TAMS 0x0000000743800000, 0x0000000743800000| Untracked 
|  25|0x0000000743900000, 0x0000000743900000, 0x0000000743a00000|  0%| F|  |TAMS 0x0000000743900000, 0x0000000743900000| Untracked 
|  26|0x0000000743a00000, 0x0000000743a00000, 0x0000000743b00000|  0%| F|  |TAMS 0x0000000743a00000, 0x0000000743a00000| Untracked 
|  27|0x0000000743b00000, 0x0000000743b00000, 0x0000000743c00000|  0%| F|  |TAMS 0x0000000743b00000, 0x0000000743b00000| Untracked 
|  28|0x0000000743c00000, 0x0000000743c00000, 0x0000000743d00000|  0%| F|  |TAMS 0x0000000743c00000, 0x0000000743c00000| Untracked 
|  29|0x0000000743d00000, 0x0000000743d00000, 0x0000000743e00000|  0%| F|  |TAMS 0x0000000743d00000, 0x0000000743d00000| Untracked 
|  30|0x0000000743e00000, 0x0000000743e00000, 0x0000000743f00000|  0%| F|  |TAMS 0x0000000743e00000, 0x0000000743e00000| Untracked 
|  31|0x0000000743f00000, 0x0000000743f00000, 0x0000000744000000|  0%| F|  |TAMS 0x0000000743f00000, 0x0000000743f00000| Untracked 
|  32|0x0000000744000000, 0x0000000744000000, 0x0000000744100000|  0%| F|  |TAMS 0x0000000744000000, 0x0000000744000000| Untracked 
|  33|0x0000000744100000, 0x0000000744100000, 0x0000000744200000|  0%| F|  |TAMS 0x0000000744100000, 0x0000000744100000| Untracked 
|  34|0x0000000744200000, 0x0000000744200000, 0x0000000744300000|  0%| F|  |TAMS 0x0000000744200000, 0x0000000744200000| Untracked 
|  35|0x0000000744300000, 0x0000000744300000, 0x0000000744400000|  0%| F|  |TAMS 0x0000000744300000, 0x0000000744300000| Untracked 
|  36|0x0000000744400000, 0x0000000744400000, 0x0000000744500000|  0%| F|  |TAMS 0x0000000744400000, 0x0000000744400000| Untracked 
|  37|0x0000000744500000, 0x0000000744500000, 0x0000000744600000|  0%| F|  |TAMS 0x0000000744500000, 0x0000000744500000| Untracked 
|  38|0x0000000744600000, 0x0000000744600000, 0x0000000744700000|  0%| F|  |TAMS 0x0000000744600000, 0x0000000744600000| Untracked 
|  39|0x0000000744700000, 0x0000000744700000, 0x0000000744800000|  0%| F|  |TAMS 0x0000000744700000, 0x0000000744700000| Untracked 
|  40|0x0000000744800000, 0x0000000744800000, 0x0000000744900000|  0%| F|  |TAMS 0x0000000744800000, 0x0000000744800000| Untracked 
|  41|0x0000000744900000, 0x0000000744900000, 0x0000000744a00000|  0%| F|  |TAMS 0x0000000744900000, 0x0000000744900000| Untracked 
|  42|0x0000000744a00000, 0x0000000744a00000, 0x0000000744b00000|  0%| F|  |TAMS 0x0000000744a00000, 0x0000000744a00000| Untracked 
|  43|0x0000000744b00000, 0x0000000744b00000, 0x0000000744c00000|  0%| F|  |TAMS 0x0000000744b00000, 0x0000000744b00000| Untracked 
|  44|0x0000000744c00000, 0x0000000744c00000, 0x0000000744d00000|  0%| F|  |TAMS 0x0000000744c00000, 0x0000000744c00000| Untracked 
|  45|0x0000000744d00000, 0x0000000744d00000, 0x0000000744e00000|  0%| F|  |TAMS 0x0000000744d00000, 0x0000000744d00000| Untracked 
|  46|0x0000000744e00000, 0x0000000744e00000, 0x0000000744f00000|  0%| F|  |TAMS 0x0000000744e00000, 0x0000000744e00000| Untracked 
|  47|0x0000000744f00000, 0x0000000744f00000, 0x0000000745000000|  0%| F|  |TAMS 0x0000000744f00000, 0x0000000744f00000| Untracked 
|  48|0x0000000745000000, 0x0000000745000000, 0x0000000745100000|  0%| F|  |TAMS 0x0000000745000000, 0x0000000745000000| Untracked 
|  49|0x0000000745100000, 0x0000000745100000, 0x0000000745200000|  0%| F|  |TAMS 0x0000000745100000, 0x0000000745100000| Untracked 
|  50|0x0000000745200000, 0x0000000745200000, 0x0000000745300000|  0%| F|  |TAMS 0x0000000745200000, 0x0000000745200000| Untracked 
|  51|0x0000000745300000, 0x0000000745300000, 0x0000000745400000|  0%| F|  |TAMS 0x0000000745300000, 0x0000000745300000| Untracked 
|  52|0x0000000745400000, 0x0000000745400000, 0x0000000745500000|  0%| F|  |TAMS 0x0000000745400000, 0x0000000745400000| Untracked 
|  53|0x0000000745500000, 0x0000000745500000, 0x0000000745600000|  0%| F|  |TAMS 0x0000000745500000, 0x0000000745500000| Untracked 
|  54|0x0000000745600000, 0x0000000745600000, 0x0000000745700000|  0%| F|  |TAMS 0x0000000745600000, 0x0000000745600000| Untracked 
|  55|0x0000000745700000, 0x0000000745700000, 0x0000000745800000|  0%| F|  |TAMS 0x0000000745700000, 0x0000000745700000| Untracked 
|  56|0x0000000745800000, 0x0000000745800000, 0x0000000745900000|  0%| F|  |TAMS 0x0000000745800000, 0x0000000745800000| Untracked 
|  57|0x0000000745900000, 0x0000000745900000, 0x0000000745a00000|  0%| F|  |TAMS 0x0000000745900000, 0x0000000745900000| Untracked 
|  58|0x0000000745a00000, 0x0000000745a00000, 0x0000000745b00000|  0%| F|  |TAMS 0x0000000745a00000, 0x0000000745a00000| Untracked 
|  59|0x0000000745b00000, 0x0000000745b00000, 0x0000000745c00000|  0%| F|  |TAMS 0x0000000745b00000, 0x0000000745b00000| Untracked 
|  60|0x0000000745c00000, 0x0000000745c00000, 0x0000000745d00000|  0%| F|  |TAMS 0x0000000745c00000, 0x0000000745c00000| Untracked 
|  61|0x0000000745d00000, 0x0000000745d00000, 0x0000000745e00000|  0%| F|  |TAMS 0x0000000745d00000, 0x0000000745d00000| Untracked 
|  62|0x0000000745e00000, 0x0000000745e00000, 0x0000000745f00000|  0%| F|  |TAMS 0x0000000745e00000, 0x0000000745e00000| Untracked 
|  63|0x0000000745f00000, 0x0000000745f00000, 0x0000000746000000|  0%| F|  |TAMS 0x0000000745f00000, 0x0000000745f00000| Untracked 
|  64|0x0000000746000000, 0x0000000746000000, 0x0000000746100000|  0%| F|  |TAMS 0x0000000746000000, 0x0000000746000000| Untracked 
|  65|0x0000000746100000, 0x0000000746100000, 0x0000000746200000|  0%| F|  |TAMS 0x0000000746100000, 0x0000000746100000| Untracked 
|  66|0x0000000746200000, 0x0000000746200000, 0x0000000746300000|  0%| F|  |TAMS 0x0000000746200000, 0x0000000746200000| Untracked 
|  67|0x0000000746300000, 0x0000000746300000, 0x0000000746400000|  0%| F|  |TAMS 0x0000000746300000, 0x0000000746300000| Untracked 
|  68|0x0000000746400000, 0x0000000746400000, 0x0000000746500000|  0%| F|  |TAMS 0x0000000746400000, 0x0000000746400000| Untracked 
|  69|0x0000000746500000, 0x0000000746500000, 0x0000000746600000|  0%| F|  |TAMS 0x0000000746500000, 0x0000000746500000| Untracked 
|  70|0x0000000746600000, 0x0000000746600000, 0x0000000746700000|  0%| F|  |TAMS 0x0000000746600000, 0x0000000746600000| Untracked 
|  71|0x0000000746700000, 0x0000000746700000, 0x0000000746800000|  0%| F|  |TAMS 0x0000000746700000, 0x0000000746700000| Untracked 
|  72|0x0000000746800000, 0x0000000746800000, 0x0000000746900000|  0%| F|  |TAMS 0x0000000746800000, 0x0000000746800000| Untracked 
|  73|0x0000000746900000, 0x0000000746900000, 0x0000000746a00000|  0%| F|  |TAMS 0x0000000746900000, 0x0000000746900000| Untracked 
|  74|0x0000000746a00000, 0x0000000746a00000, 0x0000000746b00000|  0%| F|  |TAMS 0x0000000746a00000, 0x0000000746a00000| Untracked 
|  75|0x0000000746b00000, 0x0000000746b00000, 0x0000000746c00000|  0%| F|  |TAMS 0x0000000746b00000, 0x0000000746b00000| Untracked 
|  76|0x0000000746c00000, 0x0000000746c00000, 0x0000000746d00000|  0%| F|  |TAMS 0x0000000746c00000, 0x0000000746c00000| Untracked 
|  77|0x0000000746d00000, 0x0000000746deef30, 0x0000000746e00000| 93%| S|CS|TAMS 0x0000000746d00000, 0x0000000746d00000| Complete 
|  78|0x0000000746e00000, 0x0000000746f00000, 0x0000000746f00000|100%| S|CS|TAMS 0x0000000746e00000, 0x0000000746e00000| Complete 
|  79|0x0000000746f00000, 0x0000000746f00000, 0x0000000747000000|  0%| F|  |TAMS 0x0000000746f00000, 0x0000000746f00000| Untracked 
|  80|0x0000000747000000, 0x0000000747000000, 0x0000000747100000|  0%| F|  |TAMS 0x0000000747000000, 0x0000000747000000| Untracked 
|  81|0x0000000747100000, 0x0000000747100000, 0x0000000747200000|  0%| F|  |TAMS 0x0000000747100000, 0x0000000747100000| Untracked 
|  82|0x0000000747200000, 0x0000000747200000, 0x0000000747300000|  0%| F|  |TAMS 0x0000000747200000, 0x0000000747200000| Untracked 
|  83|0x0000000747300000, 0x0000000747300000, 0x0000000747400000|  0%| F|  |TAMS 0x0000000747300000, 0x0000000747300000| Untracked 
|  84|0x0000000747400000, 0x0000000747400000, 0x0000000747500000|  0%| F|  |TAMS 0x0000000747400000, 0x0000000747400000| Untracked 
|  85|0x0000000747500000, 0x0000000747500000, 0x0000000747600000|  0%| F|  |TAMS 0x0000000747500000, 0x0000000747500000| Untracked 
|  86|0x0000000747600000, 0x0000000747600000, 0x0000000747700000|  0%| F|  |TAMS 0x0000000747600000, 0x0000000747600000| Untracked 
|  87|0x0000000747700000, 0x0000000747700000, 0x0000000747800000|  0%| F|  |TAMS 0x0000000747700000, 0x0000000747700000| Untracked 
|  88|0x0000000747800000, 0x0000000747800000, 0x0000000747900000|  0%| F|  |TAMS 0x0000000747800000, 0x0000000747800000| Untracked 
|  89|0x0000000747900000, 0x0000000747900000, 0x0000000747a00000|  0%| F|  |TAMS 0x0000000747900000, 0x0000000747900000| Untracked 
|  90|0x0000000747a00000, 0x0000000747a00000, 0x0000000747b00000|  0%| F|  |TAMS 0x0000000747a00000, 0x0000000747a00000| Untracked 
|  91|0x0000000747b00000, 0x0000000747b00000, 0x0000000747c00000|  0%| F|  |TAMS 0x0000000747b00000, 0x0000000747b00000| Untracked 
|  92|0x0000000747c00000, 0x0000000747c00000, 0x0000000747d00000|  0%| F|  |TAMS 0x0000000747c00000, 0x0000000747c00000| Untracked 
|  93|0x0000000747d00000, 0x0000000747d00000, 0x0000000747e00000|  0%| F|  |TAMS 0x0000000747d00000, 0x0000000747d00000| Untracked 
|  94|0x0000000747e00000, 0x0000000747e00000, 0x0000000747f00000|  0%| F|  |TAMS 0x0000000747e00000, 0x0000000747e00000| Untracked 
|  95|0x0000000747f00000, 0x0000000747f00000, 0x0000000748000000|  0%| F|  |TAMS 0x0000000747f00000, 0x0000000747f00000| Untracked 
|  96|0x0000000748000000, 0x0000000748000000, 0x0000000748100000|  0%| F|  |TAMS 0x0000000748000000, 0x0000000748000000| Untracked 
|  97|0x0000000748100000, 0x0000000748100000, 0x0000000748200000|  0%| F|  |TAMS 0x0000000748100000, 0x0000000748100000| Untracked 
|  98|0x0000000748200000, 0x0000000748200000, 0x0000000748300000|  0%| F|  |TAMS 0x0000000748200000, 0x0000000748200000| Untracked 
|  99|0x0000000748300000, 0x0000000748300000, 0x0000000748400000|  0%| F|  |TAMS 0x0000000748300000, 0x0000000748300000| Untracked 
| 100|0x0000000748400000, 0x0000000748400000, 0x0000000748500000|  0%| F|  |TAMS 0x0000000748400000, 0x0000000748400000| Untracked 
| 101|0x0000000748500000, 0x0000000748500000, 0x0000000748600000|  0%| F|  |TAMS 0x0000000748500000, 0x0000000748500000| Untracked 
| 102|0x0000000748600000, 0x0000000748600000, 0x0000000748700000|  0%| F|  |TAMS 0x0000000748600000, 0x0000000748600000| Untracked 
| 103|0x0000000748700000, 0x0000000748700000, 0x0000000748800000|  0%| F|  |TAMS 0x0000000748700000, 0x0000000748700000| Untracked 
| 104|0x0000000748800000, 0x0000000748800000, 0x0000000748900000|  0%| F|  |TAMS 0x0000000748800000, 0x0000000748800000| Untracked 
| 105|0x0000000748900000, 0x0000000748900000, 0x0000000748a00000|  0%| F|  |TAMS 0x0000000748900000, 0x0000000748900000| Untracked 
| 106|0x0000000748a00000, 0x0000000748a00000, 0x0000000748b00000|  0%| F|  |TAMS 0x0000000748a00000, 0x0000000748a00000| Untracked 
| 107|0x0000000748b00000, 0x0000000748b00000, 0x0000000748c00000|  0%| F|  |TAMS 0x0000000748b00000, 0x0000000748b00000| Untracked 
| 108|0x0000000748c00000, 0x0000000748c00000, 0x0000000748d00000|  0%| F|  |TAMS 0x0000000748c00000, 0x0000000748c00000| Untracked 
| 109|0x0000000748d00000, 0x0000000748d00000, 0x0000000748e00000|  0%| F|  |TAMS 0x0000000748d00000, 0x0000000748d00000| Untracked 
| 110|0x0000000748e00000, 0x0000000748e00000, 0x0000000748f00000|  0%| F|  |TAMS 0x0000000748e00000, 0x0000000748e00000| Untracked 
| 111|0x0000000748f00000, 0x0000000748f00000, 0x0000000749000000|  0%| F|  |TAMS 0x0000000748f00000, 0x0000000748f00000| Untracked 
| 112|0x0000000749000000, 0x0000000749000000, 0x0000000749100000|  0%| F|  |TAMS 0x0000000749000000, 0x0000000749000000| Untracked 
| 113|0x0000000749100000, 0x0000000749100000, 0x0000000749200000|  0%| F|  |TAMS 0x0000000749100000, 0x0000000749100000| Untracked 
| 114|0x0000000749200000, 0x0000000749200000, 0x0000000749300000|  0%| F|  |TAMS 0x0000000749200000, 0x0000000749200000| Untracked 
| 115|0x0000000749300000, 0x0000000749300000, 0x0000000749400000|  0%| F|  |TAMS 0x0000000749300000, 0x0000000749300000| Untracked 
| 116|0x0000000749400000, 0x0000000749400000, 0x0000000749500000|  0%| F|  |TAMS 0x0000000749400000, 0x0000000749400000| Untracked 
| 117|0x0000000749500000, 0x0000000749500000, 0x0000000749600000|  0%| F|  |TAMS 0x0000000749500000, 0x0000000749500000| Untracked 
| 118|0x0000000749600000, 0x0000000749600000, 0x0000000749700000|  0%| F|  |TAMS 0x0000000749600000, 0x0000000749600000| Untracked 
| 119|0x0000000749700000, 0x0000000749700000, 0x0000000749800000|  0%| F|  |TAMS 0x0000000749700000, 0x0000000749700000| Untracked 
| 120|0x0000000749800000, 0x0000000749800000, 0x0000000749900000|  0%| F|  |TAMS 0x0000000749800000, 0x0000000749800000| Untracked 
| 121|0x0000000749900000, 0x0000000749900000, 0x0000000749a00000|  0%| F|  |TAMS 0x0000000749900000, 0x0000000749900000| Untracked 
| 122|0x0000000749a00000, 0x0000000749a00000, 0x0000000749b00000|  0%| F|  |TAMS 0x0000000749a00000, 0x0000000749a00000| Untracked 
| 123|0x0000000749b00000, 0x0000000749b00000, 0x0000000749c00000|  0%| F|  |TAMS 0x0000000749b00000, 0x0000000749b00000| Untracked 
| 124|0x0000000749c00000, 0x0000000749c00000, 0x0000000749d00000|  0%| F|  |TAMS 0x0000000749c00000, 0x0000000749c00000| Untracked 
| 125|0x0000000749d00000, 0x0000000749d00000, 0x0000000749e00000|  0%| F|  |TAMS 0x0000000749d00000, 0x0000000749d00000| Untracked 
| 126|0x0000000749e00000, 0x0000000749e00000, 0x0000000749f00000|  0%| F|  |TAMS 0x0000000749e00000, 0x0000000749e00000| Untracked 
| 127|0x0000000749f00000, 0x0000000749f00000, 0x000000074a000000|  0%| F|  |TAMS 0x0000000749f00000, 0x0000000749f00000| Untracked 
| 128|0x000000074a000000, 0x000000074a000000, 0x000000074a100000|  0%| F|  |TAMS 0x000000074a000000, 0x000000074a000000| Untracked 
| 129|0x000000074a100000, 0x000000074a100000, 0x000000074a200000|  0%| F|  |TAMS 0x000000074a100000, 0x000000074a100000| Untracked 
| 130|0x000000074a200000, 0x000000074a200000, 0x000000074a300000|  0%| F|  |TAMS 0x000000074a200000, 0x000000074a200000| Untracked 
| 131|0x000000074a300000, 0x000000074a300000, 0x000000074a400000|  0%| F|  |TAMS 0x000000074a300000, 0x000000074a300000| Untracked 
| 132|0x000000074a400000, 0x000000074a400800, 0x000000074a500000|  0%| E|  |TAMS 0x000000074a400000, 0x000000074a400000| Complete 
| 133|0x000000074a500000, 0x000000074a600000, 0x000000074a600000|100%| E|CS|TAMS 0x000000074a500000, 0x000000074a500000| Complete 
| 134|0x000000074a600000, 0x000000074a700000, 0x000000074a700000|100%| E|CS|TAMS 0x000000074a600000, 0x000000074a600000| Complete 
| 135|0x000000074a700000, 0x000000074a800000, 0x000000074a800000|100%| E|CS|TAMS 0x000000074a700000, 0x000000074a700000| Complete 
| 136|0x000000074a800000, 0x000000074a900000, 0x000000074a900000|100%| E|CS|TAMS 0x000000074a800000, 0x000000074a800000| Complete 
| 137|0x000000074a900000, 0x000000074aa00000, 0x000000074aa00000|100%| E|CS|TAMS 0x000000074a900000, 0x000000074a900000| Complete 
| 138|0x000000074aa00000, 0x000000074ab00000, 0x000000074ab00000|100%| E|CS|TAMS 0x000000074aa00000, 0x000000074aa00000| Complete 
| 139|0x000000074ab00000, 0x000000074ac00000, 0x000000074ac00000|100%| E|CS|TAMS 0x000000074ab00000, 0x000000074ab00000| Complete 
| 140|0x000000074ac00000, 0x000000074ad00000, 0x000000074ad00000|100%| E|CS|TAMS 0x000000074ac00000, 0x000000074ac00000| Complete 
| 141|0x000000074ad00000, 0x000000074ae00000, 0x000000074ae00000|100%| E|CS|TAMS 0x000000074ad00000, 0x000000074ad00000| Complete 
| 142|0x000000074ae00000, 0x000000074af00000, 0x000000074af00000|100%| E|CS|TAMS 0x000000074ae00000, 0x000000074ae00000| Complete 
| 143|0x000000074af00000, 0x000000074b000000, 0x000000074b000000|100%| E|CS|TAMS 0x000000074af00000, 0x000000074af00000| Complete 
| 144|0x000000074b000000, 0x000000074b100000, 0x000000074b100000|100%| E|CS|TAMS 0x000000074b000000, 0x000000074b000000| Complete 
| 145|0x000000074b100000, 0x000000074b200000, 0x000000074b200000|100%| E|CS|TAMS 0x000000074b100000, 0x000000074b100000| Complete 
| 146|0x000000074b200000, 0x000000074b300000, 0x000000074b300000|100%| E|CS|TAMS 0x000000074b200000, 0x000000074b200000| Complete 
| 147|0x000000074b300000, 0x000000074b400000, 0x000000074b400000|100%| E|CS|TAMS 0x000000074b300000, 0x000000074b300000| Complete 
| 148|0x000000074b400000, 0x000000074b500000, 0x000000074b500000|100%| E|CS|TAMS 0x000000074b400000, 0x000000074b400000| Complete 
| 149|0x000000074b500000, 0x000000074b600000, 0x000000074b600000|100%| E|CS|TAMS 0x000000074b500000, 0x000000074b500000| Complete 
| 150|0x000000074b600000, 0x000000074b700000, 0x000000074b700000|100%| E|CS|TAMS 0x000000074b600000, 0x000000074b600000| Complete 
| 151|0x000000074b700000, 0x000000074b800000, 0x000000074b800000|100%| E|CS|TAMS 0x000000074b700000, 0x000000074b700000| Complete 
| 152|0x000000074b800000, 0x000000074b900000, 0x000000074b900000|100%| E|CS|TAMS 0x000000074b800000, 0x000000074b800000| Complete 
| 153|0x000000074b900000, 0x000000074ba00000, 0x000000074ba00000|100%| E|CS|TAMS 0x000000074b900000, 0x000000074b900000| Complete 
| 154|0x000000074ba00000, 0x000000074bb00000, 0x000000074bb00000|100%| E|CS|TAMS 0x000000074ba00000, 0x000000074ba00000| Complete 
| 155|0x000000074bb00000, 0x000000074bc00000, 0x000000074bc00000|100%| E|CS|TAMS 0x000000074bb00000, 0x000000074bb00000| Complete 
| 156|0x000000074bc00000, 0x000000074bd00000, 0x000000074bd00000|100%| E|CS|TAMS 0x000000074bc00000, 0x000000074bc00000| Complete 
| 157|0x000000074bd00000, 0x000000074be00000, 0x000000074be00000|100%| E|CS|TAMS 0x000000074bd00000, 0x000000074bd00000| Complete 
| 158|0x000000074be00000, 0x000000074bf00000, 0x000000074bf00000|100%| E|CS|TAMS 0x000000074be00000, 0x000000074be00000| Complete 
| 159|0x000000074bf00000, 0x000000074c000000, 0x000000074c000000|100%| E|CS|TAMS 0x000000074bf00000, 0x000000074bf00000| Complete 
| 160|0x000000074c000000, 0x000000074c100000, 0x000000074c100000|100%| E|CS|TAMS 0x000000074c000000, 0x000000074c000000| Complete 
| 161|0x000000074c100000, 0x000000074c200000, 0x000000074c200000|100%| E|CS|TAMS 0x000000074c100000, 0x000000074c100000| Complete 
| 162|0x000000074c200000, 0x000000074c300000, 0x000000074c300000|100%| E|CS|TAMS 0x000000074c200000, 0x000000074c200000| Complete 
| 163|0x000000074c300000, 0x000000074c400000, 0x000000074c400000|100%| E|CS|TAMS 0x000000074c300000, 0x000000074c300000| Complete 
| 164|0x000000074c400000, 0x000000074c500000, 0x000000074c500000|100%| E|CS|TAMS 0x000000074c400000, 0x000000074c400000| Complete 
| 165|0x000000074c500000, 0x000000074c600000, 0x000000074c600000|100%| E|CS|TAMS 0x000000074c500000, 0x000000074c500000| Complete 
| 166|0x000000074c600000, 0x000000074c700000, 0x000000074c700000|100%| E|CS|TAMS 0x000000074c600000, 0x000000074c600000| Complete 
| 167|0x000000074c700000, 0x000000074c800000, 0x000000074c800000|100%| E|CS|TAMS 0x000000074c700000, 0x000000074c700000| Complete 
| 168|0x000000074c800000, 0x000000074c900000, 0x000000074c900000|100%| E|CS|TAMS 0x000000074c800000, 0x000000074c800000| Complete 
| 169|0x000000074c900000, 0x000000074ca00000, 0x000000074ca00000|100%| E|CS|TAMS 0x000000074c900000, 0x000000074c900000| Complete 
| 170|0x000000074ca00000, 0x000000074cb00000, 0x000000074cb00000|100%| E|CS|TAMS 0x000000074ca00000, 0x000000074ca00000| Complete 
| 171|0x000000074cb00000, 0x000000074cc00000, 0x000000074cc00000|100%| E|CS|TAMS 0x000000074cb00000, 0x000000074cb00000| Complete 
| 172|0x000000074cc00000, 0x000000074cd00000, 0x000000074cd00000|100%| E|CS|TAMS 0x000000074cc00000, 0x000000074cc00000| Complete 
| 173|0x000000074cd00000, 0x000000074ce00000, 0x000000074ce00000|100%| E|CS|TAMS 0x000000074cd00000, 0x000000074cd00000| Complete 
| 174|0x000000074ce00000, 0x000000074cf00000, 0x000000074cf00000|100%| E|CS|TAMS 0x000000074ce00000, 0x000000074ce00000| Complete 
| 175|0x000000074cf00000, 0x000000074d000000, 0x000000074d000000|100%| E|CS|TAMS 0x000000074cf00000, 0x000000074cf00000| Complete 
| 176|0x000000074d000000, 0x000000074d100000, 0x000000074d100000|100%| E|CS|TAMS 0x000000074d000000, 0x000000074d000000| Complete 
| 177|0x000000074d100000, 0x000000074d200000, 0x000000074d200000|100%| E|CS|TAMS 0x000000074d100000, 0x000000074d100000| Complete 
| 178|0x000000074d200000, 0x000000074d300000, 0x000000074d300000|100%| E|CS|TAMS 0x000000074d200000, 0x000000074d200000| Complete 
| 179|0x000000074d300000, 0x000000074d400000, 0x000000074d400000|100%| E|CS|TAMS 0x000000074d300000, 0x000000074d300000| Complete 
| 180|0x000000074d400000, 0x000000074d500000, 0x000000074d500000|100%| E|CS|TAMS 0x000000074d400000, 0x000000074d400000| Complete 
| 181|0x000000074d500000, 0x000000074d600000, 0x000000074d600000|100%| E|CS|TAMS 0x000000074d500000, 0x000000074d500000| Complete 
| 182|0x000000074d600000, 0x000000074d700000, 0x000000074d700000|100%| E|CS|TAMS 0x000000074d600000, 0x000000074d600000| Complete 
| 183|0x000000074d700000, 0x000000074d800000, 0x000000074d800000|100%| E|CS|TAMS 0x000000074d700000, 0x000000074d700000| Complete 
| 184|0x000000074d800000, 0x000000074d900000, 0x000000074d900000|100%| E|CS|TAMS 0x000000074d800000, 0x000000074d800000| Complete 
| 185|0x000000074d900000, 0x000000074da00000, 0x000000074da00000|100%| E|CS|TAMS 0x000000074d900000, 0x000000074d900000| Complete 
| 186|0x000000074da00000, 0x000000074db00000, 0x000000074db00000|100%| E|CS|TAMS 0x000000074da00000, 0x000000074da00000| Complete 
| 187|0x000000074db00000, 0x000000074dc00000, 0x000000074dc00000|100%| E|CS|TAMS 0x000000074db00000, 0x000000074db00000| Complete 
| 188|0x000000074dc00000, 0x000000074dd00000, 0x000000074dd00000|100%| E|CS|TAMS 0x000000074dc00000, 0x000000074dc00000| Complete 
| 189|0x000000074dd00000, 0x000000074de00000, 0x000000074de00000|100%| E|CS|TAMS 0x000000074dd00000, 0x000000074dd00000| Complete 

Card table byte_map: [0x000001fde6e20000,0x000001fde7410000] _byte_map_base: 0x000001fde3410000

Marking Bits (Prev, Next): (CMBitMap*) 0x000001fdcf47a048, (CMBitMap*) 0x000001fdcf47a088
 Prev Bits: [0x000001fde7a00000, 0x000001fdea980000)
 Next Bits: [0x000001fdea980000, 0x000001fded900000)

Polling page: 0x000001fdcd2a0000

Metaspace:

Usage:
  Non-class:      6.64 MB capacity,     6.46 MB ( 97%) used,   151.05 KB (  2%) free+waste,    25.31 KB ( <1%) overhead. 
      Class:    940.00 KB capacity,   780.79 KB ( 83%) used,   143.90 KB ( 15%) free+waste,    15.31 KB (  2%) overhead. 
       Both:      7.55 MB capacity,     7.23 MB ( 96%) used,   294.95 KB (  4%) free+waste,    40.63 KB ( <1%) overhead. 

Virtual space:
  Non-class space:        8.00 MB reserved,       6.75 MB ( 84%) committed 
      Class space:        1.00 GB reserved,       1.00 MB ( <1%) committed 
             Both:        1.01 GB reserved,       7.75 MB ( <1%) committed 

Chunk freelists:
   Non-Class:  6.63 KB
       Class:  2.50 KB
        Both:  9.13 KB

CodeHeap 'non-profiled nmethods': size=120064Kb used=517Kb max_used=517Kb free=119546Kb
 bounds [0x000001fddf2f0000, 0x000001fddf560000, 0x000001fde6830000]
CodeHeap 'profiled nmethods': size=120000Kb used=2791Kb max_used=2791Kb free=117209Kb
 bounds [0x000001fdd7dc0000, 0x000001fdd8080000, 0x000001fddf2f0000]
CodeHeap 'non-nmethods': size=5696Kb used=1206Kb max_used=1234Kb free=4489Kb
 bounds [0x000001fdd7830000, 0x000001fdd7aa0000, 0x000001fdd7dc0000]
 total_blobs=2245 nmethods=1442 adapters=471
 compilation: enabled
              stopped_count=0, restarted_count=0
 full_count=0

Compilation events (10 events):
Event: 1049.077 Thread 0x000001fdf0751800 1439       3       java.util.Random::<init> (53 bytes)
Event: 1049.078 Thread 0x000001fdf0751800 nmethod 1439 0x000001fdd8078410 code [0x000001fdd8078640, 0x000001fdd8079058]
Event: 1049.078 Thread 0x000001fdf0751800 1440       3       java.util.Random::initialScramble (10 bytes)
Event: 1049.078 Thread 0x000001fdf0751800 nmethod 1440 0x000001fdd7f01390 code [0x000001fdd7f01540, 0x000001fdd7f01698]
Event: 1049.078 Thread 0x000001fdf0751800 1441       3       java.util.Random::next (47 bytes)
Event: 1049.078 Thread 0x000001fdf0751800 nmethod 1441 0x000001fdd8079310 code [0x000001fdd80794e0, 0x000001fdd80797f8]
Event: 1216.900 Thread 0x000001fdf0738800 1442 % !   4       ktdh.View2::MoveFlow @ 0 (193 bytes)
Event: 1216.909 Thread 0x000001fdf0738800 nmethod 1442% 0x000001fddf370990 code [0x000001fddf370b80, 0x000001fddf371170]
Event: 3783.378 Thread 0x000001fdf0751800 1443       3       java.security.AccessController::doPrivileged (9 bytes)
Event: 3783.378 Thread 0x000001fdf0751800 nmethod 1443 0x000001fdd8079910 code [0x000001fdd8079b00, 0x000001fdd8079ea0]

GC Heap History (6 events):
Event: 0.792 GC heap before
{Heap before GC invocations=0 (full 0):
 garbage-first heap   total 194560K, used 21504K [0x0000000742000000, 0x0000000800000000)
  region size 1024K, 14 young (14336K), 0 survivors (0K)
 Metaspace       used 6814K, capacity 7119K, committed 7424K, reserved 1056768K
  class space    used 773K, capacity 907K, committed 1024K, reserved 1048576K
}
Event: 0.799 GC heap after
{Heap after GC invocations=1 (full 0):
 garbage-first heap   total 194560K, used 9083K [0x0000000742000000, 0x0000000800000000)
  region size 1024K, 2 young (2048K), 2 survivors (2048K)
 Metaspace       used 6814K, capacity 7119K, committed 7424K, reserved 1056768K
  class space    used 773K, capacity 907K, committed 1024K, reserved 1048576K
}
Event: 2.177 GC heap before
{Heap before GC invocations=1 (full 0):
 garbage-first heap   total 194560K, used 127867K [0x0000000742000000, 0x0000000800000000)
  region size 1024K, 114 young (116736K), 2 survivors (2048K)
 Metaspace       used 7158K, capacity 7472K, committed 7680K, reserved 1056768K
  class space    used 777K, capacity 939K, committed 1024K, reserved 1048576K
}
Event: 2.181 GC heap after
{Heap after GC invocations=2 (full 0):
 garbage-first heap   total 194560K, used 13395K [0x0000000742000000, 0x0000000800000000)
  region size 1024K, 3 young (3072K), 3 survivors (3072K)
 Metaspace       used 7158K, capacity 7472K, committed 7680K, reserved 1056768K
  class space    used 777K, capacity 939K, committed 1024K, reserved 1048576K
}
Event: 3.554 GC heap before
{Heap before GC invocations=2 (full 0):
 garbage-first heap   total 194560K, used 127059K [0x0000000742000000, 0x0000000800000000)
  region size 1024K, 114 young (116736K), 3 survivors (3072K)
 Metaspace       used 7309K, capacity 7664K, committed 7936K, reserved 1056768K
  class space    used 778K, capacity 939K, committed 1024K, reserved 1048576K
}
Event: 3.558 GC heap after
{Heap after GC invocations=3 (full 0):
 garbage-first heap   total 194560K, used 9147K [0x0000000742000000, 0x0000000800000000)
  region size 1024K, 2 young (2048K), 2 survivors (2048K)
 Metaspace       used 7309K, capacity 7664K, committed 7936K, reserved 1056768K
  class space    used 778K, capacity 939K, committed 1024K, reserved 1048576K
}

Deoptimization events (10 events):
Event: 0.664 Thread 0x000001fdf0e3f800 Uncommon trap: reason=unstable_if action=reinterpret pc=0x000001fddf31d4c8 method=sun.java2d.pipe.PixelToParallelogramConverter.len(DD)D @ 3 c2
Event: 0.667 Thread 0x000001fdf0e3f800 Uncommon trap: reason=unstable_if action=reinterpret pc=0x000001fddf31f238 method=java.lang.Math.max(DD)D @ 11 c2
Event: 0.685 Thread 0x000001fdf0e3f800 Uncommon trap: reason=unstable_fused_if action=reinterpret pc=0x000001fddf31d0ac method=java.lang.StrictMath.floorOrCeil(DDDD)D @ 8 c2
Event: 1.630 Thread 0x000001fdf0e3f800 Uncommon trap: reason=unstable_if action=reinterpret pc=0x000001fddf32efe0 method=sun.java2d.SunGraphics2D.validateColor()V @ 38 c2
Event: 1.631 Thread 0x000001fdf0e3f800 Uncommon trap: reason=unstable_if action=reinterpret pc=0x000001fddf331554 method=sun.java2d.SunGraphics2D.validateColor()V @ 38 c2
Event: 1.636 Thread 0x000001fdf0e3f800 Uncommon trap: reason=class_check action=maybe_recompile pc=0x000001fddf31f614 method=sun.java2d.SunGraphics2D.drawLine(IIII)V @ 10 c2
Event: 1.658 Thread 0x000001fdf0e3f800 Uncommon trap: reason=class_check action=maybe_recompile pc=0x000001fddf31f614 method=sun.java2d.SunGraphics2D.drawLine(IIII)V @ 10 c2
Event: 1.670 Thread 0x000001fdf0e3f800 Uncommon trap: reason=class_check action=maybe_recompile pc=0x000001fddf31f614 method=sun.java2d.SunGraphics2D.drawLine(IIII)V @ 10 c2
Event: 1.681 Thread 0x000001fdf0e3f800 Uncommon trap: reason=class_check action=maybe_recompile pc=0x000001fddf31f614 method=sun.java2d.SunGraphics2D.drawLine(IIII)V @ 10 c2
Event: 4.284 Thread 0x000001fdf0e3f800 Uncommon trap: reason=unstable_if action=reinterpret pc=0x000001fddf35b4cc method=javax.swing.JComponent.getClientProperty(Ljava/lang/Object;)Ljava/lang/Object; @ 28 c2

Classes redefined (0 events):
No events

Internal exceptions (10 events):
Event: 0.317 Thread 0x000001fdf0b15800 Exception <a 'java/lang/NoSuchMethodError'{0x000000074db94c88}: java.lang.invoke.DirectMethodHandle$Holder.invokeSpecial(Ljava/lang/Object;Ljava/lang/Object;)V> (0x000000074db94c88) thrown at [t:/workspace/open/src/hotspot/share/interpreter/linkResolver.c
Event: 0.324 Thread 0x000001fdcf426000 Exception <a 'java/lang/NoSuchMethodError'{0x000000074db80218}: java.lang.invoke.DirectMethodHandle$Holder.invokeStatic(Ljava/lang/Object;Ljava/lang/Object;Ljava/lang/Object;Ljava/lang/Object;Ljava/lang/Object;Ljava/lang/Object;Ljava/lang/Object;J)Ljava/l
Event: 0.382 Thread 0x000001fdcf426000 Exception <a 'java/lang/NoSuchMethodError'{0x000000074da74fd8}: java.lang.invoke.DirectMethodHandle$Holder.invokeStatic(Ljava/lang/Object;ILjava/lang/Object;Ljava/lang/Object;Ljava/lang/Object;Ljava/lang/Object;)Ljava/lang/Object;> (0x000000074da74fd8) th
Event: 0.383 Thread 0x000001fdcf426000 Exception <a 'java/lang/NoSuchMethodError'{0x000000074da7bc08}: java.lang.invoke.DirectMethodHandle$Holder.invokeStatic(Ljava/lang/Object;ILjava/lang/Object;Ljava/lang/Object;Ljava/lang/Object;)Ljava/lang/Object;> (0x000000074da7bc08) thrown at [t:/worksp
Event: 0.383 Thread 0x000001fdcf426000 Exception <a 'java/lang/NoSuchMethodError'{0x000000074da7f468}: java.lang.invoke.DirectMethodHandle$Holder.invokeSpecial(Ljava/lang/Object;Ljava/lang/Object;ILjava/lang/Object;Ljava/lang/Object;Ljava/lang/Object;)Ljava/lang/Object;> (0x000000074da7f468) t
Event: 0.386 Thread 0x000001fdcf426000 Exception <a 'java/lang/NoSuchMethodError'{0x000000074da95a40}: java.lang.invoke.DirectMethodHandle$Holder.invokeStatic(Ljava/lang/Object;ILjava/lang/Object;)Ljava/lang/Object;> (0x000000074da95a40) thrown at [t:/workspace/open/src/hotspot/share/interpret
Event: 0.419 Thread 0x000001fdcf426000 Exception <a 'java/lang/ClassNotFoundException'{0x000000074d939b58}: com/sun/swing/internal/plaf/metal/resources/spi/metalProvider> (0x000000074d939b58) thrown at [t:/workspace/open/src/hotspot/share/classfile/systemDictionary.cpp, line 235]
Event: 0.420 Thread 0x000001fdcf426000 Exception <a 'java/lang/ClassNotFoundException'{0x000000074d93e010}: com/sun/swing/internal/plaf/basic/resources/spi/basicProvider> (0x000000074d93e010) thrown at [t:/workspace/open/src/hotspot/share/classfile/systemDictionary.cpp, line 235]
Event: 0.477 Thread 0x000001fdcf426000 Exception <a 'java/lang/NoSuchMethodError'{0x000000074d9e62d0}: java.lang.invoke.DirectMethodHandle$Holder.invokeStaticInit(Ljava/lang/Object;)V> (0x000000074d9e62d0) thrown at [t:/workspace/open/src/hotspot/share/interpreter/linkResolver.cpp, line 777]
Event: 0.519 Thread 0x000001fdcf426000 Exception <a 'java/lang/NoSuchMethodError'{0x000000074d873da8}: java.lang.invoke.Invokers$Holder.linkToTargetMethod(Ljava/lang/Object;ILjava/lang/Object;)Ljava/lang/Object;> (0x000000074d873da8) thrown at [t:/workspace/open/src/hotspot/share/interpreter/l

Events (10 events):
Event: 5.615 Thread 0x000001fdf0ea5800 Thread exited: 0x000001fdf0ea5800
Event: 32.521 Executing VM operation: HandshakeAllThreads
Event: 32.521 Executing VM operation: HandshakeAllThreads done
Event: 32.522 Thread 0x000001fdf07b5800 flushing nmethod 0x000001fdd7f00f90
Event: 1309.749 Thread 0x000001fdcf426000 DEOPT PACKING pc=0x000001fdd80771bc sp=0x000000c223bff0f0
Event: 1309.749 Thread 0x000001fdcf426000 DEOPT UNPACKING pc=0x000001fdd7859a4e sp=0x000000c223bfe650 mode 0
Event: 3782.918 Thread 0x000001fdf0b09800 Thread added: 0x000001fdf0b09800
Event: 3783.369 Executing VM operation: RevokeBias
Event: 3783.370 Executing VM operation: RevokeBias done
Event: 3783.381 Thread 0x000001fdf0eab800 Thread added: 0x000001fdf0eab800


Dynamic libraries:
0x00007ff71c560000 - 0x00007ff71c56f000 	C:\Program Files\Java\jdk-12.0.2\bin\java.exe
0x00007ff8bc8e0000 - 0x00007ff8bcad0000 	C:\Windows\SYSTEM32\ntdll.dll
0x00007ff8bc5e0000 - 0x00007ff8bc692000 	C:\Windows\System32\KERNEL32.DLL
0x00007ff8b9870000 - 0x00007ff8b9b14000 	C:\Windows\System32\KERNELBASE.dll
0x00007ff8b9e00000 - 0x00007ff8b9efa000 	C:\Windows\System32\ucrtbase.dll
0x00007ff8b2b80000 - 0x00007ff8b2b98000 	C:\Program Files\Java\jdk-12.0.2\bin\jli.dll
0x00007ff8ab1a0000 - 0x00007ff8ab1b6000 	C:\Program Files\Java\jdk-12.0.2\bin\VCRUNTIME140.dll
0x00007ff8bab20000 - 0x00007ff8babc3000 	C:\Windows\System32\ADVAPI32.dll
0x00007ff8bacf0000 - 0x00007ff8bad8e000 	C:\Windows\System32\msvcrt.dll
0x00007ff8bc800000 - 0x00007ff8bc897000 	C:\Windows\System32\sechost.dll
0x00007ff8babd0000 - 0x00007ff8bacf0000 	C:\Windows\System32\RPCRT4.dll
0x00007ff8bae00000 - 0x00007ff8baf94000 	C:\Windows\System32\USER32.dll
0x00007ff8b9db0000 - 0x00007ff8b9dd1000 	C:\Windows\System32\win32u.dll
0x00007ff8bbe80000 - 0x00007ff8bbea6000 	C:\Windows\System32\GDI32.dll
0x00007ff8b9c10000 - 0x00007ff8b9da5000 	C:\Windows\System32\gdi32full.dll
0x00007ff8b9b70000 - 0x00007ff8b9c0e000 	C:\Windows\System32\msvcp_win.dll
0x00007ff8a8b10000 - 0x00007ff8a8d94000 	C:\Windows\WinSxS\amd64_microsoft.windows.common-controls_6595b64144ccf1df_6.0.18362.900_none_e6beb9d913147d17\COMCTL32.dll
0x00007ff8bafb0000 - 0x00007ff8bb2e5000 	C:\Windows\System32\combase.dll
0x00007ff8ba0e0000 - 0x00007ff8ba160000 	C:\Windows\System32\bcryptPrimitives.dll
0x00007ff8acc20000 - 0x00007ff8acc2a000 	C:\Windows\SYSTEM32\VERSION.dll
0x00007ff8bbeb0000 - 0x00007ff8bbede000 	C:\Windows\System32\IMM32.DLL
0x00007ff88bab0000 - 0x00007ff88bb5a000 	C:\Program Files\Java\jdk-12.0.2\bin\msvcp140.dll
0x00007ff870120000 - 0x00007ff870c97000 	C:\Program Files\Java\jdk-12.0.2\bin\server\jvm.dll
0x00007ff8bc5d0000 - 0x00007ff8bc5d8000 	C:\Windows\System32\PSAPI.DLL
0x00007ff8a7c20000 - 0x00007ff8a7c29000 	C:\Windows\SYSTEM32\WSOCK32.dll
0x00007ff8bbda0000 - 0x00007ff8bbe0f000 	C:\Windows\System32\WS2_32.dll
0x00007ff8b72d0000 - 0x00007ff8b72f4000 	C:\Windows\SYSTEM32\WINMM.dll
0x00007ff8b7130000 - 0x00007ff8b715d000 	C:\Windows\SYSTEM32\winmmbase.dll
0x00007ff8b9b20000 - 0x00007ff8b9b6a000 	C:\Windows\System32\cfgmgr32.dll
0x00007ff8b97b0000 - 0x00007ff8b97c1000 	C:\Windows\System32\kernel.appcore.dll
0x00007ff8a9f10000 - 0x00007ff8a9f21000 	C:\Program Files\Java\jdk-12.0.2\bin\verify.dll
0x00007ff8b80c0000 - 0x00007ff8b82b4000 	C:\Windows\SYSTEM32\DBGHELP.DLL
0x00007ff89ee00000 - 0x00007ff89ee2a000 	C:\Windows\SYSTEM32\dbgcore.DLL
0x00007ff8aa000000 - 0x00007ff8aa026000 	C:\Program Files\Java\jdk-12.0.2\bin\java.dll
0x00007ff89a510000 - 0x00007ff89a527000 	C:\Program Files\Java\jdk-12.0.2\bin\zip.dll
0x00007ff8b30f0000 - 0x00007ff8b30fa000 	C:\Program Files\Java\jdk-12.0.2\bin\jimage.dll
0x00007ff8bb500000 - 0x00007ff8bbbe6000 	C:\Windows\System32\SHELL32.dll
0x00007ff8bc520000 - 0x00007ff8bc5c9000 	C:\Windows\System32\shcore.dll
0x00007ff8ba210000 - 0x00007ff8ba990000 	C:\Windows\System32\windows.storage.dll
0x00007ff8b9840000 - 0x00007ff8b9863000 	C:\Windows\System32\profapi.dll
0x00007ff8b97f0000 - 0x00007ff8b983a000 	C:\Windows\System32\powrprof.dll
0x00007ff8b97a0000 - 0x00007ff8b97b0000 	C:\Windows\System32\UMPDC.dll
0x00007ff8bbe10000 - 0x00007ff8bbe62000 	C:\Windows\System32\shlwapi.dll
0x00007ff8b9de0000 - 0x00007ff8b9df7000 	C:\Windows\System32\cryptsp.dll
0x00007ff891130000 - 0x00007ff891149000 	C:\Program Files\Java\jdk-12.0.2\bin\net.dll
0x00007ff8acea0000 - 0x00007ff8acf90000 	C:\Windows\SYSTEM32\WINHTTP.dll
0x00007ff8a1130000 - 0x00007ff8a1306000 	C:\Windows\SYSTEM32\urlmon.dll
0x00007ff8a0d90000 - 0x00007ff8a1036000 	C:\Windows\SYSTEM32\iertutil.dll
0x00007ff8b91e0000 - 0x00007ff8b91ec000 	C:\Windows\SYSTEM32\CRYPTBASE.DLL
0x00007ff8b9010000 - 0x00007ff8b9077000 	C:\Windows\system32\mswsock.dll
0x00007ff88e1a0000 - 0x00007ff88e1b3000 	C:\Program Files\Java\jdk-12.0.2\bin\nio.dll
0x00007ff8804e0000 - 0x00007ff88067f000 	C:\Program Files\Java\jdk-12.0.2\bin\awt.dll
0x00007ff8bb430000 - 0x00007ff8bb4f5000 	C:\Windows\System32\OLEAUT32.dll
0x00007ff8b5b20000 - 0x00007ff8b60e0000 	C:\Windows\SYSTEM32\d2d1.dll
0x00007ff8b7450000 - 0x00007ff8b74df000 	C:\Windows\SYSTEM32\apphelp.dll
0x00007ff8b7b90000 - 0x00007ff8b7bbd000 	C:\Windows\system32\DWMAPI.DLL
0x00007ff8b7760000 - 0x00007ff8b77f9000 	C:\Windows\system32\uxtheme.dll
0x00007ff8a1b60000 - 0x00007ff8a1cb6000 	C:\Windows\system32\opengl32.dll
0x00007ff8a1480000 - 0x00007ff8a14ac000 	C:\Windows\SYSTEM32\GLU32.dll
0x00007ff8b8410000 - 0x00007ff8b8430000 	C:\Windows\SYSTEM32\dxcore.dll
0x00007ff8bb2f0000 - 0x00007ff8bb425000 	C:\Windows\System32\MSCTF.dll
0x00007ff8bc6a0000 - 0x00007ff8bc7f7000 	C:\Windows\System32\ole32.dll
0x00007ff8866f0000 - 0x00007ff886770000 	C:\Program Files\Java\jdk-12.0.2\bin\freetype.dll
0x00007ff883810000 - 0x00007ff8838bb000 	C:\Program Files\Java\jdk-12.0.2\bin\fontmanager.dll
0x00007ff8b3050000 - 0x00007ff8b30ee000 	C:\Windows\System32\TextInputFramework.dll
0x00007ff8b38b0000 - 0x00007ff8b3bda000 	C:\Windows\System32\CoreUIComponents.dll
0x00007ff8b7020000 - 0x00007ff8b70f4000 	C:\Windows\System32\CoreMessaging.dll
0x00007ff8b8800000 - 0x00007ff8b8831000 	C:\Windows\SYSTEM32\ntmarta.dll
0x00007ff8b4990000 - 0x00007ff8b4ae3000 	C:\Windows\SYSTEM32\wintypes.dll
0x00007ff8b2b50000 - 0x00007ff8b2b7d000 	C:\Program Files\Java\jdk-12.0.2\bin\javajpeg.dll

dbghelp: loaded successfully - version: 4.0.5 - missing functions: none
symbol engine: initialized successfully - sym options: 0x614 - pdb path: .;C:\Program Files\Java\jdk-12.0.2\bin;C:\Windows\SYSTEM32;C:\Windows\WinSxS\amd64_microsoft.windows.common-controls_6595b64144ccf1df_6.0.18362.900_none_e6beb9d913147d17;C:\Program Files\Java\jdk-12.0.2\bin\server

VM Arguments:
jvm_args: -Dfile.encoding=UTF-8 -Djava.security.policy=applet.policy 
java_command: ktdh.View2
java_class_path (initial): D:\NETBEAN\netbeans\java\modules\ext\AbsoluteLayout.jar;C:\Users\USER\Desktop\NNLT\JAVA TOOL+CODE\Tool JAVA\AutoComplete\swingx-all-1.6.4.jar;C:\Users\USER\Documents\NetBeansProjects\KTDH\build\classes
Launcher Type: SUN_STANDARD

[Global flags]
     intx CICompilerCount                          = 3                                         {product} {ergonomic}
     uint ConcGCThreads                            = 1                                         {product} {ergonomic}
     uint G1ConcRefinementThreads                  = 4                                         {product} {ergonomic}
   size_t G1HeapRegionSize                         = 1048576                                   {product} {ergonomic}
    uintx GCDrainStackTargetSize                   = 64                                        {product} {ergonomic}
   size_t InitialHeapSize                          = 199229440                                 {product} {ergonomic}
   size_t MarkStackSize                            = 4194304                                   {product} {ergonomic}
   size_t MaxHeapSize                              = 3187671040                                {product} {ergonomic}
   size_t MaxNewSize                               = 1912602624                                {product} {ergonomic}
   size_t MinHeapDeltaBytes                        = 1048576                                   {product} {ergonomic}
    uintx NonNMethodCodeHeapSize                   = 5830732                                {pd product} {ergonomic}
    uintx NonProfiledCodeHeapSize                  = 122913754                              {pd product} {ergonomic}
    uintx ProfiledCodeHeapSize                     = 122913754                              {pd product} {ergonomic}
    uintx ReservedCodeCacheSize                    = 251658240                              {pd product} {ergonomic}
     bool SegmentedCodeCache                       = true                                      {product} {ergonomic}
     bool UseCompressedClassPointers               = true                                 {lp64_product} {ergonomic}
     bool UseCompressedOops                        = true                                 {lp64_product} {ergonomic}
     bool UseG1GC                                  = true                                      {product} {ergonomic}
     bool UseLargePagesIndividualAllocation        = false                                  {pd product} {ergonomic}

Logging:
Log output configuration:
 #0: stdout all=warning uptime,level,tags
 #1: stderr all=off uptime,level,tags

Environment Variables:
JAVA_HOME=C:\Program Files\Java\jdk-12.0.2
PATH=C:\Program Files (x86)\Common Files\Oracle\Java\javapath;C:\Program Files (x86)\Intel\Intel(R) Management Engine Components\iCLS\;C:\Program Files\Intel\Intel(R) Management Engine Components\iCLS\;C:\Windows\system32;C:\Windows;C:\Windows\System32\Wbem;C:\Windows\System32\WindowsPowerShell\v1.0\;C:\Windows\System32\OpenSSH\;C:\Program Files (x86)\Intel\Intel(R) Management Engine Components\DAL;C:\Program Files\Intel\Intel(R) Management Engine Components\DAL;C:\Program Files (x86)\Intel\Intel(R) Management Engine Components\IPT;C:\Program Files\Intel\Intel(R) Management Engine Components\IPT;C:\Program Files\Intel\WiFi\bin\;C:\Program Files\Common Files\Intel\WirelessCommon\;C:\Program Files\Java\jdk-12.0.2\bin;C:\Program Files\Microsoft SQL Server\110\Tools\Binn\;C:\Program Files (x86)\Microsoft SQL Server\110\Tools\Binn\;C:\Program Files\Microsoft SQL Server\110\DTS\Binn\;C:\Program Files (x86)\Microsoft SQL Server\110\Tools\Binn\ManagementStudio\;C:\Program Files (x86)\Microsoft Visual Studio 10.0\Common7\IDE\PrivateAssemblies\;C:\Program Files (x86)\Microsoft SQL Server\110\DTS\Binn\;C:\Users\USER\Documents\OpenSSL\OpenSSL-Win64\bin;C:\Program Files\OpenSSL-Win64\bin;C:\Users\USER\Downloads\New folder\New folder\bin;D:\PYTHON\Scripts\;D:\PYTHON\;C:\Users\USER\AppData\Local\Microsoft\WindowsApps;C:\Program Files\Intel\WiFi\bin\;C:\Program Files\Common Files\Intel\WirelessCommon\
USERNAME=USER
OS=Windows_NT
PROCESSOR_IDENTIFIER=Intel64 Family 6 Model 142 Stepping 9, GenuineIntel



---------------  S Y S T E M  ---------------

OS: Windows 10 , 64 bit Build 18362 (10.0.18362.900)

CPU:total 4 (initial active 4) (2 cores per cpu, 2 threads per core) family 6 model 142 stepping 9, cmov, cx8, fxsr, mmx, sse, sse2, sse3, ssse3, sse4.1, sse4.2, popcnt, avx, avx2, aes, clmul, erms, 3dnowpref, lzcnt, ht, tsc, tscinvbit, bmi1, bmi2, adx, fma

Memory: 4k page, system-wide physical 12153M (3956M free)
TotalPageFile size 28176M (AvailPageFile size 0M)
current process WorkingSet (physical memory assigned to process): 116M, peak: 188M
current process commit charge ("private bytes"): 274M, peak: 283M

vm_info: Java HotSpot(TM) 64-Bit Server VM (12.0.2+10) for windows-amd64 JRE (12.0.2+10), built on Jul 16 2019 01:56:17 by "mach5one" with MS VC++ 15.5 (VS2017)

END.
