#
# A fatal error has been detected by the Java Runtime Environment:
#
#  EXCEPTION_STACK_OVERFLOW (0xc00000fd) at pc=0x00007ff8704bbe73, pid=17676, tid=16424
#
# JRE version: Java(TM) SE Runtime Environment (12.0.2+10) (build 12.0.2+10)
# Java VM: Java HotSpot(TM) 64-Bit Server VM (12.0.2+10, mixed mode, sharing, tiered, compressed oops, g1 gc, windows-amd64)
# Problematic frame:
# V  [jvm.dll+0x39be73]
#
# No core dump will be written. Minidumps are not enabled by default on client versions of Windows
#
# If you would like to submit a bug report, please visit:
#   http://bugreport.java.com/bugreport/crash.jsp
#

---------------  S U M M A R Y ------------

Command Line: -Dfile.encoding=UTF-8 -Djava.security.policy=applet.policy ktdh.View2

Host: Intel(R) Core(TM) i7-7500U CPU @ 2.70GHz, 4 cores, 11G,  Windows 10 , 64 bit Build 18362 (10.0.18362.900)
Time: Fri Jul  3 13:02:08 2020 SE Asia Standard Time elapsed time: 5786 seconds (0d 1h 36m 26s)

---------------  T H R E A D  ---------------

Current thread (0x0000026ab6533800):  JavaThread "AWT-Shutdown" [_thread_in_vm, id=16424, stack(0x0000007574700000,0x0000007574800000)]

Stack: [0x0000007574700000,0x0000007574800000],  sp=0x00000075747ff300,  free space=1020k
Native frames: (J=compiled Java code, j=interpreted, Vv=VM code, C=native code)
V  [jvm.dll+0x39be73]
V  [jvm.dll+0x63a952]
V  [jvm.dll+0x39caea]
V  [jvm.dll+0x39cd77]
V  [jvm.dll+0x417771]
V  [jvm.dll+0x7512a0]
V  [jvm.dll+0x74a2c8]
