#
# There is insufficient memory for the Java Runtime Environment to continue.
# Native memory allocation (malloc) failed to allocate 1301936 bytes for Chunk::new
# Possible reasons:
#   The system is out of physical RAM or swap space
#   The process is running with CompressedOops enabled, and the Java Heap may be blocking the growth of the native heap
# Possible solutions:
#   Reduce memory load on the system
#   Increase physical memory or swap space
#   Check if swap backing store is full
#   Decrease Java heap size (-Xmx/-Xms)
#   Decrease number of Java threads
#   Decrease Java thread stack sizes (-Xss)
#   Set larger code cache with -XX:ReservedCodeCacheSize=
#   JVM is running with Zero Based Compressed Oops mode in which the Java heap is
#     placed in the first 32GB address space. The Java Heap base address is the
#     maximum limit for the native heap growth. Please use -XX:HeapBaseMinAddress
#     to set the Java Heap base and to place the Java Heap above 32GB virtual address.
# This output file may be truncated or incomplete.
#
#  Out of Memory Error (t:/workspace/open/src/hotspot/share/memory/arena.cpp:197), pid=23380, tid=16868
#
# JRE version: Java(TM) SE Runtime Environment (12.0.2+10) (build 12.0.2+10)
# Java VM: Java HotSpot(TM) 64-Bit Server VM (12.0.2+10, mixed mode, sharing, tiered, compressed oops, g1 gc, windows-amd64)
# No core dump will be written. Minidumps are not enabled by default on client versions of Windows
#

---------------  S U M M A R Y ------------

Command Line: -Dapplication.home=C:\Program Files\Java\jdk-12.0.2 --add-modules=ALL-DEFAULT -Xms8m -Djdk.module.main=jdk.compiler jdk.compiler/com.sun.tools.javac.Main -d C:\Users\USER\Documents\NetBeansProjects\KTDH\build\classes -classpath C:\Users\USER\Documents\NetBeansProjects\KTDH\build\classes;D:\NETBEAN\netbeans\java\modules\ext\AbsoluteLayout.jar;C:\Users\USER\Desktop\NNLT\JAVA TOOL+CODE\Tool JAVA\AutoComplete\swingx-all-1.6.4.jar -sourcepath C:\Users\USER\Documents\NetBeansProjects\KTDH\src -target 12 -encoding UTF-8 -g -processorpath D:\NETBEAN\netbeans\java\modules\ext\AbsoluteLayout.jar;C:\Users\USER\Desktop\NNLT\JAVA TOOL+CODE\Tool JAVA\AutoComplete\swingx-all-1.6.4.jar;C:\Users\USER\Documents\NetBeansProjects\KTDH\build\empty -s C:\Users\USER\Documents\NetBeansProjects\KTDH\build\generated-sources\ap-source-output -source 12 C:\Users\USER\Documents\NetBeansProjects\KTDH\src\ktdh\Egg.java

Host: Intel(R) Core(TM) i7-7500U CPU @ 2.70GHz, 4 cores, 11G,  Windows 10 , 64 bit Build 18362 (10.0.18362.900)
Time: Wed Jul  1 17:35:17 2020 SE Asia Standard Time elapsed time: 1 seconds (0d 0h 0m 1s)

---------------  T H R E A D  ---------------

Current thread (0x000001e5c92c3800):  JavaThread "C2 CompilerThread1" daemon [_thread_in_native, id=16868, stack(0x0000000d7f700000,0x0000000d7f800000)]


Current CompileTask:
C2:   1474 1287       4       jdk.internal.jimage.ImageLocation::getFullName (109 bytes)

Stack: [0x0000000d7f700000,0x0000000d7f800000]
Native frames: (J=compiled Java code, j=interpreted, Vv=VM code, C=native code)
V  [jvm.dll+0x63aa2a]
V  [jvm.dll+0x78ce1e]
V  [jvm.dll+0x78e4c1]
V  [jvm.dll+0x78eb13]
V  [jvm.dll+0x2627e8]
V  [jvm.dll+0xc55cc]
V  [jvm.dll+0xc5b4c]
V  [jvm.dll+0x37a677]
V  [jvm.dll+0x3463d3]
V  [jvm.dll+0x34579a]
V  [jvm.dll+0x21c205]
V  [jvm.dll+0x21b3da]
V  [jvm.dll+0x199a20]
V  [jvm.dll+0x22a744]
V  [jvm.dll+0x228d98]
V  [jvm.dll+0x7512a0]
V  [jvm.dll+0x74a2c8]
V  [jvm.dll+0x639b16]
C  [ucrtbase.dll+0x20e82]
C  [KERNEL32.DLL+0x17bd4]
C  [ntdll.dll+0x6ce51]


---------------  P R O C E S S  ---------------

Threads class SMR info:
_java_thread_list=0x000001e5c8fc96d0, length=11, elements={
0x000001e5a77e9800, 0x000001e5c8938000, 0x000001e5c8939000, 0x000001e5c8952000,
0x000001e5c8954000, 0x000001e5c8956800, 0x000001e5c895a000, 0x000001e5c89bb000,
0x000001e5c8b79800, 0x000001e5c8bea800, 0x000001e5c92c3800
}

Java Threads: ( => current thread )
  0x000001e5a77e9800 JavaThread "main" [_thread_in_Java, id=17064, stack(0x0000000d7e500000,0x0000000d7e600000)]
  0x000001e5c8938000 JavaThread "Reference Handler" daemon [_thread_blocked, id=17232, stack(0x0000000d7ec00000,0x0000000d7ed00000)]
  0x000001e5c8939000 JavaThread "Finalizer" daemon [_thread_blocked, id=17496, stack(0x0000000d7ed00000,0x0000000d7ee00000)]
  0x000001e5c8952000 JavaThread "Signal Dispatcher" daemon [_thread_blocked, id=23084, stack(0x0000000d7ee00000,0x0000000d7ef00000)]
  0x000001e5c8954000 JavaThread "Attach Listener" daemon [_thread_blocked, id=860, stack(0x0000000d7ef00000,0x0000000d7f000000)]
  0x000001e5c8956800 JavaThread "C2 CompilerThread0" daemon [_thread_in_native, id=15872, stack(0x0000000d7f000000,0x0000000d7f100000)]
  0x000001e5c895a000 JavaThread "C1 CompilerThread0" daemon [_thread_in_vm, id=6816, stack(0x0000000d7f100000,0x0000000d7f200000)]
  0x000001e5c89bb000 JavaThread "Sweeper thread" daemon [_thread_blocked, id=10384, stack(0x0000000d7f200000,0x0000000d7f300000)]
  0x000001e5c8b79800 JavaThread "Common-Cleaner" daemon [_thread_blocked, id=15776, stack(0x0000000d7f300000,0x0000000d7f400000)]
  0x000001e5c8bea800 JavaThread "Service Thread" daemon [_thread_blocked, id=18600, stack(0x0000000d7f400000,0x0000000d7f500000)]
=>0x000001e5c92c3800 JavaThread "C2 CompilerThread1" daemon [_thread_in_native, id=16868, stack(0x0000000d7f700000,0x0000000d7f800000)]

Other Threads:
  0x000001e5c8931800 VMThread "VM Thread" [stack: 0x0000000d7eb00000,0x0000000d7ec00000] [id=10516]
  0x000001e5c8c92800 WatcherThread [stack: 0x0000000d7f500000,0x0000000d7f600000] [id=8516]
  0x000001e5a783a800 GCTaskThread "GC Thread#0" [stack: 0x0000000d7e600000,0x0000000d7e700000] [id=21432]
  0x000001e5c8c25800 GCTaskThread "GC Thread#1" [stack: 0x0000000d7f600000,0x0000000d7f700000] [id=17272]
  0x000001e5a784e000 ConcurrentGCThread "G1 Main Marker" [stack: 0x0000000d7e700000,0x0000000d7e800000] [id=15828]
  0x000001e5a7850800 ConcurrentGCThread "G1 Conc#0" [stack: 0x0000000d7e800000,0x0000000d7e900000] [id=4240]
  0x000001e5a786b000 ConcurrentGCThread "G1 Refine#0" [stack: 0x0000000d7e900000,0x0000000d7ea00000] [id=17516]
  0x000001e5a786c000 ConcurrentGCThread "G1 Young RemSet Sampling" [stack: 0x0000000d7ea00000,0x0000000d7eb00000] [id=16036]

Threads with active compile tasks:
C2 CompilerThread0  1474   !   4       java.util.concurrent.ConcurrentHashMap::putVal (432 bytes)
C1 CompilerThread0  1500       3       com.sun.tools.javac.code.Symbol$TypeSymbol::precedes (132 bytes)
C2 CompilerThread1  1287       4       jdk.internal.jimage.ImageLocation::getFullName (109 bytes)

VM state:not at safepoint (normal execution)

VM Mutex/Monitor currently owned by a thread: None

Heap address: 0x0000000742000000, size: 3040 MB, Compressed Oops mode: Zero based, Oop shift amount: 3
Narrow klass base: 0x0000000800000000, Narrow klass shift: 3
Compressed class space size: 1073741824 Address: 0x0000000801190000

Heap:
 garbage-first heap   total 25600K, used 13045K [0x0000000742000000, 0x0000000800000000)
  region size 1024K, 7 young (7168K), 1 survivors (1024K)
 Metaspace       used 9259K, capacity 11894K, committed 12160K, reserved 1060864K
  class space    used 1073K, capacity 1373K, committed 1408K, reserved 1048576K
Heap Regions: E=young(eden), S=young(survivor), O=old, HS=humongous(starts), HC=humongous(continues), CS=collection set, F=free, A=archive, TAMS=top-at-mark-start (previous, next)
|   0|0x0000000742000000, 0x0000000742100000, 0x0000000742100000|100%| O|  |TAMS 0x0000000742100000, 0x0000000742000000| Untracked 
|   1|0x0000000742100000, 0x0000000742200000, 0x0000000742200000|100%| O|  |TAMS 0x0000000742200000, 0x0000000742100000| Untracked 
|   2|0x0000000742200000, 0x0000000742300000, 0x0000000742300000|100%| O|  |TAMS 0x0000000742300000, 0x0000000742200000| Untracked 
|   3|0x0000000742300000, 0x0000000742400000, 0x0000000742400000|100%| O|  |TAMS 0x0000000742400000, 0x0000000742300000| Untracked 
|   4|0x0000000742400000, 0x0000000742500000, 0x0000000742500000|100%| O|  |TAMS 0x0000000742413000, 0x0000000742400000| Untracked 
|   5|0x0000000742500000, 0x0000000742600000, 0x0000000742600000|100%| O|  |TAMS 0x0000000742500000, 0x0000000742500000| Untracked 
|   6|0x0000000742600000, 0x00000007426bd400, 0x0000000742700000| 73%| O|  |TAMS 0x0000000742600000, 0x0000000742600000| Untracked 
|   7|0x0000000742700000, 0x0000000742700000, 0x0000000742800000|  0%| F|  |TAMS 0x0000000742700000, 0x0000000742700000| Untracked 
|   8|0x0000000742800000, 0x0000000742800000, 0x0000000742900000|  0%| F|  |TAMS 0x0000000742800000, 0x0000000742800000| Untracked 
|   9|0x0000000742900000, 0x0000000742900000, 0x0000000742a00000|  0%| F|  |TAMS 0x0000000742900000, 0x0000000742900000| Untracked 
|  10|0x0000000742a00000, 0x0000000742a00000, 0x0000000742b00000|  0%| F|  |TAMS 0x0000000742a00000, 0x0000000742a00000| Untracked 
|  11|0x0000000742b00000, 0x0000000742b00000, 0x0000000742c00000|  0%| F|  |TAMS 0x0000000742b00000, 0x0000000742b00000| Untracked 
|  12|0x0000000742c00000, 0x0000000742c00000, 0x0000000742d00000|  0%| F|  |TAMS 0x0000000742c00000, 0x0000000742c00000| Untracked 
|  13|0x0000000742d00000, 0x0000000742d00000, 0x0000000742e00000|  0%| F|  |TAMS 0x0000000742d00000, 0x0000000742d00000| Untracked 
|  14|0x0000000742e00000, 0x0000000742e00000, 0x0000000742f00000|  0%| F|  |TAMS 0x0000000742e00000, 0x0000000742e00000| Untracked 
|  15|0x0000000742f00000, 0x0000000742f00000, 0x0000000743000000|  0%| F|  |TAMS 0x0000000742f00000, 0x0000000742f00000| Untracked 
|  16|0x0000000743000000, 0x0000000743000000, 0x0000000743100000|  0%| F|  |TAMS 0x0000000743000000, 0x0000000743000000| Untracked 
|  17|0x0000000743100000, 0x0000000743100000, 0x0000000743200000|  0%| F|  |TAMS 0x0000000743100000, 0x0000000743100000| Untracked 
|  18|0x0000000743200000, 0x0000000743298290, 0x0000000743300000| 59%| E|  |TAMS 0x0000000743200000, 0x0000000743200000| Complete 
|  19|0x0000000743300000, 0x0000000743400000, 0x0000000743400000|100%| S|CS|TAMS 0x0000000743300000, 0x0000000743300000| Complete 
|  20|0x0000000743400000, 0x0000000743500000, 0x0000000743500000|100%| E|CS|TAMS 0x0000000743400000, 0x0000000743400000| Complete 
|  21|0x0000000743500000, 0x0000000743600000, 0x0000000743600000|100%| E|CS|TAMS 0x0000000743500000, 0x0000000743500000| Complete 
|  22|0x0000000743600000, 0x0000000743700000, 0x0000000743700000|100%| E|CS|TAMS 0x0000000743600000, 0x0000000743600000| Complete 
|  23|0x0000000743700000, 0x0000000743800000, 0x0000000743800000|100%| E|CS|TAMS 0x0000000743700000, 0x0000000743700000| Complete 
|  24|0x0000000743800000, 0x0000000743900000, 0x0000000743900000|100%| E|CS|TAMS 0x0000000743800000, 0x0000000743800000| Complete 

Card table byte_map: [0x000001e5bf1e0000,0x000001e5bf7d0000] _byte_map_base: 0x000001e5bb7d0000

Marking Bits (Prev, Next): (CMBitMap*) 0x000001e5a783b3b8, (CMBitMap*) 0x000001e5a783b378
 Prev Bits: [0x000001e5c2d40000, 0x000001e5c5cc0000)
 Next Bits: [0x000001e5bfdc0000, 0x000001e5c2d40000)

Polling page: 0x000001e5a57e0000

Metaspace:

Usage:
  Non-class:     10.27 MB capacity,     7.99 MB ( 78%) used,     2.25 MB ( 22%) free+waste,    26.63 KB ( <1%) overhead. 
      Class:      1.34 MB capacity,     1.05 MB ( 78%) used,   286.20 KB ( 21%) free+waste,    12.94 KB ( <1%) overhead. 
       Both:     11.62 MB capacity,     9.04 MB ( 78%) used,     2.53 MB ( 22%) free+waste,    39.56 KB ( <1%) overhead. 

Virtual space:
  Non-class space:       12.00 MB reserved,      10.50 MB ( 88%) committed 
      Class space:        1.00 GB reserved,       1.38 MB ( <1%) committed 
             Both:        1.01 GB reserved,      11.88 MB (  1%) committed 

Chunk freelists:
   Non-Class:  4.88 KB
       Class:  384 bytes
        Both:  5.25 KB

CodeHeap 'non-profiled nmethods': size=120064Kb used=468Kb max_used=468Kb free=119595Kb
 bounds [0x000001e5b76b0000, 0x000001e5b7920000, 0x000001e5bebf0000]
CodeHeap 'profiled nmethods': size=120000Kb used=3201Kb max_used=3201Kb free=116798Kb
 bounds [0x000001e5b0180000, 0x000001e5b04b0000, 0x000001e5b76b0000]
CodeHeap 'non-nmethods': size=5696Kb used=1123Kb max_used=1142Kb free=4572Kb
 bounds [0x000001e5afbf0000, 0x000001e5afe60000, 0x000001e5b0180000]
 total_blobs=2253 nmethods=1491 adapters=336
 compilation: enabled
              stopped_count=0, restarted_count=0
 full_count=0

Compilation events (10 events):
Event: 1.469 Thread 0x000001e5c895a000 nmethod 1464 0x000001e5b048f190 code [0x000001e5b048f360, 0x000001e5b048f5f8]
Event: 1.469 Thread 0x000001e5c895a000 1465       1       com.sun.tools.javac.code.Type$JCNoType::getTag (4 bytes)
Event: 1.469 Thread 0x000001e5c895a000 nmethod 1465 0x000001e5b7722c90 code [0x000001e5b7722e40, 0x000001e5b7722f78]
Event: 1.469 Thread 0x000001e5c895a000 1463   !   3       com.sun.tools.javac.comp.Attr::attribTree (167 bytes)
Event: 1.470 Thread 0x000001e5c895a000 nmethod 1463 0x000001e5b048f710 code [0x000001e5b048f9e0, 0x000001e5b0490b90]
Event: 1.470 Thread 0x000001e5c895a000 1466       1       com.sun.tools.javac.code.Kinds$Kind::toSelector (5 bytes)
Event: 1.470 Thread 0x000001e5c895a000 nmethod 1466 0x000001e5b7723010 code [0x000001e5b77231c0, 0x000001e5b77232f8]
Event: 1.471 Thread 0x000001e5c8956800 nmethod 1460 0x000001e5b7723390 code [0x000001e5b7723540, 0x000001e5b77236b8]
Event: 1.471 Thread 0x000001e5c8956800 1461       4       com.sun.tools.javac.jvm.ClassReader::readName (55 bytes)
Event: 1.472 Thread 0x000001e5c8956800 nmethod 1461 0x000001e5b7723890 code [0x000001e5b7723a40, 0x000001e5b7723b08]

GC Heap History (10 events):
Event: 1.132 GC heap before
{Heap before GC invocations=14 (full 0):
 garbage-first heap   total 15360K, used 8121K [0x0000000742000000, 0x0000000800000000)
  region size 1024K, 4 young (4096K), 1 survivors (1024K)
 Metaspace       used 8629K, capacity 11338K, committed 11648K, reserved 1058816K
  class space    used 1005K, capacity 1317K, committed 1408K, reserved 1048576K
}
Event: 1.134 GC heap after
{Heap after GC invocations=15 (full 0):
 garbage-first heap   total 15360K, used 5397K [0x0000000742000000, 0x0000000800000000)
  region size 1024K, 1 young (1024K), 1 survivors (1024K)
 Metaspace       used 8629K, capacity 11338K, committed 11648K, reserved 1058816K
  class space    used 1005K, capacity 1317K, committed 1408K, reserved 1048576K
}
Event: 1.148 GC heap before
{Heap before GC invocations=15 (full 0):
 garbage-first heap   total 15360K, used 8469K [0x0000000742000000, 0x0000000800000000)
  region size 1024K, 4 young (4096K), 1 survivors (1024K)
 Metaspace       used 8638K, capacity 11338K, committed 11648K, reserved 1058816K
  class space    used 1005K, capacity 1317K, committed 1408K, reserved 1048576K
}
Event: 1.151 GC heap after
{Heap after GC invocations=16 (full 0):
 garbage-first heap   total 15360K, used 5747K [0x0000000742000000, 0x0000000800000000)
  region size 1024K, 1 young (1024K), 1 survivors (1024K)
 Metaspace       used 8638K, capacity 11338K, committed 11648K, reserved 1058816K
  class space    used 1005K, capacity 1317K, committed 1408K, reserved 1048576K
}
Event: 1.192 GC heap before
{Heap before GC invocations=16 (full 0):
 garbage-first heap   total 15360K, used 8819K [0x0000000742000000, 0x0000000800000000)
  region size 1024K, 4 young (4096K), 1 survivors (1024K)
 Metaspace       used 8750K, capacity 11403K, committed 11648K, reserved 1058816K
  class space    used 1014K, capacity 1317K, committed 1408K, reserved 1048576K
}
Event: 1.195 GC heap after
{Heap after GC invocations=17 (full 0):
 garbage-first heap   total 15360K, used 6415K [0x0000000742000000, 0x0000000800000000)
  region size 1024K, 1 young (1024K), 1 survivors (1024K)
 Metaspace       used 8750K, capacity 11403K, committed 11648K, reserved 1058816K
  class space    used 1014K, capacity 1317K, committed 1408K, reserved 1048576K
}
Event: 1.201 GC heap before
{Heap before GC invocations=17 (full 0):
 garbage-first heap   total 15360K, used 8463K [0x0000000742000000, 0x0000000800000000)
  region size 1024K, 3 young (3072K), 1 survivors (1024K)
 Metaspace       used 8752K, capacity 11403K, committed 11648K, reserved 1058816K
  class space    used 1014K, capacity 1317K, committed 1408K, reserved 1048576K
}
Event: 1.205 GC heap after
{Heap after GC invocations=18 (full 0):
 garbage-first heap   total 25600K, used 6882K [0x0000000742000000, 0x0000000800000000)
  region size 1024K, 1 young (1024K), 1 survivors (1024K)
 Metaspace       used 8752K, capacity 11403K, committed 11648K, reserved 1058816K
  class space    used 1014K, capacity 1317K, committed 1408K, reserved 1048576K
}
Event: 1.277 GC heap before
{Heap before GC invocations=18 (full 0):
 garbage-first heap   total 25600K, used 12002K [0x0000000742000000, 0x0000000800000000)
  region size 1024K, 6 young (6144K), 1 survivors (1024K)
 Metaspace       used 8868K, capacity 11492K, committed 11648K, reserved 1058816K
  class space    used 1024K, capacity 1325K, committed 1408K, reserved 1048576K
}
Event: 1.280 GC heap after
{Heap after GC invocations=19 (full 0):
 garbage-first heap   total 25600K, used 7925K [0x0000000742000000, 0x0000000800000000)
  region size 1024K, 1 young (1024K), 1 survivors (1024K)
 Metaspace       used 8868K, capacity 11492K, committed 11648K, reserved 1058816K
  class space    used 1024K, capacity 1325K, committed 1408K, reserved 1048576K
}

Deoptimization events (10 events):
Event: 0.684 Thread 0x000001e5a77e9800 Uncommon trap: reason=unstable_if action=reinterpret pc=0x000001e5b76d09e8 method=java.lang.String.regionMatches(ILjava/lang/String;II)Z @ 111 c2
Event: 0.930 Thread 0x000001e5a77e9800 Uncommon trap: reason=class_check action=maybe_recompile pc=0x000001e5b76e50d0 method=java.util.HashMap.getNode(ILjava/lang/Object;)Ljava/util/HashMap$Node; @ 126 c2
Event: 0.930 Thread 0x000001e5a77e9800 Uncommon trap: reason=class_check action=maybe_recompile pc=0x000001e5b76e50d0 method=java.util.HashMap.getNode(ILjava/lang/Object;)Ljava/util/HashMap$Node; @ 126 c2
Event: 0.931 Thread 0x000001e5a77e9800 Uncommon trap: reason=class_check action=maybe_recompile pc=0x000001e5b76e50d0 method=java.util.HashMap.getNode(ILjava/lang/Object;)Ljava/util/HashMap$Node; @ 126 c2
Event: 0.931 Thread 0x000001e5a77e9800 Uncommon trap: reason=class_check action=maybe_recompile pc=0x000001e5b76e50d0 method=java.util.HashMap.getNode(ILjava/lang/Object;)Ljava/util/HashMap$Node; @ 126 c2
Event: 1.014 Thread 0x000001e5a77e9800 Uncommon trap: reason=class_check action=maybe_recompile pc=0x000001e5b76ed8cc method=java.util.HashMap.putVal(ILjava/lang/Object;Ljava/lang/Object;ZZ)Ljava/lang/Object; @ 203 c2
Event: 1.092 Thread 0x000001e5a77e9800 Uncommon trap: reason=class_check action=maybe_recompile pc=0x000001e5b76ea2b8 method=java.util.HashMap.getNode(ILjava/lang/Object;)Ljava/util/HashMap$Node; @ 126 c2
Event: 1.161 Thread 0x000001e5a77e9800 Uncommon trap: reason=unstable_if action=reinterpret pc=0x000001e5b7701718 method=java.lang.String.<init>([CIILjava/lang/Void;)V @ 5 c2
Event: 1.161 Thread 0x000001e5a77e9800 Uncommon trap: reason=unstable_if action=reinterpret pc=0x000001e5b76f0f70 method=java.lang.String.<init>([CIILjava/lang/Void;)V @ 5 c2
Event: 1.347 Thread 0x000001e5a77e9800 Uncommon trap: reason=unstable_if action=reinterpret pc=0x000001e5b7718ffc method=com.sun.tools.javac.code.Scope$ScopeImpl.getIndex(Lcom/sun/tools/javac/util/Name;)I @ 60 c2

Classes redefined (0 events):
No events

Internal exceptions (10 events):
Event: 1.022 Thread 0x000001e5a77e9800 Exception <a 'sun/nio/fs/WindowsException'{0x00000007429be2d0}> (0x00000007429be2d0) thrown at [t:/workspace/open/src/hotspot/share/prims/jni.cpp, line 615]
Event: 1.031 Thread 0x000001e5a77e9800 Exception <a 'java/lang/NoSuchMethodError'{0x00000007429d8fe0}: java.lang.invoke.DirectMethodHandle$Holder.invokeSpecial(Ljava/lang/Object;Ljava/lang/Object;Ljava/lang/Object;Ljava/lang/Object;Ljava/lang/Object;)I> (0x00000007429d8fe0) thrown at [t:/works
Event: 1.092 Thread 0x000001e5a77e9800 Exception <a 'sun/nio/fs/WindowsException'{0x0000000742b267f0}> (0x0000000742b267f0) thrown at [t:/workspace/open/src/hotspot/share/prims/jni.cpp, line 615]
Event: 1.092 Thread 0x000001e5a77e9800 Exception <a 'sun/nio/fs/WindowsException'{0x0000000742b26ab0}> (0x0000000742b26ab0) thrown at [t:/workspace/open/src/hotspot/share/prims/jni.cpp, line 615]
Event: 1.092 Thread 0x000001e5a77e9800 Exception <a 'sun/nio/fs/WindowsException'{0x0000000742b27a88}> (0x0000000742b27a88) thrown at [t:/workspace/open/src/hotspot/share/prims/jni.cpp, line 615]
Event: 1.092 Thread 0x000001e5a77e9800 Exception <a 'sun/nio/fs/WindowsException'{0x0000000742b27d08}> (0x0000000742b27d08) thrown at [t:/workspace/open/src/hotspot/share/prims/jni.cpp, line 615]
Event: 1.137 Thread 0x000001e5a77e9800 Exception <a 'sun/nio/fs/WindowsException'{0x0000000742e48650}> (0x0000000742e48650) thrown at [t:/workspace/open/src/hotspot/share/prims/jni.cpp, line 615]
Event: 1.137 Thread 0x000001e5a77e9800 Exception <a 'sun/nio/fs/WindowsException'{0x0000000742e48908}> (0x0000000742e48908) thrown at [t:/workspace/open/src/hotspot/share/prims/jni.cpp, line 615]
Event: 1.137 Thread 0x000001e5a77e9800 Exception <a 'sun/nio/fs/WindowsException'{0x0000000742e498e0}> (0x0000000742e498e0) thrown at [t:/workspace/open/src/hotspot/share/prims/jni.cpp, line 615]
Event: 1.137 Thread 0x000001e5a77e9800 Exception <a 'sun/nio/fs/WindowsException'{0x0000000742e49b50}> (0x0000000742e49b50) thrown at [t:/workspace/open/src/hotspot/share/prims/jni.cpp, line 615]

Events (10 events):
Event: 1.458 loading class com/sun/tools/javac/tree/JCTree
Event: 1.458 loading class com/sun/tools/javac/tree/JCTree done
Event: 1.458 loading class com/sun/tools/javac/comp/DeferredAttr
Event: 1.458 loading class com/sun/tools/javac/comp/DeferredAttr done
Event: 1.458 loading class com/sun/tools/javac/tree/JCTree
Event: 1.458 loading class com/sun/tools/javac/tree/JCTree done
Event: 1.459 loading class com/sun/tools/javac/util/JCDiagnostic
Event: 1.459 loading class com/sun/tools/javac/util/JCDiagnostic done
Event: 1.459 loading class com/sun/tools/javac/tree/JCTree
Event: 1.459 loading class com/sun/tools/javac/tree/JCTree done


Dynamic libraries:
0x00007ff7a02e0000 - 0x00007ff7a02e8000 	C:\Program Files\Java\jdk-12.0.2\bin\javac.exe
0x00007ffb025e0000 - 0x00007ffb027d0000 	C:\Windows\SYSTEM32\ntdll.dll
0x00007ffb01f60000 - 0x00007ffb02012000 	C:\Windows\System32\KERNEL32.DLL
0x00007ffb00360000 - 0x00007ffb00604000 	C:\Windows\System32\KERNELBASE.dll
0x00007ffb00260000 - 0x00007ffb0035a000 	C:\Windows\System32\ucrtbase.dll
0x00007ffaf87a0000 - 0x00007ffaf87b8000 	C:\Program Files\Java\jdk-12.0.2\bin\jli.dll
0x00007ffb01cd0000 - 0x00007ffb01d73000 	C:\Windows\System32\ADVAPI32.dll
0x00007ffb01880000 - 0x00007ffb0191e000 	C:\Windows\System32\msvcrt.dll
0x00007ffb02500000 - 0x00007ffb02597000 	C:\Windows\System32\sechost.dll
0x00007ffb02160000 - 0x00007ffb02280000 	C:\Windows\System32\RPCRT4.dll
0x00007ffb01b30000 - 0x00007ffb01cc4000 	C:\Windows\System32\USER32.dll
0x00007ffb00230000 - 0x00007ffb00251000 	C:\Windows\System32\win32u.dll
0x00007ffb00690000 - 0x00007ffb006b6000 	C:\Windows\System32\GDI32.dll
0x00007ffafffc0000 - 0x00007ffb00155000 	C:\Windows\System32\gdi32full.dll
0x00007ffb00160000 - 0x00007ffb001fe000 	C:\Windows\System32\msvcp_win.dll
0x00007ffaeff70000 - 0x00007ffaeff86000 	C:\Program Files\Java\jdk-12.0.2\bin\VCRUNTIME140.dll
0x00007ffaed020000 - 0x00007ffaed2a4000 	C:\Windows\WinSxS\amd64_microsoft.windows.common-controls_6595b64144ccf1df_6.0.18362.900_none_e6beb9d913147d17\COMCTL32.dll
0x00007ffb00770000 - 0x00007ffb00aa5000 	C:\Windows\System32\combase.dll
0x00007ffb00610000 - 0x00007ffb00690000 	C:\Windows\System32\bcryptPrimitives.dll
0x00007ffaf1260000 - 0x00007ffaf126a000 	C:\Windows\SYSTEM32\VERSION.dll
0x00007ffb01a10000 - 0x00007ffb01a3e000 	C:\Windows\System32\IMM32.DLL
0x00007ffac6d80000 - 0x00007ffac6e2a000 	C:\Program Files\Java\jdk-12.0.2\bin\msvcp140.dll
0x00007ffac2730000 - 0x00007ffac32a7000 	C:\Program Files\Java\jdk-12.0.2\bin\server\jvm.dll
0x00007ffb01870000 - 0x00007ffb01878000 	C:\Windows\System32\PSAPI.DLL
0x00007ffaeacd0000 - 0x00007ffaeacd9000 	C:\Windows\SYSTEM32\WSOCK32.dll
0x00007ffb01ac0000 - 0x00007ffb01b2f000 	C:\Windows\System32\WS2_32.dll
0x00007ffafc9c0000 - 0x00007ffafc9e4000 	C:\Windows\SYSTEM32\WINMM.dll
0x00007ffafc990000 - 0x00007ffafc9bd000 	C:\Windows\SYSTEM32\WINMMBASE.dll
0x00007ffaffea0000 - 0x00007ffaffeea000 	C:\Windows\System32\cfgmgr32.dll
0x00007ffaff4d0000 - 0x00007ffaff4e1000 	C:\Windows\System32\kernel.appcore.dll
0x00007ffaee7b0000 - 0x00007ffaee7c1000 	C:\Program Files\Java\jdk-12.0.2\bin\verify.dll
0x00007ffafddc0000 - 0x00007ffafdfb4000 	C:\Windows\SYSTEM32\DBGHELP.DLL
0x00007ffafad40000 - 0x00007ffafad6a000 	C:\Windows\SYSTEM32\dbgcore.DLL
0x00007ffaeefb0000 - 0x00007ffaeefd6000 	C:\Program Files\Java\jdk-12.0.2\bin\java.dll
0x00007ffaee380000 - 0x00007ffaee397000 	C:\Program Files\Java\jdk-12.0.2\bin\zip.dll
0x00007ffaf05b0000 - 0x00007ffaf05ba000 	C:\Program Files\Java\jdk-12.0.2\bin\jimage.dll
0x00007ffb00ab0000 - 0x00007ffb01196000 	C:\Windows\System32\SHELL32.dll
0x00007ffb01610000 - 0x00007ffb016b9000 	C:\Windows\System32\shcore.dll
0x00007ffaff720000 - 0x00007ffaffea0000 	C:\Windows\System32\windows.storage.dll
0x00007ffaff4f0000 - 0x00007ffaff513000 	C:\Windows\System32\profapi.dll
0x00007ffaff520000 - 0x00007ffaff56a000 	C:\Windows\System32\powrprof.dll
0x00007ffaff4a0000 - 0x00007ffaff4b0000 	C:\Windows\System32\UMPDC.dll
0x00007ffb01920000 - 0x00007ffb01972000 	C:\Windows\System32\shlwapi.dll
0x00007ffafffa0000 - 0x00007ffafffb7000 	C:\Windows\System32\cryptsp.dll
0x00007ffaef380000 - 0x00007ffaef399000 	C:\Program Files\Java\jdk-12.0.2\bin\net.dll
0x00007ffaf30f0000 - 0x00007ffaf31e0000 	C:\Windows\SYSTEM32\WINHTTP.dll
0x00007ffaf31e0000 - 0x00007ffaf33b6000 	C:\Windows\SYSTEM32\urlmon.dll
0x00007ffaf4980000 - 0x00007ffaf4c26000 	C:\Windows\SYSTEM32\iertutil.dll
0x00007ffafeee0000 - 0x00007ffafeeec000 	C:\Windows\SYSTEM32\CRYPTBASE.DLL
0x00007ffafed10000 - 0x00007ffafed77000 	C:\Windows\system32\mswsock.dll
0x00007ffaef360000 - 0x00007ffaef373000 	C:\Program Files\Java\jdk-12.0.2\bin\nio.dll

dbghelp: loaded successfully - version: 4.0.5 - missing functions: none
symbol engine: initialized successfully - sym options: 0x614 - pdb path: .;C:\Program Files\Java\jdk-12.0.2\bin;C:\Windows\SYSTEM32;C:\Windows\WinSxS\amd64_microsoft.windows.common-controls_6595b64144ccf1df_6.0.18362.900_none_e6beb9d913147d17;C:\Program Files\Java\jdk-12.0.2\bin\server

VM Arguments:
jvm_args: -Dapplication.home=C:\Program Files\Java\jdk-12.0.2 --add-modules=ALL-DEFAULT -Xms8m -Djdk.module.main=jdk.compiler 
java_command: jdk.compiler/com.sun.tools.javac.Main -d C:\Users\USER\Documents\NetBeansProjects\KTDH\build\classes -classpath C:\Users\USER\Documents\NetBeansProjects\KTDH\build\classes;D:\NETBEAN\netbeans\java\modules\ext\AbsoluteLayout.jar;C:\Users\USER\Desktop\NNLT\JAVA TOOL+CODE\Tool JAVA\AutoComplete\swingx-all-1.6.4.jar -sourcepath C:\Users\USER\Documents\NetBeansProjects\KTDH\src -target 12 -encoding UTF-8 -g -processorpath D:\NETBEAN\netbeans\java\modules\ext\AbsoluteLayout.jar;C:\Users\USER\Desktop\NNLT\JAVA TOOL+CODE\Tool JAVA\AutoComplete\swingx-all-1.6.4.jar;C:\Users\USER\Documents\NetBeansProjects\KTDH\build\empty -s C:\Users\USER\Documents\NetBeansProjects\KTDH\build\generated-sources\ap-source-output -source 12 C:\Users\USER\Documents\NetBeansProjects\KTDH\src\ktdh\Egg.java
java_class_path (initial): <not set>
Launcher Type: SUN_STANDARD

[Global flags]
     intx CICompilerCount                          = 3                                         {product} {ergonomic}
     uint ConcGCThreads                            = 1                                         {product} {ergonomic}
     uint G1ConcRefinementThreads                  = 4                                         {product} {ergonomic}
   size_t G1HeapRegionSize                         = 1048576                                   {product} {ergonomic}
    uintx GCDrainStackTargetSize                   = 64                                        {product} {ergonomic}
   size_t InitialHeapSize                          = 8388608                                   {product} {command line}
   size_t MarkStackSize                            = 4194304                                   {product} {ergonomic}
   size_t MaxHeapSize                              = 3187671040                                {product} {ergonomic}
   size_t MaxNewSize                               = 1912602624                                {product} {ergonomic}
   size_t MinHeapDeltaBytes                        = 1048576                                   {product} {ergonomic}
    uintx NonNMethodCodeHeapSize                   = 5830732                                {pd product} {ergonomic}
    uintx NonProfiledCodeHeapSize                  = 122913754                              {pd product} {ergonomic}
    uintx ProfiledCodeHeapSize                     = 122913754                              {pd product} {ergonomic}
    uintx ReservedCodeCacheSize                    = 251658240                              {pd product} {ergonomic}
     bool SegmentedCodeCache                       = true                                      {product} {ergonomic}
     bool UseCompressedClassPointers               = true                                 {lp64_product} {ergonomic}
     bool UseCompressedOops                        = true                                 {lp64_product} {ergonomic}
     bool UseG1GC                                  = true                                      {product} {ergonomic}
     bool UseLargePagesIndividualAllocation        = false                                  {pd product} {ergonomic}

Logging:
Log output configuration:
 #0: stdout all=warning uptime,level,tags
 #1: stderr all=off uptime,level,tags

Environment Variables:
JAVA_HOME=C:\Program Files\Java\jdk-12.0.2
PATH=C:\Program Files (x86)\Common Files\Oracle\Java\javapath;C:\Program Files (x86)\Intel\Intel(R) Management Engine Components\iCLS\;C:\Program Files\Intel\Intel(R) Management Engine Components\iCLS\;C:\Windows\system32;C:\Windows;C:\Windows\System32\Wbem;C:\Windows\System32\WindowsPowerShell\v1.0\;C:\Windows\System32\OpenSSH\;C:\Program Files (x86)\Intel\Intel(R) Management Engine Components\DAL;C:\Program Files\Intel\Intel(R) Management Engine Components\DAL;C:\Program Files (x86)\Intel\Intel(R) Management Engine Components\IPT;C:\Program Files\Intel\Intel(R) Management Engine Components\IPT;C:\Program Files\Intel\WiFi\bin\;C:\Program Files\Common Files\Intel\WirelessCommon\;C:\Program Files\Java\jdk-12.0.2\bin;C:\Program Files\Microsoft SQL Server\110\Tools\Binn\;C:\Program Files (x86)\Microsoft SQL Server\110\Tools\Binn\;C:\Program Files\Microsoft SQL Server\110\DTS\Binn\;C:\Program Files (x86)\Microsoft SQL Server\110\Tools\Binn\ManagementStudio\;C:\Program Files (x86)\Microsoft Visual Studio 10.0\Common7\IDE\PrivateAssemblies\;C:\Program Files (x86)\Microsoft SQL Server\110\DTS\Binn\;C:\Users\USER\Documents\OpenSSL\OpenSSL-Win64\bin;C:\Program Files\OpenSSL-Win64\bin;C:\Users\USER\Downloads\New folder\New folder\bin;D:\PYTHON\Scripts\;D:\PYTHON\;C:\Users\USER\AppData\Local\Microsoft\WindowsApps;C:\Program Files\Intel\WiFi\bin\;C:\Program Files\Common Files\Intel\WirelessCommon\
USERNAME=USER
OS=Windows_NT
PROCESSOR_IDENTIFIER=Intel64 Family 6 Model 142 Stepping 9, GenuineIntel



---------------  S Y S T E M  ---------------

OS: Windows 10 , 64 bit Build 18362 (10.0.18362.900)

CPU:total 4 (initial active 4) (2 cores per cpu, 2 threads per core) family 6 model 142 stepping 9, cmov, cx8, fxsr, mmx, sse, sse2, sse3, ssse3, sse4.1, sse4.2, popcnt, avx, avx2, aes, clmul, erms, 3dnowpref, lzcnt, ht, tsc, tscinvbit, bmi1, bmi2, adx, fma

Memory: 4k page, system-wide physical 12153M (809M free)
TotalPageFile size 28176M (AvailPageFile size 4M)
current process WorkingSet (physical memory assigned to process): 89M, peak: 89M
current process commit charge ("private bytes"): 118M, peak: 119M

vm_info: Java HotSpot(TM) 64-Bit Server VM (12.0.2+10) for windows-amd64 JRE (12.0.2+10), built on Jul 16 2019 01:56:17 by "mach5one" with MS VC++ 15.5 (VS2017)

END.
