#
# There is insufficient memory for the Java Runtime Environment to continue.
# Native memory allocation (malloc) failed to allocate 32744 bytes for ChunkPool::allocate
# Possible reasons:
#   The system is out of physical RAM or swap space
#   The process is running with CompressedOops enabled, and the Java Heap may be blocking the growth of the native heap
# Possible solutions:
#   Reduce memory load on the system
#   Increase physical memory or swap space
#   Check if swap backing store is full
#   Decrease Java heap size (-Xmx/-Xms)
#   Decrease number of Java threads
#   Decrease Java thread stack sizes (-Xss)
#   Set larger code cache with -XX:ReservedCodeCacheSize=
#   JVM is running with Zero Based Compressed Oops mode in which the Java heap is
#     placed in the first 32GB address space. The Java Heap base address is the
#     maximum limit for the native heap growth. Please use -XX:HeapBaseMinAddress
#     to set the Java Heap base and to place the Java Heap above 32GB virtual address.
# This output file may be truncated or incomplete.
#
#  Out of Memory Error (t:/workspace/open/src/hotspot/share/memory/arena.cpp:81), pid=11944, tid=15296
#
# JRE version: Java(TM) SE Runtime Environment (12.0.2+10) (build 12.0.2+10)
# Java VM: Java HotSpot(TM) 64-Bit Server VM (12.0.2+10, mixed mode, sharing, tiered, compressed oops, g1 gc, windows-amd64)
# No core dump will be written. Minidumps are not enabled by default on client versions of Windows
#

---------------  S U M M A R Y ------------

Command Line: -Dfile.encoding=UTF-8 -Djava.security.policy=applet.policy ktdh.Egg

Host: Intel(R) Core(TM) i7-7500U CPU @ 2.70GHz, 4 cores, 11G,  Windows 10 , 64 bit Build 18362 (10.0.18362.900)
Time: Wed Jul  1 22:19:13 2020 SE Asia Standard Time elapsed time: 402 seconds (0d 0h 6m 42s)

---------------  T H R E A D  ---------------

Current thread (0x0000027e7f59e800):  JavaThread "C1 CompilerThread0" daemon [_thread_in_native, id=15296, stack(0x000000dd89700000,0x000000dd89800000)]


Current CompileTask:
C1: 402097 1034       3       java.awt.EventQueue::dispatchEventImpl (136 bytes)

Stack: [0x000000dd89700000,0x000000dd89800000]
Native frames: (J=compiled Java code, j=interpreted, Vv=VM code, C=native code)
V  [jvm.dll+0x63aa2a]
V  [jvm.dll+0x78ce1e]
V  [jvm.dll+0x78e4c1]
V  [jvm.dll+0x78eb13]
V  [jvm.dll+0x2627e8]
V  [jvm.dll+0xc57f6]
V  [jvm.dll+0xc5b4c]
V  [jvm.dll+0xd0dba]
V  [jvm.dll+0x16f2ef]
V  [jvm.dll+0x1644dc]
V  [jvm.dll+0x160cce]
V  [jvm.dll+0x14bde0]
V  [jvm.dll+0x131729]
V  [jvm.dll+0x131029]
V  [jvm.dll+0x13125f]
V  [jvm.dll+0x1303c7]
V  [jvm.dll+0x132477]
V  [jvm.dll+0x22a744]
V  [jvm.dll+0x228d98]
V  [jvm.dll+0x7512a0]
V  [jvm.dll+0x74a2c8]
V  [jvm.dll+0x639b16]
C  [ucrtbase.dll+0x20e82]
C  [KERNEL32.DLL+0x17bd4]
C  [ntdll.dll+0x6ce51]


---------------  P R O C E S S  ---------------

Threads class SMR info:
_java_thread_list=0x0000027e05536410, length=15, elements={
0x0000027e7ec76800, 0x0000027e7ec77800, 0x0000027e7f595000, 0x0000027e7f596800,
0x0000027e7f599800, 0x0000027e7f59e800, 0x0000027e7f611800, 0x0000027e7f6d8000,
0x0000027e7f6fe800, 0x0000027e7f93a800, 0x0000027e7f988800, 0x0000027e0500b000,
0x0000027e61267000, 0x0000027e7f93b800, 0x0000027e06340800
}

Java Threads: ( => current thread )
  0x0000027e7ec76800 JavaThread "Reference Handler" daemon [_thread_blocked, id=22692, stack(0x000000dd89200000,0x000000dd89300000)]
  0x0000027e7ec77800 JavaThread "Finalizer" daemon [_thread_blocked, id=23352, stack(0x000000dd89300000,0x000000dd89400000)]
  0x0000027e7f595000 JavaThread "Signal Dispatcher" daemon [_thread_blocked, id=3112, stack(0x000000dd89400000,0x000000dd89500000)]
  0x0000027e7f596800 JavaThread "Attach Listener" daemon [_thread_blocked, id=16676, stack(0x000000dd89500000,0x000000dd89600000)]
  0x0000027e7f599800 JavaThread "C2 CompilerThread0" daemon [_thread_blocked, id=22340, stack(0x000000dd89600000,0x000000dd89700000)]
=>0x0000027e7f59e800 JavaThread "C1 CompilerThread0" daemon [_thread_in_native, id=15296, stack(0x000000dd89700000,0x000000dd89800000)]
  0x0000027e7f611800 JavaThread "Sweeper thread" daemon [_thread_blocked, id=21652, stack(0x000000dd89800000,0x000000dd89900000)]
  0x0000027e7f6d8000 JavaThread "Service Thread" daemon [_thread_blocked, id=20560, stack(0x000000dd89900000,0x000000dd89a00000)]
  0x0000027e7f6fe800 JavaThread "Common-Cleaner" daemon [_thread_blocked, id=12620, stack(0x000000dd89b00000,0x000000dd89c00000)]
  0x0000027e7f93a800 JavaThread "Java2D Disposer" daemon [_thread_blocked, id=18172, stack(0x000000dd89c00000,0x000000dd89d00000)]
  0x0000027e7f988800 JavaThread "AWT-Windows" daemon [_thread_in_native, id=5084, stack(0x000000dd89e00000,0x000000dd89f00000)]
  0x0000027e0500b000 JavaThread "Thread-0" [_thread_blocked, id=11716, stack(0x000000dd8a000000,0x000000dd8a100000)]
  0x0000027e61267000 JavaThread "DestroyJavaVM" [_thread_blocked, id=4348, stack(0x000000dd88b00000,0x000000dd88c00000)]
  0x0000027e7f93b800 JavaThread "AWT-Shutdown" [_thread_blocked, id=3300, stack(0x000000dd88900000,0x000000dd88a00000)]
  0x0000027e06340800 JavaThread "AWT-EventQueue-0" [_thread_blocked, id=1596, stack(0x000000dd88a00000,0x000000dd88b00000)]

Other Threads:
  0x0000027e7ec6f000 VMThread "VM Thread" [stack: 0x000000dd89100000,0x000000dd89200000] [id=17004]
  0x0000027e7f6da000 WatcherThread [stack: 0x000000dd89a00000,0x000000dd89b00000] [id=20700]
  0x0000027e612ba000 GCTaskThread "GC Thread#0" [stack: 0x000000dd88c00000,0x000000dd88d00000] [id=20716]
  0x0000027e05418000 GCTaskThread "GC Thread#1" [stack: 0x000000dd8a200000,0x000000dd8a300000] [id=6964]
  0x0000027e0548b800 GCTaskThread "GC Thread#2" [stack: 0x000000dd8a300000,0x000000dd8a400000] [id=11912]
  0x0000027e068b4800 GCTaskThread "GC Thread#3" [stack: 0x000000dd8a400000,0x000000dd8a500000] [id=14844]
  0x0000027e612cd800 ConcurrentGCThread "G1 Main Marker" [stack: 0x000000dd88d00000,0x000000dd88e00000] [id=21960]
  0x0000027e612d0800 ConcurrentGCThread "G1 Conc#0" [stack: 0x000000dd88e00000,0x000000dd88f00000] [id=8996]
  0x0000027e6133e000 ConcurrentGCThread "G1 Refine#0" [stack: 0x000000dd88f00000,0x000000dd89000000] [id=20732]
  0x0000027e7eaec800 ConcurrentGCThread "G1 Young RemSet Sampling" [stack: 0x000000dd89000000,0x000000dd89100000] [id=15160]

Threads with active compile tasks:
C1 CompilerThread0  1034       3       java.awt.EventQueue::dispatchEventImpl (136 bytes)

VM state:not at safepoint (normal execution)

VM Mutex/Monitor currently owned by a thread: None

Heap address: 0x0000000742000000, size: 3040 MB, Compressed Oops mode: Zero based, Oop shift amount: 3
Narrow klass base: 0x0000000800000000, Narrow klass shift: 3
Compressed class space size: 1073741824 Address: 0x0000000801190000

Heap:
 garbage-first heap   total 194560K, used 78696K [0x0000000742000000, 0x0000000800000000)
  region size 1024K, 71 young (72704K), 2 survivors (2048K)
 Metaspace       used 7011K, capacity 7344K, committed 7680K, reserved 1056768K
  class space    used 775K, capacity 938K, committed 1024K, reserved 1048576K
Heap Regions: E=young(eden), S=young(survivor), O=old, HS=humongous(starts), HC=humongous(continues), CS=collection set, F=free, A=archive, TAMS=top-at-mark-start (previous, next)
|   0|0x0000000742000000, 0x0000000742100000, 0x0000000742100000|100%|HS|  |TAMS 0x0000000742000000, 0x0000000742000000| Complete 
|   1|0x0000000742100000, 0x0000000742200000, 0x0000000742200000|100%|HC|  |TAMS 0x0000000742100000, 0x0000000742100000| Complete 
|   2|0x0000000742200000, 0x0000000742300000, 0x0000000742300000|100%|HC|  |TAMS 0x0000000742200000, 0x0000000742200000| Complete 
|   3|0x0000000742300000, 0x0000000742400000, 0x0000000742400000|100%|HC|  |TAMS 0x0000000742300000, 0x0000000742300000| Complete 
|   4|0x0000000742400000, 0x0000000742500000, 0x0000000742500000|100%|HS|  |TAMS 0x0000000742400000, 0x0000000742400000| Complete 
|   5|0x0000000742500000, 0x0000000742600000, 0x0000000742600000|100%|HC|  |TAMS 0x0000000742500000, 0x0000000742500000| Complete 
|   6|0x0000000742600000, 0x0000000742700000, 0x0000000742700000|100%|HC|  |TAMS 0x0000000742600000, 0x0000000742600000| Complete 
|   7|0x0000000742700000, 0x0000000742700000, 0x0000000742800000|  0%| F|  |TAMS 0x0000000742700000, 0x0000000742700000| Untracked 
|   8|0x0000000742800000, 0x0000000742800000, 0x0000000742900000|  0%| F|  |TAMS 0x0000000742800000, 0x0000000742800000| Untracked 
|   9|0x0000000742900000, 0x0000000742900000, 0x0000000742a00000|  0%| F|  |TAMS 0x0000000742900000, 0x0000000742900000| Untracked 
|  10|0x0000000742a00000, 0x0000000742a00000, 0x0000000742b00000|  0%| F|  |TAMS 0x0000000742a00000, 0x0000000742a00000| Untracked 
|  11|0x0000000742b00000, 0x0000000742b00000, 0x0000000742c00000|  0%| F|  |TAMS 0x0000000742b00000, 0x0000000742b00000| Untracked 
|  12|0x0000000742c00000, 0x0000000742c00000, 0x0000000742d00000|  0%| F|  |TAMS 0x0000000742c00000, 0x0000000742c00000| Untracked 
|  13|0x0000000742d00000, 0x0000000742d00000, 0x0000000742e00000|  0%| F|  |TAMS 0x0000000742d00000, 0x0000000742d00000| Untracked 
|  14|0x0000000742e00000, 0x0000000742e00000, 0x0000000742f00000|  0%| F|  |TAMS 0x0000000742e00000, 0x0000000742e00000| Untracked 
|  15|0x0000000742f00000, 0x0000000742f00000, 0x0000000743000000|  0%| F|  |TAMS 0x0000000742f00000, 0x0000000742f00000| Untracked 
|  16|0x0000000743000000, 0x0000000743000000, 0x0000000743100000|  0%| F|  |TAMS 0x0000000743000000, 0x0000000743000000| Untracked 
|  17|0x0000000743100000, 0x0000000743100000, 0x0000000743200000|  0%| F|  |TAMS 0x0000000743100000, 0x0000000743100000| Untracked 
|  18|0x0000000743200000, 0x0000000743200000, 0x0000000743300000|  0%| F|  |TAMS 0x0000000743200000, 0x0000000743200000| Untracked 
|  19|0x0000000743300000, 0x0000000743300000, 0x0000000743400000|  0%| F|  |TAMS 0x0000000743300000, 0x0000000743300000| Untracked 
|  20|0x0000000743400000, 0x0000000743400000, 0x0000000743500000|  0%| F|  |TAMS 0x0000000743400000, 0x0000000743400000| Untracked 
|  21|0x0000000743500000, 0x0000000743500000, 0x0000000743600000|  0%| F|  |TAMS 0x0000000743500000, 0x0000000743500000| Untracked 
|  22|0x0000000743600000, 0x0000000743600000, 0x0000000743700000|  0%| F|  |TAMS 0x0000000743600000, 0x0000000743600000| Untracked 
|  23|0x0000000743700000, 0x0000000743700000, 0x0000000743800000|  0%| F|  |TAMS 0x0000000743700000, 0x0000000743700000| Untracked 
|  24|0x0000000743800000, 0x0000000743800000, 0x0000000743900000|  0%| F|  |TAMS 0x0000000743800000, 0x0000000743800000| Untracked 
|  25|0x0000000743900000, 0x0000000743900000, 0x0000000743a00000|  0%| F|  |TAMS 0x0000000743900000, 0x0000000743900000| Untracked 
|  26|0x0000000743a00000, 0x0000000743a00000, 0x0000000743b00000|  0%| F|  |TAMS 0x0000000743a00000, 0x0000000743a00000| Untracked 
|  27|0x0000000743b00000, 0x0000000743b00000, 0x0000000743c00000|  0%| F|  |TAMS 0x0000000743b00000, 0x0000000743b00000| Untracked 
|  28|0x0000000743c00000, 0x0000000743c00000, 0x0000000743d00000|  0%| F|  |TAMS 0x0000000743c00000, 0x0000000743c00000| Untracked 
|  29|0x0000000743d00000, 0x0000000743d00000, 0x0000000743e00000|  0%| F|  |TAMS 0x0000000743d00000, 0x0000000743d00000| Untracked 
|  30|0x0000000743e00000, 0x0000000743e00000, 0x0000000743f00000|  0%| F|  |TAMS 0x0000000743e00000, 0x0000000743e00000| Untracked 
|  31|0x0000000743f00000, 0x0000000743f00000, 0x0000000744000000|  0%| F|  |TAMS 0x0000000743f00000, 0x0000000743f00000| Untracked 
|  32|0x0000000744000000, 0x0000000744000000, 0x0000000744100000|  0%| F|  |TAMS 0x0000000744000000, 0x0000000744000000| Untracked 
|  33|0x0000000744100000, 0x0000000744100000, 0x0000000744200000|  0%| F|  |TAMS 0x0000000744100000, 0x0000000744100000| Untracked 
|  34|0x0000000744200000, 0x0000000744200000, 0x0000000744300000|  0%| F|  |TAMS 0x0000000744200000, 0x0000000744200000| Untracked 
|  35|0x0000000744300000, 0x0000000744300000, 0x0000000744400000|  0%| F|  |TAMS 0x0000000744300000, 0x0000000744300000| Untracked 
|  36|0x0000000744400000, 0x0000000744400000, 0x0000000744500000|  0%| F|  |TAMS 0x0000000744400000, 0x0000000744400000| Untracked 
|  37|0x0000000744500000, 0x0000000744500000, 0x0000000744600000|  0%| F|  |TAMS 0x0000000744500000, 0x0000000744500000| Untracked 
|  38|0x0000000744600000, 0x0000000744600000, 0x0000000744700000|  0%| F|  |TAMS 0x0000000744600000, 0x0000000744600000| Untracked 
|  39|0x0000000744700000, 0x0000000744700000, 0x0000000744800000|  0%| F|  |TAMS 0x0000000744700000, 0x0000000744700000| Untracked 
|  40|0x0000000744800000, 0x0000000744800000, 0x0000000744900000|  0%| F|  |TAMS 0x0000000744800000, 0x0000000744800000| Untracked 
|  41|0x0000000744900000, 0x0000000744900000, 0x0000000744a00000|  0%| F|  |TAMS 0x0000000744900000, 0x0000000744900000| Untracked 
|  42|0x0000000744a00000, 0x0000000744a00000, 0x0000000744b00000|  0%| F|  |TAMS 0x0000000744a00000, 0x0000000744a00000| Untracked 
|  43|0x0000000744b00000, 0x0000000744b00000, 0x0000000744c00000|  0%| F|  |TAMS 0x0000000744b00000, 0x0000000744b00000| Untracked 
|  44|0x0000000744c00000, 0x0000000744c00000, 0x0000000744d00000|  0%| F|  |TAMS 0x0000000744c00000, 0x0000000744c00000| Untracked 
|  45|0x0000000744d00000, 0x0000000744d00000, 0x0000000744e00000|  0%| F|  |TAMS 0x0000000744d00000, 0x0000000744d00000| Untracked 
|  46|0x0000000744e00000, 0x0000000744e00000, 0x0000000744f00000|  0%| F|  |TAMS 0x0000000744e00000, 0x0000000744e00000| Untracked 
|  47|0x0000000744f00000, 0x0000000744f00000, 0x0000000745000000|  0%| F|  |TAMS 0x0000000744f00000, 0x0000000744f00000| Untracked 
|  48|0x0000000745000000, 0x0000000745000000, 0x0000000745100000|  0%| F|  |TAMS 0x0000000745000000, 0x0000000745000000| Untracked 
|  49|0x0000000745100000, 0x0000000745100000, 0x0000000745200000|  0%| F|  |TAMS 0x0000000745100000, 0x0000000745100000| Untracked 
|  50|0x0000000745200000, 0x0000000745200000, 0x0000000745300000|  0%| F|  |TAMS 0x0000000745200000, 0x0000000745200000| Untracked 
|  51|0x0000000745300000, 0x0000000745300000, 0x0000000745400000|  0%| F|  |TAMS 0x0000000745300000, 0x0000000745300000| Untracked 
|  52|0x0000000745400000, 0x0000000745400000, 0x0000000745500000|  0%| F|  |TAMS 0x0000000745400000, 0x0000000745400000| Untracked 
|  53|0x0000000745500000, 0x0000000745500000, 0x0000000745600000|  0%| F|  |TAMS 0x0000000745500000, 0x0000000745500000| Untracked 
|  54|0x0000000745600000, 0x0000000745600000, 0x0000000745700000|  0%| F|  |TAMS 0x0000000745600000, 0x0000000745600000| Untracked 
|  55|0x0000000745700000, 0x0000000745700000, 0x0000000745800000|  0%| F|  |TAMS 0x0000000745700000, 0x0000000745700000| Untracked 
|  56|0x0000000745800000, 0x0000000745800000, 0x0000000745900000|  0%| F|  |TAMS 0x0000000745800000, 0x0000000745800000| Untracked 
|  57|0x0000000745900000, 0x0000000745900000, 0x0000000745a00000|  0%| F|  |TAMS 0x0000000745900000, 0x0000000745900000| Untracked 
|  58|0x0000000745a00000, 0x0000000745a00000, 0x0000000745b00000|  0%| F|  |TAMS 0x0000000745a00000, 0x0000000745a00000| Untracked 
|  59|0x0000000745b00000, 0x0000000745b00000, 0x0000000745c00000|  0%| F|  |TAMS 0x0000000745b00000, 0x0000000745b00000| Untracked 
|  60|0x0000000745c00000, 0x0000000745c00000, 0x0000000745d00000|  0%| F|  |TAMS 0x0000000745c00000, 0x0000000745c00000| Untracked 
|  61|0x0000000745d00000, 0x0000000745d00000, 0x0000000745e00000|  0%| F|  |TAMS 0x0000000745d00000, 0x0000000745d00000| Untracked 
|  62|0x0000000745e00000, 0x0000000745e00000, 0x0000000745f00000|  0%| F|  |TAMS 0x0000000745e00000, 0x0000000745e00000| Untracked 
|  63|0x0000000745f00000, 0x0000000745f00000, 0x0000000746000000|  0%| F|  |TAMS 0x0000000745f00000, 0x0000000745f00000| Untracked 
|  64|0x0000000746000000, 0x0000000746000000, 0x0000000746100000|  0%| F|  |TAMS 0x0000000746000000, 0x0000000746000000| Untracked 
|  65|0x0000000746100000, 0x0000000746100000, 0x0000000746200000|  0%| F|  |TAMS 0x0000000746100000, 0x0000000746100000| Untracked 
|  66|0x0000000746200000, 0x0000000746200000, 0x0000000746300000|  0%| F|  |TAMS 0x0000000746200000, 0x0000000746200000| Untracked 
|  67|0x0000000746300000, 0x0000000746300000, 0x0000000746400000|  0%| F|  |TAMS 0x0000000746300000, 0x0000000746300000| Untracked 
|  68|0x0000000746400000, 0x0000000746400000, 0x0000000746500000|  0%| F|  |TAMS 0x0000000746400000, 0x0000000746400000| Untracked 
|  69|0x0000000746500000, 0x0000000746500000, 0x0000000746600000|  0%| F|  |TAMS 0x0000000746500000, 0x0000000746500000| Untracked 
|  70|0x0000000746600000, 0x0000000746600000, 0x0000000746700000|  0%| F|  |TAMS 0x0000000746600000, 0x0000000746600000| Untracked 
|  71|0x0000000746700000, 0x0000000746700000, 0x0000000746800000|  0%| F|  |TAMS 0x0000000746700000, 0x0000000746700000| Untracked 
|  72|0x0000000746800000, 0x0000000746800000, 0x0000000746900000|  0%| F|  |TAMS 0x0000000746800000, 0x0000000746800000| Untracked 
|  73|0x0000000746900000, 0x0000000746900000, 0x0000000746a00000|  0%| F|  |TAMS 0x0000000746900000, 0x0000000746900000| Untracked 
|  74|0x0000000746a00000, 0x0000000746a00000, 0x0000000746b00000|  0%| F|  |TAMS 0x0000000746a00000, 0x0000000746a00000| Untracked 
|  75|0x0000000746b00000, 0x0000000746b00000, 0x0000000746c00000|  0%| F|  |TAMS 0x0000000746b00000, 0x0000000746b00000| Untracked 
|  76|0x0000000746c00000, 0x0000000746c00000, 0x0000000746d00000|  0%| F|  |TAMS 0x0000000746c00000, 0x0000000746c00000| Untracked 
|  77|0x0000000746d00000, 0x0000000746d00000, 0x0000000746e00000|  0%| F|  |TAMS 0x0000000746d00000, 0x0000000746d00000| Untracked 
|  78|0x0000000746e00000, 0x0000000746e00000, 0x0000000746f00000|  0%| F|  |TAMS 0x0000000746e00000, 0x0000000746e00000| Untracked 
|  79|0x0000000746f00000, 0x0000000746f00000, 0x0000000747000000|  0%| F|  |TAMS 0x0000000746f00000, 0x0000000746f00000| Untracked 
|  80|0x0000000747000000, 0x0000000747000000, 0x0000000747100000|  0%| F|  |TAMS 0x0000000747000000, 0x0000000747000000| Untracked 
|  81|0x0000000747100000, 0x0000000747100000, 0x0000000747200000|  0%| F|  |TAMS 0x0000000747100000, 0x0000000747100000| Untracked 
|  82|0x0000000747200000, 0x0000000747200000, 0x0000000747300000|  0%| F|  |TAMS 0x0000000747200000, 0x0000000747200000| Untracked 
|  83|0x0000000747300000, 0x0000000747300000, 0x0000000747400000|  0%| F|  |TAMS 0x0000000747300000, 0x0000000747300000| Untracked 
|  84|0x0000000747400000, 0x0000000747400000, 0x0000000747500000|  0%| F|  |TAMS 0x0000000747400000, 0x0000000747400000| Untracked 
|  85|0x0000000747500000, 0x0000000747500000, 0x0000000747600000|  0%| F|  |TAMS 0x0000000747500000, 0x0000000747500000| Untracked 
|  86|0x0000000747600000, 0x0000000747600000, 0x0000000747700000|  0%| F|  |TAMS 0x0000000747600000, 0x0000000747600000| Untracked 
|  87|0x0000000747700000, 0x0000000747700000, 0x0000000747800000|  0%| F|  |TAMS 0x0000000747700000, 0x0000000747700000| Untracked 
|  88|0x0000000747800000, 0x0000000747800000, 0x0000000747900000|  0%| F|  |TAMS 0x0000000747800000, 0x0000000747800000| Untracked 
|  89|0x0000000747900000, 0x0000000747900000, 0x0000000747a00000|  0%| F|  |TAMS 0x0000000747900000, 0x0000000747900000| Untracked 
|  90|0x0000000747a00000, 0x0000000747a00000, 0x0000000747b00000|  0%| F|  |TAMS 0x0000000747a00000, 0x0000000747a00000| Untracked 
|  91|0x0000000747b00000, 0x0000000747b00000, 0x0000000747c00000|  0%| F|  |TAMS 0x0000000747b00000, 0x0000000747b00000| Untracked 
|  92|0x0000000747c00000, 0x0000000747c00000, 0x0000000747d00000|  0%| F|  |TAMS 0x0000000747c00000, 0x0000000747c00000| Untracked 
|  93|0x0000000747d00000, 0x0000000747d00000, 0x0000000747e00000|  0%| F|  |TAMS 0x0000000747d00000, 0x0000000747d00000| Untracked 
|  94|0x0000000747e00000, 0x0000000747e00000, 0x0000000747f00000|  0%| F|  |TAMS 0x0000000747e00000, 0x0000000747e00000| Untracked 
|  95|0x0000000747f00000, 0x0000000747f00000, 0x0000000748000000|  0%| F|  |TAMS 0x0000000747f00000, 0x0000000747f00000| Untracked 
|  96|0x0000000748000000, 0x0000000748000000, 0x0000000748100000|  0%| F|  |TAMS 0x0000000748000000, 0x0000000748000000| Untracked 
|  97|0x0000000748100000, 0x0000000748100000, 0x0000000748200000|  0%| F|  |TAMS 0x0000000748100000, 0x0000000748100000| Untracked 
|  98|0x0000000748200000, 0x0000000748200000, 0x0000000748300000|  0%| F|  |TAMS 0x0000000748200000, 0x0000000748200000| Untracked 
|  99|0x0000000748300000, 0x0000000748300000, 0x0000000748400000|  0%| F|  |TAMS 0x0000000748300000, 0x0000000748300000| Untracked 
| 100|0x0000000748400000, 0x0000000748400000, 0x0000000748500000|  0%| F|  |TAMS 0x0000000748400000, 0x0000000748400000| Untracked 
| 101|0x0000000748500000, 0x0000000748500000, 0x0000000748600000|  0%| F|  |TAMS 0x0000000748500000, 0x0000000748500000| Untracked 
| 102|0x0000000748600000, 0x0000000748600000, 0x0000000748700000|  0%| F|  |TAMS 0x0000000748600000, 0x0000000748600000| Untracked 
| 103|0x0000000748700000, 0x0000000748700000, 0x0000000748800000|  0%| F|  |TAMS 0x0000000748700000, 0x0000000748700000| Untracked 
| 104|0x0000000748800000, 0x0000000748800000, 0x0000000748900000|  0%| F|  |TAMS 0x0000000748800000, 0x0000000748800000| Untracked 
| 105|0x0000000748900000, 0x0000000748900000, 0x0000000748a00000|  0%| F|  |TAMS 0x0000000748900000, 0x0000000748900000| Untracked 
| 106|0x0000000748a00000, 0x0000000748a00000, 0x0000000748b00000|  0%| F|  |TAMS 0x0000000748a00000, 0x0000000748a00000| Untracked 
| 107|0x0000000748b00000, 0x0000000748b00000, 0x0000000748c00000|  0%| F|  |TAMS 0x0000000748b00000, 0x0000000748b00000| Untracked 
| 108|0x0000000748c00000, 0x0000000748c00000, 0x0000000748d00000|  0%| F|  |TAMS 0x0000000748c00000, 0x0000000748c00000| Untracked 
| 109|0x0000000748d00000, 0x0000000748d00000, 0x0000000748e00000|  0%| F|  |TAMS 0x0000000748d00000, 0x0000000748d00000| Untracked 
| 110|0x0000000748e00000, 0x0000000748e00000, 0x0000000748f00000|  0%| F|  |TAMS 0x0000000748e00000, 0x0000000748e00000| Untracked 
| 111|0x0000000748f00000, 0x0000000748f00000, 0x0000000749000000|  0%| F|  |TAMS 0x0000000748f00000, 0x0000000748f00000| Untracked 
| 112|0x0000000749000000, 0x0000000749000000, 0x0000000749100000|  0%| F|  |TAMS 0x0000000749000000, 0x0000000749000000| Untracked 
| 113|0x0000000749100000, 0x0000000749100000, 0x0000000749200000|  0%| F|  |TAMS 0x0000000749100000, 0x0000000749100000| Untracked 
| 114|0x0000000749200000, 0x0000000749200000, 0x0000000749300000|  0%| F|  |TAMS 0x0000000749200000, 0x0000000749200000| Untracked 
| 115|0x0000000749300000, 0x0000000749300000, 0x0000000749400000|  0%| F|  |TAMS 0x0000000749300000, 0x0000000749300000| Untracked 
| 116|0x0000000749400000, 0x0000000749400000, 0x0000000749500000|  0%| F|  |TAMS 0x0000000749400000, 0x0000000749400000| Untracked 
| 117|0x0000000749500000, 0x0000000749500000, 0x0000000749600000|  0%| F|  |TAMS 0x0000000749500000, 0x0000000749500000| Untracked 
| 118|0x0000000749600000, 0x0000000749600000, 0x0000000749700000|  0%| F|  |TAMS 0x0000000749600000, 0x0000000749600000| Untracked 
| 119|0x0000000749700000, 0x0000000749780800, 0x0000000749800000| 50%| E|  |TAMS 0x0000000749700000, 0x0000000749700000| Complete 
| 120|0x0000000749800000, 0x0000000749900000, 0x0000000749900000|100%| E|CS|TAMS 0x0000000749800000, 0x0000000749800000| Complete 
| 121|0x0000000749900000, 0x0000000749a00000, 0x0000000749a00000|100%| E|CS|TAMS 0x0000000749900000, 0x0000000749900000| Complete 
| 122|0x0000000749a00000, 0x0000000749b00000, 0x0000000749b00000|100%| E|CS|TAMS 0x0000000749a00000, 0x0000000749a00000| Complete 
| 123|0x0000000749b00000, 0x0000000749c00000, 0x0000000749c00000|100%| E|CS|TAMS 0x0000000749b00000, 0x0000000749b00000| Complete 
| 124|0x0000000749c00000, 0x0000000749d00000, 0x0000000749d00000|100%| E|CS|TAMS 0x0000000749c00000, 0x0000000749c00000| Complete 
| 125|0x0000000749d00000, 0x0000000749e00000, 0x0000000749e00000|100%| E|CS|TAMS 0x0000000749d00000, 0x0000000749d00000| Complete 
| 126|0x0000000749e00000, 0x0000000749f00000, 0x0000000749f00000|100%| E|CS|TAMS 0x0000000749e00000, 0x0000000749e00000| Complete 
| 127|0x0000000749f00000, 0x000000074a000000, 0x000000074a000000|100%| E|CS|TAMS 0x0000000749f00000, 0x0000000749f00000| Complete 
| 128|0x000000074a000000, 0x000000074a100000, 0x000000074a100000|100%| E|CS|TAMS 0x000000074a000000, 0x000000074a000000| Complete 
| 129|0x000000074a100000, 0x000000074a200000, 0x000000074a200000|100%| E|CS|TAMS 0x000000074a100000, 0x000000074a100000| Complete 
| 130|0x000000074a200000, 0x000000074a300000, 0x000000074a300000|100%| E|CS|TAMS 0x000000074a200000, 0x000000074a200000| Complete 
| 131|0x000000074a300000, 0x000000074a400000, 0x000000074a400000|100%| E|CS|TAMS 0x000000074a300000, 0x000000074a300000| Complete 
| 132|0x000000074a400000, 0x000000074a500000, 0x000000074a500000|100%| E|CS|TAMS 0x000000074a400000, 0x000000074a400000| Complete 
| 133|0x000000074a500000, 0x000000074a600000, 0x000000074a600000|100%| E|CS|TAMS 0x000000074a500000, 0x000000074a500000| Complete 
| 134|0x000000074a600000, 0x000000074a700000, 0x000000074a700000|100%| E|CS|TAMS 0x000000074a600000, 0x000000074a600000| Complete 
| 135|0x000000074a700000, 0x000000074a800000, 0x000000074a800000|100%| E|CS|TAMS 0x000000074a700000, 0x000000074a700000| Complete 
| 136|0x000000074a800000, 0x000000074a900000, 0x000000074a900000|100%| E|CS|TAMS 0x000000074a800000, 0x000000074a800000| Complete 
| 137|0x000000074a900000, 0x000000074aa00000, 0x000000074aa00000|100%| E|CS|TAMS 0x000000074a900000, 0x000000074a900000| Complete 
| 138|0x000000074aa00000, 0x000000074ab00000, 0x000000074ab00000|100%| E|CS|TAMS 0x000000074aa00000, 0x000000074aa00000| Complete 
| 139|0x000000074ab00000, 0x000000074ac00000, 0x000000074ac00000|100%| E|CS|TAMS 0x000000074ab00000, 0x000000074ab00000| Complete 
| 140|0x000000074ac00000, 0x000000074ad00000, 0x000000074ad00000|100%| E|CS|TAMS 0x000000074ac00000, 0x000000074ac00000| Complete 
| 141|0x000000074ad00000, 0x000000074ae00000, 0x000000074ae00000|100%| E|CS|TAMS 0x000000074ad00000, 0x000000074ad00000| Complete 
| 142|0x000000074ae00000, 0x000000074af00000, 0x000000074af00000|100%| E|CS|TAMS 0x000000074ae00000, 0x000000074ae00000| Complete 
| 143|0x000000074af00000, 0x000000074b000000, 0x000000074b000000|100%| E|CS|TAMS 0x000000074af00000, 0x000000074af00000| Complete 
| 144|0x000000074b000000, 0x000000074b100000, 0x000000074b100000|100%| E|CS|TAMS 0x000000074b000000, 0x000000074b000000| Complete 
| 145|0x000000074b100000, 0x000000074b200000, 0x000000074b200000|100%| E|CS|TAMS 0x000000074b100000, 0x000000074b100000| Complete 
| 146|0x000000074b200000, 0x000000074b300000, 0x000000074b300000|100%| E|CS|TAMS 0x000000074b200000, 0x000000074b200000| Complete 
| 147|0x000000074b300000, 0x000000074b400000, 0x000000074b400000|100%| E|CS|TAMS 0x000000074b300000, 0x000000074b300000| Complete 
| 148|0x000000074b400000, 0x000000074b500000, 0x000000074b500000|100%| E|CS|TAMS 0x000000074b400000, 0x000000074b400000| Complete 
| 149|0x000000074b500000, 0x000000074b600000, 0x000000074b600000|100%| E|CS|TAMS 0x000000074b500000, 0x000000074b500000| Complete 
| 150|0x000000074b600000, 0x000000074b700000, 0x000000074b700000|100%| E|CS|TAMS 0x000000074b600000, 0x000000074b600000| Complete 
| 151|0x000000074b700000, 0x000000074b800000, 0x000000074b800000|100%| E|CS|TAMS 0x000000074b700000, 0x000000074b700000| Complete 
| 152|0x000000074b800000, 0x000000074b900000, 0x000000074b900000|100%| E|CS|TAMS 0x000000074b800000, 0x000000074b800000| Complete 
| 153|0x000000074b900000, 0x000000074ba00000, 0x000000074ba00000|100%| E|CS|TAMS 0x000000074b900000, 0x000000074b900000| Complete 
| 154|0x000000074ba00000, 0x000000074bb00000, 0x000000074bb00000|100%| E|CS|TAMS 0x000000074ba00000, 0x000000074ba00000| Complete 
| 155|0x000000074bb00000, 0x000000074bc00000, 0x000000074bc00000|100%| E|CS|TAMS 0x000000074bb00000, 0x000000074bb00000| Complete 
| 156|0x000000074bc00000, 0x000000074bd00000, 0x000000074bd00000|100%| E|CS|TAMS 0x000000074bc00000, 0x000000074bc00000| Complete 
| 157|0x000000074bd00000, 0x000000074be00000, 0x000000074be00000|100%| E|CS|TAMS 0x000000074bd00000, 0x000000074bd00000| Complete 
| 158|0x000000074be00000, 0x000000074bf00000, 0x000000074bf00000|100%| E|CS|TAMS 0x000000074be00000, 0x000000074be00000| Complete 
| 159|0x000000074bf00000, 0x000000074c000000, 0x000000074c000000|100%| E|CS|TAMS 0x000000074bf00000, 0x000000074bf00000| Complete 
| 160|0x000000074c000000, 0x000000074c100000, 0x000000074c100000|100%| E|CS|TAMS 0x000000074c000000, 0x000000074c000000| Complete 
| 161|0x000000074c100000, 0x000000074c200000, 0x000000074c200000|100%| E|CS|TAMS 0x000000074c100000, 0x000000074c100000| Complete 
| 162|0x000000074c200000, 0x000000074c300000, 0x000000074c300000|100%| E|CS|TAMS 0x000000074c200000, 0x000000074c200000| Complete 
| 163|0x000000074c300000, 0x000000074c400000, 0x000000074c400000|100%| E|CS|TAMS 0x000000074c300000, 0x000000074c300000| Complete 
| 164|0x000000074c400000, 0x000000074c500000, 0x000000074c500000|100%| E|CS|TAMS 0x000000074c400000, 0x000000074c400000| Complete 
| 165|0x000000074c500000, 0x000000074c600000, 0x000000074c600000|100%| E|CS|TAMS 0x000000074c500000, 0x000000074c500000| Complete 
| 166|0x000000074c600000, 0x000000074c700000, 0x000000074c700000|100%| E|CS|TAMS 0x000000074c600000, 0x000000074c600000| Complete 
| 167|0x000000074c700000, 0x000000074c800000, 0x000000074c800000|100%| E|CS|TAMS 0x000000074c700000, 0x000000074c700000| Complete 
| 168|0x000000074c800000, 0x000000074c900000, 0x000000074c900000|100%| E|CS|TAMS 0x000000074c800000, 0x000000074c800000| Complete 
| 169|0x000000074c900000, 0x000000074ca00000, 0x000000074ca00000|100%| E|CS|TAMS 0x000000074c900000, 0x000000074c900000| Complete 
| 170|0x000000074ca00000, 0x000000074cb00000, 0x000000074cb00000|100%| E|CS|TAMS 0x000000074ca00000, 0x000000074ca00000| Complete 
| 171|0x000000074cb00000, 0x000000074cc00000, 0x000000074cc00000|100%| E|CS|TAMS 0x000000074cb00000, 0x000000074cb00000| Complete 
| 172|0x000000074cc00000, 0x000000074cd00000, 0x000000074cd00000|100%| E|CS|TAMS 0x000000074cc00000, 0x000000074cc00000| Complete 
| 173|0x000000074cd00000, 0x000000074ce00000, 0x000000074ce00000|100%| E|CS|TAMS 0x000000074cd00000, 0x000000074cd00000| Complete 
| 174|0x000000074ce00000, 0x000000074ceda100, 0x000000074cf00000| 85%| S|CS|TAMS 0x000000074ce00000, 0x000000074ce00000| Complete 
| 175|0x000000074cf00000, 0x000000074d000000, 0x000000074d000000|100%| S|CS|TAMS 0x000000074cf00000, 0x000000074cf00000| Complete 
| 176|0x000000074d000000, 0x000000074d100000, 0x000000074d100000|100%| E|CS|TAMS 0x000000074d000000, 0x000000074d000000| Complete 
| 177|0x000000074d100000, 0x000000074d200000, 0x000000074d200000|100%| E|CS|TAMS 0x000000074d100000, 0x000000074d100000| Complete 
| 178|0x000000074d200000, 0x000000074d300000, 0x000000074d300000|100%| E|CS|TAMS 0x000000074d200000, 0x000000074d200000| Complete 
| 179|0x000000074d300000, 0x000000074d400000, 0x000000074d400000|100%| E|CS|TAMS 0x000000074d300000, 0x000000074d300000| Complete 
| 180|0x000000074d400000, 0x000000074d500000, 0x000000074d500000|100%| E|CS|TAMS 0x000000074d400000, 0x000000074d400000| Complete 
| 181|0x000000074d500000, 0x000000074d600000, 0x000000074d600000|100%| E|CS|TAMS 0x000000074d500000, 0x000000074d500000| Complete 
| 182|0x000000074d600000, 0x000000074d700000, 0x000000074d700000|100%| E|CS|TAMS 0x000000074d600000, 0x000000074d600000| Complete 
| 183|0x000000074d700000, 0x000000074d800000, 0x000000074d800000|100%| E|CS|TAMS 0x000000074d700000, 0x000000074d700000| Complete 
| 184|0x000000074d800000, 0x000000074d900000, 0x000000074d900000|100%| E|CS|TAMS 0x000000074d800000, 0x000000074d800000| Complete 
| 185|0x000000074d900000, 0x000000074da00000, 0x000000074da00000|100%| E|CS|TAMS 0x000000074d900000, 0x000000074d900000| Complete 
| 186|0x000000074da00000, 0x000000074db00000, 0x000000074db00000|100%| E|CS|TAMS 0x000000074da00000, 0x000000074da00000| Complete 
| 187|0x000000074db00000, 0x000000074dc00000, 0x000000074dc00000|100%| E|CS|TAMS 0x000000074db00000, 0x000000074db00000| Complete 
| 188|0x000000074dc00000, 0x000000074dd00000, 0x000000074dd00000|100%| E|CS|TAMS 0x000000074dc00000, 0x000000074dc00000| Complete 
| 189|0x000000074dd00000, 0x000000074de00000, 0x000000074de00000|100%| E|CS|TAMS 0x000000074dd00000, 0x000000074dd00000| Complete 

Card table byte_map: [0x0000027e7aa80000,0x0000027e7b070000] _byte_map_base: 0x0000027e77070000

Marking Bits (Prev, Next): (CMBitMap*) 0x0000027e612babc8, (CMBitMap*) 0x0000027e612bac08
 Prev Bits: [0x0000027e7b660000, 0x0000027e7e5e0000)
 Next Bits: [0x0000027e00000000, 0x0000027e02f80000)

Polling page: 0x0000027e61340000

Metaspace:

Usage:
  Non-class:      6.26 MB capacity,     6.09 MB ( 97%) used,   145.20 KB (  2%) free+waste,    24.81 KB ( <1%) overhead. 
      Class:    938.00 KB capacity,   775.66 KB ( 83%) used,   147.09 KB ( 16%) free+waste,    15.25 KB (  2%) overhead. 
       Both:      7.17 MB capacity,     6.85 MB ( 95%) used,   292.28 KB (  4%) free+waste,    40.06 KB ( <1%) overhead. 

Virtual space:
  Non-class space:        8.00 MB reserved,       6.50 MB ( 81%) committed 
      Class space:        1.00 GB reserved,       1.00 MB ( <1%) committed 
             Both:        1.01 GB reserved,       7.50 MB ( <1%) committed 

Chunk freelists:
   Non-Class:  7.25 KB
       Class:  2.75 KB
        Both:  10.00 KB

CodeHeap 'non-profiled nmethods': size=120064Kb used=363Kb max_used=363Kb free=119700Kb
 bounds [0x0000027e72930000, 0x0000027e72ba0000, 0x0000027e79e70000]
CodeHeap 'profiled nmethods': size=120000Kb used=1765Kb max_used=1765Kb free=118234Kb
 bounds [0x0000027e6b400000, 0x0000027e6b670000, 0x0000027e72930000]
CodeHeap 'non-nmethods': size=5696Kb used=1208Kb max_used=1236Kb free=4487Kb
 bounds [0x0000027e6ae70000, 0x0000027e6b0e0000, 0x0000027e6b400000]
 total_blobs=1751 nmethods=1033 adapters=469
 compilation: enabled
              stopped_count=0, restarted_count=0
 full_count=0

Compilation events (10 events):
Event: 357.180 Thread 0x0000027e7f599800 nmethod 1029 0x0000027e72989990 code [0x0000027e72989b80, 0x0000027e7298a838]
Event: 401.557 Thread 0x0000027e7f59e800 1030       3       java.lang.ref.ReferenceQueue::reallyPoll (65 bytes)
Event: 401.557 Thread 0x0000027e7f59e800 nmethod 1030 0x0000027e6b5b7a10 code [0x0000027e6b5b7c00, 0x0000027e6b5b81b8]
Event: 401.558 Thread 0x0000027e7f59e800 1031       3       java.awt.event.InvocationEvent::<init> (13 bytes)
Event: 401.558 Thread 0x0000027e7f59e800 nmethod 1031 0x0000027e6b5b8290 code [0x0000027e6b5b8460, 0x0000027e6b5b8630]
Event: 401.558 Thread 0x0000027e7f59e800 1032       3       java.awt.event.InvocationEvent::<init> (52 bytes)
Event: 401.558 Thread 0x0000027e7f59e800 nmethod 1032 0x0000027e6b5b8710 code [0x0000027e6b5b88e0, 0x0000027e6b5b8cb0]
Event: 402.094 Thread 0x0000027e7f59e800 1033       3       java.awt.EventQueue$4::run (60 bytes)
Event: 402.094 Thread 0x0000027e7f59e800 nmethod 1033 0x0000027e6b5b8d90 code [0x0000027e6b5b8fa0, 0x0000027e6b5b9320]
Event: 402.094 Thread 0x0000027e7f59e800 1034       3       java.awt.EventQueue::dispatchEventImpl (136 bytes)

GC Heap History (2 events):
Event: 2.105 GC heap before
{Heap before GC invocations=0 (full 0):
 garbage-first heap   total 194560K, used 21504K [0x0000000742000000, 0x0000000800000000)
  region size 1024K, 14 young (14336K), 0 survivors (0K)
 Metaspace       used 6707K, capacity 7053K, committed 7424K, reserved 1056768K
  class space    used 752K, capacity 905K, committed 1024K, reserved 1048576K
}
Event: 2.122 GC heap after
{Heap after GC invocations=1 (full 0):
 garbage-first heap   total 194560K, used 9064K [0x0000000742000000, 0x0000000800000000)
  region size 1024K, 2 young (2048K), 2 survivors (2048K)
 Metaspace       used 6707K, capacity 7053K, committed 7424K, reserved 1056768K
  class space    used 752K, capacity 905K, committed 1024K, reserved 1048576K
}

Deoptimization events (7 events):
Event: 0.141 Thread 0x0000027e61267000 Uncommon trap: reason=unstable_if action=reinterpret pc=0x0000027e72934c4c method=java.lang.String.hashCode()I @ 14 c2
Event: 0.811 Thread 0x0000027e61267000 Uncommon trap: reason=unstable_if action=reinterpret pc=0x0000027e72954b98 method=java.lang.StringLatin1.replace([BCC)Ljava/lang/String; @ 19 c2
Event: 1.376 Thread 0x0000027e05047800 Uncommon trap: reason=unstable_if action=reinterpret pc=0x0000027e729666b0 method=java.lang.StrictMath.floorOrCeil(DDDD)D @ 115 c2
Event: 1.379 Thread 0x0000027e05047800 Uncommon trap: reason=unstable_if action=reinterpret pc=0x0000027e7296718c method=java.awt.geom.AffineTransform.transform([DI[DII)V @ 41 c2
Event: 1.379 Thread 0x0000027e05047800 Uncommon trap: reason=unstable_if action=reinterpret pc=0x0000027e729669c8 method=sun.java2d.pipe.PixelToParallelogramConverter.len(DD)D @ 3 c2
Event: 1.411 Thread 0x0000027e05047800 Uncommon trap: reason=unstable_if action=reinterpret pc=0x0000027e72967e38 method=java.lang.Math.max(DD)D @ 11 c2
Event: 7.107 Thread 0x0000027e05047800 Uncommon trap: reason=unstable_if action=reinterpret pc=0x0000027e729714cc method=ktdh.MyLib.ChooseColor(ILjava/awt/Graphics2D;)V @ 150 c2

Classes redefined (0 events):
No events

Internal exceptions (10 events):
Event: 0.517 Thread 0x0000027e7f988800 Exception <a 'java/lang/NoSuchMethodError'{0x000000074db94ce0}: java.lang.invoke.DirectMethodHandle$Holder.invokeSpecial(Ljava/lang/Object;Ljava/lang/Object;)V> (0x000000074db94ce0) thrown at [t:/workspace/open/src/hotspot/share/interpreter/linkResolver.c
Event: 0.522 Thread 0x0000027e61267000 Exception <a 'java/lang/NoSuchMethodError'{0x000000074db80a98}: java.lang.invoke.DirectMethodHandle$Holder.invokeStatic(Ljava/lang/Object;Ljava/lang/Object;Ljava/lang/Object;Ljava/lang/Object;Ljava/lang/Object;Ljava/lang/Object;Ljava/lang/Object;J)Ljava/l
Event: 0.598 Thread 0x0000027e61267000 Exception <a 'java/lang/NoSuchMethodError'{0x000000074da759e8}: java.lang.invoke.DirectMethodHandle$Holder.invokeStatic(Ljava/lang/Object;ILjava/lang/Object;Ljava/lang/Object;Ljava/lang/Object;Ljava/lang/Object;)Ljava/lang/Object;> (0x000000074da759e8) th
Event: 0.600 Thread 0x0000027e61267000 Exception <a 'java/lang/NoSuchMethodError'{0x000000074da7c618}: java.lang.invoke.DirectMethodHandle$Holder.invokeStatic(Ljava/lang/Object;ILjava/lang/Object;Ljava/lang/Object;Ljava/lang/Object;)Ljava/lang/Object;> (0x000000074da7c618) thrown at [t:/worksp
Event: 0.601 Thread 0x0000027e61267000 Exception <a 'java/lang/NoSuchMethodError'{0x000000074da7fe78}: java.lang.invoke.DirectMethodHandle$Holder.invokeSpecial(Ljava/lang/Object;Ljava/lang/Object;ILjava/lang/Object;Ljava/lang/Object;Ljava/lang/Object;)Ljava/lang/Object;> (0x000000074da7fe78) t
Event: 0.605 Thread 0x0000027e61267000 Exception <a 'java/lang/NoSuchMethodError'{0x000000074da96448}: java.lang.invoke.DirectMethodHandle$Holder.invokeStatic(Ljava/lang/Object;ILjava/lang/Object;)Ljava/lang/Object;> (0x000000074da96448) thrown at [t:/workspace/open/src/hotspot/share/interpret
Event: 0.662 Thread 0x0000027e61267000 Exception <a 'java/lang/ClassNotFoundException'{0x000000074d93a6d8}: com/sun/swing/internal/plaf/metal/resources/spi/metalProvider> (0x000000074d93a6d8) thrown at [t:/workspace/open/src/hotspot/share/classfile/systemDictionary.cpp, line 235]
Event: 0.669 Thread 0x0000027e61267000 Exception <a 'java/lang/ClassNotFoundException'{0x000000074d93eb90}: com/sun/swing/internal/plaf/basic/resources/spi/basicProvider> (0x000000074d93eb90) thrown at [t:/workspace/open/src/hotspot/share/classfile/systemDictionary.cpp, line 235]
Event: 0.751 Thread 0x0000027e61267000 Exception <a 'java/lang/NoSuchMethodError'{0x000000074d9eb110}: java.lang.invoke.DirectMethodHandle$Holder.invokeStaticInit(Ljava/lang/Object;)V> (0x000000074d9eb110) thrown at [t:/workspace/open/src/hotspot/share/interpreter/linkResolver.cpp, line 777]
Event: 0.803 Thread 0x0000027e61267000 Exception <a 'java/lang/NoSuchMethodError'{0x000000074d8789d0}: java.lang.invoke.Invokers$Holder.linkToTargetMethod(Ljava/lang/Object;ILjava/lang/Object;)Ljava/lang/Object;> (0x000000074d8789d0) thrown at [t:/workspace/open/src/hotspot/share/interpreter/l

Events (10 events):
Event: 401.556 Executing VM operation: RevokeBias done
Event: 401.556 Executing VM operation: BulkRevokeBias
Event: 401.556 Executing VM operation: BulkRevokeBias done
Event: 401.558 Thread 0x0000027e06340800 Thread added: 0x0000027e06340800
Event: 401.755 loading class java/util/WeakHashMap$KeyIterator
Event: 401.755 loading class java/util/WeakHashMap$HashIterator
Event: 401.755 loading class java/util/WeakHashMap$HashIterator done
Event: 401.755 loading class java/util/WeakHashMap$KeyIterator done
Event: 401.756 loading class javax/swing/RepaintManager$DisplayChangedRunnable
Event: 401.756 loading class javax/swing/RepaintManager$DisplayChangedRunnable done


Dynamic libraries:
0x00007ff62a800000 - 0x00007ff62a80f000 	C:\Program Files\Java\jdk-12.0.2\bin\java.exe
0x00007ffb025e0000 - 0x00007ffb027d0000 	C:\Windows\SYSTEM32\ntdll.dll
0x00007ffb01f60000 - 0x00007ffb02012000 	C:\Windows\System32\KERNEL32.DLL
0x00007ffb00360000 - 0x00007ffb00604000 	C:\Windows\System32\KERNELBASE.dll
0x00007ffb00260000 - 0x00007ffb0035a000 	C:\Windows\System32\ucrtbase.dll
0x00007ffafcbd0000 - 0x00007ffafcbe8000 	C:\Program Files\Java\jdk-12.0.2\bin\jli.dll
0x00007ffb01cd0000 - 0x00007ffb01d73000 	C:\Windows\System32\ADVAPI32.dll
0x00007ffb01880000 - 0x00007ffb0191e000 	C:\Windows\System32\msvcrt.dll
0x00007ffb02500000 - 0x00007ffb02597000 	C:\Windows\System32\sechost.dll
0x00007ffb02160000 - 0x00007ffb02280000 	C:\Windows\System32\RPCRT4.dll
0x00007ffb01b30000 - 0x00007ffb01cc4000 	C:\Windows\System32\USER32.dll
0x00007ffb00230000 - 0x00007ffb00251000 	C:\Windows\System32\win32u.dll
0x00007ffb00690000 - 0x00007ffb006b6000 	C:\Windows\System32\GDI32.dll
0x00007ffafffc0000 - 0x00007ffb00155000 	C:\Windows\System32\gdi32full.dll
0x00007ffb00160000 - 0x00007ffb001fe000 	C:\Windows\System32\msvcp_win.dll
0x00007ffaf6b60000 - 0x00007ffaf6b76000 	C:\Program Files\Java\jdk-12.0.2\bin\VCRUNTIME140.dll
0x00007ffaed020000 - 0x00007ffaed2a4000 	C:\Windows\WinSxS\amd64_microsoft.windows.common-controls_6595b64144ccf1df_6.0.18362.900_none_e6beb9d913147d17\COMCTL32.dll
0x00007ffb00770000 - 0x00007ffb00aa5000 	C:\Windows\System32\combase.dll
0x00007ffb00610000 - 0x00007ffb00690000 	C:\Windows\System32\bcryptPrimitives.dll
0x00007ffaf1260000 - 0x00007ffaf126a000 	C:\Windows\SYSTEM32\VERSION.dll
0x00007ffb01a10000 - 0x00007ffb01a3e000 	C:\Windows\System32\IMM32.DLL
0x00007ffac6b20000 - 0x00007ffac6bca000 	C:\Program Files\Java\jdk-12.0.2\bin\msvcp140.dll
0x00007ffab8570000 - 0x00007ffab90e7000 	C:\Program Files\Java\jdk-12.0.2\bin\server\jvm.dll
0x00007ffb01870000 - 0x00007ffb01878000 	C:\Windows\System32\PSAPI.DLL
0x00007ffaeacd0000 - 0x00007ffaeacd9000 	C:\Windows\SYSTEM32\WSOCK32.dll
0x00007ffb01ac0000 - 0x00007ffb01b2f000 	C:\Windows\System32\WS2_32.dll
0x00007ffafc9c0000 - 0x00007ffafc9e4000 	C:\Windows\SYSTEM32\WINMM.dll
0x00007ffafc990000 - 0x00007ffafc9bd000 	C:\Windows\SYSTEM32\WINMMBASE.dll
0x00007ffaffea0000 - 0x00007ffaffeea000 	C:\Windows\System32\cfgmgr32.dll
0x00007ffaff4d0000 - 0x00007ffaff4e1000 	C:\Windows\System32\kernel.appcore.dll
0x00007ffaf6ad0000 - 0x00007ffaf6ae1000 	C:\Program Files\Java\jdk-12.0.2\bin\verify.dll
0x00007ffafddc0000 - 0x00007ffafdfb4000 	C:\Windows\SYSTEM32\DBGHELP.DLL
0x00007ffafad40000 - 0x00007ffafad6a000 	C:\Windows\SYSTEM32\dbgcore.DLL
0x00007ffaf6af0000 - 0x00007ffaf6b16000 	C:\Program Files\Java\jdk-12.0.2\bin\java.dll
0x00007ffaf6ab0000 - 0x00007ffaf6ac7000 	C:\Program Files\Java\jdk-12.0.2\bin\zip.dll
0x00007ffaf6aa0000 - 0x00007ffaf6aaa000 	C:\Program Files\Java\jdk-12.0.2\bin\jimage.dll
0x00007ffb00ab0000 - 0x00007ffb01196000 	C:\Windows\System32\SHELL32.dll
0x00007ffb01610000 - 0x00007ffb016b9000 	C:\Windows\System32\shcore.dll
0x00007ffaff720000 - 0x00007ffaffea0000 	C:\Windows\System32\windows.storage.dll
0x00007ffaff4f0000 - 0x00007ffaff513000 	C:\Windows\System32\profapi.dll
0x00007ffaff520000 - 0x00007ffaff56a000 	C:\Windows\System32\powrprof.dll
0x00007ffaff4a0000 - 0x00007ffaff4b0000 	C:\Windows\System32\UMPDC.dll
0x00007ffb01920000 - 0x00007ffb01972000 	C:\Windows\System32\shlwapi.dll
0x00007ffafffa0000 - 0x00007ffafffb7000 	C:\Windows\System32\cryptsp.dll
0x00007ffaf6a80000 - 0x00007ffaf6a99000 	C:\Program Files\Java\jdk-12.0.2\bin\net.dll
0x00007ffaf30f0000 - 0x00007ffaf31e0000 	C:\Windows\SYSTEM32\WINHTTP.dll
0x00007ffaf31e0000 - 0x00007ffaf33b6000 	C:\Windows\SYSTEM32\urlmon.dll
0x00007ffaf4980000 - 0x00007ffaf4c26000 	C:\Windows\SYSTEM32\iertutil.dll
0x00007ffafeee0000 - 0x00007ffafeeec000 	C:\Windows\SYSTEM32\CRYPTBASE.DLL
0x00007ffafed10000 - 0x00007ffafed77000 	C:\Windows\system32\mswsock.dll
0x00007ffaf6240000 - 0x00007ffaf6253000 	C:\Program Files\Java\jdk-12.0.2\bin\nio.dll
0x00007ffab82d0000 - 0x00007ffab846f000 	C:\Program Files\Java\jdk-12.0.2\bin\awt.dll
0x00007ffb022e0000 - 0x00007ffb023a5000 	C:\Windows\System32\OLEAUT32.dll
0x00007ffafb2e0000 - 0x00007ffafb8a0000 	C:\Windows\SYSTEM32\d2d1.dll
0x00007ffafcbf0000 - 0x00007ffafcc7f000 	C:\Windows\SYSTEM32\apphelp.dll
0x00007ffafd890000 - 0x00007ffafd8bd000 	C:\Windows\system32\DWMAPI.DLL
0x00007ffafce80000 - 0x00007ffafcf19000 	C:\Windows\system32\uxtheme.dll
0x00007ffae5730000 - 0x00007ffae5886000 	C:\Windows\system32\opengl32.dll
0x00007ffae45b0000 - 0x00007ffae45dc000 	C:\Windows\SYSTEM32\GLU32.dll
0x00007ffafe180000 - 0x00007ffafe1a0000 	C:\Windows\SYSTEM32\dxcore.dll
0x00007ffb02020000 - 0x00007ffb02155000 	C:\Windows\System32\MSCTF.dll
0x00007ffb01de0000 - 0x00007ffb01f37000 	C:\Windows\System32\ole32.dll
0x00007ffacb400000 - 0x00007ffacb480000 	C:\Program Files\Java\jdk-12.0.2\bin\freetype.dll
0x00007ffab8220000 - 0x00007ffab82cb000 	C:\Program Files\Java\jdk-12.0.2\bin\fontmanager.dll
0x00007ffaf11b0000 - 0x00007ffaf124e000 	C:\Windows\System32\TextInputFramework.dll
0x00007ffaf8bc0000 - 0x00007ffaf8eea000 	C:\Windows\System32\CoreUIComponents.dll
0x00007ffafc620000 - 0x00007ffafc6f4000 	C:\Windows\System32\CoreMessaging.dll
0x00007ffafe500000 - 0x00007ffafe531000 	C:\Windows\SYSTEM32\ntmarta.dll
0x00007ffafa8e0000 - 0x00007ffafaa33000 	C:\Windows\SYSTEM32\wintypes.dll
0x00007ffaf9090000 - 0x00007ffaf90bd000 	C:\Program Files\Java\jdk-12.0.2\bin\javajpeg.dll

dbghelp: loaded successfully - version: 4.0.5 - missing functions: none
symbol engine: initialized successfully - sym options: 0x614 - pdb path: .;C:\Program Files\Java\jdk-12.0.2\bin;C:\Windows\SYSTEM32;C:\Windows\WinSxS\amd64_microsoft.windows.common-controls_6595b64144ccf1df_6.0.18362.900_none_e6beb9d913147d17;C:\Program Files\Java\jdk-12.0.2\bin\server

VM Arguments:
jvm_args: -Dfile.encoding=UTF-8 -Djava.security.policy=applet.policy 
java_command: ktdh.Egg
java_class_path (initial): D:\NETBEAN\netbeans\java\modules\ext\AbsoluteLayout.jar;C:\Users\USER\Desktop\NNLT\JAVA TOOL+CODE\Tool JAVA\AutoComplete\swingx-all-1.6.4.jar;C:\Users\USER\Documents\NetBeansProjects\KTDH\build\classes
Launcher Type: SUN_STANDARD

[Global flags]
     intx CICompilerCount                          = 3                                         {product} {ergonomic}
     uint ConcGCThreads                            = 1                                         {product} {ergonomic}
     uint G1ConcRefinementThreads                  = 4                                         {product} {ergonomic}
   size_t G1HeapRegionSize                         = 1048576                                   {product} {ergonomic}
    uintx GCDrainStackTargetSize                   = 64                                        {product} {ergonomic}
   size_t InitialHeapSize                          = 199229440                                 {product} {ergonomic}
   size_t MarkStackSize                            = 4194304                                   {product} {ergonomic}
   size_t MaxHeapSize                              = 3187671040                                {product} {ergonomic}
   size_t MaxNewSize                               = 1912602624                                {product} {ergonomic}
   size_t MinHeapDeltaBytes                        = 1048576                                   {product} {ergonomic}
    uintx NonNMethodCodeHeapSize                   = 5830732                                {pd product} {ergonomic}
    uintx NonProfiledCodeHeapSize                  = 122913754                              {pd product} {ergonomic}
    uintx ProfiledCodeHeapSize                     = 122913754                              {pd product} {ergonomic}
    uintx ReservedCodeCacheSize                    = 251658240                              {pd product} {ergonomic}
     bool SegmentedCodeCache                       = true                                      {product} {ergonomic}
     bool UseCompressedClassPointers               = true                                 {lp64_product} {ergonomic}
     bool UseCompressedOops                        = true                                 {lp64_product} {ergonomic}
     bool UseG1GC                                  = true                                      {product} {ergonomic}
     bool UseLargePagesIndividualAllocation        = false                                  {pd product} {ergonomic}

Logging:
Log output configuration:
 #0: stdout all=warning uptime,level,tags
 #1: stderr all=off uptime,level,tags

Environment Variables:
JAVA_HOME=C:\Program Files\Java\jdk-12.0.2
PATH=C:\Program Files (x86)\Common Files\Oracle\Java\javapath;C:\Program Files (x86)\Intel\Intel(R) Management Engine Components\iCLS\;C:\Program Files\Intel\Intel(R) Management Engine Components\iCLS\;C:\Windows\system32;C:\Windows;C:\Windows\System32\Wbem;C:\Windows\System32\WindowsPowerShell\v1.0\;C:\Windows\System32\OpenSSH\;C:\Program Files (x86)\Intel\Intel(R) Management Engine Components\DAL;C:\Program Files\Intel\Intel(R) Management Engine Components\DAL;C:\Program Files (x86)\Intel\Intel(R) Management Engine Components\IPT;C:\Program Files\Intel\Intel(R) Management Engine Components\IPT;C:\Program Files\Intel\WiFi\bin\;C:\Program Files\Common Files\Intel\WirelessCommon\;C:\Program Files\Java\jdk-12.0.2\bin;C:\Program Files\Microsoft SQL Server\110\Tools\Binn\;C:\Program Files (x86)\Microsoft SQL Server\110\Tools\Binn\;C:\Program Files\Microsoft SQL Server\110\DTS\Binn\;C:\Program Files (x86)\Microsoft SQL Server\110\Tools\Binn\ManagementStudio\;C:\Program Files (x86)\Microsoft Visual Studio 10.0\Common7\IDE\PrivateAssemblies\;C:\Program Files (x86)\Microsoft SQL Server\110\DTS\Binn\;C:\Users\USER\Documents\OpenSSL\OpenSSL-Win64\bin;C:\Program Files\OpenSSL-Win64\bin;C:\Users\USER\Downloads\New folder\New folder\bin;D:\PYTHON\Scripts\;D:\PYTHON\;C:\Users\USER\AppData\Local\Microsoft\WindowsApps;C:\Program Files\Intel\WiFi\bin\;C:\Program Files\Common Files\Intel\WirelessCommon\
USERNAME=USER
OS=Windows_NT
PROCESSOR_IDENTIFIER=Intel64 Family 6 Model 142 Stepping 9, GenuineIntel



---------------  S Y S T E M  ---------------

OS: Windows 10 , 64 bit Build 18362 (10.0.18362.900)

CPU:total 4 (initial active 4) (2 cores per cpu, 2 threads per core) family 6 model 142 stepping 9, cmov, cx8, fxsr, mmx, sse, sse2, sse3, ssse3, sse4.1, sse4.2, popcnt, avx, avx2, aes, clmul, erms, 3dnowpref, lzcnt, ht, tsc, tscinvbit, bmi1, bmi2, adx, fma

Memory: 4k page, system-wide physical 12153M (3222M free)
TotalPageFile size 28176M (AvailPageFile size 0M)
current process WorkingSet (physical memory assigned to process): 127M, peak: 130M
current process commit charge ("private bytes"): 273M, peak: 285M

vm_info: Java HotSpot(TM) 64-Bit Server VM (12.0.2+10) for windows-amd64 JRE (12.0.2+10), built on Jul 16 2019 01:56:17 by "mach5one" with MS VC++ 15.5 (VS2017)

END.
