#
# There is insufficient memory for the Java Runtime Environment to continue.
# Native memory allocation (malloc) failed to allocate 78496 bytes for Chunk::new
# Possible reasons:
#   The system is out of physical RAM or swap space
#   The process is running with CompressedOops enabled, and the Java Heap may be blocking the growth of the native heap
# Possible solutions:
#   Reduce memory load on the system
#   Increase physical memory or swap space
#   Check if swap backing store is full
#   Decrease Java heap size (-Xmx/-Xms)
#   Decrease number of Java threads
#   Decrease Java thread stack sizes (-Xss)
#   Set larger code cache with -XX:ReservedCodeCacheSize=
#   JVM is running with Zero Based Compressed Oops mode in which the Java heap is
#     placed in the first 32GB address space. The Java Heap base address is the
#     maximum limit for the native heap growth. Please use -XX:HeapBaseMinAddress
#     to set the Java Heap base and to place the Java Heap above 32GB virtual address.
# This output file may be truncated or incomplete.
#
#  Out of Memory Error (t:/workspace/open/src/hotspot/share/memory/arena.cpp:197), pid=1196, tid=15820
#
# JRE version: Java(TM) SE Runtime Environment (12.0.2+10) (build 12.0.2+10)
# Java VM: Java HotSpot(TM) 64-Bit Server VM (12.0.2+10, mixed mode, sharing, tiered, compressed oops, g1 gc, windows-amd64)
# No core dump will be written. Minidumps are not enabled by default on client versions of Windows
#

---------------  S U M M A R Y ------------

Command Line: -Dapplication.home=C:\Program Files\Java\jdk-12.0.2 --add-modules=ALL-DEFAULT -Xms8m -Djdk.module.main=jdk.compiler jdk.compiler/com.sun.tools.javac.Main -d C:\Users\USER\Documents\NetBeansProjects\KTDH\build\classes -classpath C:\Users\USER\Documents\NetBeansProjects\KTDH\build\classes;D:\NETBEAN\netbeans\java\modules\ext\AbsoluteLayout.jar;C:\Users\USER\Desktop\NNLT\JAVA TOOL+CODE\Tool JAVA\AutoComplete\swingx-all-1.6.4.jar -sourcepath C:\Users\USER\Documents\NetBeansProjects\KTDH\src -target 12 -encoding UTF-8 -g -processorpath D:\NETBEAN\netbeans\java\modules\ext\AbsoluteLayout.jar;C:\Users\USER\Desktop\NNLT\JAVA TOOL+CODE\Tool JAVA\AutoComplete\swingx-all-1.6.4.jar;C:\Users\USER\Documents\NetBeansProjects\KTDH\build\empty -s C:\Users\USER\Documents\NetBeansProjects\KTDH\build\generated-sources\ap-source-output -source 12 C:\Users\USER\Documents\NetBeansProjects\KTDH\src\ktdh\Egg.java

Host: Intel(R) Core(TM) i7-7500U CPU @ 2.70GHz, 4 cores, 11G,  Windows 10 , 64 bit Build 18362 (10.0.18362.900)
Time: Wed Jul  1 16:37:50 2020 SE Asia Standard Time elapsed time: 0 seconds (0d 0h 0m 0s)

---------------  T H R E A D  ---------------

Current thread (0x000001a514876800):  JavaThread "C2 CompilerThread1" daemon [_thread_in_native, id=15820, stack(0x0000001c88600000,0x0000001c88700000)]


Current CompileTask:
C2:    470  624       4       java.nio.DirectByteBufferR::slice (81 bytes)

Stack: [0x0000001c88600000,0x0000001c88700000]
Native frames: (J=compiled Java code, j=interpreted, Vv=VM code, C=native code)
V  [jvm.dll+0x63aa2a]
V  [jvm.dll+0x78ce1e]
V  [jvm.dll+0x78e4c1]
V  [jvm.dll+0x78eb13]
V  [jvm.dll+0x2627e8]
V  [jvm.dll+0xc55cc]
V  [jvm.dll+0xc5b4c]
V  [jvm.dll+0x2d4034]
V  [jvm.dll+0x5569ad]
V  [jvm.dll+0x2246f7]
V  [jvm.dll+0x21e313]
V  [jvm.dll+0x21b2b6]
V  [jvm.dll+0x199a20]
V  [jvm.dll+0x22a744]
V  [jvm.dll+0x228d98]
V  [jvm.dll+0x7512a0]
V  [jvm.dll+0x74a2c8]
V  [jvm.dll+0x639b16]
C  [ucrtbase.dll+0x20e82]
C  [KERNEL32.DLL+0x17bd4]
C  [ntdll.dll+0x6ce51]


---------------  P R O C E S S  ---------------

Threads class SMR info:
_java_thread_list=0x000001a51485cb80, length=11, elements={
0x000001a5731bb000, 0x000001a57fb89000, 0x000001a57fb8a800, 0x000001a57fba4000,
0x000001a57fba6000, 0x000001a57fba8800, 0x000001a57fbb2800, 0x000001a57fbc1000,
0x000001a514803800, 0x000001a51485b800, 0x000001a514876800
}

Java Threads: ( => current thread )
  0x000001a5731bb000 JavaThread "main" [_thread_blocked, id=18320, stack(0x0000001c87500000,0x0000001c87600000)]
  0x000001a57fb89000 JavaThread "Reference Handler" daemon [_thread_blocked, id=16060, stack(0x0000001c87c00000,0x0000001c87d00000)]
  0x000001a57fb8a800 JavaThread "Finalizer" daemon [_thread_blocked, id=15536, stack(0x0000001c87d00000,0x0000001c87e00000)]
  0x000001a57fba4000 JavaThread "Signal Dispatcher" daemon [_thread_blocked, id=16144, stack(0x0000001c87e00000,0x0000001c87f00000)]
  0x000001a57fba6000 JavaThread "Attach Listener" daemon [_thread_blocked, id=20224, stack(0x0000001c87f00000,0x0000001c88000000)]
  0x000001a57fba8800 JavaThread "C2 CompilerThread0" daemon [_thread_in_native, id=14504, stack(0x0000001c88000000,0x0000001c88100000)]
  0x000001a57fbb2800 JavaThread "C1 CompilerThread0" daemon [_thread_blocked, id=18524, stack(0x0000001c88100000,0x0000001c88200000)]
  0x000001a57fbc1000 JavaThread "Sweeper thread" daemon [_thread_blocked, id=15164, stack(0x0000001c88200000,0x0000001c88300000)]
  0x000001a514803800 JavaThread "Common-Cleaner" daemon [_thread_blocked, id=20280, stack(0x0000001c88300000,0x0000001c88400000)]
  0x000001a51485b800 JavaThread "Service Thread" daemon [_thread_blocked, id=8212, stack(0x0000001c88400000,0x0000001c88500000)]
=>0x000001a514876800 JavaThread "C2 CompilerThread1" daemon [_thread_in_native, id=15820, stack(0x0000001c88600000,0x0000001c88700000)]

Other Threads:
  0x000001a57fb83000 VMThread "VM Thread" [stack: 0x0000001c87b00000,0x0000001c87c00000] [id=14896]
  0x000001a514874000 WatcherThread [stack: 0x0000001c88500000,0x0000001c88600000] [id=12604]
  0x000001a57320b800 GCTaskThread "GC Thread#0" [stack: 0x0000001c87600000,0x0000001c87700000] [id=10872]
  0x000001a5149d8000 GCTaskThread "GC Thread#1" [stack: 0x0000001c88800000,0x0000001c88900000] [id=9716]
  0x000001a57321f000 ConcurrentGCThread "G1 Main Marker" [stack: 0x0000001c87700000,0x0000001c87800000] [id=4984]
  0x000001a573221800 ConcurrentGCThread "G1 Conc#0" [stack: 0x0000001c87800000,0x0000001c87900000] [id=19412]
  0x000001a57323d000 ConcurrentGCThread "G1 Refine#0" [stack: 0x0000001c87900000,0x0000001c87a00000] [id=19480]
  0x000001a57323f000 ConcurrentGCThread "G1 Young RemSet Sampling" [stack: 0x0000001c87a00000,0x0000001c87b00000] [id=1080]

Threads with active compile tasks:
C2 CompilerThread0   638       4       java.lang.StringBuilder::append (8 bytes)
C1 CompilerThread0   660       3       jdk.internal.jrtfs.JrtPath::<init> (31 bytes)
C2 CompilerThread1   624       4       java.nio.DirectByteBufferR::slice (81 bytes)

VM state:at safepoint (normal execution)

VM Mutex/Monitor currently owned by a thread:  ([mutex/lock_event])
[0x000001a57111df00] Threads_lock - owner thread: 0x000001a57fb83000
[0x000001a57111ea40] Heap_lock - owner thread: 0x000001a5731bb000

Heap address: 0x0000000742000000, size: 3040 MB, Compressed Oops mode: Zero based, Oop shift amount: 3
Narrow klass base: 0x0000000800000000, Narrow klass shift: 3
Compressed class space size: 1073741824 Address: 0x0000000801190000

Heap:
 garbage-first heap   total 10240K, used 2621K [0x0000000742000000, 0x0000000800000000)
  region size 1024K, 1 young (1024K), 1 survivors (1024K)
 Metaspace       used 7439K, capacity 10768K, committed 11008K, reserved 1058816K
  class space    used 885K, capacity 1213K, committed 1280K, reserved 1048576K
Heap Regions: E=young(eden), S=young(survivor), O=old, HS=humongous(starts), HC=humongous(continues), CS=collection set, F=free, A=archive, TAMS=top-at-mark-start (previous, next)
|   0|0x0000000742000000, 0x0000000742100000, 0x0000000742100000|100%| O|  |TAMS 0x0000000742000000, 0x0000000742000000| Untracked 
|   1|0x0000000742100000, 0x00000007421ed000, 0x0000000742200000| 92%| O|  |TAMS 0x0000000742100000, 0x0000000742100000| Untracked 
|   2|0x0000000742200000, 0x0000000742200000, 0x0000000742300000|  0%| F|  |TAMS 0x0000000742200000, 0x0000000742200000| Untracked 
|   3|0x0000000742300000, 0x0000000742300000, 0x0000000742400000|  0%| F|  |TAMS 0x0000000742300000, 0x0000000742300000| Untracked 
|   4|0x0000000742400000, 0x0000000742400000, 0x0000000742500000|  0%| F|  |TAMS 0x0000000742400000, 0x0000000742400000| Untracked 
|   5|0x0000000742500000, 0x00000007425a24e0, 0x0000000742600000| 63%| S|CS|TAMS 0x0000000742500000, 0x0000000742500000| Complete 
|   6|0x0000000742600000, 0x0000000742600000, 0x0000000742700000|  0%| F|  |TAMS 0x0000000742600000, 0x0000000742600000| Untracked 
|   7|0x0000000742700000, 0x0000000742700000, 0x0000000742800000|  0%| F|  |TAMS 0x0000000742700000, 0x0000000742700000| Untracked 

Card table byte_map: [0x000001a57bbb0000,0x000001a57c1a0000] _byte_map_base: 0x000001a5781a0000

Marking Bits (Prev, Next): (CMBitMap*) 0x000001a57320c7c8, (CMBitMap*) 0x000001a57320c808
 Prev Bits: [0x000001a57c790000, 0x000001a57f710000)
 Next Bits: [0x000001a50f000000, 0x000001a511f80000)

Polling page: 0x000001a570fe0000

Metaspace:

Usage:
  Non-class:      9.33 MB capacity,     6.40 MB ( 69%) used,     2.91 MB ( 31%) free+waste,    17.44 KB ( <1%) overhead. 
      Class:      1.18 MB capacity,   885.15 KB ( 73%) used,   319.10 KB ( 26%) free+waste,     8.75 KB ( <1%) overhead. 
       Both:     10.52 MB capacity,     7.26 MB ( 69%) used,     3.23 MB ( 31%) free+waste,    26.19 KB ( <1%) overhead. 

Virtual space:
  Non-class space:       10.00 MB reserved,       9.50 MB ( 95%) committed 
      Class space:        1.00 GB reserved,       1.25 MB ( <1%) committed 
             Both:        1.01 GB reserved,      10.75 MB (  1%) committed 

Chunk freelists:
   Non-Class:  5.63 KB
       Class:  384 bytes
        Both:  6.00 KB

CodeHeap 'non-profiled nmethods': size=120064Kb used=201Kb max_used=201Kb free=119862Kb
 bounds [0x000001a507ac0000, 0x000001a507d30000, 0x000001a50f000000]
CodeHeap 'profiled nmethods': size=120000Kb used=1151Kb max_used=1151Kb free=118848Kb
 bounds [0x000001a500590000, 0x000001a500800000, 0x000001a507ac0000]
CodeHeap 'non-nmethods': size=5696Kb used=1094Kb max_used=1105Kb free=4602Kb
 bounds [0x000001a500000000, 0x000001a500270000, 0x000001a500590000]
 total_blobs=1180 nmethods=655 adapters=298
 compilation: enabled
              stopped_count=0, restarted_count=0
 full_count=0

Compilation events (10 events):
Event: 0.468 Thread 0x000001a57fbb2800  604       1       com.sun.tools.javac.parser.Tokens$NumericToken::radix (5 bytes)
Event: 0.469 Thread 0x000001a57fbb2800 nmethod 604 0x000001a507aeee90 code [0x000001a507aef040, 0x000001a507aef178]
Event: 0.469 Thread 0x000001a57fbb2800  626       3       java.util.AbstractList::<init> (10 bytes)
Event: 0.469 Thread 0x000001a57fbb2800 nmethod 626 0x000001a5006a4210 code [0x000001a5006a43e0, 0x000001a5006a4618]
Event: 0.469 Thread 0x000001a57fbb2800  620       1       sun.nio.fs.NativeBuffer::setOwner (6 bytes)
Event: 0.469 Thread 0x000001a57fbb2800 nmethod 620 0x000001a507aef210 code [0x000001a507aef3c0, 0x000001a507aef558]
Event: 0.469 Thread 0x000001a57fbb2800  621       1       sun.nio.fs.NativeBuffer::size (5 bytes)
Event: 0.469 Thread 0x000001a57fbb2800 nmethod 621 0x000001a507aef610 code [0x000001a507aef7c0, 0x000001a507aef8f8]
Event: 0.469 Thread 0x000001a57fbb2800  625       1       jdk.internal.jimage.ImageLocation::getStrings (5 bytes)
Event: 0.469 Thread 0x000001a57fbb2800 nmethod 625 0x000001a507aef990 code [0x000001a507aefb40, 0x000001a507aefc78]

GC Heap History (8 events):
Event: 0.191 GC heap before
{Heap before GC invocations=0 (full 0):
 garbage-first heap   total 8192K, used 2048K [0x0000000742000000, 0x0000000800000000)
  region size 1024K, 3 young (3072K), 0 survivors (0K)
 Metaspace       used 2415K, capacity 6118K, committed 6272K, reserved 1056768K
  class space    used 291K, capacity 640K, committed 640K, reserved 1048576K
}
Event: 0.196 GC heap after
{Heap after GC invocations=1 (full 0):
 garbage-first heap   total 8192K, used 1125K [0x0000000742000000, 0x0000000800000000)
  region size 1024K, 1 young (1024K), 1 survivors (1024K)
 Metaspace       used 2415K, capacity 6118K, committed 6272K, reserved 1056768K
  class space    used 291K, capacity 640K, committed 640K, reserved 1048576K
}
Event: 0.282 GC heap before
{Heap before GC invocations=1 (full 0):
 garbage-first heap   total 8192K, used 2149K [0x0000000742000000, 0x0000000800000000)
  region size 1024K, 2 young (2048K), 1 survivors (1024K)
 Metaspace       used 3911K, capacity 7543K, committed 7808K, reserved 1056768K
  class space    used 495K, capacity 838K, committed 896K, reserved 1048576K
}
Event: 0.284 GC heap after
{Heap after GC invocations=2 (full 0):
 garbage-first heap   total 8192K, used 1667K [0x0000000742000000, 0x0000000800000000)
  region size 1024K, 1 young (1024K), 1 survivors (1024K)
 Metaspace       used 3911K, capacity 7543K, committed 7808K, reserved 1056768K
  class space    used 495K, capacity 838K, committed 896K, reserved 1048576K
}
Event: 0.349 GC heap before
{Heap before GC invocations=2 (full 0):
 garbage-first heap   total 8192K, used 2691K [0x0000000742000000, 0x0000000800000000)
  region size 1024K, 2 young (2048K), 1 survivors (1024K)
 Metaspace       used 5342K, capacity 8995K, committed 9344K, reserved 1056768K
  class space    used 663K, capacity 1025K, committed 1152K, reserved 1048576K
}
Event: 0.350 GC heap after
{Heap after GC invocations=3 (full 0):
 garbage-first heap   total 8192K, used 1993K [0x0000000742000000, 0x0000000800000000)
  region size 1024K, 1 young (1024K), 1 survivors (1024K)
 Metaspace       used 5342K, capacity 8995K, committed 9344K, reserved 1056768K
  class space    used 663K, capacity 1025K, committed 1152K, reserved 1048576K
}
Event: 0.419 GC heap before
{Heap before GC invocations=3 (full 0):
 garbage-first heap   total 8192K, used 1993K [0x0000000742000000, 0x0000000800000000)
  region size 1024K, 2 young (2048K), 1 survivors (1024K)
 Metaspace       used 6756K, capacity 10243K, committed 10496K, reserved 1058816K
  class space    used 836K, capacity 1166K, committed 1280K, reserved 1048576K
}
Event: 0.421 GC heap after
{Heap after GC invocations=4 (full 0):
 garbage-first heap   total 8192K, used 2390K [0x0000000742000000, 0x0000000800000000)
  region size 1024K, 1 young (1024K), 1 survivors (1024K)
 Metaspace       used 6756K, capacity 10243K, committed 10496K, reserved 1058816K
  class space    used 836K, capacity 1166K, committed 1280K, reserved 1048576K
}

Deoptimization events (10 events):
Event: 0.098 Thread 0x000001a5731bb000 Uncommon trap: reason=class_check action=maybe_recompile pc=0x000001a507acd1d4 method=java.util.HashMap.putVal(ILjava/lang/Object;Ljava/lang/Object;ZZ)Ljava/lang/Object; @ 152 c2
Event: 0.098 Thread 0x000001a5731bb000 Uncommon trap: reason=class_check action=maybe_recompile pc=0x000001a507acd1d4 method=java.util.HashMap.putVal(ILjava/lang/Object;Ljava/lang/Object;ZZ)Ljava/lang/Object; @ 152 c2
Event: 0.146 Thread 0x000001a5731bb000 Uncommon trap: reason=bimorphic_or_optimized_type_check action=maybe_recompile pc=0x000001a507acacc4 method=java.util.AbstractCollection.isEmpty()Z @ 1 c2
Event: 0.146 Thread 0x000001a5731bb000 Uncommon trap: reason=bimorphic_or_optimized_type_check action=maybe_recompile pc=0x000001a507acacc4 method=java.util.AbstractCollection.isEmpty()Z @ 1 c2
Event: 0.146 Thread 0x000001a5731bb000 Uncommon trap: reason=bimorphic_or_optimized_type_check action=maybe_recompile pc=0x000001a507acacc4 method=java.util.AbstractCollection.isEmpty()Z @ 1 c2
Event: 0.146 Thread 0x000001a5731bb000 Uncommon trap: reason=bimorphic_or_optimized_type_check action=maybe_recompile pc=0x000001a507acacc4 method=java.util.AbstractCollection.isEmpty()Z @ 1 c2
Event: 0.163 Thread 0x000001a5731bb000 Uncommon trap: reason=unstable_if action=reinterpret pc=0x000001a507ad0c90 method=java.nio.Buffer.hasRemaining()Z @ 8 c2
Event: 0.346 Thread 0x000001a5731bb000 Uncommon trap: reason=unstable_if action=reinterpret pc=0x000001a507ae14f0 method=java.lang.StringLatin1.replace([BCC)Ljava/lang/String; @ 19 c2
Event: 0.352 Thread 0x000001a5731bb000 Uncommon trap: reason=unstable_if action=reinterpret pc=0x000001a507ad88f8 method=java.util.HashMap.putVal(ILjava/lang/Object;Ljava/lang/Object;ZZ)Ljava/lang/Object; @ 181 c2
Event: 0.410 Thread 0x000001a5731bb000 Uncommon trap: reason=unstable_if action=reinterpret pc=0x000001a507ae0a58 method=java.lang.String.regionMatches(ILjava/lang/String;II)Z @ 111 c2

Classes redefined (0 events):
No events

Internal exceptions (10 events):
Event: 0.278 Thread 0x000001a5731bb000 Exception <a 'java/lang/NoSuchMethodError'{0x00000007427f8d98}: java.lang.invoke.DirectMethodHandle$Holder.invokeStaticInit(Ljava/lang/Object;Ljava/lang/Object;)I> (0x00000007427f8d98) thrown at [t:/workspace/open/src/hotspot/share/interpreter/linkResolve
Event: 0.341 Thread 0x000001a5731bb000 Exception <a 'java/lang/NoSuchMethodError'{0x00000007427d04e0}: java.lang.invoke.DirectMethodHandle$Holder.invokeVirtual(Ljava/lang/Object;Ljava/lang/Object;)I> (0x00000007427d04e0) thrown at [t:/workspace/open/src/hotspot/share/interpreter/linkResolver.c
Event: 0.350 Thread 0x000001a5731bb000 Exception <a 'java/lang/NoSuchMethodError'{0x0000000742700800}: java.lang.invoke.Invokers$Holder.linkToTargetMethod(Ljava/lang/Object;Ljava/lang/Object;Ljava/lang/Object;Ljava/lang/Object;Ljava/lang/Object;Ljava/lang/Object;)Ljava/lang/Object;> (0x0000000
Event: 0.360 Thread 0x000001a5731bb000 Exception <a 'sun/nio/fs/WindowsException'{0x000000074272e9f0}> (0x000000074272e9f0) thrown at [t:/workspace/open/src/hotspot/share/prims/jni.cpp, line 615]
Event: 0.360 Thread 0x000001a5731bb000 Exception <a 'sun/nio/fs/WindowsException'{0x000000074272ec30}> (0x000000074272ec30) thrown at [t:/workspace/open/src/hotspot/share/prims/jni.cpp, line 615]
Event: 0.398 Thread 0x000001a5731bb000 Exception <a 'java/lang/NoSuchMethodError'{0x00000007427b1f10}: java.lang.invoke.DirectMethodHandle$Holder.invokeSpecialIFC(Ljava/lang/Object;Ljava/lang/Object;I)I> (0x00000007427b1f10) thrown at [t:/workspace/open/src/hotspot/share/interpreter/linkResolv
Event: 0.464 Thread 0x000001a5731bb000 Exception <a 'sun/nio/fs/WindowsException'{0x000000074277f1a8}> (0x000000074277f1a8) thrown at [t:/workspace/open/src/hotspot/share/prims/jni.cpp, line 615]
Event: 0.464 Thread 0x000001a5731bb000 Exception <a 'sun/nio/fs/WindowsException'{0x000000074277f468}> (0x000000074277f468) thrown at [t:/workspace/open/src/hotspot/share/prims/jni.cpp, line 615]
Event: 0.465 Thread 0x000001a5731bb000 Exception <a 'sun/nio/fs/WindowsException'{0x0000000742780038}> (0x0000000742780038) thrown at [t:/workspace/open/src/hotspot/share/prims/jni.cpp, line 615]
Event: 0.465 Thread 0x000001a5731bb000 Exception <a 'sun/nio/fs/WindowsException'{0x0000000742780338}> (0x0000000742780338) thrown at [t:/workspace/open/src/hotspot/share/prims/jni.cpp, line 615]

Events (10 events):
Event: 0.461 loading class com/sun/tools/javac/tree/JCTree
Event: 0.461 loading class com/sun/tools/javac/tree/JCTree done
Event: 0.463 loading class com/sun/tools/javac/comp/Modules
Event: 0.463 loading class com/sun/tools/javac/comp/Modules done
Event: 0.465 loading class jdk/internal/jrtfs/JrtDirectoryStream
Event: 0.465 loading class jdk/internal/jrtfs/JrtDirectoryStream done
Event: 0.466 loading class jdk/internal/jimage/ImageReader$SharedImageReader$LocationVisitor
Event: 0.466 loading class jdk/internal/jimage/ImageReader$SharedImageReader$LocationVisitor done
Event: 0.466 loading class java/nio/ByteBufferAsIntBufferL
Event: 0.466 loading class java/nio/ByteBufferAsIntBufferL done


Dynamic libraries:
0x00007ff6b1a30000 - 0x00007ff6b1a38000 	C:\Program Files\Java\jdk-12.0.2\bin\javac.exe
0x00007ffb025e0000 - 0x00007ffb027d0000 	C:\Windows\SYSTEM32\ntdll.dll
0x00007ffb01f60000 - 0x00007ffb02012000 	C:\Windows\System32\KERNEL32.DLL
0x00007ffb00360000 - 0x00007ffb00604000 	C:\Windows\System32\KERNELBASE.dll
0x00007ffb00260000 - 0x00007ffb0035a000 	C:\Windows\System32\ucrtbase.dll
0x00007ffafafe0000 - 0x00007ffafaff8000 	C:\Program Files\Java\jdk-12.0.2\bin\jli.dll
0x00007ffb01cd0000 - 0x00007ffb01d73000 	C:\Windows\System32\ADVAPI32.dll
0x00007ffb01880000 - 0x00007ffb0191e000 	C:\Windows\System32\msvcrt.dll
0x00007ffb02500000 - 0x00007ffb02597000 	C:\Windows\System32\sechost.dll
0x00007ffb02160000 - 0x00007ffb02280000 	C:\Windows\System32\RPCRT4.dll
0x00007ffb01b30000 - 0x00007ffb01cc4000 	C:\Windows\System32\USER32.dll
0x00007ffb00230000 - 0x00007ffb00251000 	C:\Windows\System32\win32u.dll
0x00007ffb00690000 - 0x00007ffb006b6000 	C:\Windows\System32\GDI32.dll
0x00007ffafffc0000 - 0x00007ffb00155000 	C:\Windows\System32\gdi32full.dll
0x00007ffb00160000 - 0x00007ffb001fe000 	C:\Windows\System32\msvcp_win.dll
0x00007ffaeff70000 - 0x00007ffaeff86000 	C:\Program Files\Java\jdk-12.0.2\bin\VCRUNTIME140.dll
0x00007ffaed020000 - 0x00007ffaed2a4000 	C:\Windows\WinSxS\amd64_microsoft.windows.common-controls_6595b64144ccf1df_6.0.18362.900_none_e6beb9d913147d17\COMCTL32.dll
0x00007ffb00770000 - 0x00007ffb00aa5000 	C:\Windows\System32\combase.dll
0x00007ffb00610000 - 0x00007ffb00690000 	C:\Windows\System32\bcryptPrimitives.dll
0x00007ffaf1260000 - 0x00007ffaf126a000 	C:\Windows\SYSTEM32\VERSION.dll
0x00007ffb01a10000 - 0x00007ffb01a3e000 	C:\Windows\System32\IMM32.DLL
0x00007ffac6d80000 - 0x00007ffac6e2a000 	C:\Program Files\Java\jdk-12.0.2\bin\msvcp140.dll
0x00007ffac2730000 - 0x00007ffac32a7000 	C:\Program Files\Java\jdk-12.0.2\bin\server\jvm.dll
0x00007ffb01870000 - 0x00007ffb01878000 	C:\Windows\System32\PSAPI.DLL
0x00007ffaeacd0000 - 0x00007ffaeacd9000 	C:\Windows\SYSTEM32\WSOCK32.dll
0x00007ffb01ac0000 - 0x00007ffb01b2f000 	C:\Windows\System32\WS2_32.dll
0x00007ffafc9c0000 - 0x00007ffafc9e4000 	C:\Windows\SYSTEM32\WINMM.dll
0x00007ffafc990000 - 0x00007ffafc9bd000 	C:\Windows\SYSTEM32\WINMMBASE.dll
0x00007ffaffea0000 - 0x00007ffaffeea000 	C:\Windows\System32\cfgmgr32.dll
0x00007ffaff4d0000 - 0x00007ffaff4e1000 	C:\Windows\System32\kernel.appcore.dll
0x00007ffaee7b0000 - 0x00007ffaee7c1000 	C:\Program Files\Java\jdk-12.0.2\bin\verify.dll
0x00007ffafddc0000 - 0x00007ffafdfb4000 	C:\Windows\SYSTEM32\DBGHELP.DLL
0x00007ffafad40000 - 0x00007ffafad6a000 	C:\Windows\SYSTEM32\dbgcore.DLL
0x00007ffaeefb0000 - 0x00007ffaeefd6000 	C:\Program Files\Java\jdk-12.0.2\bin\java.dll
0x00007ffaee380000 - 0x00007ffaee397000 	C:\Program Files\Java\jdk-12.0.2\bin\zip.dll
0x00007ffaf05b0000 - 0x00007ffaf05ba000 	C:\Program Files\Java\jdk-12.0.2\bin\jimage.dll
0x00007ffb00ab0000 - 0x00007ffb01196000 	C:\Windows\System32\SHELL32.dll
0x00007ffb01610000 - 0x00007ffb016b9000 	C:\Windows\System32\shcore.dll
0x00007ffaff720000 - 0x00007ffaffea0000 	C:\Windows\System32\windows.storage.dll
0x00007ffaff4f0000 - 0x00007ffaff513000 	C:\Windows\System32\profapi.dll
0x00007ffaff520000 - 0x00007ffaff56a000 	C:\Windows\System32\powrprof.dll
0x00007ffaff4a0000 - 0x00007ffaff4b0000 	C:\Windows\System32\UMPDC.dll
0x00007ffb01920000 - 0x00007ffb01972000 	C:\Windows\System32\shlwapi.dll
0x00007ffafffa0000 - 0x00007ffafffb7000 	C:\Windows\System32\cryptsp.dll
0x00007ffaef380000 - 0x00007ffaef399000 	C:\Program Files\Java\jdk-12.0.2\bin\net.dll
0x00007ffaf30f0000 - 0x00007ffaf31e0000 	C:\Windows\SYSTEM32\WINHTTP.dll
0x00007ffaf31e0000 - 0x00007ffaf33b6000 	C:\Windows\SYSTEM32\urlmon.dll
0x00007ffaf4980000 - 0x00007ffaf4c26000 	C:\Windows\SYSTEM32\iertutil.dll
0x00007ffafeee0000 - 0x00007ffafeeec000 	C:\Windows\SYSTEM32\CRYPTBASE.DLL
0x00007ffafed10000 - 0x00007ffafed77000 	C:\Windows\system32\mswsock.dll
0x00007ffaef360000 - 0x00007ffaef373000 	C:\Program Files\Java\jdk-12.0.2\bin\nio.dll

dbghelp: loaded successfully - version: 4.0.5 - missing functions: none
symbol engine: initialized successfully - sym options: 0x614 - pdb path: .;C:\Program Files\Java\jdk-12.0.2\bin;C:\Windows\SYSTEM32;C:\Windows\WinSxS\amd64_microsoft.windows.common-controls_6595b64144ccf1df_6.0.18362.900_none_e6beb9d913147d17;C:\Program Files\Java\jdk-12.0.2\bin\server

VM Arguments:
jvm_args: -Dapplication.home=C:\Program Files\Java\jdk-12.0.2 --add-modules=ALL-DEFAULT -Xms8m -Djdk.module.main=jdk.compiler 
java_command: jdk.compiler/com.sun.tools.javac.Main -d C:\Users\USER\Documents\NetBeansProjects\KTDH\build\classes -classpath C:\Users\USER\Documents\NetBeansProjects\KTDH\build\classes;D:\NETBEAN\netbeans\java\modules\ext\AbsoluteLayout.jar;C:\Users\USER\Desktop\NNLT\JAVA TOOL+CODE\Tool JAVA\AutoComplete\swingx-all-1.6.4.jar -sourcepath C:\Users\USER\Documents\NetBeansProjects\KTDH\src -target 12 -encoding UTF-8 -g -processorpath D:\NETBEAN\netbeans\java\modules\ext\AbsoluteLayout.jar;C:\Users\USER\Desktop\NNLT\JAVA TOOL+CODE\Tool JAVA\AutoComplete\swingx-all-1.6.4.jar;C:\Users\USER\Documents\NetBeansProjects\KTDH\build\empty -s C:\Users\USER\Documents\NetBeansProjects\KTDH\build\generated-sources\ap-source-output -source 12 C:\Users\USER\Documents\NetBeansProjects\KTDH\src\ktdh\Egg.java
java_class_path (initial): <not set>
Launcher Type: SUN_STANDARD

[Global flags]
     intx CICompilerCount                          = 3                                         {product} {ergonomic}
     uint ConcGCThreads                            = 1                                         {product} {ergonomic}
     uint G1ConcRefinementThreads                  = 4                                         {product} {ergonomic}
   size_t G1HeapRegionSize                         = 1048576                                   {product} {ergonomic}
    uintx GCDrainStackTargetSize                   = 64                                        {product} {ergonomic}
   size_t InitialHeapSize                          = 8388608                                   {product} {command line}
   size_t MarkStackSize                            = 4194304                                   {product} {ergonomic}
   size_t MaxHeapSize                              = 3187671040                                {product} {ergonomic}
   size_t MaxNewSize                               = 1912602624                                {product} {ergonomic}
   size_t MinHeapDeltaBytes                        = 1048576                                   {product} {ergonomic}
    uintx NonNMethodCodeHeapSize                   = 5830732                                {pd product} {ergonomic}
    uintx NonProfiledCodeHeapSize                  = 122913754                              {pd product} {ergonomic}
    uintx ProfiledCodeHeapSize                     = 122913754                              {pd product} {ergonomic}
    uintx ReservedCodeCacheSize                    = 251658240                              {pd product} {ergonomic}
     bool SegmentedCodeCache                       = true                                      {product} {ergonomic}
     bool UseCompressedClassPointers               = true                                 {lp64_product} {ergonomic}
     bool UseCompressedOops                        = true                                 {lp64_product} {ergonomic}
     bool UseG1GC                                  = true                                      {product} {ergonomic}
     bool UseLargePagesIndividualAllocation        = false                                  {pd product} {ergonomic}

Logging:
Log output configuration:
 #0: stdout all=warning uptime,level,tags
 #1: stderr all=off uptime,level,tags

Environment Variables:
JAVA_HOME=C:\Program Files\Java\jdk-12.0.2
PATH=C:\Program Files (x86)\Common Files\Oracle\Java\javapath;C:\Program Files (x86)\Intel\Intel(R) Management Engine Components\iCLS\;C:\Program Files\Intel\Intel(R) Management Engine Components\iCLS\;C:\Windows\system32;C:\Windows;C:\Windows\System32\Wbem;C:\Windows\System32\WindowsPowerShell\v1.0\;C:\Windows\System32\OpenSSH\;C:\Program Files (x86)\Intel\Intel(R) Management Engine Components\DAL;C:\Program Files\Intel\Intel(R) Management Engine Components\DAL;C:\Program Files (x86)\Intel\Intel(R) Management Engine Components\IPT;C:\Program Files\Intel\Intel(R) Management Engine Components\IPT;C:\Program Files\Intel\WiFi\bin\;C:\Program Files\Common Files\Intel\WirelessCommon\;C:\Program Files\Java\jdk-12.0.2\bin;C:\Program Files\Microsoft SQL Server\110\Tools\Binn\;C:\Program Files (x86)\Microsoft SQL Server\110\Tools\Binn\;C:\Program Files\Microsoft SQL Server\110\DTS\Binn\;C:\Program Files (x86)\Microsoft SQL Server\110\Tools\Binn\ManagementStudio\;C:\Program Files (x86)\Microsoft Visual Studio 10.0\Common7\IDE\PrivateAssemblies\;C:\Program Files (x86)\Microsoft SQL Server\110\DTS\Binn\;C:\Users\USER\Documents\OpenSSL\OpenSSL-Win64\bin;C:\Program Files\OpenSSL-Win64\bin;C:\Users\USER\Downloads\New folder\New folder\bin;D:\PYTHON\Scripts\;D:\PYTHON\;C:\Users\USER\AppData\Local\Microsoft\WindowsApps;C:\Program Files\Intel\WiFi\bin\;C:\Program Files\Common Files\Intel\WirelessCommon\
USERNAME=USER
OS=Windows_NT
PROCESSOR_IDENTIFIER=Intel64 Family 6 Model 142 Stepping 9, GenuineIntel



---------------  S Y S T E M  ---------------

OS: Windows 10 , 64 bit Build 18362 (10.0.18362.900)

CPU:total 4 (initial active 4) (2 cores per cpu, 2 threads per core) family 6 model 142 stepping 9, cmov, cx8, fxsr, mmx, sse, sse2, sse3, ssse3, sse4.1, sse4.2, popcnt, avx, avx2, aes, clmul, erms, 3dnowpref, lzcnt, ht, tsc, tscinvbit, bmi1, bmi2, adx, fma

Memory: 4k page, system-wide physical 12153M (4334M free)
TotalPageFile size 28176M (AvailPageFile size 0M)
current process WorkingSet (physical memory assigned to process): 55M, peak: 55M
current process commit charge ("private bytes"): 85M, peak: 87M

vm_info: Java HotSpot(TM) 64-Bit Server VM (12.0.2+10) for windows-amd64 JRE (12.0.2+10), built on Jul 16 2019 01:56:17 by "mach5one" with MS VC++ 15.5 (VS2017)

END.
