#
# There is insufficient memory for the Java Runtime Environment to continue.
# Native memory allocation (mmap) failed to map 3145728 bytes for Failed to commit area from 0x0000000742a00000 to 0x0000000742d00000 of length 3145728.
# Possible reasons:
#   The system is out of physical RAM or swap space
#   The process is running with CompressedOops enabled, and the Java Heap may be blocking the growth of the native heap
# Possible solutions:
#   Reduce memory load on the system
#   Increase physical memory or swap space
#   Check if swap backing store is full
#   Decrease Java heap size (-Xmx/-Xms)
#   Decrease number of Java threads
#   Decrease Java thread stack sizes (-Xss)
#   Set larger code cache with -XX:ReservedCodeCacheSize=
#   JVM is running with Zero Based Compressed Oops mode in which the Java heap is
#     placed in the first 32GB address space. The Java Heap base address is the
#     maximum limit for the native heap growth. Please use -XX:HeapBaseMinAddress
#     to set the Java Heap base and to place the Java Heap above 32GB virtual address.
# This output file may be truncated or incomplete.
#
#  Out of Memory Error (t:/workspace/open/src/hotspot/os/windows/os_windows.cpp:3264), pid=18128, tid=5888
#
# JRE version: Java(TM) SE Runtime Environment (12.0.2+10) (build 12.0.2+10)
# Java VM: Java HotSpot(TM) 64-Bit Server VM (12.0.2+10, mixed mode, sharing, tiered, compressed oops, g1 gc, windows-amd64)
# No core dump will be written. Minidumps are not enabled by default on client versions of Windows
#

---------------  S U M M A R Y ------------

Command Line: -Dapplication.home=C:\Program Files\Java\jdk-12.0.2 --add-modules=ALL-DEFAULT -Xms8m -Djdk.module.main=jdk.compiler jdk.compiler/com.sun.tools.javac.Main -d C:\Users\USER\Documents\NetBeansProjects\KTDH\build\classes -classpath C:\Users\USER\Documents\NetBeansProjects\KTDH\build\classes;D:\NETBEAN\netbeans\java\modules\ext\AbsoluteLayout.jar;C:\Users\USER\Desktop\NNLT\JAVA TOOL+CODE\Tool JAVA\AutoComplete\swingx-all-1.6.4.jar -sourcepath C:\Users\USER\Documents\NetBeansProjects\KTDH\src -target 12 -encoding UTF-8 -g -processorpath D:\NETBEAN\netbeans\java\modules\ext\AbsoluteLayout.jar;C:\Users\USER\Desktop\NNLT\JAVA TOOL+CODE\Tool JAVA\AutoComplete\swingx-all-1.6.4.jar;C:\Users\USER\Documents\NetBeansProjects\KTDH\build\empty -s C:\Users\USER\Documents\NetBeansProjects\KTDH\build\generated-sources\ap-source-output -source 12 C:\Users\USER\Documents\NetBeansProjects\KTDH\src\ktdh\Egg.java

Host: Intel(R) Core(TM) i7-7500U CPU @ 2.70GHz, 4 cores, 11G,  Windows 10 , 64 bit Build 18362 (10.0.18362.900)
Time: Wed Jul  1 16:37:36 2020 SE Asia Standard Time elapsed time: 0 seconds (0d 0h 0m 0s)

---------------  T H R E A D  ---------------

Current thread (0x0000025432fb3000):  VMThread "VM Thread" [stack: 0x000000ed93c00000,0x000000ed93d00000] [id=5888]

Stack: [0x000000ed93c00000,0x000000ed93d00000]
[error occurred during error reporting (printing stack bounds), id 0xc0000005, EXCEPTION_ACCESS_VIOLATION (0xc0000005) at pc=0x0000025419ae0bad]

Native frames: (J=compiled Java code, j=interpreted, Vv=VM code, C=native code)
V  [jvm.dll+0x63aa2a]
V  [jvm.dll+0x78ce1e]
V  [jvm.dll+0x78e4c1]
V  [jvm.dll+0x78ea75]
V  [jvm.dll+0x78ea2b]
V  [jvm.dll+0x63a134]
V  [jvm.dll+0x63a4f8]
C  [ntdll.dll+0xa11cf]
C  [ntdll.dll+0x6a209]
C  [ntdll.dll+0x9fe3e]
C  0x0000025419ae0bad

VM_Operation (0x000000ed936fcc60): G1CollectForAllocation, mode: safepoint, requested by thread 0x000002540ff0f800


---------------  P R O C E S S  ---------------

Threads class SMR info:
_java_thread_list=0x000002543363be30, length=11, elements={
0x000002540ff0f800, 0x0000025432fb7000, 0x0000025432fbb000, 0x0000025432fd7000,
0x0000025432fd9000, 0x0000025432fdb800, 0x0000025432fe4000, 0x0000025432ff1800,
0x00000254331ff000, 0x0000025433267800, 0x00000254338db000
}

Java Threads: ( => current thread )
  0x000002540ff0f800 JavaThread "main" [_thread_blocked, id=16500, stack(0x000000ed93600000,0x000000ed93700000)]
  0x0000025432fb7000 JavaThread "Reference Handler" daemon [_thread_blocked, id=16176, stack(0x000000ed93d00000,0x000000ed93e00000)]
  0x0000025432fbb000 JavaThread "Finalizer" daemon [_thread_blocked, id=19484, stack(0x000000ed93e00000,0x000000ed93f00000)]
  0x0000025432fd7000 JavaThread "Signal Dispatcher" daemon [_thread_blocked, id=3168, stack(0x000000ed93f00000,0x000000ed94000000)]
  0x0000025432fd9000 JavaThread "Attach Listener" daemon [_thread_blocked, id=17372, stack(0x000000ed94000000,0x000000ed94100000)]
  0x0000025432fdb800 JavaThread "C2 CompilerThread0" daemon [_thread_blocked, id=6088, stack(0x000000ed94100000,0x000000ed94200000)]
  0x0000025432fe4000 JavaThread "C1 CompilerThread0" daemon [_thread_blocked, id=17012, stack(0x000000ed94200000,0x000000ed94300000)]
  0x0000025432ff1800 JavaThread "Sweeper thread" daemon [_thread_blocked, id=16824, stack(0x000000ed94300000,0x000000ed94400000)]
  0x00000254331ff000 JavaThread "Common-Cleaner" daemon [_thread_blocked, id=9008, stack(0x000000ed94400000,0x000000ed94500000)]
  0x0000025433267800 JavaThread "Service Thread" daemon [_thread_blocked, id=3444, stack(0x000000ed94500000,0x000000ed94600000)]
  0x00000254338db000 JavaThread "C2 CompilerThread1" daemon [_thread_blocked, id=19776, stack(0x000000ed94800000,0x000000ed94900000)]

Other Threads:
=>0x0000025432fb3000 VMThread "VM Thread" [stack: 0x000000ed93c00000,0x000000ed93d00000] [id=5888]
  0x0000025433269000 WatcherThread [stack: 0x000000ed94600000,0x000000ed94700000] [id=20348]
  0x000002540ff5b000 GCTaskThread "GC Thread#0" [stack: 0x000000ed93700000,0x000000ed93800000] [id=20184]
  0x00000254333e9800 GCTaskThread "GC Thread#1" [stack: 0x000000ed94700000,0x000000ed94800000] [id=19596]
  0x000002540ff6e800 ConcurrentGCThread "G1 Main Marker" [stack: 0x000000ed93800000,0x000000ed93900000] [id=19032]
  0x000002540ff71800 ConcurrentGCThread "G1 Conc#0" [stack: 0x000000ed93900000,0x000000ed93a00000] [id=18664]
  0x000002540ff8e000 ConcurrentGCThread "G1 Refine#0" [stack: 0x000000ed93a00000,0x000000ed93b00000] [id=14624]
  0x000002540ff8f000 ConcurrentGCThread "G1 Young RemSet Sampling" [stack: 0x000000ed93b00000,0x000000ed93c00000] [id=12696]

Threads with active compile tasks:
C2 CompilerThread0  1049       4       jdk.internal.jimage.BasicImageReader::getString (48 bytes)
C1 CompilerThread0  1068       3       jdk.internal.jrtfs.JrtPath::getResolved (50 bytes)
C2 CompilerThread1  1065       4       java.lang.StringLatin1::indexOf (121 bytes)

VM state:at safepoint (normal execution)

VM Mutex/Monitor currently owned by a thread:  ([mutex/lock_event])
[0x000002540ff0bfe0] Threads_lock - owner thread: 0x0000025432fb3000
[0x000002540ff0b0b0] Heap_lock - owner thread: 0x000002540ff0f800

Heap address: 0x0000000742000000, size: 3040 MB, Compressed Oops mode: Zero based, Oop shift amount: 3
Narrow klass base: 0x0000000800000000, Narrow klass shift: 3
Compressed class space size: 1073741824 Address: 0x0000000801190000

Heap:
 garbage-first heap   total 13312K, used 4578K [0x0000000742000000, 0x0000000800000000)
  region size 1024K, 1 young (1024K), 1 survivors (1024K)
 Metaspace       used 8357K, capacity 11254K, committed 11392K, reserved 1058816K
  class space    used 989K, capacity 1312K, committed 1408K, reserved 1048576K
Heap Regions: E=young(eden), S=young(survivor), O=old, HS=humongous(starts), HC=humongous(continues), CS=collection set, F=free, A=archive, TAMS=top-at-mark-start (previous, next)
|   0|0x0000000742000000, 0x0000000742100000, 0x0000000742100000|100%| O|  |TAMS 0x0000000742000000, 0x0000000742100000| Untracked 
|   1|0x0000000742100000, 0x0000000742200000, 0x0000000742200000|100%| O|  |TAMS 0x0000000742100000, 0x0000000742200000| Untracked 
|   2|0x0000000742200000, 0x0000000742300000, 0x0000000742300000|100%| O|  |TAMS 0x0000000742200000, 0x0000000742300000| Untracked 
|   3|0x0000000742300000, 0x0000000742400000, 0x0000000742400000|100%| O|  |TAMS 0x0000000742300000, 0x0000000742400000| Untracked 
|   4|0x0000000742400000, 0x0000000742425c00, 0x0000000742500000| 14%| O|  |TAMS 0x0000000742400000, 0x0000000742425c00| Untracked 
|   5|0x0000000742500000, 0x0000000742500000, 0x0000000742600000|  0%| F|  |TAMS 0x0000000742500000, 0x0000000742500000| Untracked 
|   6|0x0000000742600000, 0x0000000742600000, 0x0000000742700000|  0%| F|  |TAMS 0x0000000742600000, 0x0000000742600000| Untracked 
|   7|0x0000000742700000, 0x0000000742700000, 0x0000000742800000|  0%| F|  |TAMS 0x0000000742700000, 0x0000000742700000| Untracked 
|   8|0x0000000742800000, 0x0000000742852c20, 0x0000000742900000| 32%| S|CS|TAMS 0x0000000742800000, 0x0000000742800000| Complete 
|   9|0x0000000742900000, 0x0000000742900000, 0x0000000742a00000|  0%| F|  |TAMS 0x0000000742900000, 0x0000000742900000| Untracked 

Card table byte_map: [0x00000254296f0000,0x0000025429ce0000] _byte_map_base: 0x0000025425ce0000

Marking Bits (Prev, Next): (CMBitMap*) 0x000002540ff5be08, (CMBitMap*) 0x000002540ff5be48
 Prev Bits: [0x000002542a2d0000, 0x000002542d250000)
 Next Bits: [0x000002542d250000, 0x00000254301d0000)

Polling page: 0x000002540fd60000

Metaspace:

Usage:
  Non-class:      9.71 MB capacity,     7.20 MB ( 74%) used,     2.49 MB ( 26%) free+waste,    21.94 KB ( <1%) overhead. 
      Class:      1.28 MB capacity,   989.14 KB ( 75%) used,   311.80 KB ( 24%) free+waste,    11.06 KB ( <1%) overhead. 
       Both:     10.99 MB capacity,     8.16 MB ( 74%) used,     2.80 MB ( 25%) free+waste,    33.00 KB ( <1%) overhead. 

Virtual space:
  Non-class space:       10.00 MB reserved,       9.75 MB ( 98%) committed 
      Class space:        1.00 GB reserved,       1.38 MB ( <1%) committed 
             Both:        1.01 GB reserved,      11.13 MB (  1%) committed 

Chunk freelists:
   Non-Class:  5.25 KB
       Class:  0 bytes
        Both:  5.25 KB

CodeHeap 'non-profiled nmethods': size=120064Kb used=304Kb max_used=304Kb free=119759Kb
 bounds [0x00000254215a0000, 0x0000025421810000, 0x0000025428ae0000]
CodeHeap 'profiled nmethods': size=120000Kb used=2024Kb max_used=2024Kb free=117976Kb
 bounds [0x000002541a070000, 0x000002541a2e0000, 0x00000254215a0000]
CodeHeap 'non-nmethods': size=5696Kb used=1117Kb max_used=1130Kb free=4579Kb
 bounds [0x0000025419ae0000, 0x0000025419d50000, 0x000002541a070000]
 total_blobs=1686 nmethods=1055 adapters=334
 compilation: enabled
              stopped_count=0, restarted_count=0
 full_count=0

Compilation events (10 events):
Event: 0.657 Thread 0x0000025432fe4000 nmethod 1064 0x000002541a267610 code [0x000002541a2677e0, 0x000002541a267a18]
Event: 0.657 Thread 0x0000025432fe4000 1057       3       jdk.internal.jrtfs.JrtFileSystemProvider::readAttributes (23 bytes)
Event: 0.657 Thread 0x00000254338db000 nmethod 1040 0x00000254215eb990 code [0x00000254215ebb40, 0x00000254215ec058]
Event: 0.657 Thread 0x00000254338db000 1065       4       java.lang.StringLatin1::indexOf (121 bytes)
Event: 0.657 Thread 0x0000025432fe4000 nmethod 1057 0x000002541a267b10 code [0x000002541a267d60, 0x000002541a268680]
Event: 0.657 Thread 0x0000025432fe4000 1067       3       java.lang.String::indexOf (113 bytes)
Event: 0.658 Thread 0x0000025432fe4000 nmethod 1067 0x000002541a268910 code [0x000002541a268ba0, 0x000002541a269630]
Event: 0.658 Thread 0x0000025432fe4000 1058       3       jdk.internal.jrtfs.JrtPath::getAttributes (28 bytes)
Event: 0.658 Thread 0x0000025432fe4000 nmethod 1058 0x000002541a269a10 code [0x000002541a269c00, 0x000002541a269f00]
Event: 0.658 Thread 0x0000025432fe4000 1068       3       jdk.internal.jrtfs.JrtPath::getResolved (50 bytes)

GC Heap History (10 events):
Event: 0.408 GC heap after
{Heap after GC invocations=4 (full 0):
 garbage-first heap   total 8192K, used 2335K [0x0000000742000000, 0x0000000800000000)
  region size 1024K, 1 young (1024K), 1 survivors (1024K)
 Metaspace       used 6753K, capacity 10243K, committed 10496K, reserved 1058816K
  class space    used 836K, capacity 1166K, committed 1280K, reserved 1048576K
}
Event: 0.465 GC heap before
{Heap before GC invocations=4 (full 0):
 garbage-first heap   total 8192K, used 3359K [0x0000000742000000, 0x0000000800000000)
  region size 1024K, 2 young (2048K), 1 survivors (1024K)
 Metaspace       used 7419K, capacity 10768K, committed 11008K, reserved 1058816K
  class space    used 885K, capacity 1213K, committed 1280K, reserved 1048576K
}
Event: 0.466 GC heap after
{Heap after GC invocations=5 (full 0):
 garbage-first heap   total 10240K, used 2609K [0x0000000742000000, 0x0000000800000000)
  region size 1024K, 1 young (1024K), 1 survivors (1024K)
 Metaspace       used 7419K, capacity 10768K, committed 11008K, reserved 1058816K
  class space    used 885K, capacity 1213K, committed 1280K, reserved 1048576K
}
Event: 0.521 GC heap before
{Heap before GC invocations=5 (full 0):
 garbage-first heap   total 10240K, used 4657K [0x0000000742000000, 0x0000000800000000)
  region size 1024K, 3 young (3072K), 1 survivors (1024K)
 Metaspace       used 7743K, capacity 10993K, committed 11008K, reserved 1058816K
  class space    used 918K, capacity 1267K, committed 1280K, reserved 1048576K
}
Event: 0.524 GC heap after
{Heap after GC invocations=6 (full 0):
 garbage-first heap   total 10240K, used 3439K [0x0000000742000000, 0x0000000800000000)
  region size 1024K, 1 young (1024K), 1 survivors (1024K)
 Metaspace       used 7743K, capacity 10993K, committed 11008K, reserved 1058816K
  class space    used 918K, capacity 1267K, committed 1280K, reserved 1048576K
}
Event: 0.581 GC heap before
{Heap before GC invocations=6 (full 0):
 garbage-first heap   total 10240K, used 4463K [0x0000000742000000, 0x0000000800000000)
  region size 1024K, 2 young (2048K), 1 survivors (1024K)
 Metaspace       used 8138K, capacity 11162K, committed 11392K, reserved 1058816K
  class space    used 975K, capacity 1302K, committed 1408K, reserved 1048576K
}
Event: 0.584 GC heap after
{Heap after GC invocations=7 (full 0):
 garbage-first heap   total 10240K, used 4230K [0x0000000742000000, 0x0000000800000000)
  region size 1024K, 1 young (1024K), 1 survivors (1024K)
 Metaspace       used 8138K, capacity 11162K, committed 11392K, reserved 1058816K
  class space    used 975K, capacity 1302K, committed 1408K, reserved 1048576K
}
Event: 0.648 GC heap before
{Heap before GC invocations=7 (full 0):
 garbage-first heap   total 10240K, used 5254K [0x0000000742000000, 0x0000000800000000)
  region size 1024K, 2 young (2048K), 1 survivors (1024K)
 Metaspace       used 8341K, capacity 11190K, committed 11392K, reserved 1058816K
  class space    used 989K, capacity 1312K, committed 1408K, reserved 1048576K
}
Event: 0.650 GC heap after
{Heap after GC invocations=8 (full 0):
 garbage-first heap   total 10240K, used 4513K [0x0000000742000000, 0x0000000800000000)
  region size 1024K, 1 young (1024K), 1 survivors (1024K)
 Metaspace       used 8341K, capacity 11190K, committed 11392K, reserved 1058816K
  class space    used 989K, capacity 1312K, committed 1408K, reserved 1048576K
}
Event: 0.658 GC heap before
{Heap before GC invocations=8 (full 0):
 garbage-first heap   total 10240K, used 5537K [0x0000000742000000, 0x0000000800000000)
  region size 1024K, 2 young (2048K), 1 survivors (1024K)
 Metaspace       used 8357K, capacity 11254K, committed 11392K, reserved 1058816K
  class space    used 989K, capacity 1312K, committed 1408K, reserved 1048576K
}

Deoptimization events (10 events):
Event: 0.178 Thread 0x000002540ff0f800 Uncommon trap: reason=bimorphic_or_optimized_type_check action=maybe_recompile pc=0x00000254215a9c44 method=java.util.AbstractCollection.isEmpty()Z @ 1 c2
Event: 0.192 Thread 0x000002540ff0f800 Uncommon trap: reason=unstable_if action=reinterpret pc=0x00000254215b0c90 method=java.nio.Buffer.hasRemaining()Z @ 8 c2
Event: 0.344 Thread 0x000002540ff0f800 Uncommon trap: reason=unstable_if action=reinterpret pc=0x00000254215c0670 method=java.lang.StringLatin1.replace([BCC)Ljava/lang/String; @ 19 c2
Event: 0.351 Thread 0x000002540ff0f800 Uncommon trap: reason=unstable_if action=reinterpret pc=0x00000254215b88d0 method=java.util.HashMap.putVal(ILjava/lang/Object;Ljava/lang/Object;ZZ)Ljava/lang/Object; @ 181 c2
Event: 0.400 Thread 0x000002540ff0f800 Uncommon trap: reason=unstable_if action=reinterpret pc=0x00000254215c0d58 method=java.lang.String.regionMatches(ILjava/lang/String;II)Z @ 111 c2
Event: 0.553 Thread 0x000002540ff0f800 Uncommon trap: reason=class_check action=maybe_recompile pc=0x00000254215d36d0 method=java.util.HashMap.getNode(ILjava/lang/Object;)Ljava/util/HashMap$Node; @ 126 c2
Event: 0.553 Thread 0x000002540ff0f800 Uncommon trap: reason=class_check action=maybe_recompile pc=0x00000254215d36d0 method=java.util.HashMap.getNode(ILjava/lang/Object;)Ljava/util/HashMap$Node; @ 126 c2
Event: 0.553 Thread 0x000002540ff0f800 Uncommon trap: reason=class_check action=maybe_recompile pc=0x00000254215d36d0 method=java.util.HashMap.getNode(ILjava/lang/Object;)Ljava/util/HashMap$Node; @ 126 c2
Event: 0.553 Thread 0x000002540ff0f800 Uncommon trap: reason=class_check action=maybe_recompile pc=0x00000254215d36d0 method=java.util.HashMap.getNode(ILjava/lang/Object;)Ljava/util/HashMap$Node; @ 126 c2
Event: 0.626 Thread 0x000002540ff0f800 Uncommon trap: reason=class_check action=maybe_recompile pc=0x00000254215ddb58 method=java.util.HashMap.putVal(ILjava/lang/Object;Ljava/lang/Object;ZZ)Ljava/lang/Object; @ 203 c2

Classes redefined (0 events):
No events

Internal exceptions (10 events):
Event: 0.358 Thread 0x000002540ff0f800 Exception <a 'sun/nio/fs/WindowsException'{0x000000074272ef48}> (0x000000074272ef48) thrown at [t:/workspace/open/src/hotspot/share/prims/jni.cpp, line 615]
Event: 0.393 Thread 0x000002540ff0f800 Exception <a 'java/lang/NoSuchMethodError'{0x00000007427b1f00}: java.lang.invoke.DirectMethodHandle$Holder.invokeSpecialIFC(Ljava/lang/Object;Ljava/lang/Object;I)I> (0x00000007427b1f00) thrown at [t:/workspace/open/src/hotspot/share/interpreter/linkResolv
Event: 0.454 Thread 0x000002540ff0f800 Exception <a 'sun/nio/fs/WindowsException'{0x000000074277f6b8}> (0x000000074277f6b8) thrown at [t:/workspace/open/src/hotspot/share/prims/jni.cpp, line 615]
Event: 0.454 Thread 0x000002540ff0f800 Exception <a 'sun/nio/fs/WindowsException'{0x000000074277f978}> (0x000000074277f978) thrown at [t:/workspace/open/src/hotspot/share/prims/jni.cpp, line 615]
Event: 0.454 Thread 0x000002540ff0f800 Exception <a 'sun/nio/fs/WindowsException'{0x0000000742780548}> (0x0000000742780548) thrown at [t:/workspace/open/src/hotspot/share/prims/jni.cpp, line 615]
Event: 0.454 Thread 0x000002540ff0f800 Exception <a 'sun/nio/fs/WindowsException'{0x0000000742780848}> (0x0000000742780848) thrown at [t:/workspace/open/src/hotspot/share/prims/jni.cpp, line 615]
Event: 0.479 Thread 0x000002540ff0f800 Exception <a 'java/lang/NoSuchMethodError'{0x0000000742950040}: java.lang.invoke.DirectMethodHandle$Holder.invokeSpecial(Ljava/lang/Object;Ljava/lang/Object;Ljava/lang/Object;Ljava/lang/Object;)I> (0x0000000742950040) thrown at [t:/workspace/open/src/hots
Event: 0.512 Thread 0x000002540ff0f800 Exception <a 'sun/nio/fs/WindowsException'{0x00000007428cca50}> (0x00000007428cca50) thrown at [t:/workspace/open/src/hotspot/share/prims/jni.cpp, line 615]
Event: 0.635 Thread 0x000002540ff0f800 Exception <a 'sun/nio/fs/WindowsException'{0x00000007429b28a8}> (0x00000007429b28a8) thrown at [t:/workspace/open/src/hotspot/share/prims/jni.cpp, line 615]
Event: 0.643 Thread 0x000002540ff0f800 Exception <a 'java/lang/NoSuchMethodError'{0x00000007429cd628}: java.lang.invoke.DirectMethodHandle$Holder.invokeSpecial(Ljava/lang/Object;Ljava/lang/Object;Ljava/lang/Object;Ljava/lang/Object;Ljava/lang/Object;)I> (0x00000007429cd628) thrown at [t:/works

Events (10 events):
Event: 0.646 loading class com/sun/tools/javac/code/Symbol$PackageSymbol done
Event: 0.646 loading class com/sun/tools/javac/comp/TypeEnter$ImportsPhase
Event: 0.646 loading class com/sun/tools/javac/comp/TypeEnter$ImportsPhase done
Event: 0.647 loading class com/sun/tools/javac/code/Symbol$PackageSymbol
Event: 0.647 loading class com/sun/tools/javac/code/Symbol$PackageSymbol done
Event: 0.647 loading class com/sun/tools/javac/comp/TypeEnter$ImportsPhase
Event: 0.647 loading class com/sun/tools/javac/comp/TypeEnter$ImportsPhase done
Event: 0.648 Executing VM operation: G1CollectForAllocation
Event: 0.650 Executing VM operation: G1CollectForAllocation done
Event: 0.658 Executing VM operation: G1CollectForAllocation


Dynamic libraries:
0x00007ff6b1a30000 - 0x00007ff6b1a38000 	C:\Program Files\Java\jdk-12.0.2\bin\javac.exe
0x00007ffb025e0000 - 0x00007ffb027d0000 	C:\Windows\SYSTEM32\ntdll.dll
0x00007ffb01f60000 - 0x00007ffb02012000 	C:\Windows\System32\KERNEL32.DLL
0x00007ffb00360000 - 0x00007ffb00604000 	C:\Windows\System32\KERNELBASE.dll
0x00007ffb00260000 - 0x00007ffb0035a000 	C:\Windows\System32\ucrtbase.dll
0x00007ffafafe0000 - 0x00007ffafaff8000 	C:\Program Files\Java\jdk-12.0.2\bin\jli.dll
0x00007ffaeff70000 - 0x00007ffaeff86000 	C:\Program Files\Java\jdk-12.0.2\bin\VCRUNTIME140.dll
0x00007ffb01cd0000 - 0x00007ffb01d73000 	C:\Windows\System32\ADVAPI32.dll
0x00007ffb01880000 - 0x00007ffb0191e000 	C:\Windows\System32\msvcrt.dll
0x00007ffb02500000 - 0x00007ffb02597000 	C:\Windows\System32\sechost.dll
0x00007ffb02160000 - 0x00007ffb02280000 	C:\Windows\System32\RPCRT4.dll
0x00007ffb01b30000 - 0x00007ffb01cc4000 	C:\Windows\System32\USER32.dll
0x00007ffb00230000 - 0x00007ffb00251000 	C:\Windows\System32\win32u.dll
0x00007ffb00690000 - 0x00007ffb006b6000 	C:\Windows\System32\GDI32.dll
0x00007ffaed020000 - 0x00007ffaed2a4000 	C:\Windows\WinSxS\amd64_microsoft.windows.common-controls_6595b64144ccf1df_6.0.18362.900_none_e6beb9d913147d17\COMCTL32.dll
0x00007ffafffc0000 - 0x00007ffb00155000 	C:\Windows\System32\gdi32full.dll
0x00007ffb00770000 - 0x00007ffb00aa5000 	C:\Windows\System32\combase.dll
0x00007ffb00160000 - 0x00007ffb001fe000 	C:\Windows\System32\msvcp_win.dll
0x00007ffb00610000 - 0x00007ffb00690000 	C:\Windows\System32\bcryptPrimitives.dll
0x00007ffaf1260000 - 0x00007ffaf126a000 	C:\Windows\SYSTEM32\VERSION.dll
0x00007ffb01a10000 - 0x00007ffb01a3e000 	C:\Windows\System32\IMM32.DLL
0x00007ffac6d80000 - 0x00007ffac6e2a000 	C:\Program Files\Java\jdk-12.0.2\bin\msvcp140.dll
0x00007ffac2730000 - 0x00007ffac32a7000 	C:\Program Files\Java\jdk-12.0.2\bin\server\jvm.dll
0x00007ffb01870000 - 0x00007ffb01878000 	C:\Windows\System32\PSAPI.DLL
0x00007ffafc9c0000 - 0x00007ffafc9e4000 	C:\Windows\SYSTEM32\WINMM.dll
0x00007ffaeacd0000 - 0x00007ffaeacd9000 	C:\Windows\SYSTEM32\WSOCK32.dll
0x00007ffb01ac0000 - 0x00007ffb01b2f000 	C:\Windows\System32\WS2_32.dll
0x00007ffafc990000 - 0x00007ffafc9bd000 	C:\Windows\SYSTEM32\winmmbase.dll
0x00007ffaffea0000 - 0x00007ffaffeea000 	C:\Windows\System32\cfgmgr32.dll
0x00007ffaff4d0000 - 0x00007ffaff4e1000 	C:\Windows\System32\kernel.appcore.dll
0x00007ffaee7b0000 - 0x00007ffaee7c1000 	C:\Program Files\Java\jdk-12.0.2\bin\verify.dll
0x00007ffafddc0000 - 0x00007ffafdfb4000 	C:\Windows\SYSTEM32\DBGHELP.DLL
0x00007ffafad40000 - 0x00007ffafad6a000 	C:\Windows\SYSTEM32\dbgcore.DLL
0x00007ffaeefb0000 - 0x00007ffaeefd6000 	C:\Program Files\Java\jdk-12.0.2\bin\java.dll
0x00007ffaee380000 - 0x00007ffaee397000 	C:\Program Files\Java\jdk-12.0.2\bin\zip.dll
0x00007ffaf05b0000 - 0x00007ffaf05ba000 	C:\Program Files\Java\jdk-12.0.2\bin\jimage.dll
0x00007ffb00ab0000 - 0x00007ffb01196000 	C:\Windows\System32\SHELL32.dll
0x00007ffb01610000 - 0x00007ffb016b9000 	C:\Windows\System32\shcore.dll
0x00007ffaff720000 - 0x00007ffaffea0000 	C:\Windows\System32\windows.storage.dll
0x00007ffaff4f0000 - 0x00007ffaff513000 	C:\Windows\System32\profapi.dll
0x00007ffaff520000 - 0x00007ffaff56a000 	C:\Windows\System32\powrprof.dll
0x00007ffaff4a0000 - 0x00007ffaff4b0000 	C:\Windows\System32\UMPDC.dll
0x00007ffb01920000 - 0x00007ffb01972000 	C:\Windows\System32\shlwapi.dll
0x00007ffafffa0000 - 0x00007ffafffb7000 	C:\Windows\System32\cryptsp.dll
0x00007ffaef380000 - 0x00007ffaef399000 	C:\Program Files\Java\jdk-12.0.2\bin\net.dll
0x00007ffaf30f0000 - 0x00007ffaf31e0000 	C:\Windows\SYSTEM32\WINHTTP.dll
0x00007ffaf31e0000 - 0x00007ffaf33b6000 	C:\Windows\SYSTEM32\urlmon.dll
0x00007ffaf4980000 - 0x00007ffaf4c26000 	C:\Windows\SYSTEM32\iertutil.dll
0x00007ffafeee0000 - 0x00007ffafeeec000 	C:\Windows\SYSTEM32\CRYPTBASE.DLL
0x00007ffafed10000 - 0x00007ffafed77000 	C:\Windows\system32\mswsock.dll
0x00007ffaef360000 - 0x00007ffaef373000 	C:\Program Files\Java\jdk-12.0.2\bin\nio.dll

dbghelp: loaded successfully - version: 4.0.5 - missing functions: none
symbol engine: initialized successfully - sym options: 0x614 - pdb path: .;C:\Program Files\Java\jdk-12.0.2\bin;C:\Windows\SYSTEM32;C:\Windows\WinSxS\amd64_microsoft.windows.common-controls_6595b64144ccf1df_6.0.18362.900_none_e6beb9d913147d17;C:\Program Files\Java\jdk-12.0.2\bin\server

VM Arguments:
jvm_args: -Dapplication.home=C:\Program Files\Java\jdk-12.0.2 --add-modules=ALL-DEFAULT -Xms8m -Djdk.module.main=jdk.compiler 
java_command: jdk.compiler/com.sun.tools.javac.Main -d C:\Users\USER\Documents\NetBeansProjects\KTDH\build\classes -classpath C:\Users\USER\Documents\NetBeansProjects\KTDH\build\classes;D:\NETBEAN\netbeans\java\modules\ext\AbsoluteLayout.jar;C:\Users\USER\Desktop\NNLT\JAVA TOOL+CODE\Tool JAVA\AutoComplete\swingx-all-1.6.4.jar -sourcepath C:\Users\USER\Documents\NetBeansProjects\KTDH\src -target 12 -encoding UTF-8 -g -processorpath D:\NETBEAN\netbeans\java\modules\ext\AbsoluteLayout.jar;C:\Users\USER\Desktop\NNLT\JAVA TOOL+CODE\Tool JAVA\AutoComplete\swingx-all-1.6.4.jar;C:\Users\USER\Documents\NetBeansProjects\KTDH\build\empty -s C:\Users\USER\Documents\NetBeansProjects\KTDH\build\generated-sources\ap-source-output -source 12 C:\Users\USER\Documents\NetBeansProjects\KTDH\src\ktdh\Egg.java
java_class_path (initial): <not set>
Launcher Type: SUN_STANDARD

[Global flags]
     intx CICompilerCount                          = 3                                         {product} {ergonomic}
     uint ConcGCThreads                            = 1                                         {product} {ergonomic}
     uint G1ConcRefinementThreads                  = 4                                         {product} {ergonomic}
   size_t G1HeapRegionSize                         = 1048576                                   {product} {ergonomic}
    uintx GCDrainStackTargetSize                   = 64                                        {product} {ergonomic}
   size_t InitialHeapSize                          = 8388608                                   {product} {command line}
   size_t MarkStackSize                            = 4194304                                   {product} {ergonomic}
   size_t MaxHeapSize                              = 3187671040                                {product} {ergonomic}
   size_t MaxNewSize                               = 1912602624                                {product} {ergonomic}
   size_t MinHeapDeltaBytes                        = 1048576                                   {product} {ergonomic}
    uintx NonNMethodCodeHeapSize                   = 5830732                                {pd product} {ergonomic}
    uintx NonProfiledCodeHeapSize                  = 122913754                              {pd product} {ergonomic}
    uintx ProfiledCodeHeapSize                     = 122913754                              {pd product} {ergonomic}
    uintx ReservedCodeCacheSize                    = 251658240                              {pd product} {ergonomic}
     bool SegmentedCodeCache                       = true                                      {product} {ergonomic}
     bool UseCompressedClassPointers               = true                                 {lp64_product} {ergonomic}
     bool UseCompressedOops                        = true                                 {lp64_product} {ergonomic}
     bool UseG1GC                                  = true                                      {product} {ergonomic}
     bool UseLargePagesIndividualAllocation        = false                                  {pd product} {ergonomic}

Logging:
Log output configuration:
 #0: stdout all=warning uptime,level,tags
 #1: stderr all=off uptime,level,tags

Environment Variables:
JAVA_HOME=C:\Program Files\Java\jdk-12.0.2
PATH=C:\Program Files (x86)\Common Files\Oracle\Java\javapath;C:\Program Files (x86)\Intel\Intel(R) Management Engine Components\iCLS\;C:\Program Files\Intel\Intel(R) Management Engine Components\iCLS\;C:\Windows\system32;C:\Windows;C:\Windows\System32\Wbem;C:\Windows\System32\WindowsPowerShell\v1.0\;C:\Windows\System32\OpenSSH\;C:\Program Files (x86)\Intel\Intel(R) Management Engine Components\DAL;C:\Program Files\Intel\Intel(R) Management Engine Components\DAL;C:\Program Files (x86)\Intel\Intel(R) Management Engine Components\IPT;C:\Program Files\Intel\Intel(R) Management Engine Components\IPT;C:\Program Files\Intel\WiFi\bin\;C:\Program Files\Common Files\Intel\WirelessCommon\;C:\Program Files\Java\jdk-12.0.2\bin;C:\Program Files\Microsoft SQL Server\110\Tools\Binn\;C:\Program Files (x86)\Microsoft SQL Server\110\Tools\Binn\;C:\Program Files\Microsoft SQL Server\110\DTS\Binn\;C:\Program Files (x86)\Microsoft SQL Server\110\Tools\Binn\ManagementStudio\;C:\Program Files (x86)\Microsoft Visual Studio 10.0\Common7\IDE\PrivateAssemblies\;C:\Program Files (x86)\Microsoft SQL Server\110\DTS\Binn\;C:\Users\USER\Documents\OpenSSL\OpenSSL-Win64\bin;C:\Program Files\OpenSSL-Win64\bin;C:\Users\USER\Downloads\New folder\New folder\bin;D:\PYTHON\Scripts\;D:\PYTHON\;C:\Users\USER\AppData\Local\Microsoft\WindowsApps;C:\Program Files\Intel\WiFi\bin\;C:\Program Files\Common Files\Intel\WirelessCommon\
USERNAME=USER
OS=Windows_NT
PROCESSOR_IDENTIFIER=Intel64 Family 6 Model 142 Stepping 9, GenuineIntel



---------------  S Y S T E M  ---------------

OS: Windows 10 , 64 bit Build 18362 (10.0.18362.900)

CPU:total 4 (initial active 4) (2 cores per cpu, 2 threads per core) family 6 model 142 stepping 9, cmov, cx8, fxsr, mmx, sse, sse2, sse3, ssse3, sse4.1, sse4.2, popcnt, avx, avx2, aes, clmul, erms, 3dnowpref, lzcnt, ht, tsc, tscinvbit, bmi1, bmi2, adx, fma

Memory: 4k page, system-wide physical 12153M (4319M free)
TotalPageFile size 28176M (AvailPageFile size 4M)
current process WorkingSet (physical memory assigned to process): 65M, peak: 65M
current process commit charge ("private bytes"): 90M, peak: 93M

vm_info: Java HotSpot(TM) 64-Bit Server VM (12.0.2+10) for windows-amd64 JRE (12.0.2+10), built on Jul 16 2019 01:56:17 by "mach5one" with MS VC++ 15.5 (VS2017)

END.
