#
# There is insufficient memory for the Java Runtime Environment to continue.
# Native memory allocation (malloc) failed to allocate 1486896 bytes for Chunk::new
# Possible reasons:
#   The system is out of physical RAM or swap space
#   The process is running with CompressedOops enabled, and the Java Heap may be blocking the growth of the native heap
# Possible solutions:
#   Reduce memory load on the system
#   Increase physical memory or swap space
#   Check if swap backing store is full
#   Decrease Java heap size (-Xmx/-Xms)
#   Decrease number of Java threads
#   Decrease Java thread stack sizes (-Xss)
#   Set larger code cache with -XX:ReservedCodeCacheSize=
#   JVM is running with Zero Based Compressed Oops mode in which the Java heap is
#     placed in the first 32GB address space. The Java Heap base address is the
#     maximum limit for the native heap growth. Please use -XX:HeapBaseMinAddress
#     to set the Java Heap base and to place the Java Heap above 32GB virtual address.
# This output file may be truncated or incomplete.
#
#  Out of Memory Error (t:/workspace/open/src/hotspot/share/memory/arena.cpp:197), pid=22704, tid=8204
#
# JRE version: Java(TM) SE Runtime Environment (12.0.2+10) (build 12.0.2+10)
# Java VM: Java HotSpot(TM) 64-Bit Server VM (12.0.2+10, mixed mode, sharing, tiered, compressed oops, g1 gc, windows-amd64)
# No core dump will be written. Minidumps are not enabled by default on client versions of Windows
#

---------------  S U M M A R Y ------------

Command Line: -Dapplication.home=C:\Program Files\Java\jdk-12.0.2 --add-modules=ALL-DEFAULT -Xms8m -Djdk.module.main=jdk.compiler jdk.compiler/com.sun.tools.javac.Main -d C:\Users\USER\Documents\NetBeansProjects\KTDH\build\classes -classpath C:\Users\USER\Documents\NetBeansProjects\KTDH\build\classes;D:\NETBEAN\netbeans\java\modules\ext\AbsoluteLayout.jar;C:\Users\USER\Desktop\NNLT\JAVA TOOL+CODE\Tool JAVA\AutoComplete\swingx-all-1.6.4.jar -sourcepath C:\Users\USER\Documents\NetBeansProjects\KTDH\src -target 12 -encoding UTF-8 -g -processorpath D:\NETBEAN\netbeans\java\modules\ext\AbsoluteLayout.jar;C:\Users\USER\Desktop\NNLT\JAVA TOOL+CODE\Tool JAVA\AutoComplete\swingx-all-1.6.4.jar;C:\Users\USER\Documents\NetBeansProjects\KTDH\build\empty -s C:\Users\USER\Documents\NetBeansProjects\KTDH\build\generated-sources\ap-source-output -source 12 C:\Users\USER\Documents\NetBeansProjects\KTDH\src\ktdh\Egg.java

Host: Intel(R) Core(TM) i7-7500U CPU @ 2.70GHz, 4 cores, 11G,  Windows 10 , 64 bit Build 18362 (10.0.18362.900)
Time: Wed Jul  1 22:39:23 2020 SE Asia Standard Time elapsed time: 2 seconds (0d 0h 0m 2s)

---------------  T H R E A D  ---------------

Current thread (0x000001921f388800):  JavaThread "C2 CompilerThread0" daemon [_thread_in_native, id=8204, stack(0x0000002631200000,0x0000002631300000)]


Current CompileTask:
C2:   2468 1656       4       com.sun.tools.javac.code.Symtab::lookupPackage (243 bytes)

Stack: [0x0000002631200000,0x0000002631300000]
Native frames: (J=compiled Java code, j=interpreted, Vv=VM code, C=native code)
V  [jvm.dll+0x63aa2a]
V  [jvm.dll+0x78ce1e]
V  [jvm.dll+0x78e4c1]
V  [jvm.dll+0x78eb13]
V  [jvm.dll+0x2627e8]
V  [jvm.dll+0xc55cc]
V  [jvm.dll+0xc5b4c]
V  [jvm.dll+0x37a677]
V  [jvm.dll+0x3463d3]
V  [jvm.dll+0x34579a]
V  [jvm.dll+0x21c205]
V  [jvm.dll+0x21b3da]
V  [jvm.dll+0x199a20]
V  [jvm.dll+0x22a744]
V  [jvm.dll+0x228d98]
V  [jvm.dll+0x7512a0]
V  [jvm.dll+0x74a2c8]
V  [jvm.dll+0x639b16]
C  [ucrtbase.dll+0x20e82]
C  [KERNEL32.DLL+0x17bd4]
C  [ntdll.dll+0x6ce51]


---------------  P R O C E S S  ---------------

Threads class SMR info:
_java_thread_list=0x000001921fb46e60, length=11, elements={
0x000001927e22a800, 0x000001921f367800, 0x000001921f36b000, 0x000001921f383000,
0x000001921f385800, 0x000001921f388800, 0x000001921f390000, 0x000001921f395000,
0x000001921f5b0000, 0x000001921f5ab800, 0x000001921fee8800
}

Java Threads: ( => current thread )
  0x000001927e22a800 JavaThread "main" [_thread_in_Java, id=12692, stack(0x0000002630700000,0x0000002630800000)]
  0x000001921f367800 JavaThread "Reference Handler" daemon [_thread_blocked, id=6000, stack(0x0000002630e00000,0x0000002630f00000)]
  0x000001921f36b000 JavaThread "Finalizer" daemon [_thread_blocked, id=19336, stack(0x0000002630f00000,0x0000002631000000)]
  0x000001921f383000 JavaThread "Signal Dispatcher" daemon [_thread_blocked, id=10332, stack(0x0000002631000000,0x0000002631100000)]
  0x000001921f385800 JavaThread "Attach Listener" daemon [_thread_blocked, id=13604, stack(0x0000002631100000,0x0000002631200000)]
=>0x000001921f388800 JavaThread "C2 CompilerThread0" daemon [_thread_in_native, id=8204, stack(0x0000002631200000,0x0000002631300000)]
  0x000001921f390000 JavaThread "C1 CompilerThread0" daemon [_thread_blocked, id=13260, stack(0x0000002631300000,0x0000002631400000)]
  0x000001921f395000 JavaThread "Sweeper thread" daemon [_thread_blocked, id=18600, stack(0x0000002631400000,0x0000002631500000)]
  0x000001921f5b0000 JavaThread "Common-Cleaner" daemon [_thread_blocked, id=17576, stack(0x0000002631500000,0x0000002631600000)]
  0x000001921f5ab800 JavaThread "Service Thread" daemon [_thread_blocked, id=14848, stack(0x0000002631600000,0x0000002631700000)]
  0x000001921fee8800 JavaThread "C2 CompilerThread1" daemon [_thread_in_native, id=24072, stack(0x0000002631900000,0x0000002631a00000)]

Other Threads:
  0x000001921f363800 VMThread "VM Thread" [stack: 0x0000002630d00000,0x0000002630e00000] [id=2944]
  0x000001921f653800 WatcherThread [stack: 0x0000002631700000,0x0000002631800000] [id=23788]
  0x000001927e27c800 GCTaskThread "GC Thread#0" [stack: 0x0000002630800000,0x0000002630900000] [id=24164]
  0x000001921f757800 GCTaskThread "GC Thread#1" [stack: 0x0000002631800000,0x0000002631900000] [id=22484]
  0x000001927e290800 ConcurrentGCThread "G1 Main Marker" [stack: 0x0000002630900000,0x0000002630a00000] [id=24028]
  0x000001927e293800 ConcurrentGCThread "G1 Conc#0" [stack: 0x0000002630a00000,0x0000002630b00000] [id=5264]
  0x000001927e2ae000 ConcurrentGCThread "G1 Refine#0" [stack: 0x0000002630b00000,0x0000002630c00000] [id=15556]
  0x000001927e2af000 ConcurrentGCThread "G1 Young RemSet Sampling" [stack: 0x0000002630c00000,0x0000002630d00000] [id=22768]

Threads with active compile tasks:
C2 CompilerThread0  1656       4       com.sun.tools.javac.code.Symtab::lookupPackage (243 bytes)
C2 CompilerThread1  1677       4       com.sun.tools.javac.code.Symtab::enterClass (71 bytes)

VM state:not at safepoint (normal execution)

VM Mutex/Monitor currently owned by a thread: None

Heap address: 0x0000000742000000, size: 3040 MB, Compressed Oops mode: Zero based, Oop shift amount: 3
Narrow klass base: 0x0000000800000000, Narrow klass shift: 3
Compressed class space size: 1073741824 Address: 0x0000000801190000

Heap:
 garbage-first heap   total 27648K, used 10173K [0x0000000742000000, 0x0000000800000000)
  region size 1024K, 2 young (2048K), 1 survivors (1024K)
 Metaspace       used 10244K, capacity 12806K, committed 13056K, reserved 1060864K
  class space    used 1151K, capacity 1462K, committed 1536K, reserved 1048576K
Heap Regions: E=young(eden), S=young(survivor), O=old, HS=humongous(starts), HC=humongous(continues), CS=collection set, F=free, A=archive, TAMS=top-at-mark-start (previous, next)
|   0|0x0000000742000000, 0x0000000742100000, 0x0000000742100000|100%| O|  |TAMS 0x0000000742000000, 0x0000000742000000| Untracked 
|   1|0x0000000742100000, 0x0000000742200000, 0x0000000742200000|100%| O|  |TAMS 0x0000000742100000, 0x0000000742100000| Untracked 
|   2|0x0000000742200000, 0x0000000742300000, 0x0000000742300000|100%| O|  |TAMS 0x0000000742200000, 0x0000000742200000| Untracked 
|   3|0x0000000742300000, 0x0000000742400000, 0x0000000742400000|100%| O|  |TAMS 0x0000000742300000, 0x0000000742300000| Untracked 
|   4|0x0000000742400000, 0x0000000742500000, 0x0000000742500000|100%| O|  |TAMS 0x0000000742400000, 0x0000000742400000| Untracked 
|   5|0x0000000742500000, 0x0000000742600000, 0x0000000742600000|100%| O|  |TAMS 0x0000000742500000, 0x0000000742500000| Untracked 
|   6|0x0000000742600000, 0x0000000742700000, 0x0000000742700000|100%| O|  |TAMS 0x0000000742600000, 0x0000000742600000| Untracked 
|   7|0x0000000742700000, 0x0000000742800000, 0x0000000742800000|100%| O|  |TAMS 0x0000000742700000, 0x0000000742700000| Untracked 
|   8|0x0000000742800000, 0x0000000742900000, 0x0000000742900000|100%| O|  |TAMS 0x0000000742800000, 0x0000000742800000| Untracked 
|   9|0x0000000742900000, 0x0000000742927a00, 0x0000000742a00000| 15%| O|  |TAMS 0x0000000742900000, 0x0000000742900000| Untracked 
|  10|0x0000000742a00000, 0x0000000742a00000, 0x0000000742b00000|  0%| F|  |TAMS 0x0000000742a00000, 0x0000000742a00000| Untracked 
|  11|0x0000000742b00000, 0x0000000742b00000, 0x0000000742c00000|  0%| F|  |TAMS 0x0000000742b00000, 0x0000000742b00000| Untracked 
|  12|0x0000000742c00000, 0x0000000742c00000, 0x0000000742d00000|  0%| F|  |TAMS 0x0000000742c00000, 0x0000000742c00000| Untracked 
|  13|0x0000000742d00000, 0x0000000742d00000, 0x0000000742e00000|  0%| F|  |TAMS 0x0000000742d00000, 0x0000000742d00000| Untracked 
|  14|0x0000000742e00000, 0x0000000742e00000, 0x0000000742f00000|  0%| F|  |TAMS 0x0000000742e00000, 0x0000000742e00000| Untracked 
|  15|0x0000000742f00000, 0x0000000742f00000, 0x0000000743000000|  0%| F|  |TAMS 0x0000000742f00000, 0x0000000742f00000| Untracked 
|  16|0x0000000743000000, 0x0000000743000000, 0x0000000743100000|  0%| F|  |TAMS 0x0000000743000000, 0x0000000743000000| Untracked 
|  17|0x0000000743100000, 0x0000000743100000, 0x0000000743200000|  0%| F|  |TAMS 0x0000000743100000, 0x0000000743100000| Untracked 
|  18|0x0000000743200000, 0x0000000743200000, 0x0000000743300000|  0%| F|  |TAMS 0x0000000743200000, 0x0000000743200000| Untracked 
|  19|0x0000000743300000, 0x0000000743300000, 0x0000000743400000|  0%| F|  |TAMS 0x0000000743300000, 0x0000000743300000| Untracked 
|  20|0x0000000743400000, 0x00000007434c7dd0, 0x0000000743500000| 78%| S|CS|TAMS 0x0000000743400000, 0x0000000743400000| Complete 
|  21|0x0000000743500000, 0x0000000743500000, 0x0000000743600000|  0%| F|  |TAMS 0x0000000743500000, 0x0000000743500000| Untracked 
|  22|0x0000000743600000, 0x0000000743600000, 0x0000000743700000|  0%| F|  |TAMS 0x0000000743600000, 0x0000000743600000| Untracked 
|  23|0x0000000743700000, 0x0000000743700000, 0x0000000743800000|  0%| F|  |TAMS 0x0000000743700000, 0x0000000743700000| Untracked 
|  24|0x0000000743800000, 0x0000000743800000, 0x0000000743900000|  0%| F|  |TAMS 0x0000000743800000, 0x0000000743800000| Untracked 
|  25|0x0000000743900000, 0x0000000743900000, 0x0000000743a00000|  0%| F|  |TAMS 0x0000000743900000, 0x0000000743900000| Untracked 
|  26|0x0000000743a00000, 0x0000000743a3e140, 0x0000000743b00000| 24%| E|  |TAMS 0x0000000743a00000, 0x0000000743a00000| Complete 

Card table byte_map: [0x000001927e8f0000,0x000001927eee0000] _byte_map_base: 0x000001927aee0000

Marking Bits (Prev, Next): (CMBitMap*) 0x000001927e27d328, (CMBitMap*) 0x000001927e27d368
 Prev Bits: [0x0000019217330000, 0x000001921a2b0000)
 Next Bits: [0x000001921a2b0000, 0x000001921d230000)

Polling page: 0x000001927da00000

Metaspace:

Usage:
  Non-class:     11.08 MB capacity,     8.88 MB ( 80%) used,     2.17 MB ( 20%) free+waste,    30.81 KB ( <1%) overhead. 
      Class:      1.43 MB capacity,     1.12 MB ( 79%) used,   295.84 KB ( 20%) free+waste,    14.63 KB (  1%) overhead. 
       Both:     12.51 MB capacity,    10.00 MB ( 80%) used,     2.46 MB ( 20%) free+waste,    45.44 KB ( <1%) overhead. 

Virtual space:
  Non-class space:       12.00 MB reserved,      11.25 MB ( 94%) committed 
      Class space:        1.00 GB reserved,       1.50 MB ( <1%) committed 
             Both:        1.01 GB reserved,      12.75 MB (  1%) committed 

Chunk freelists:
   Non-Class:  6.00 KB
       Class:  1.25 KB
        Both:  7.25 KB

CodeHeap 'non-profiled nmethods': size=120064Kb used=614Kb max_used=614Kb free=119449Kb
 bounds [0x000001920fdf0000, 0x0000019210060000, 0x0000019217330000]
CodeHeap 'profiled nmethods': size=120000Kb used=4487Kb max_used=4487Kb free=115512Kb
 bounds [0x00000192088c0000, 0x0000019208d30000, 0x000001920fdf0000]
CodeHeap 'non-nmethods': size=5696Kb used=1125Kb max_used=1158Kb free=4570Kb
 bounds [0x0000019208330000, 0x00000192085a0000, 0x00000192088c0000]
 total_blobs=2733 nmethods=1927 adapters=336
 compilation: enabled
              stopped_count=0, restarted_count=0
 full_count=0

Compilation events (10 events):
Event: 2.459 Thread 0x000001921f390000 nmethod 1910 0x000001920fe89090 code [0x000001920fe89240, 0x000001920fe89378]
Event: 2.459 Thread 0x000001921f390000 1914       2       com.sun.tools.javac.jvm.Code::emit2 (78 bytes)
Event: 2.459 Thread 0x000001921f390000 nmethod 1914 0x0000019208d09510 code [0x0000019208d096e0, 0x0000019208d09960]
Event: 2.459 Thread 0x000001921f390000 1904       2       com.sun.tools.javac.jvm.Items$Item::coerce (9 bytes)
Event: 2.459 Thread 0x000001921f390000 nmethod 1904 0x0000019208d09a90 code [0x0000019208d09c60, 0x0000019208d09e20]
Event: 2.459 Thread 0x000001921f390000 1906       1       java.lang.Double::doubleValue (5 bytes)
Event: 2.459 Thread 0x000001921f390000 nmethod 1906 0x000001920fe89410 code [0x000001920fe895c0, 0x000001920fe896f8]
Event: 2.460 Thread 0x000001921f390000 1915       2       com.sun.tools.javac.code.Types$UniqueType::hashCode (12 bytes)
Event: 2.460 Thread 0x000001921f390000 nmethod 1915 0x0000019208d09f10 code [0x0000019208d0a0e0, 0x0000019208d0a310]
Event: 2.460 Thread 0x000001921f390000 1918       2       com.sun.tools.javac.jvm.Code::emitop0 (2589 bytes)

GC Heap History (10 events):
Event: 1.657 GC heap before
{Heap before GC invocations=15 (full 0):
 garbage-first heap   total 17408K, used 9193K [0x0000000742000000, 0x0000000800000000)
  region size 1024K, 4 young (4096K), 1 survivors (1024K)
 Metaspace       used 8788K, capacity 11467K, committed 11648K, reserved 1058816K
  class space    used 1014K, capacity 1317K, committed 1408K, reserved 1048576K
}
Event: 1.661 GC heap after
{Heap after GC invocations=16 (full 0):
 garbage-first heap   total 17408K, used 6841K [0x0000000742000000, 0x0000000800000000)
  region size 1024K, 1 young (1024K), 1 survivors (1024K)
 Metaspace       used 8788K, capacity 11467K, committed 11648K, reserved 1058816K
  class space    used 1014K, capacity 1317K, committed 1408K, reserved 1048576K
}
Event: 1.672 GC heap before
{Heap before GC invocations=16 (full 0):
 garbage-first heap   total 17408K, used 9913K [0x0000000742000000, 0x0000000800000000)
  region size 1024K, 4 young (4096K), 1 survivors (1024K)
 Metaspace       used 8789K, capacity 11467K, committed 11648K, reserved 1058816K
  class space    used 1014K, capacity 1317K, committed 1408K, reserved 1048576K
}
Event: 1.675 GC heap after
{Heap after GC invocations=17 (full 0):
 garbage-first heap   total 17408K, used 7094K [0x0000000742000000, 0x0000000800000000)
  region size 1024K, 1 young (1024K), 1 survivors (1024K)
 Metaspace       used 8789K, capacity 11467K, committed 11648K, reserved 1058816K
  class space    used 1014K, capacity 1317K, committed 1408K, reserved 1048576K
}
Event: 1.727 GC heap before
{Heap before GC invocations=17 (full 0):
 garbage-first heap   total 17408K, used 9142K [0x0000000742000000, 0x0000000800000000)
  region size 1024K, 4 young (4096K), 1 survivors (1024K)
 Metaspace       used 8884K, capacity 11492K, committed 11648K, reserved 1058816K
  class space    used 1024K, capacity 1325K, committed 1408K, reserved 1048576K
}
Event: 1.731 GC heap after
{Heap after GC invocations=18 (full 0):
 garbage-first heap   total 27648K, used 8089K [0x0000000742000000, 0x0000000800000000)
  region size 1024K, 1 young (1024K), 1 survivors (1024K)
 Metaspace       used 8884K, capacity 11492K, committed 11648K, reserved 1058816K
  class space    used 1024K, capacity 1325K, committed 1408K, reserved 1048576K
}
Event: 2.162 GC heap before
{Heap before GC invocations=18 (full 0):
 garbage-first heap   total 27648K, used 15257K [0x0000000742000000, 0x0000000800000000)
  region size 1024K, 8 young (8192K), 1 survivors (1024K)
 Metaspace       used 9433K, capacity 12076K, committed 12288K, reserved 1060864K
  class space    used 1086K, capacity 1413K, committed 1536K, reserved 1048576K
}
Event: 2.170 GC heap after
{Heap after GC invocations=19 (full 0):
 garbage-first heap   total 27648K, used 9291K [0x0000000742000000, 0x0000000800000000)
  region size 1024K, 1 young (1024K), 1 survivors (1024K)
 Metaspace       used 9433K, capacity 12076K, committed 12288K, reserved 1060864K
  class space    used 1086K, capacity 1413K, committed 1536K, reserved 1048576K
}
Event: 2.445 GC heap before
{Heap before GC invocations=19 (full 0):
 garbage-first heap   total 27648K, used 15435K [0x0000000742000000, 0x0000000800000000)
  region size 1024K, 7 young (7168K), 1 survivors (1024K)
 Metaspace       used 10146K, capacity 12742K, committed 13056K, reserved 1060864K
  class space    used 1145K, capacity 1462K, committed 1536K, reserved 1048576K
}
Event: 2.452 GC heap after
{Heap after GC invocations=20 (full 0):
 garbage-first heap   total 27648K, used 10173K [0x0000000742000000, 0x0000000800000000)
  region size 1024K, 1 young (1024K), 1 survivors (1024K)
 Metaspace       used 10146K, capacity 12742K, committed 13056K, reserved 1060864K
  class space    used 1145K, capacity 1462K, committed 1536K, reserved 1048576K
}

Deoptimization events (10 events):
Event: 1.314 Thread 0x000001927e22a800 Uncommon trap: reason=class_check action=maybe_recompile pc=0x000001920fe2c0a0 method=java.util.HashMap.putVal(ILjava/lang/Object;Ljava/lang/Object;ZZ)Ljava/lang/Object; @ 203 c2
Event: 1.428 Thread 0x000001927e22a800 Uncommon trap: reason=class_check action=maybe_recompile pc=0x000001920fe2a638 method=java.util.HashMap.getNode(ILjava/lang/Object;)Ljava/util/HashMap$Node; @ 126 c2
Event: 1.603 Thread 0x000001927e22a800 Uncommon trap: reason=unstable_if action=reinterpret pc=0x000001920fe3fd8c method=java.lang.String.<init>([CIILjava/lang/Void;)V @ 5 c2
Event: 1.603 Thread 0x000001927e22a800 Uncommon trap: reason=unstable_if action=reinterpret pc=0x000001920fe24b70 method=java.lang.String.<init>([CIILjava/lang/Void;)V @ 5 c2
Event: 1.629 Thread 0x000001927e22a800 Uncommon trap: reason=class_check action=maybe_recompile pc=0x000001920fe510d4 method=java.util.regex.Pattern$Start.<init>(Ljava/util/regex/Pattern$Node;)V @ 22 c2
Event: 1.642 Thread 0x000001927e22a800 Uncommon trap: reason=class_check action=maybe_recompile pc=0x000001920fe510d4 method=java.util.regex.Pattern$Start.<init>(Ljava/util/regex/Pattern$Node;)V @ 22 c2
Event: 1.645 Thread 0x000001927e22a800 Uncommon trap: reason=class_check action=maybe_recompile pc=0x000001920fe510d4 method=java.util.regex.Pattern$Start.<init>(Ljava/util/regex/Pattern$Node;)V @ 22 c2
Event: 1.684 Thread 0x000001927e22a800 Uncommon trap: reason=class_check action=maybe_recompile pc=0x000001920fe510d4 method=java.util.regex.Pattern$Start.<init>(Ljava/util/regex/Pattern$Node;)V @ 22 c2
Event: 1.791 Thread 0x000001927e22a800 Uncommon trap: reason=unstable_if action=reinterpret pc=0x000001920fe5bbf4 method=com.sun.tools.javac.code.Scope$ScopeImpl.getIndex(Lcom/sun/tools/javac/util/Name;)I @ 60 c2
Event: 2.320 Thread 0x000001927e22a800 Uncommon trap: reason=unstable_if action=reinterpret pc=0x000001920fe8169c method=com.sun.tools.javac.code.Scope$ScopeImpl.lookup(Lcom/sun/tools/javac/util/Name;Lcom/sun/tools/javac/util/Filter;)Lcom/sun/tools/javac/code/Scope$Entry; @ 19 c2

Classes redefined (0 events):
No events

Internal exceptions (10 events):
Event: 1.344 Thread 0x000001927e22a800 Exception <a 'java/lang/NoSuchMethodError'{0x0000000742908af8}: java.lang.invoke.DirectMethodHandle$Holder.invokeSpecial(Ljava/lang/Object;Ljava/lang/Object;Ljava/lang/Object;Ljava/lang/Object;Ljava/lang/Object;)I> (0x0000000742908af8) thrown at [t:/works
Event: 1.428 Thread 0x000001927e22a800 Exception <a 'sun/nio/fs/WindowsException'{0x0000000742c4c8e8}> (0x0000000742c4c8e8) thrown at [t:/workspace/open/src/hotspot/share/prims/jni.cpp, line 615]
Event: 1.428 Thread 0x000001927e22a800 Exception <a 'sun/nio/fs/WindowsException'{0x0000000742c4cba8}> (0x0000000742c4cba8) thrown at [t:/workspace/open/src/hotspot/share/prims/jni.cpp, line 615]
Event: 1.428 Thread 0x000001927e22a800 Exception <a 'sun/nio/fs/WindowsException'{0x0000000742c4db80}> (0x0000000742c4db80) thrown at [t:/workspace/open/src/hotspot/share/prims/jni.cpp, line 615]
Event: 1.428 Thread 0x000001927e22a800 Exception <a 'sun/nio/fs/WindowsException'{0x0000000742c4de00}> (0x0000000742c4de00) thrown at [t:/workspace/open/src/hotspot/share/prims/jni.cpp, line 615]
Event: 1.523 Thread 0x000001927e22a800 Exception <a 'sun/nio/fs/WindowsException'{0x0000000742b6b308}> (0x0000000742b6b308) thrown at [t:/workspace/open/src/hotspot/share/prims/jni.cpp, line 615]
Event: 1.523 Thread 0x000001927e22a800 Exception <a 'sun/nio/fs/WindowsException'{0x0000000742b6b5c0}> (0x0000000742b6b5c0) thrown at [t:/workspace/open/src/hotspot/share/prims/jni.cpp, line 615]
Event: 1.524 Thread 0x000001927e22a800 Exception <a 'sun/nio/fs/WindowsException'{0x0000000742b6c598}> (0x0000000742b6c598) thrown at [t:/workspace/open/src/hotspot/share/prims/jni.cpp, line 615]
Event: 1.526 Thread 0x000001927e22a800 Exception <a 'sun/nio/fs/WindowsException'{0x0000000742b6c808}> (0x0000000742b6c808) thrown at [t:/workspace/open/src/hotspot/share/prims/jni.cpp, line 615]
Event: 2.142 Thread 0x000001927e22a800 Exception <a 'java/lang/NoSuchMethodError'{0x00000007435e4548}: java.lang.invoke.DirectMethodHandle$Holder.invokeVirtual(Ljava/lang/Object;Ljava/lang/Object;)V> (0x00000007435e4548) thrown at [t:/workspace/open/src/hotspot/share/interpreter/linkResolver.c

Events (10 events):
Event: 2.422 loading class com/sun/tools/javac/code/Symbol
Event: 2.422 loading class com/sun/tools/javac/code/Symbol done
Event: 2.422 loading class com/sun/tools/javac/util/Filter
Event: 2.422 loading class com/sun/tools/javac/util/Filter done
Event: 2.433 loading class java/nio/channels/Channels$1
Event: 2.433 loading class java/nio/channels/Channels$1 done
Event: 2.435 loading class sun/nio/fs/WindowsUriSupport
Event: 2.435 loading class sun/nio/fs/WindowsUriSupport done
Event: 2.445 Executing VM operation: G1CollectForAllocation
Event: 2.452 Executing VM operation: G1CollectForAllocation done


Dynamic libraries:
0x00007ff69d2a0000 - 0x00007ff69d2a8000 	C:\Program Files\Java\jdk-12.0.2\bin\javac.exe
0x00007ffb025e0000 - 0x00007ffb027d0000 	C:\Windows\SYSTEM32\ntdll.dll
0x00007ffb01f60000 - 0x00007ffb02012000 	C:\Windows\System32\KERNEL32.DLL
0x00007ffb00360000 - 0x00007ffb00604000 	C:\Windows\System32\KERNELBASE.dll
0x00007ffb00260000 - 0x00007ffb0035a000 	C:\Windows\System32\ucrtbase.dll
0x00007ffafcbd0000 - 0x00007ffafcbe8000 	C:\Program Files\Java\jdk-12.0.2\bin\jli.dll
0x00007ffaf6b60000 - 0x00007ffaf6b76000 	C:\Program Files\Java\jdk-12.0.2\bin\VCRUNTIME140.dll
0x00007ffb01cd0000 - 0x00007ffb01d73000 	C:\Windows\System32\ADVAPI32.dll
0x00007ffb01880000 - 0x00007ffb0191e000 	C:\Windows\System32\msvcrt.dll
0x00007ffb02500000 - 0x00007ffb02597000 	C:\Windows\System32\sechost.dll
0x00007ffb02160000 - 0x00007ffb02280000 	C:\Windows\System32\RPCRT4.dll
0x00007ffb01b30000 - 0x00007ffb01cc4000 	C:\Windows\System32\USER32.dll
0x00007ffb00230000 - 0x00007ffb00251000 	C:\Windows\System32\win32u.dll
0x00007ffb00690000 - 0x00007ffb006b6000 	C:\Windows\System32\GDI32.dll
0x00007ffafffc0000 - 0x00007ffb00155000 	C:\Windows\System32\gdi32full.dll
0x00007ffaed020000 - 0x00007ffaed2a4000 	C:\Windows\WinSxS\amd64_microsoft.windows.common-controls_6595b64144ccf1df_6.0.18362.900_none_e6beb9d913147d17\COMCTL32.dll
0x00007ffb00160000 - 0x00007ffb001fe000 	C:\Windows\System32\msvcp_win.dll
0x00007ffb00770000 - 0x00007ffb00aa5000 	C:\Windows\System32\combase.dll
0x00007ffb00610000 - 0x00007ffb00690000 	C:\Windows\System32\bcryptPrimitives.dll
0x00007ffaf1260000 - 0x00007ffaf126a000 	C:\Windows\SYSTEM32\VERSION.dll
0x00007ffb01a10000 - 0x00007ffb01a3e000 	C:\Windows\System32\IMM32.DLL
0x00007ffac6b20000 - 0x00007ffac6bca000 	C:\Program Files\Java\jdk-12.0.2\bin\msvcp140.dll
0x00007ffab8570000 - 0x00007ffab90e7000 	C:\Program Files\Java\jdk-12.0.2\bin\server\jvm.dll
0x00007ffb01870000 - 0x00007ffb01878000 	C:\Windows\System32\PSAPI.DLL
0x00007ffafc9c0000 - 0x00007ffafc9e4000 	C:\Windows\SYSTEM32\WINMM.dll
0x00007ffaeacd0000 - 0x00007ffaeacd9000 	C:\Windows\SYSTEM32\WSOCK32.dll
0x00007ffafc990000 - 0x00007ffafc9bd000 	C:\Windows\SYSTEM32\winmmbase.dll
0x00007ffb01ac0000 - 0x00007ffb01b2f000 	C:\Windows\System32\WS2_32.dll
0x00007ffaffea0000 - 0x00007ffaffeea000 	C:\Windows\System32\cfgmgr32.dll
0x00007ffaff4d0000 - 0x00007ffaff4e1000 	C:\Windows\System32\kernel.appcore.dll
0x00007ffaf6ad0000 - 0x00007ffaf6ae1000 	C:\Program Files\Java\jdk-12.0.2\bin\verify.dll
0x00007ffafddc0000 - 0x00007ffafdfb4000 	C:\Windows\SYSTEM32\DBGHELP.DLL
0x00007ffafad40000 - 0x00007ffafad6a000 	C:\Windows\SYSTEM32\dbgcore.DLL
0x00007ffaf6af0000 - 0x00007ffaf6b16000 	C:\Program Files\Java\jdk-12.0.2\bin\java.dll
0x00007ffaf6ab0000 - 0x00007ffaf6ac7000 	C:\Program Files\Java\jdk-12.0.2\bin\zip.dll
0x00007ffaf6aa0000 - 0x00007ffaf6aaa000 	C:\Program Files\Java\jdk-12.0.2\bin\jimage.dll
0x00007ffb00ab0000 - 0x00007ffb01196000 	C:\Windows\System32\SHELL32.dll
0x00007ffb01610000 - 0x00007ffb016b9000 	C:\Windows\System32\shcore.dll
0x00007ffaff720000 - 0x00007ffaffea0000 	C:\Windows\System32\windows.storage.dll
0x00007ffaff4f0000 - 0x00007ffaff513000 	C:\Windows\System32\profapi.dll
0x00007ffaff520000 - 0x00007ffaff56a000 	C:\Windows\System32\powrprof.dll
0x00007ffaff4a0000 - 0x00007ffaff4b0000 	C:\Windows\System32\UMPDC.dll
0x00007ffb01920000 - 0x00007ffb01972000 	C:\Windows\System32\shlwapi.dll
0x00007ffafffa0000 - 0x00007ffafffb7000 	C:\Windows\System32\cryptsp.dll
0x00007ffaf6a80000 - 0x00007ffaf6a99000 	C:\Program Files\Java\jdk-12.0.2\bin\net.dll
0x00007ffaf30f0000 - 0x00007ffaf31e0000 	C:\Windows\SYSTEM32\WINHTTP.dll
0x00007ffaf31e0000 - 0x00007ffaf33b6000 	C:\Windows\SYSTEM32\urlmon.dll
0x00007ffaf4980000 - 0x00007ffaf4c26000 	C:\Windows\SYSTEM32\iertutil.dll
0x00007ffafeee0000 - 0x00007ffafeeec000 	C:\Windows\SYSTEM32\CRYPTBASE.DLL
0x00007ffafed10000 - 0x00007ffafed77000 	C:\Windows\system32\mswsock.dll
0x00007ffaf6240000 - 0x00007ffaf6253000 	C:\Program Files\Java\jdk-12.0.2\bin\nio.dll

dbghelp: loaded successfully - version: 4.0.5 - missing functions: none
symbol engine: initialized successfully - sym options: 0x614 - pdb path: .;C:\Program Files\Java\jdk-12.0.2\bin;C:\Windows\SYSTEM32;C:\Windows\WinSxS\amd64_microsoft.windows.common-controls_6595b64144ccf1df_6.0.18362.900_none_e6beb9d913147d17;C:\Program Files\Java\jdk-12.0.2\bin\server

VM Arguments:
jvm_args: -Dapplication.home=C:\Program Files\Java\jdk-12.0.2 --add-modules=ALL-DEFAULT -Xms8m -Djdk.module.main=jdk.compiler 
java_command: jdk.compiler/com.sun.tools.javac.Main -d C:\Users\USER\Documents\NetBeansProjects\KTDH\build\classes -classpath C:\Users\USER\Documents\NetBeansProjects\KTDH\build\classes;D:\NETBEAN\netbeans\java\modules\ext\AbsoluteLayout.jar;C:\Users\USER\Desktop\NNLT\JAVA TOOL+CODE\Tool JAVA\AutoComplete\swingx-all-1.6.4.jar -sourcepath C:\Users\USER\Documents\NetBeansProjects\KTDH\src -target 12 -encoding UTF-8 -g -processorpath D:\NETBEAN\netbeans\java\modules\ext\AbsoluteLayout.jar;C:\Users\USER\Desktop\NNLT\JAVA TOOL+CODE\Tool JAVA\AutoComplete\swingx-all-1.6.4.jar;C:\Users\USER\Documents\NetBeansProjects\KTDH\build\empty -s C:\Users\USER\Documents\NetBeansProjects\KTDH\build\generated-sources\ap-source-output -source 12 C:\Users\USER\Documents\NetBeansProjects\KTDH\src\ktdh\Egg.java
java_class_path (initial): <not set>
Launcher Type: SUN_STANDARD

[Global flags]
     intx CICompilerCount                          = 3                                         {product} {ergonomic}
     uint ConcGCThreads                            = 1                                         {product} {ergonomic}
     uint G1ConcRefinementThreads                  = 4                                         {product} {ergonomic}
   size_t G1HeapRegionSize                         = 1048576                                   {product} {ergonomic}
    uintx GCDrainStackTargetSize                   = 64                                        {product} {ergonomic}
   size_t InitialHeapSize                          = 8388608                                   {product} {command line}
   size_t MarkStackSize                            = 4194304                                   {product} {ergonomic}
   size_t MaxHeapSize                              = 3187671040                                {product} {ergonomic}
   size_t MaxNewSize                               = 1912602624                                {product} {ergonomic}
   size_t MinHeapDeltaBytes                        = 1048576                                   {product} {ergonomic}
    uintx NonNMethodCodeHeapSize                   = 5830732                                {pd product} {ergonomic}
    uintx NonProfiledCodeHeapSize                  = 122913754                              {pd product} {ergonomic}
    uintx ProfiledCodeHeapSize                     = 122913754                              {pd product} {ergonomic}
    uintx ReservedCodeCacheSize                    = 251658240                              {pd product} {ergonomic}
     bool SegmentedCodeCache                       = true                                      {product} {ergonomic}
     bool UseCompressedClassPointers               = true                                 {lp64_product} {ergonomic}
     bool UseCompressedOops                        = true                                 {lp64_product} {ergonomic}
     bool UseG1GC                                  = true                                      {product} {ergonomic}
     bool UseLargePagesIndividualAllocation        = false                                  {pd product} {ergonomic}

Logging:
Log output configuration:
 #0: stdout all=warning uptime,level,tags
 #1: stderr all=off uptime,level,tags

Environment Variables:
JAVA_HOME=C:\Program Files\Java\jdk-12.0.2
PATH=C:\Program Files (x86)\Common Files\Oracle\Java\javapath;C:\Program Files (x86)\Intel\Intel(R) Management Engine Components\iCLS\;C:\Program Files\Intel\Intel(R) Management Engine Components\iCLS\;C:\Windows\system32;C:\Windows;C:\Windows\System32\Wbem;C:\Windows\System32\WindowsPowerShell\v1.0\;C:\Windows\System32\OpenSSH\;C:\Program Files (x86)\Intel\Intel(R) Management Engine Components\DAL;C:\Program Files\Intel\Intel(R) Management Engine Components\DAL;C:\Program Files (x86)\Intel\Intel(R) Management Engine Components\IPT;C:\Program Files\Intel\Intel(R) Management Engine Components\IPT;C:\Program Files\Intel\WiFi\bin\;C:\Program Files\Common Files\Intel\WirelessCommon\;C:\Program Files\Java\jdk-12.0.2\bin;C:\Program Files\Microsoft SQL Server\110\Tools\Binn\;C:\Program Files (x86)\Microsoft SQL Server\110\Tools\Binn\;C:\Program Files\Microsoft SQL Server\110\DTS\Binn\;C:\Program Files (x86)\Microsoft SQL Server\110\Tools\Binn\ManagementStudio\;C:\Program Files (x86)\Microsoft Visual Studio 10.0\Common7\IDE\PrivateAssemblies\;C:\Program Files (x86)\Microsoft SQL Server\110\DTS\Binn\;C:\Users\USER\Documents\OpenSSL\OpenSSL-Win64\bin;C:\Program Files\OpenSSL-Win64\bin;C:\Users\USER\Downloads\New folder\New folder\bin;D:\PYTHON\Scripts\;D:\PYTHON\;C:\Users\USER\AppData\Local\Microsoft\WindowsApps;C:\Program Files\Intel\WiFi\bin\;C:\Program Files\Common Files\Intel\WirelessCommon\
USERNAME=USER
OS=Windows_NT
PROCESSOR_IDENTIFIER=Intel64 Family 6 Model 142 Stepping 9, GenuineIntel



---------------  S Y S T E M  ---------------

OS: Windows 10 , 64 bit Build 18362 (10.0.18362.900)

CPU:total 4 (initial active 4) (2 cores per cpu, 2 threads per core) family 6 model 142 stepping 9, cmov, cx8, fxsr, mmx, sse, sse2, sse3, ssse3, sse4.1, sse4.2, popcnt, avx, avx2, aes, clmul, erms, 3dnowpref, lzcnt, ht, tsc, tscinvbit, bmi1, bmi2, adx, fma

Memory: 4k page, system-wide physical 12153M (4965M free)
TotalPageFile size 28176M (AvailPageFile size 5M)
current process WorkingSet (physical memory assigned to process): 103M, peak: 103M
current process commit charge ("private bytes"): 131M, peak: 131M

vm_info: Java HotSpot(TM) 64-Bit Server VM (12.0.2+10) for windows-amd64 JRE (12.0.2+10), built on Jul 16 2019 01:56:17 by "mach5one" with MS VC++ 15.5 (VS2017)

END.
