#
# There is insufficient memory for the Java Runtime Environment to continue.
# Native memory allocation (malloc) failed to allocate 342496 bytes for Chunk::new
# Possible reasons:
#   The system is out of physical RAM or swap space
#   The process is running with CompressedOops enabled, and the Java Heap may be blocking the growth of the native heap
# Possible solutions:
#   Reduce memory load on the system
#   Increase physical memory or swap space
#   Check if swap backing store is full
#   Decrease Java heap size (-Xmx/-Xms)
#   Decrease number of Java threads
#   Decrease Java thread stack sizes (-Xss)
#   Set larger code cache with -XX:ReservedCodeCacheSize=
#   JVM is running with Zero Based Compressed Oops mode in which the Java heap is
#     placed in the first 32GB address space. The Java Heap base address is the
#     maximum limit for the native heap growth. Please use -XX:HeapBaseMinAddress
#     to set the Java Heap base and to place the Java Heap above 32GB virtual address.
# This output file may be truncated or incomplete.
#
#  Out of Memory Error (t:/workspace/open/src/hotspot/share/memory/arena.cpp:197), pid=912, tid=23348
#
# JRE version: Java(TM) SE Runtime Environment (12.0.2+10) (build 12.0.2+10)
# Java VM: Java HotSpot(TM) 64-Bit Server VM (12.0.2+10, mixed mode, sharing, tiered, compressed oops, g1 gc, windows-amd64)
# No core dump will be written. Minidumps are not enabled by default on client versions of Windows
#

---------------  S U M M A R Y ------------

Command Line: -Dapplication.home=C:\Program Files\Java\jdk-12.0.2 --add-modules=ALL-DEFAULT -Xms8m -Djdk.module.main=jdk.compiler jdk.compiler/com.sun.tools.javac.Main -d C:\Users\USER\Documents\NetBeansProjects\KTDH\build\classes -classpath C:\Users\USER\Documents\NetBeansProjects\KTDH\build\classes;D:\NETBEAN\netbeans\java\modules\ext\AbsoluteLayout.jar;C:\Users\USER\Desktop\NNLT\JAVA TOOL+CODE\Tool JAVA\AutoComplete\swingx-all-1.6.4.jar -sourcepath C:\Users\USER\Documents\NetBeansProjects\KTDH\src -target 12 -encoding UTF-8 -g -processorpath D:\NETBEAN\netbeans\java\modules\ext\AbsoluteLayout.jar;C:\Users\USER\Desktop\NNLT\JAVA TOOL+CODE\Tool JAVA\AutoComplete\swingx-all-1.6.4.jar;C:\Users\USER\Documents\NetBeansProjects\KTDH\build\empty -s C:\Users\USER\Documents\NetBeansProjects\KTDH\build\generated-sources\ap-source-output -source 12 C:\Users\USER\Documents\NetBeansProjects\KTDH\src\ktdh\View2.java

Host: Intel(R) Core(TM) i7-7500U CPU @ 2.70GHz, 4 cores, 11G,  Windows 10 , 64 bit Build 18362 (10.0.18362.900)
Time: Fri Jul  3 12:59:56 2020 SE Asia Standard Time elapsed time: 1 seconds (0d 0h 0m 1s)

---------------  T H R E A D  ---------------

Current thread (0x00000221baff9800):  JavaThread "C2 CompilerThread1" daemon [_thread_in_native, id=23348, stack(0x00000022fdc00000,0x00000022fdd00000)]


Current CompileTask:
C2:   1087 1314       4       java.util.regex.Pattern::compile (498 bytes)

Stack: [0x00000022fdc00000,0x00000022fdd00000]
Native frames: (J=compiled Java code, j=interpreted, Vv=VM code, C=native code)
V  [jvm.dll+0x63aa2a]
V  [jvm.dll+0x78ce1e]
V  [jvm.dll+0x78e4c1]
V  [jvm.dll+0x78eb13]
V  [jvm.dll+0x2627e8]
V  [jvm.dll+0xc55cc]
V  [jvm.dll+0xc5b4c]
V  [jvm.dll+0x2d4034]
V  [jvm.dll+0x5569ad]
V  [jvm.dll+0x2246f7]
V  [jvm.dll+0x21e313]
V  [jvm.dll+0x21b2b6]
V  [jvm.dll+0x199a20]
V  [jvm.dll+0x22a744]
V  [jvm.dll+0x228d98]
V  [jvm.dll+0x7512a0]
V  [jvm.dll+0x74a2c8]
V  [jvm.dll+0x639b16]
C  [ucrtbase.dll+0x20e82]
C  [KERNEL32.DLL+0x17bd4]
C  [ntdll.dll+0x6ce51]


---------------  P R O C E S S  ---------------

Threads class SMR info:
_java_thread_list=0x00000221bb0969a0, length=11, elements={
0x00000221996bf800, 0x00000221ba80a800, 0x00000221ba80b800, 0x00000221ba825800,
0x00000221ba828000, 0x00000221ba82a000, 0x00000221ba82d800, 0x00000221ba857800,
0x00000221baa50000, 0x00000221baacc000, 0x00000221baff9800
}

Java Threads: ( => current thread )
  0x00000221996bf800 JavaThread "main" [_thread_blocked, id=5748, stack(0x00000022fc900000,0x00000022fca00000)]
  0x00000221ba80a800 JavaThread "Reference Handler" daemon [_thread_blocked, id=19928, stack(0x00000022fd000000,0x00000022fd100000)]
  0x00000221ba80b800 JavaThread "Finalizer" daemon [_thread_blocked, id=4620, stack(0x00000022fd100000,0x00000022fd200000)]
  0x00000221ba825800 JavaThread "Signal Dispatcher" daemon [_thread_blocked, id=2932, stack(0x00000022fd200000,0x00000022fd300000)]
  0x00000221ba828000 JavaThread "Attach Listener" daemon [_thread_blocked, id=19836, stack(0x00000022fd300000,0x00000022fd400000)]
  0x00000221ba82a000 JavaThread "C2 CompilerThread0" daemon [_thread_blocked, id=21632, stack(0x00000022fd400000,0x00000022fd500000)]
  0x00000221ba82d800 JavaThread "C1 CompilerThread0" daemon [_thread_blocked, id=9220, stack(0x00000022fd500000,0x00000022fd600000)]
  0x00000221ba857800 JavaThread "Sweeper thread" daemon [_thread_blocked, id=23324, stack(0x00000022fd600000,0x00000022fd700000)]
  0x00000221baa50000 JavaThread "Common-Cleaner" daemon [_thread_blocked, id=12544, stack(0x00000022fd700000,0x00000022fd800000)]
  0x00000221baacc000 JavaThread "Service Thread" daemon [_thread_blocked, id=3664, stack(0x00000022fd800000,0x00000022fd900000)]
=>0x00000221baff9800 JavaThread "C2 CompilerThread1" daemon [_thread_in_native, id=23348, stack(0x00000022fdc00000,0x00000022fdd00000)]

Other Threads:
  0x00000221ba802800 VMThread "VM Thread" [stack: 0x00000022fcf00000,0x00000022fd000000] [id=18376]
  0x00000221baacd800 WatcherThread [stack: 0x00000022fd900000,0x00000022fda00000] [id=22200]
  0x000002219970c000 GCTaskThread "GC Thread#0" [stack: 0x00000022fca00000,0x00000022fcb00000] [id=7932]
  0x00000221baaff000 GCTaskThread "GC Thread#1" [stack: 0x00000022fdb00000,0x00000022fdc00000] [id=13948]
  0x000002219971f800 ConcurrentGCThread "G1 Main Marker" [stack: 0x00000022fcb00000,0x00000022fcc00000] [id=17780]
  0x0000022199722000 ConcurrentGCThread "G1 Conc#0" [stack: 0x00000022fcc00000,0x00000022fcd00000] [id=17096]
  0x000002219973c800 ConcurrentGCThread "G1 Refine#0" [stack: 0x00000022fcd00000,0x00000022fce00000] [id=15124]
  0x000002219973d800 ConcurrentGCThread "G1 Young RemSet Sampling" [stack: 0x00000022fce00000,0x00000022fcf00000] [id=23292]

Threads with active compile tasks:
C2 CompilerThread0  1308       4       jdk.internal.jimage.ImageLocation::getFullName (109 bytes)
C1 CompilerThread0  1365       3       com.sun.tools.javac.jvm.ClassReader::setParameters (348 bytes)
C2 CompilerThread1  1314       4       java.util.regex.Pattern::compile (498 bytes)

VM state:at safepoint (normal execution)

VM Mutex/Monitor currently owned by a thread:  ([mutex/lock_event])
[0x00000221996bb8d0] Threads_lock - owner thread: 0x00000221ba802800
[0x00000221996bbba0] Heap_lock - owner thread: 0x00000221996bf800

Heap address: 0x0000000742000000, size: 3040 MB, Compressed Oops mode: Zero based, Oop shift amount: 3
Narrow klass base: 0x0000000800000000, Narrow klass shift: 3
Compressed class space size: 1073741824 Address: 0x0000000801190000

Heap:
 garbage-first heap   total 29696K, used 8031K [0x0000000742000000, 0x0000000800000000)
  region size 1024K, 1 young (1024K), 1 survivors (1024K)
 Metaspace       used 8882K, capacity 11555K, committed 11648K, reserved 1058816K
  class space    used 1025K, capacity 1325K, committed 1408K, reserved 1048576K
Heap Regions: E=young(eden), S=young(survivor), O=old, HS=humongous(starts), HC=humongous(continues), CS=collection set, F=free, A=archive, TAMS=top-at-mark-start (previous, next)
|   0|0x0000000742000000, 0x0000000742100000, 0x0000000742100000|100%| O|  |TAMS 0x0000000742000000, 0x0000000742000000| Untracked 
|   1|0x0000000742100000, 0x0000000742200000, 0x0000000742200000|100%| O|  |TAMS 0x0000000742100000, 0x0000000742100000| Untracked 
|   2|0x0000000742200000, 0x0000000742300000, 0x0000000742300000|100%| O|  |TAMS 0x0000000742200000, 0x0000000742200000| Untracked 
|   3|0x0000000742300000, 0x0000000742400000, 0x0000000742400000|100%| O|  |TAMS 0x0000000742300000, 0x0000000742300000| Untracked 
|   4|0x0000000742400000, 0x0000000742500000, 0x0000000742500000|100%| O|  |TAMS 0x0000000742400000, 0x0000000742400000| Untracked 
|   5|0x0000000742500000, 0x0000000742600000, 0x0000000742600000|100%| O|  |TAMS 0x0000000742500000, 0x0000000742500000| Untracked 
|   6|0x0000000742600000, 0x0000000742700000, 0x0000000742700000|100%| O|  |TAMS 0x0000000742600000, 0x0000000742600000| Untracked 
|   7|0x0000000742700000, 0x0000000742718400, 0x0000000742800000|  9%| O|  |TAMS 0x0000000742700000, 0x0000000742700000| Untracked 
|   8|0x0000000742800000, 0x0000000742800000, 0x0000000742900000|  0%| F|  |TAMS 0x0000000742800000, 0x0000000742800000| Untracked 
|   9|0x0000000742900000, 0x0000000742900000, 0x0000000742a00000|  0%| F|  |TAMS 0x0000000742900000, 0x0000000742900000| Untracked 
|  10|0x0000000742a00000, 0x0000000742a00000, 0x0000000742b00000|  0%| F|  |TAMS 0x0000000742a00000, 0x0000000742a00000| Untracked 
|  11|0x0000000742b00000, 0x0000000742b00000, 0x0000000742c00000|  0%| F|  |TAMS 0x0000000742b00000, 0x0000000742b00000| Untracked 
|  12|0x0000000742c00000, 0x0000000742c00000, 0x0000000742d00000|  0%| F|  |TAMS 0x0000000742c00000, 0x0000000742c00000| Untracked 
|  13|0x0000000742d00000, 0x0000000742dbfa90, 0x0000000742e00000| 74%| S|CS|TAMS 0x0000000742d00000, 0x0000000742d00000| Complete 
|  14|0x0000000742e00000, 0x0000000742e00000, 0x0000000742f00000|  0%| F|  |TAMS 0x0000000742e00000, 0x0000000742e00000| Untracked 
|  15|0x0000000742f00000, 0x0000000742f00000, 0x0000000743000000|  0%| F|  |TAMS 0x0000000742f00000, 0x0000000742f00000| Untracked 
|  16|0x0000000743000000, 0x0000000743000000, 0x0000000743100000|  0%| F|  |TAMS 0x0000000743000000, 0x0000000743000000| Untracked 

Card table byte_map: [0x00000221b10b0000,0x00000221b16a0000] _byte_map_base: 0x00000221ad6a0000

Marking Bits (Prev, Next): (CMBitMap*) 0x000002219970d008, (CMBitMap*) 0x000002219970d048
 Prev Bits: [0x00000221b1c90000, 0x00000221b4c10000)
 Next Bits: [0x00000221b4c10000, 0x00000221b7b90000)

Polling page: 0x00000221975f0000

Metaspace:

Usage:
  Non-class:      9.99 MB capacity,     7.67 MB ( 77%) used,     2.29 MB ( 23%) free+waste,    24.19 KB ( <1%) overhead. 
      Class:      1.29 MB capacity,     1.00 MB ( 77%) used,   288.07 KB ( 22%) free+waste,    11.88 KB ( <1%) overhead. 
       Both:     11.28 MB capacity,     8.67 MB ( 77%) used,     2.57 MB ( 23%) free+waste,    36.06 KB ( <1%) overhead. 

Virtual space:
  Non-class space:       10.00 MB reserved,      10.00 MB (100%) committed 
      Class space:        1.00 GB reserved,       1.38 MB ( <1%) committed 
             Both:        1.01 GB reserved,      11.38 MB (  1%) committed 

Chunk freelists:
   Non-Class:  1.25 KB
       Class:  0 bytes
        Both:  1.25 KB

CodeHeap 'non-profiled nmethods': size=120064Kb used=418Kb max_used=418Kb free=119645Kb
 bounds [0x00000221a9580000, 0x00000221a97f0000, 0x00000221b0ac0000]
CodeHeap 'profiled nmethods': size=120000Kb used=2870Kb max_used=2870Kb free=117130Kb
 bounds [0x00000221a2050000, 0x00000221a2320000, 0x00000221a9580000]
CodeHeap 'non-nmethods': size=5696Kb used=1123Kb max_used=1149Kb free=4572Kb
 bounds [0x00000221a1ac0000, 0x00000221a1d30000, 0x00000221a2050000]
 total_blobs=2094 nmethods=1355 adapters=335
 compilation: enabled
              stopped_count=0, restarted_count=0
 full_count=0

Compilation events (10 events):
Event: 1.065 Thread 0x00000221ba82d800 nmethod 1336 0x00000221a231aa10 code [0x00000221a231aca0, 0x00000221a231b8f0]
Event: 1.073 Thread 0x00000221ba82d800 1358       1       jdk.internal.jimage.ImageReader$Node::setCompleted (6 bytes)
Event: 1.073 Thread 0x00000221ba82d800 nmethod 1358 0x00000221a95e8610 code [0x00000221a95e87c0, 0x00000221a95e88f8]
Event: 1.081 Thread 0x00000221ba82d800 1362       3       com.sun.tools.javac.jvm.ClassReader::enterClass (13 bytes)
Event: 1.081 Thread 0x00000221ba82d800 nmethod 1362 0x00000221a231bd10 code [0x00000221a231bee0, 0x00000221a231c0b0]
Event: 1.082 Thread 0x00000221ba82d800 1363       3       com.sun.tools.javac.code.Symbol$ClassSymbol::erasure (45 bytes)
Event: 1.082 Thread 0x00000221ba82d800 nmethod 1363 0x00000221a231c190 code [0x00000221a231c400, 0x00000221a231d010]
Event: 1.082 Thread 0x00000221ba82d800 1364       3       com.sun.tools.javac.code.Symbol$ClassSymbol::flags (9 bytes)
Event: 1.083 Thread 0x00000221ba82d800 nmethod 1364 0x00000221a231d390 code [0x00000221a231d560, 0x00000221a231d730]
Event: 1.083 Thread 0x00000221ba82d800 1365       3       com.sun.tools.javac.jvm.ClassReader::setParameters (348 bytes)

GC Heap History (10 events):
Event: 0.936 GC heap after
{Heap after GC invocations=13 (full 0):
 garbage-first heap   total 13312K, used 5243K [0x0000000742000000, 0x0000000800000000)
  region size 1024K, 1 young (1024K), 1 survivors (1024K)
 Metaspace       used 8640K, capacity 11338K, committed 11648K, reserved 1058816K
  class space    used 1005K, capacity 1317K, committed 1408K, reserved 1048576K
}
Event: 0.956 GC heap before
{Heap before GC invocations=13 (full 0):
 garbage-first heap   total 13312K, used 7291K [0x0000000742000000, 0x0000000800000000)
  region size 1024K, 3 young (3072K), 1 survivors (1024K)
 Metaspace       used 8656K, capacity 11338K, committed 11648K, reserved 1058816K
  class space    used 1005K, capacity 1317K, committed 1408K, reserved 1048576K
}
Event: 0.958 GC heap after
{Heap after GC invocations=14 (full 0):
 garbage-first heap   total 17408K, used 5479K [0x0000000742000000, 0x0000000800000000)
  region size 1024K, 1 young (1024K), 1 survivors (1024K)
 Metaspace       used 8656K, capacity 11338K, committed 11648K, reserved 1058816K
  class space    used 1005K, capacity 1317K, committed 1408K, reserved 1048576K
}
Event: 1.006 GC heap before
{Heap before GC invocations=14 (full 0):
 garbage-first heap   total 17408K, used 9575K [0x0000000742000000, 0x0000000800000000)
  region size 1024K, 5 young (5120K), 1 survivors (1024K)
 Metaspace       used 8781K, capacity 11467K, committed 11648K, reserved 1058816K
  class space    used 1014K, capacity 1317K, committed 1408K, reserved 1048576K
}
Event: 1.009 GC heap after
{Heap after GC invocations=15 (full 0):
 garbage-first heap   total 17408K, used 6279K [0x0000000742000000, 0x0000000800000000)
  region size 1024K, 1 young (1024K), 1 survivors (1024K)
 Metaspace       used 8781K, capacity 11467K, committed 11648K, reserved 1058816K
  class space    used 1014K, capacity 1317K, committed 1408K, reserved 1048576K
}
Event: 1.018 GC heap before
{Heap before GC invocations=15 (full 0):
 garbage-first heap   total 17408K, used 9351K [0x0000000742000000, 0x0000000800000000)
  region size 1024K, 4 young (4096K), 1 survivors (1024K)
 Metaspace       used 8783K, capacity 11467K, committed 11648K, reserved 1058816K
  class space    used 1014K, capacity 1317K, committed 1408K, reserved 1048576K
}
Event: 1.021 GC heap after
{Heap after GC invocations=16 (full 0):
 garbage-first heap   total 17408K, used 6827K [0x0000000742000000, 0x0000000800000000)
  region size 1024K, 1 young (1024K), 1 survivors (1024K)
 Metaspace       used 8783K, capacity 11467K, committed 11648K, reserved 1058816K
  class space    used 1014K, capacity 1317K, committed 1408K, reserved 1048576K
}
Event: 1.032 GC heap before
{Heap before GC invocations=16 (full 0):
 garbage-first heap   total 17408K, used 9899K [0x0000000742000000, 0x0000000800000000)
  region size 1024K, 4 young (4096K), 1 survivors (1024K)
 Metaspace       used 8783K, capacity 11467K, committed 11648K, reserved 1058816K
  class space    used 1014K, capacity 1317K, committed 1408K, reserved 1048576K
}
Event: 1.034 GC heap after
{Heap after GC invocations=17 (full 0):
 garbage-first heap   total 17408K, used 7274K [0x0000000742000000, 0x0000000800000000)
  region size 1024K, 1 young (1024K), 1 survivors (1024K)
 Metaspace       used 8783K, capacity 11467K, committed 11648K, reserved 1058816K
  class space    used 1014K, capacity 1317K, committed 1408K, reserved 1048576K
}
Event: 1.083 GC heap before
{Heap before GC invocations=17 (full 0):
 garbage-first heap   total 17408K, used 9322K [0x0000000742000000, 0x0000000800000000)
  region size 1024K, 4 young (4096K), 1 survivors (1024K)
 Metaspace       used 8882K, capacity 11555K, committed 11648K, reserved 1058816K
  class space    used 1025K, capacity 1325K, committed 1408K, reserved 1048576K
}

Deoptimization events (10 events):
Event: 0.492 Thread 0x00000221996bf800 Uncommon trap: reason=unstable_if action=reinterpret pc=0x00000221a95a3e70 method=java.lang.StringLatin1.replace([BCC)Ljava/lang/String; @ 19 c2
Event: 0.568 Thread 0x00000221996bf800 Uncommon trap: reason=unstable_if action=reinterpret pc=0x00000221a95a0f58 method=java.lang.String.regionMatches(ILjava/lang/String;II)Z @ 111 c2
Event: 0.751 Thread 0x00000221996bf800 Uncommon trap: reason=class_check action=maybe_recompile pc=0x00000221a95b763c method=java.util.HashMap.getNode(ILjava/lang/Object;)Ljava/util/HashMap$Node; @ 126 c2
Event: 0.751 Thread 0x00000221996bf800 Uncommon trap: reason=class_check action=maybe_recompile pc=0x00000221a95b763c method=java.util.HashMap.getNode(ILjava/lang/Object;)Ljava/util/HashMap$Node; @ 126 c2
Event: 0.751 Thread 0x00000221996bf800 Uncommon trap: reason=class_check action=maybe_recompile pc=0x00000221a95b763c method=java.util.HashMap.getNode(ILjava/lang/Object;)Ljava/util/HashMap$Node; @ 126 c2
Event: 0.751 Thread 0x00000221996bf800 Uncommon trap: reason=class_check action=maybe_recompile pc=0x00000221a95b763c method=java.util.HashMap.getNode(ILjava/lang/Object;)Ljava/util/HashMap$Node; @ 126 c2
Event: 0.822 Thread 0x00000221996bf800 Uncommon trap: reason=class_check action=maybe_recompile pc=0x00000221a95bcb38 method=java.util.HashMap.putVal(ILjava/lang/Object;Ljava/lang/Object;ZZ)Ljava/lang/Object; @ 203 c2
Event: 0.911 Thread 0x00000221996bf800 Uncommon trap: reason=class_check action=maybe_recompile pc=0x00000221a95b9738 method=java.util.HashMap.getNode(ILjava/lang/Object;)Ljava/util/HashMap$Node; @ 126 c2
Event: 0.974 Thread 0x00000221996bf800 Uncommon trap: reason=unstable_if action=reinterpret pc=0x00000221a95d3298 method=java.lang.String.<init>([CIILjava/lang/Void;)V @ 5 c2
Event: 0.975 Thread 0x00000221996bf800 Uncommon trap: reason=unstable_if action=reinterpret pc=0x00000221a95c0e70 method=java.lang.String.<init>([CIILjava/lang/Void;)V @ 5 c2

Classes redefined (0 events):
No events

Internal exceptions (10 events):
Event: 0.832 Thread 0x00000221996bf800 Exception <a 'sun/nio/fs/WindowsException'{0x00000007429d3c80}> (0x00000007429d3c80) thrown at [t:/workspace/open/src/hotspot/share/prims/jni.cpp, line 615]
Event: 0.838 Thread 0x00000221996bf800 Exception <a 'java/lang/NoSuchMethodError'{0x00000007429eeb80}: java.lang.invoke.DirectMethodHandle$Holder.invokeSpecial(Ljava/lang/Object;Ljava/lang/Object;Ljava/lang/Object;Ljava/lang/Object;Ljava/lang/Object;)I> (0x00000007429eeb80) thrown at [t:/works
Event: 0.911 Thread 0x00000221996bf800 Exception <a 'sun/nio/fs/WindowsException'{0x0000000742c32b10}> (0x0000000742c32b10) thrown at [t:/workspace/open/src/hotspot/share/prims/jni.cpp, line 615]
Event: 0.911 Thread 0x00000221996bf800 Exception <a 'sun/nio/fs/WindowsException'{0x0000000742c32dd0}> (0x0000000742c32dd0) thrown at [t:/workspace/open/src/hotspot/share/prims/jni.cpp, line 615]
Event: 0.912 Thread 0x00000221996bf800 Exception <a 'sun/nio/fs/WindowsException'{0x0000000742c33da8}> (0x0000000742c33da8) thrown at [t:/workspace/open/src/hotspot/share/prims/jni.cpp, line 615]
Event: 0.912 Thread 0x00000221996bf800 Exception <a 'sun/nio/fs/WindowsException'{0x0000000742c34028}> (0x0000000742c34028) thrown at [t:/workspace/open/src/hotspot/share/prims/jni.cpp, line 615]
Event: 0.955 Thread 0x00000221996bf800 Exception <a 'sun/nio/fs/WindowsException'{0x0000000742b51578}> (0x0000000742b51578) thrown at [t:/workspace/open/src/hotspot/share/prims/jni.cpp, line 615]
Event: 0.955 Thread 0x00000221996bf800 Exception <a 'sun/nio/fs/WindowsException'{0x0000000742b51830}> (0x0000000742b51830) thrown at [t:/workspace/open/src/hotspot/share/prims/jni.cpp, line 615]
Event: 0.955 Thread 0x00000221996bf800 Exception <a 'sun/nio/fs/WindowsException'{0x0000000742b52808}> (0x0000000742b52808) thrown at [t:/workspace/open/src/hotspot/share/prims/jni.cpp, line 615]
Event: 0.955 Thread 0x00000221996bf800 Exception <a 'sun/nio/fs/WindowsException'{0x0000000742b52a78}> (0x0000000742b52a78) thrown at [t:/workspace/open/src/hotspot/share/prims/jni.cpp, line 615]

Events (10 events):
Event: 1.049 loading class com/sun/tools/javac/util/List done
Event: 1.049 loading class com/sun/tools/javac/code/Scope$FilterImportScope
Event: 1.049 loading class com/sun/tools/javac/code/Scope$FilterImportScope done
Event: 1.051 loading class com/sun/tools/javac/code/Symbol
Event: 1.051 loading class com/sun/tools/javac/code/Symbol done
Event: 1.051 loading class com/sun/tools/javac/code/Symbol
Event: 1.051 loading class com/sun/tools/javac/code/Symbol done
Event: 1.051 loading class com/sun/tools/javac/code/Scope$FilterImportScope
Event: 1.051 loading class com/sun/tools/javac/code/Scope$FilterImportScope done
Event: 1.083 Executing VM operation: G1CollectForAllocation


Dynamic libraries:
0x00007ff634b10000 - 0x00007ff634b18000 	C:\Program Files\Java\jdk-12.0.2\bin\javac.exe
0x00007ff8bc8e0000 - 0x00007ff8bcad0000 	C:\Windows\SYSTEM32\ntdll.dll
0x00007ff8bc5e0000 - 0x00007ff8bc692000 	C:\Windows\System32\KERNEL32.DLL
0x00007ff8b9870000 - 0x00007ff8b9b14000 	C:\Windows\System32\KERNELBASE.dll
0x00007ff8b9e00000 - 0x00007ff8b9efa000 	C:\Windows\System32\ucrtbase.dll
0x00007ff8b2b80000 - 0x00007ff8b2b98000 	C:\Program Files\Java\jdk-12.0.2\bin\jli.dll
0x00007ff8bab20000 - 0x00007ff8babc3000 	C:\Windows\System32\ADVAPI32.dll
0x00007ff8bacf0000 - 0x00007ff8bad8e000 	C:\Windows\System32\msvcrt.dll
0x00007ff8bc800000 - 0x00007ff8bc897000 	C:\Windows\System32\sechost.dll
0x00007ff8babd0000 - 0x00007ff8bacf0000 	C:\Windows\System32\RPCRT4.dll
0x00007ff8bae00000 - 0x00007ff8baf94000 	C:\Windows\System32\USER32.dll
0x00007ff8b9db0000 - 0x00007ff8b9dd1000 	C:\Windows\System32\win32u.dll
0x00007ff8bbe80000 - 0x00007ff8bbea6000 	C:\Windows\System32\GDI32.dll
0x00007ff8b9c10000 - 0x00007ff8b9da5000 	C:\Windows\System32\gdi32full.dll
0x00007ff8b9b70000 - 0x00007ff8b9c0e000 	C:\Windows\System32\msvcp_win.dll
0x00007ff8ab1a0000 - 0x00007ff8ab1b6000 	C:\Program Files\Java\jdk-12.0.2\bin\VCRUNTIME140.dll
0x00007ff8a8b10000 - 0x00007ff8a8d94000 	C:\Windows\WinSxS\amd64_microsoft.windows.common-controls_6595b64144ccf1df_6.0.18362.900_none_e6beb9d913147d17\COMCTL32.dll
0x00007ff8bafb0000 - 0x00007ff8bb2e5000 	C:\Windows\System32\combase.dll
0x00007ff8ba0e0000 - 0x00007ff8ba160000 	C:\Windows\System32\bcryptPrimitives.dll
0x00007ff8acc20000 - 0x00007ff8acc2a000 	C:\Windows\SYSTEM32\VERSION.dll
0x00007ff8bbeb0000 - 0x00007ff8bbede000 	C:\Windows\System32\IMM32.DLL
0x00007ff88bab0000 - 0x00007ff88bb5a000 	C:\Program Files\Java\jdk-12.0.2\bin\msvcp140.dll
0x00007ff870120000 - 0x00007ff870c97000 	C:\Program Files\Java\jdk-12.0.2\bin\server\jvm.dll
0x00007ff8bc5d0000 - 0x00007ff8bc5d8000 	C:\Windows\System32\PSAPI.DLL
0x00007ff8a7c20000 - 0x00007ff8a7c29000 	C:\Windows\SYSTEM32\WSOCK32.dll
0x00007ff8bbda0000 - 0x00007ff8bbe0f000 	C:\Windows\System32\WS2_32.dll
0x00007ff8b72d0000 - 0x00007ff8b72f4000 	C:\Windows\SYSTEM32\WINMM.dll
0x00007ff8b7130000 - 0x00007ff8b715d000 	C:\Windows\SYSTEM32\WINMMBASE.dll
0x00007ff8b9b20000 - 0x00007ff8b9b6a000 	C:\Windows\System32\cfgmgr32.dll
0x00007ff8b97b0000 - 0x00007ff8b97c1000 	C:\Windows\System32\kernel.appcore.dll
0x00007ff8a9f10000 - 0x00007ff8a9f21000 	C:\Program Files\Java\jdk-12.0.2\bin\verify.dll
0x00007ff8b80c0000 - 0x00007ff8b82b4000 	C:\Windows\SYSTEM32\DBGHELP.DLL
0x00007ff89ee00000 - 0x00007ff89ee2a000 	C:\Windows\SYSTEM32\dbgcore.DLL
0x00007ff8aa000000 - 0x00007ff8aa026000 	C:\Program Files\Java\jdk-12.0.2\bin\java.dll
0x00007ff89a510000 - 0x00007ff89a527000 	C:\Program Files\Java\jdk-12.0.2\bin\zip.dll
0x00007ff8b30f0000 - 0x00007ff8b30fa000 	C:\Program Files\Java\jdk-12.0.2\bin\jimage.dll
0x00007ff8bb500000 - 0x00007ff8bbbe6000 	C:\Windows\System32\SHELL32.dll
0x00007ff8bc520000 - 0x00007ff8bc5c9000 	C:\Windows\System32\shcore.dll
0x00007ff8ba210000 - 0x00007ff8ba990000 	C:\Windows\System32\windows.storage.dll
0x00007ff8b9840000 - 0x00007ff8b9863000 	C:\Windows\System32\profapi.dll
0x00007ff8b97f0000 - 0x00007ff8b983a000 	C:\Windows\System32\powrprof.dll
0x00007ff8b97a0000 - 0x00007ff8b97b0000 	C:\Windows\System32\UMPDC.dll
0x00007ff8bbe10000 - 0x00007ff8bbe62000 	C:\Windows\System32\shlwapi.dll
0x00007ff8b9de0000 - 0x00007ff8b9df7000 	C:\Windows\System32\cryptsp.dll
0x00007ff891130000 - 0x00007ff891149000 	C:\Program Files\Java\jdk-12.0.2\bin\net.dll
0x00007ff8acea0000 - 0x00007ff8acf90000 	C:\Windows\SYSTEM32\WINHTTP.dll
0x00007ff8a1130000 - 0x00007ff8a1306000 	C:\Windows\SYSTEM32\urlmon.dll
0x00007ff8a0d90000 - 0x00007ff8a1036000 	C:\Windows\SYSTEM32\iertutil.dll
0x00007ff8b91e0000 - 0x00007ff8b91ec000 	C:\Windows\SYSTEM32\CRYPTBASE.DLL
0x00007ff8b9010000 - 0x00007ff8b9077000 	C:\Windows\system32\mswsock.dll
0x00007ff88e1a0000 - 0x00007ff88e1b3000 	C:\Program Files\Java\jdk-12.0.2\bin\nio.dll

dbghelp: loaded successfully - version: 4.0.5 - missing functions: none
symbol engine: initialized successfully - sym options: 0x614 - pdb path: .;C:\Program Files\Java\jdk-12.0.2\bin;C:\Windows\SYSTEM32;C:\Windows\WinSxS\amd64_microsoft.windows.common-controls_6595b64144ccf1df_6.0.18362.900_none_e6beb9d913147d17;C:\Program Files\Java\jdk-12.0.2\bin\server

VM Arguments:
jvm_args: -Dapplication.home=C:\Program Files\Java\jdk-12.0.2 --add-modules=ALL-DEFAULT -Xms8m -Djdk.module.main=jdk.compiler 
java_command: jdk.compiler/com.sun.tools.javac.Main -d C:\Users\USER\Documents\NetBeansProjects\KTDH\build\classes -classpath C:\Users\USER\Documents\NetBeansProjects\KTDH\build\classes;D:\NETBEAN\netbeans\java\modules\ext\AbsoluteLayout.jar;C:\Users\USER\Desktop\NNLT\JAVA TOOL+CODE\Tool JAVA\AutoComplete\swingx-all-1.6.4.jar -sourcepath C:\Users\USER\Documents\NetBeansProjects\KTDH\src -target 12 -encoding UTF-8 -g -processorpath D:\NETBEAN\netbeans\java\modules\ext\AbsoluteLayout.jar;C:\Users\USER\Desktop\NNLT\JAVA TOOL+CODE\Tool JAVA\AutoComplete\swingx-all-1.6.4.jar;C:\Users\USER\Documents\NetBeansProjects\KTDH\build\empty -s C:\Users\USER\Documents\NetBeansProjects\KTDH\build\generated-sources\ap-source-output -source 12 C:\Users\USER\Documents\NetBeansProjects\KTDH\src\ktdh\View2.java
java_class_path (initial): <not set>
Launcher Type: SUN_STANDARD

[Global flags]
     intx CICompilerCount                          = 3                                         {product} {ergonomic}
     uint ConcGCThreads                            = 1                                         {product} {ergonomic}
     uint G1ConcRefinementThreads                  = 4                                         {product} {ergonomic}
   size_t G1HeapRegionSize                         = 1048576                                   {product} {ergonomic}
    uintx GCDrainStackTargetSize                   = 64                                        {product} {ergonomic}
   size_t InitialHeapSize                          = 8388608                                   {product} {command line}
   size_t MarkStackSize                            = 4194304                                   {product} {ergonomic}
   size_t MaxHeapSize                              = 3187671040                                {product} {ergonomic}
   size_t MaxNewSize                               = 1912602624                                {product} {ergonomic}
   size_t MinHeapDeltaBytes                        = 1048576                                   {product} {ergonomic}
    uintx NonNMethodCodeHeapSize                   = 5830732                                {pd product} {ergonomic}
    uintx NonProfiledCodeHeapSize                  = 122913754                              {pd product} {ergonomic}
    uintx ProfiledCodeHeapSize                     = 122913754                              {pd product} {ergonomic}
    uintx ReservedCodeCacheSize                    = 251658240                              {pd product} {ergonomic}
     bool SegmentedCodeCache                       = true                                      {product} {ergonomic}
     bool UseCompressedClassPointers               = true                                 {lp64_product} {ergonomic}
     bool UseCompressedOops                        = true                                 {lp64_product} {ergonomic}
     bool UseG1GC                                  = true                                      {product} {ergonomic}
     bool UseLargePagesIndividualAllocation        = false                                  {pd product} {ergonomic}

Logging:
Log output configuration:
 #0: stdout all=warning uptime,level,tags
 #1: stderr all=off uptime,level,tags

Environment Variables:
JAVA_HOME=C:\Program Files\Java\jdk-12.0.2
PATH=C:\Program Files (x86)\Common Files\Oracle\Java\javapath;C:\Program Files (x86)\Intel\Intel(R) Management Engine Components\iCLS\;C:\Program Files\Intel\Intel(R) Management Engine Components\iCLS\;C:\Windows\system32;C:\Windows;C:\Windows\System32\Wbem;C:\Windows\System32\WindowsPowerShell\v1.0\;C:\Windows\System32\OpenSSH\;C:\Program Files (x86)\Intel\Intel(R) Management Engine Components\DAL;C:\Program Files\Intel\Intel(R) Management Engine Components\DAL;C:\Program Files (x86)\Intel\Intel(R) Management Engine Components\IPT;C:\Program Files\Intel\Intel(R) Management Engine Components\IPT;C:\Program Files\Intel\WiFi\bin\;C:\Program Files\Common Files\Intel\WirelessCommon\;C:\Program Files\Java\jdk-12.0.2\bin;C:\Program Files\Microsoft SQL Server\110\Tools\Binn\;C:\Program Files (x86)\Microsoft SQL Server\110\Tools\Binn\;C:\Program Files\Microsoft SQL Server\110\DTS\Binn\;C:\Program Files (x86)\Microsoft SQL Server\110\Tools\Binn\ManagementStudio\;C:\Program Files (x86)\Microsoft Visual Studio 10.0\Common7\IDE\PrivateAssemblies\;C:\Program Files (x86)\Microsoft SQL Server\110\DTS\Binn\;C:\Users\USER\Documents\OpenSSL\OpenSSL-Win64\bin;C:\Program Files\OpenSSL-Win64\bin;C:\Users\USER\Downloads\New folder\New folder\bin;D:\PYTHON\Scripts\;D:\PYTHON\;C:\Users\USER\AppData\Local\Microsoft\WindowsApps;C:\Program Files\Intel\WiFi\bin\;C:\Program Files\Common Files\Intel\WirelessCommon\
USERNAME=USER
OS=Windows_NT
PROCESSOR_IDENTIFIER=Intel64 Family 6 Model 142 Stepping 9, GenuineIntel



---------------  S Y S T E M  ---------------

OS: Windows 10 , 64 bit Build 18362 (10.0.18362.900)

CPU:total 4 (initial active 4) (2 cores per cpu, 2 threads per core) family 6 model 142 stepping 9, cmov, cx8, fxsr, mmx, sse, sse2, sse3, ssse3, sse4.1, sse4.2, popcnt, avx, avx2, aes, clmul, erms, 3dnowpref, lzcnt, ht, tsc, tscinvbit, bmi1, bmi2, adx, fma

Memory: 4k page, system-wide physical 12153M (3622M free)
TotalPageFile size 28176M (AvailPageFile size 13M)
current process WorkingSet (physical memory assigned to process): 80M, peak: 81M
current process commit charge ("private bytes"): 105M, peak: 117M

vm_info: Java HotSpot(TM) 64-Bit Server VM (12.0.2+10) for windows-amd64 JRE (12.0.2+10), built on Jul 16 2019 01:56:17 by "mach5one" with MS VC++ 15.5 (VS2017)

END.
